2018-05-14 09:46:24,195 INFO (ControllerParamCheckAndLogAOP.java:83) - 请求开始-------------------------------------------------------
2018-05-14 09:46:24,202 INFO (ControllerParamCheckAndLogAOP.java:84) - 请求地址：http://localhost:8081/infoPlatform/getAllRepairCur
2018-05-14 09:46:24,203 INFO (ControllerParamCheckAndLogAOP.java:85) - 请求类型：GET
2018-05-14 09:46:24,203 INFO (ControllerParamCheckAndLogAOP.java:86) - 访问类及方法：cn.edu.ahu.repairbackend.controller.InfoPlatformControllergetAllRepairCur
2018-05-14 09:46:24,204 INFO (ControllerParamCheckAndLogAOP.java:87) - 请求参数：[]
2018-05-14 09:46:24,270 INFO (ControllerParamCheckAndLogAOP.java:62) - 返回值：cn.edu.ahu.repairbackend.util.ResultMsg@7fa22c8
2018-05-14 09:46:24,273 INFO (ControllerParamCheckAndLogAOP.java:63) - 耗时：78
2018-05-14 09:46:24,273 INFO (ControllerParamCheckAndLogAOP.java:64) - 请求完成
2018-05-14 09:59:28,416 INFO (ControllerParamCheckAndLogAOP.java:83) - 请求开始-------------------------------------------------------
2018-05-14 09:59:28,417 INFO (ControllerParamCheckAndLogAOP.java:84) - 请求地址：http://localhost:8081/infoPlatform/getAllRepairCur
2018-05-14 09:59:28,417 INFO (ControllerParamCheckAndLogAOP.java:85) - 请求类型：GET
2018-05-14 09:59:28,417 INFO (ControllerParamCheckAndLogAOP.java:86) - 访问类及方法：cn.edu.ahu.repairbackend.controller.InfoPlatformControllergetAllRepairCur
2018-05-14 09:59:28,417 INFO (ControllerParamCheckAndLogAOP.java:87) - 请求参数：[]
2018-05-14 09:59:28,456 INFO (ControllerParamCheckAndLogAOP.java:62) - 返回值：cn.edu.ahu.repairbackend.util.ResultMsg@20073e26
2018-05-14 09:59:28,456 INFO (ControllerParamCheckAndLogAOP.java:63) - 耗时：40
2018-05-14 09:59:28,456 INFO (ControllerParamCheckAndLogAOP.java:64) - 请求完成
2018-05-14 09:59:51,592 INFO (ControllerParamCheckAndLogAOP.java:83) - 请求开始-------------------------------------------------------
2018-05-14 09:59:51,592 INFO (ControllerParamCheckAndLogAOP.java:84) - 请求地址：http://localhost:8081/infoPlatform/getAllRepairCur
2018-05-14 09:59:51,593 INFO (ControllerParamCheckAndLogAOP.java:85) - 请求类型：GET
2018-05-14 09:59:51,593 INFO (ControllerParamCheckAndLogAOP.java:86) - 访问类及方法：cn.edu.ahu.repairbackend.controller.InfoPlatformControllergetAllRepairCur
2018-05-14 09:59:51,593 INFO (ControllerParamCheckAndLogAOP.java:87) - 请求参数：[]
2018-05-14 09:59:51,630 INFO (ControllerParamCheckAndLogAOP.java:62) - 返回值：cn.edu.ahu.repairbackend.util.ResultMsg@1d548dd5
2018-05-14 09:59:51,630 INFO (ControllerParamCheckAndLogAOP.java:63) - 耗时：38
2018-05-14 09:59:51,630 INFO (ControllerParamCheckAndLogAOP.java:64) - 请求完成
2018-05-14 09:59:57,333 INFO (ControllerParamCheckAndLogAOP.java:83) - 请求开始-------------------------------------------------------
2018-05-14 09:59:57,333 INFO (ControllerParamCheckAndLogAOP.java:84) - 请求地址：http://localhost:8081/infoPlatform/getAllRepairCur
2018-05-14 09:59:57,333 INFO (ControllerParamCheckAndLogAOP.java:85) - 请求类型：GET
2018-05-14 09:59:57,333 INFO (ControllerParamCheckAndLogAOP.java:86) - 访问类及方法：cn.edu.ahu.repairbackend.controller.InfoPlatformControllergetAllRepairCur
2018-05-14 09:59:57,333 INFO (ControllerParamCheckAndLogAOP.java:87) - 请求参数：[]
2018-05-14 09:59:57,371 INFO (ControllerParamCheckAndLogAOP.java:62) - 返回值：cn.edu.ahu.repairbackend.util.ResultMsg@42fffd84
2018-05-14 09:59:57,372 INFO (ControllerParamCheckAndLogAOP.java:63) - 耗时：39
2018-05-14 09:59:57,372 INFO (ControllerParamCheckAndLogAOP.java:64) - 请求完成
2018-05-14 10:00:14,566 INFO (ControllerParamCheckAndLogAOP.java:83) - 请求开始-------------------------------------------------------
2018-05-14 10:00:14,566 INFO (ControllerParamCheckAndLogAOP.java:84) - 请求地址：http://localhost:8081/infoPlatform/getAllRepairCur
2018-05-14 10:00:14,566 INFO (ControllerParamCheckAndLogAOP.java:85) - 请求类型：GET
2018-05-14 10:00:14,566 INFO (ControllerParamCheckAndLogAOP.java:86) - 访问类及方法：cn.edu.ahu.repairbackend.controller.InfoPlatformControllergetAllRepairCur
2018-05-14 10:00:14,566 INFO (ControllerParamCheckAndLogAOP.java:87) - 请求参数：[]
2018-05-14 10:00:14,603 INFO (ControllerParamCheckAndLogAOP.java:62) - 返回值：cn.edu.ahu.repairbackend.util.ResultMsg@73be4089
2018-05-14 10:00:14,603 INFO (ControllerParamCheckAndLogAOP.java:63) - 耗时：37
2018-05-14 10:00:14,604 INFO (ControllerParamCheckAndLogAOP.java:64) - 请求完成
2018-05-14 10:03:24,170 INFO (ControllerParamCheckAndLogAOP.java:83) - 请求开始-------------------------------------------------------
2018-05-14 10:03:24,171 INFO (ControllerParamCheckAndLogAOP.java:84) - 请求地址：http://localhost:8081/infoPlatform/getAllRepairCur
2018-05-14 10:03:24,172 INFO (ControllerParamCheckAndLogAOP.java:85) - 请求类型：GET
2018-05-14 10:03:24,172 INFO (ControllerParamCheckAndLogAOP.java:86) - 访问类及方法：cn.edu.ahu.repairbackend.controller.InfoPlatformControllergetAllRepairCur
2018-05-14 10:03:24,173 INFO (ControllerParamCheckAndLogAOP.java:87) - 请求参数：[]
2018-05-14 10:03:24,213 INFO (ControllerParamCheckAndLogAOP.java:62) - 返回值：cn.edu.ahu.repairbackend.util.ResultMsg@5bc316f6
2018-05-14 10:03:24,213 INFO (ControllerParamCheckAndLogAOP.java:63) - 耗时：43
2018-05-14 10:03:24,213 INFO (ControllerParamCheckAndLogAOP.java:64) - 请求完成
2018-05-14 10:03:41,291 INFO (ControllerParamCheckAndLogAOP.java:83) - 请求开始-------------------------------------------------------
2018-05-14 10:03:41,291 INFO (ControllerParamCheckAndLogAOP.java:84) - 请求地址：http://localhost:8081/infoPlatform/getAllRepairCur
2018-05-14 10:03:41,291 INFO (ControllerParamCheckAndLogAOP.java:85) - 请求类型：GET
2018-05-14 10:03:41,292 INFO (ControllerParamCheckAndLogAOP.java:86) - 访问类及方法：cn.edu.ahu.repairbackend.controller.InfoPlatformControllergetAllRepairCur
2018-05-14 10:03:41,292 INFO (ControllerParamCheckAndLogAOP.java:87) - 请求参数：[]
2018-05-14 10:03:41,331 INFO (ControllerParamCheckAndLogAOP.java:62) - 返回值：cn.edu.ahu.repairbackend.util.ResultMsg@3f90a26e
2018-05-14 10:03:41,332 INFO (ControllerParamCheckAndLogAOP.java:63) - 耗时：41
2018-05-14 10:03:41,332 INFO (ControllerParamCheckAndLogAOP.java:64) - 请求完成
2018-05-14 10:03:44,660 INFO (ControllerParamCheckAndLogAOP.java:83) - 请求开始-------------------------------------------------------
2018-05-14 10:03:44,661 INFO (ControllerParamCheckAndLogAOP.java:84) - 请求地址：http://localhost:8081/infoPlatform/getAllRepairCur
2018-05-14 10:03:44,661 INFO (ControllerParamCheckAndLogAOP.java:85) - 请求类型：GET
2018-05-14 10:03:44,661 INFO (ControllerParamCheckAndLogAOP.java:86) - 访问类及方法：cn.edu.ahu.repairbackend.controller.InfoPlatformControllergetAllRepairCur
2018-05-14 10:03:44,661 INFO (ControllerParamCheckAndLogAOP.java:87) - 请求参数：[]
2018-05-14 10:03:44,700 INFO (ControllerParamCheckAndLogAOP.java:62) - 返回值：cn.edu.ahu.repairbackend.util.ResultMsg@4251aac9
2018-05-14 10:03:44,701 INFO (ControllerParamCheckAndLogAOP.java:63) - 耗时：41
2018-05-14 10:03:44,701 INFO (ControllerParamCheckAndLogAOP.java:64) - 请求完成
2018-05-14 10:04:29,379 INFO (ControllerParamCheckAndLogAOP.java:83) - 请求开始-------------------------------------------------------
2018-05-14 10:04:29,380 INFO (ControllerParamCheckAndLogAOP.java:84) - 请求地址：http://localhost:8081/infoPlatform/getAllRepairCur
2018-05-14 10:04:29,380 INFO (ControllerParamCheckAndLogAOP.java:85) - 请求类型：GET
2018-05-14 10:04:29,380 INFO (ControllerParamCheckAndLogAOP.java:86) - 访问类及方法：cn.edu.ahu.repairbackend.controller.InfoPlatformControllergetAllRepairCur
2018-05-14 10:04:29,380 INFO (ControllerParamCheckAndLogAOP.java:87) - 请求参数：[]
2018-05-14 10:04:29,418 INFO (ControllerParamCheckAndLogAOP.java:62) - 返回值：cn.edu.ahu.repairbackend.util.ResultMsg@46456ca5
2018-05-14 10:04:29,419 INFO (ControllerParamCheckAndLogAOP.java:63) - 耗时：40
2018-05-14 10:04:29,419 INFO (ControllerParamCheckAndLogAOP.java:64) - 请求完成
2018-05-14 10:04:48,995 INFO (ControllerParamCheckAndLogAOP.java:83) - 请求开始-------------------------------------------------------
2018-05-14 10:04:48,995 INFO (ControllerParamCheckAndLogAOP.java:84) - 请求地址：http://localhost:8081/infoPlatform/getAllRepairCur
2018-05-14 10:04:48,995 INFO (ControllerParamCheckAndLogAOP.java:85) - 请求类型：GET
2018-05-14 10:04:48,995 INFO (ControllerParamCheckAndLogAOP.java:86) - 访问类及方法：cn.edu.ahu.repairbackend.controller.InfoPlatformControllergetAllRepairCur
2018-05-14 10:04:48,996 INFO (ControllerParamCheckAndLogAOP.java:87) - 请求参数：[]
2018-05-14 10:04:49,032 INFO (ControllerParamCheckAndLogAOP.java:62) - 返回值：cn.edu.ahu.repairbackend.util.ResultMsg@d97dc0c
2018-05-14 10:04:49,032 INFO (ControllerParamCheckAndLogAOP.java:63) - 耗时：37
2018-05-14 10:04:49,032 INFO (ControllerParamCheckAndLogAOP.java:64) - 请求完成
2018-05-14 10:04:51,017 INFO (ControllerParamCheckAndLogAOP.java:83) - 请求开始-------------------------------------------------------
2018-05-14 10:04:51,017 INFO (ControllerParamCheckAndLogAOP.java:84) - 请求地址：http://localhost:8081/infoPlatform/getAllRepairCur
2018-05-14 10:04:51,018 INFO (ControllerParamCheckAndLogAOP.java:85) - 请求类型：GET
2018-05-14 10:04:51,018 INFO (ControllerParamCheckAndLogAOP.java:86) - 访问类及方法：cn.edu.ahu.repairbackend.controller.InfoPlatformControllergetAllRepairCur
2018-05-14 10:04:51,018 INFO (ControllerParamCheckAndLogAOP.java:87) - 请求参数：[]
2018-05-14 10:04:51,053 INFO (ControllerParamCheckAndLogAOP.java:62) - 返回值：cn.edu.ahu.repairbackend.util.ResultMsg@51b6f4fd
2018-05-14 10:04:51,053 INFO (ControllerParamCheckAndLogAOP.java:63) - 耗时：36
2018-05-14 10:04:51,054 INFO (ControllerParamCheckAndLogAOP.java:64) - 请求完成
2018-05-14 10:05:28,728 INFO (ControllerParamCheckAndLogAOP.java:83) - 请求开始-------------------------------------------------------
2018-05-14 10:05:28,729 INFO (ControllerParamCheckAndLogAOP.java:84) - 请求地址：http://localhost:8081/infoPlatform/getAllRepairCur
2018-05-14 10:05:28,729 INFO (ControllerParamCheckAndLogAOP.java:85) - 请求类型：GET
2018-05-14 10:05:28,730 INFO (ControllerParamCheckAndLogAOP.java:86) - 访问类及方法：cn.edu.ahu.repairbackend.controller.InfoPlatformControllergetAllRepairCur
2018-05-14 10:05:28,730 INFO (ControllerParamCheckAndLogAOP.java:87) - 请求参数：[]
2018-05-14 10:05:28,772 INFO (ControllerParamCheckAndLogAOP.java:62) - 返回值：cn.edu.ahu.repairbackend.util.ResultMsg@65acf832
2018-05-14 10:05:28,773 INFO (ControllerParamCheckAndLogAOP.java:63) - 耗时：45
2018-05-14 10:05:28,773 INFO (ControllerParamCheckAndLogAOP.java:64) - 请求完成
2018-05-14 10:05:56,801 INFO (ControllerParamCheckAndLogAOP.java:83) - 请求开始-------------------------------------------------------
2018-05-14 10:05:56,801 INFO (ControllerParamCheckAndLogAOP.java:84) - 请求地址：http://localhost:8081/infoPlatform/getAllRepairCur
2018-05-14 10:05:56,802 INFO (ControllerParamCheckAndLogAOP.java:85) - 请求类型：GET
2018-05-14 10:05:56,802 INFO (ControllerParamCheckAndLogAOP.java:86) - 访问类及方法：cn.edu.ahu.repairbackend.controller.InfoPlatformControllergetAllRepairCur
2018-05-14 10:05:56,802 INFO (ControllerParamCheckAndLogAOP.java:87) - 请求参数：[]
2018-05-14 10:05:56,838 INFO (ControllerParamCheckAndLogAOP.java:62) - 返回值：cn.edu.ahu.repairbackend.util.ResultMsg@75fc8bb3
2018-05-14 10:05:56,839 INFO (ControllerParamCheckAndLogAOP.java:63) - 耗时：38
2018-05-14 10:05:56,839 INFO (ControllerParamCheckAndLogAOP.java:64) - 请求完成
2018-05-14 10:07:06,918 INFO (ControllerParamCheckAndLogAOP.java:83) - 请求开始-------------------------------------------------------
2018-05-14 10:07:06,919 INFO (ControllerParamCheckAndLogAOP.java:84) - 请求地址：http://localhost:8081/infoPlatform/getAllRepairCur
2018-05-14 10:07:06,919 INFO (ControllerParamCheckAndLogAOP.java:85) - 请求类型：GET
2018-05-14 10:07:06,919 INFO (ControllerParamCheckAndLogAOP.java:86) - 访问类及方法：cn.edu.ahu.repairbackend.controller.InfoPlatformControllergetAllRepairCur
2018-05-14 10:07:06,919 INFO (ControllerParamCheckAndLogAOP.java:87) - 请求参数：[]
2018-05-14 10:07:06,960 INFO (ControllerParamCheckAndLogAOP.java:62) - 返回值：cn.edu.ahu.repairbackend.util.ResultMsg@2ebe0281
2018-05-14 10:07:06,960 INFO (ControllerParamCheckAndLogAOP.java:63) - 耗时：42
2018-05-14 10:07:06,960 INFO (ControllerParamCheckAndLogAOP.java:64) - 请求完成
2018-05-14 10:07:34,387 INFO (ControllerParamCheckAndLogAOP.java:83) - 请求开始-------------------------------------------------------
2018-05-14 10:07:34,388 INFO (ControllerParamCheckAndLogAOP.java:84) - 请求地址：http://localhost:8081/repairInfo/all
2018-05-14 10:07:34,388 INFO (ControllerParamCheckAndLogAOP.java:85) - 请求类型：GET
2018-05-14 10:07:34,389 INFO (ControllerParamCheckAndLogAOP.java:86) - 访问类及方法：cn.edu.ahu.repairbackend.controller.RepairInfoControllergetAllRepairInfo
2018-05-14 10:07:34,389 INFO (ControllerParamCheckAndLogAOP.java:87) - 请求参数：[Test123]
2018-05-14 10:07:34,399 INFO (ControllerParamCheckAndLogAOP.java:62) - 返回值：cn.edu.ahu.repairbackend.util.ResultMsg@33b2c779
2018-05-14 10:07:34,399 INFO (ControllerParamCheckAndLogAOP.java:63) - 耗时：12
2018-05-14 10:07:34,400 INFO (ControllerParamCheckAndLogAOP.java:64) - 请求完成
2018-05-14 10:07:34,400 INFO (ControllerParamCheckAndLogAOP.java:83) - 请求开始-------------------------------------------------------
2018-05-14 10:07:34,400 INFO (ControllerParamCheckAndLogAOP.java:84) - 请求地址：http://localhost:8081/timePicker/all
2018-05-14 10:07:34,400 INFO (ControllerParamCheckAndLogAOP.java:85) - 请求类型：GET
2018-05-14 10:07:34,400 INFO (ControllerParamCheckAndLogAOP.java:86) - 访问类及方法：cn.edu.ahu.repairbackend.controller.RepairTimePickerControllergetRepairTimePickerInfo
2018-05-14 10:07:34,400 INFO (ControllerParamCheckAndLogAOP.java:87) - 请求参数：[]
2018-05-14 10:07:34,407 INFO (ControllerParamCheckAndLogAOP.java:62) - 返回值：cn.edu.ahu.repairbackend.util.ResultMsg@42da26d
2018-05-14 10:07:34,407 INFO (ControllerParamCheckAndLogAOP.java:63) - 耗时：7
2018-05-14 10:07:34,408 INFO (ControllerParamCheckAndLogAOP.java:64) - 请求完成
2018-05-14 10:07:36,766 INFO (ControllerParamCheckAndLogAOP.java:83) - 请求开始-------------------------------------------------------
2018-05-14 10:07:36,766 INFO (ControllerParamCheckAndLogAOP.java:84) - 请求地址：http://localhost:8081/categories/child
2018-05-14 10:07:36,766 INFO (ControllerParamCheckAndLogAOP.java:85) - 请求类型：GET
2018-05-14 10:07:36,766 INFO (ControllerParamCheckAndLogAOP.java:86) - 访问类及方法：cn.edu.ahu.repairbackend.controller.RepairCategoriesControllergetRepairCategoriesInfoByParent
2018-05-14 10:07:36,767 INFO (ControllerParamCheckAndLogAOP.java:87) - 请求参数：[用水故障]
2018-05-14 10:07:36,782 INFO (ControllerParamCheckAndLogAOP.java:62) - 返回值：cn.edu.ahu.repairbackend.util.ResultMsg@57fe7624
2018-05-14 10:07:36,782 INFO (ControllerParamCheckAndLogAOP.java:63) - 耗时：16
2018-05-14 10:07:36,782 INFO (ControllerParamCheckAndLogAOP.java:64) - 请求完成
2018-05-14 10:07:52,981 INFO (ControllerParamCheckAndLogAOP.java:83) - 请求开始-------------------------------------------------------
2018-05-14 10:07:52,982 INFO (ControllerParamCheckAndLogAOP.java:84) - 请求地址：http://localhost:8081/infoPlatform/getAllRepairCur
2018-05-14 10:07:52,982 INFO (ControllerParamCheckAndLogAOP.java:85) - 请求类型：GET
2018-05-14 10:07:52,982 INFO (ControllerParamCheckAndLogAOP.java:86) - 访问类及方法：cn.edu.ahu.repairbackend.controller.InfoPlatformControllergetAllRepairCur
2018-05-14 10:07:52,982 INFO (ControllerParamCheckAndLogAOP.java:87) - 请求参数：[]
2018-05-14 10:07:53,019 INFO (ControllerParamCheckAndLogAOP.java:62) - 返回值：cn.edu.ahu.repairbackend.util.ResultMsg@1968fbf6
2018-05-14 10:07:53,020 INFO (ControllerParamCheckAndLogAOP.java:63) - 耗时：39
2018-05-14 10:07:53,020 INFO (ControllerParamCheckAndLogAOP.java:64) - 请求完成
2018-05-14 10:09:20,903 INFO (ControllerParamCheckAndLogAOP.java:83) - 请求开始-------------------------------------------------------
2018-05-14 10:09:20,903 INFO (ControllerParamCheckAndLogAOP.java:84) - 请求地址：http://localhost:8081/infoPlatform/getAllRepairCur
2018-05-14 10:09:20,903 INFO (ControllerParamCheckAndLogAOP.java:85) - 请求类型：GET
2018-05-14 10:09:20,903 INFO (ControllerParamCheckAndLogAOP.java:86) - 访问类及方法：cn.edu.ahu.repairbackend.controller.InfoPlatformControllergetAllRepairCur
2018-05-14 10:09:20,903 INFO (ControllerParamCheckAndLogAOP.java:87) - 请求参数：[]
2018-05-14 10:09:20,944 INFO (ControllerParamCheckAndLogAOP.java:62) - 返回值：cn.edu.ahu.repairbackend.util.ResultMsg@70b16fe5
2018-05-14 10:09:20,944 INFO (ControllerParamCheckAndLogAOP.java:63) - 耗时：41
2018-05-14 10:09:20,944 INFO (ControllerParamCheckAndLogAOP.java:64) - 请求完成
2018-05-14 10:10:25,456 INFO (ControllerParamCheckAndLogAOP.java:83) - 请求开始-------------------------------------------------------
2018-05-14 10:10:25,457 INFO (ControllerParamCheckAndLogAOP.java:84) - 请求地址：http://localhost:8081/infoPlatform/getAllRepairCur
2018-05-14 10:10:25,457 INFO (ControllerParamCheckAndLogAOP.java:85) - 请求类型：GET
2018-05-14 10:10:25,457 INFO (ControllerParamCheckAndLogAOP.java:86) - 访问类及方法：cn.edu.ahu.repairbackend.controller.InfoPlatformControllergetAllRepairCur
2018-05-14 10:10:25,457 INFO (ControllerParamCheckAndLogAOP.java:87) - 请求参数：[]
2018-05-14 10:10:25,493 INFO (ControllerParamCheckAndLogAOP.java:62) - 返回值：cn.edu.ahu.repairbackend.util.ResultMsg@4d67b2fa
2018-05-14 10:10:25,493 INFO (ControllerParamCheckAndLogAOP.java:63) - 耗时：37
2018-05-14 10:10:25,493 INFO (ControllerParamCheckAndLogAOP.java:64) - 请求完成
2018-05-14 10:12:47,884 INFO (ControllerParamCheckAndLogAOP.java:83) - 请求开始-------------------------------------------------------
2018-05-14 10:12:47,884 INFO (ControllerParamCheckAndLogAOP.java:84) - 请求地址：http://localhost:8081/infoPlatform/getAllRepairCur
2018-05-14 10:12:47,884 INFO (ControllerParamCheckAndLogAOP.java:85) - 请求类型：GET
2018-05-14 10:12:47,884 INFO (ControllerParamCheckAndLogAOP.java:86) - 访问类及方法：cn.edu.ahu.repairbackend.controller.InfoPlatformControllergetAllRepairCur
2018-05-14 10:12:47,884 INFO (ControllerParamCheckAndLogAOP.java:87) - 请求参数：[]
2018-05-14 10:12:47,926 INFO (ControllerParamCheckAndLogAOP.java:62) - 返回值：cn.edu.ahu.repairbackend.util.ResultMsg@46dcbb07
2018-05-14 10:12:47,926 INFO (ControllerParamCheckAndLogAOP.java:63) - 耗时：42
2018-05-14 10:12:47,926 INFO (ControllerParamCheckAndLogAOP.java:64) - 请求完成
2018-05-14 10:16:57,261 INFO (ControllerParamCheckAndLogAOP.java:83) - 请求开始-------------------------------------------------------
2018-05-14 10:16:57,261 INFO (ControllerParamCheckAndLogAOP.java:84) - 请求地址：http://localhost:8081/infoPlatform/getAllRepairCur
2018-05-14 10:16:57,261 INFO (ControllerParamCheckAndLogAOP.java:85) - 请求类型：GET
2018-05-14 10:16:57,262 INFO (ControllerParamCheckAndLogAOP.java:86) - 访问类及方法：cn.edu.ahu.repairbackend.controller.InfoPlatformControllergetAllRepairCur
2018-05-14 10:16:57,262 INFO (ControllerParamCheckAndLogAOP.java:87) - 请求参数：[]
2018-05-14 10:16:57,298 INFO (ControllerParamCheckAndLogAOP.java:62) - 返回值：cn.edu.ahu.repairbackend.util.ResultMsg@34422376
2018-05-14 10:16:57,298 INFO (ControllerParamCheckAndLogAOP.java:63) - 耗时：37
2018-05-14 10:16:57,298 INFO (ControllerParamCheckAndLogAOP.java:64) - 请求完成
2018-05-14 10:19:34,523 INFO (ControllerParamCheckAndLogAOP.java:83) - 请求开始-------------------------------------------------------
2018-05-14 10:19:34,524 INFO (ControllerParamCheckAndLogAOP.java:84) - 请求地址：http://localhost:8081/infoPlatform/getAllRepairCur
2018-05-14 10:19:34,524 INFO (ControllerParamCheckAndLogAOP.java:85) - 请求类型：GET
2018-05-14 10:19:34,524 INFO (ControllerParamCheckAndLogAOP.java:86) - 访问类及方法：cn.edu.ahu.repairbackend.controller.InfoPlatformControllergetAllRepairCur
2018-05-14 10:19:34,524 INFO (ControllerParamCheckAndLogAOP.java:87) - 请求参数：[]
2018-05-14 10:19:34,561 INFO (ControllerParamCheckAndLogAOP.java:62) - 返回值：cn.edu.ahu.repairbackend.util.ResultMsg@79e639de
2018-05-14 10:19:34,561 INFO (ControllerParamCheckAndLogAOP.java:63) - 耗时：38
2018-05-14 10:19:34,561 INFO (ControllerParamCheckAndLogAOP.java:64) - 请求完成
2018-05-14 10:20:03,301 INFO (ControllerParamCheckAndLogAOP.java:83) - 请求开始-------------------------------------------------------
2018-05-14 10:20:03,301 INFO (ControllerParamCheckAndLogAOP.java:84) - 请求地址：http://localhost:8081/infoPlatform/getAllRepairCur
2018-05-14 10:20:03,301 INFO (ControllerParamCheckAndLogAOP.java:85) - 请求类型：GET
2018-05-14 10:20:03,301 INFO (ControllerParamCheckAndLogAOP.java:86) - 访问类及方法：cn.edu.ahu.repairbackend.controller.InfoPlatformControllergetAllRepairCur
2018-05-14 10:20:03,302 INFO (ControllerParamCheckAndLogAOP.java:87) - 请求参数：[]
2018-05-14 10:20:03,338 INFO (ControllerParamCheckAndLogAOP.java:62) - 返回值：cn.edu.ahu.repairbackend.util.ResultMsg@7930fc2a
2018-05-14 10:20:03,338 INFO (ControllerParamCheckAndLogAOP.java:63) - 耗时：37
2018-05-14 10:20:03,338 INFO (ControllerParamCheckAndLogAOP.java:64) - 请求完成
2018-05-14 10:23:48,137 INFO (ControllerParamCheckAndLogAOP.java:83) - 请求开始-------------------------------------------------------
2018-05-14 10:23:48,138 INFO (ControllerParamCheckAndLogAOP.java:84) - 请求地址：http://localhost:8081/infoPlatform/getAllRepairCur
2018-05-14 10:23:48,138 INFO (ControllerParamCheckAndLogAOP.java:85) - 请求类型：GET
2018-05-14 10:23:48,138 INFO (ControllerParamCheckAndLogAOP.java:86) - 访问类及方法：cn.edu.ahu.repairbackend.controller.InfoPlatformControllergetAllRepairCur
2018-05-14 10:23:48,138 INFO (ControllerParamCheckAndLogAOP.java:87) - 请求参数：[]
2018-05-14 10:23:48,181 INFO (ControllerParamCheckAndLogAOP.java:62) - 返回值：cn.edu.ahu.repairbackend.util.ResultMsg@37b2e360
2018-05-14 10:23:48,182 INFO (ControllerParamCheckAndLogAOP.java:63) - 耗时：45
2018-05-14 10:23:48,182 INFO (ControllerParamCheckAndLogAOP.java:64) - 请求完成
2018-05-14 10:24:20,960 INFO (ControllerParamCheckAndLogAOP.java:83) - 请求开始-------------------------------------------------------
2018-05-14 10:24:20,961 INFO (ControllerParamCheckAndLogAOP.java:84) - 请求地址：http://localhost:8081/infoPlatform/getAllRepairCur
2018-05-14 10:24:20,961 INFO (ControllerParamCheckAndLogAOP.java:85) - 请求类型：GET
2018-05-14 10:24:20,961 INFO (ControllerParamCheckAndLogAOP.java:86) - 访问类及方法：cn.edu.ahu.repairbackend.controller.InfoPlatformControllergetAllRepairCur
2018-05-14 10:24:20,961 INFO (ControllerParamCheckAndLogAOP.java:87) - 请求参数：[]
2018-05-14 10:24:21,002 INFO (ControllerParamCheckAndLogAOP.java:62) - 返回值：cn.edu.ahu.repairbackend.util.ResultMsg@48a183e8
2018-05-14 10:24:21,003 INFO (ControllerParamCheckAndLogAOP.java:63) - 耗时：43
2018-05-14 10:24:21,003 INFO (ControllerParamCheckAndLogAOP.java:64) - 请求完成
2018-05-14 10:24:55,668 INFO (ControllerParamCheckAndLogAOP.java:83) - 请求开始-------------------------------------------------------
2018-05-14 10:24:55,668 INFO (ControllerParamCheckAndLogAOP.java:84) - 请求地址：http://localhost:8081/infoPlatform/getAllRepairCur
2018-05-14 10:24:55,668 INFO (ControllerParamCheckAndLogAOP.java:85) - 请求类型：GET
2018-05-14 10:24:55,669 INFO (ControllerParamCheckAndLogAOP.java:86) - 访问类及方法：cn.edu.ahu.repairbackend.controller.InfoPlatformControllergetAllRepairCur
2018-05-14 10:24:55,669 INFO (ControllerParamCheckAndLogAOP.java:87) - 请求参数：[]
2018-05-14 10:24:55,708 INFO (ControllerParamCheckAndLogAOP.java:62) - 返回值：cn.edu.ahu.repairbackend.util.ResultMsg@ae84ef6
2018-05-14 10:24:55,708 INFO (ControllerParamCheckAndLogAOP.java:63) - 耗时：40
2018-05-14 10:24:55,708 INFO (ControllerParamCheckAndLogAOP.java:64) - 请求完成
2018-05-14 10:25:05,974 INFO (ControllerParamCheckAndLogAOP.java:83) - 请求开始-------------------------------------------------------
2018-05-14 10:25:05,974 INFO (ControllerParamCheckAndLogAOP.java:84) - 请求地址：http://localhost:8081/infoPlatform/getAllRepairCur
2018-05-14 10:25:05,974 INFO (ControllerParamCheckAndLogAOP.java:85) - 请求类型：GET
2018-05-14 10:25:05,975 INFO (ControllerParamCheckAndLogAOP.java:86) - 访问类及方法：cn.edu.ahu.repairbackend.controller.InfoPlatformControllergetAllRepairCur
2018-05-14 10:25:05,975 INFO (ControllerParamCheckAndLogAOP.java:87) - 请求参数：[]
2018-05-14 10:25:06,011 INFO (ControllerParamCheckAndLogAOP.java:62) - 返回值：cn.edu.ahu.repairbackend.util.ResultMsg@17135563
2018-05-14 10:25:06,011 INFO (ControllerParamCheckAndLogAOP.java:63) - 耗时：37
2018-05-14 10:25:06,012 INFO (ControllerParamCheckAndLogAOP.java:64) - 请求完成
2018-05-14 10:31:14,547 INFO (ControllerParamCheckAndLogAOP.java:83) - 请求开始-------------------------------------------------------
2018-05-14 10:31:14,547 INFO (ControllerParamCheckAndLogAOP.java:84) - 请求地址：http://localhost:8081/user/login
2018-05-14 10:31:14,547 INFO (ControllerParamCheckAndLogAOP.java:85) - 请求类型：GET
2018-05-14 10:31:14,547 INFO (ControllerParamCheckAndLogAOP.java:86) - 访问类及方法：cn.edu.ahu.repairbackend.controller.UserInfoControllergetUserInfoByNumberAndIdCard
2018-05-14 10:31:14,547 INFO (ControllerParamCheckAndLogAOP.java:87) - 请求参数：[P16201106, 530061]
2018-05-14 10:31:14,573 INFO (ControllerParamCheckAndLogAOP.java:62) - 返回值：cn.edu.ahu.repairbackend.util.ResultMsg@282a0678
2018-05-14 10:31:14,573 INFO (ControllerParamCheckAndLogAOP.java:63) - 耗时：26
2018-05-14 10:31:14,574 INFO (ControllerParamCheckAndLogAOP.java:64) - 请求完成
2018-05-14 10:31:14,590 INFO (ControllerParamCheckAndLogAOP.java:83) - 请求开始-------------------------------------------------------
2018-05-14 10:31:14,591 INFO (ControllerParamCheckAndLogAOP.java:84) - 请求地址：http://localhost:8081/repairInfo/all
2018-05-14 10:31:14,591 INFO (ControllerParamCheckAndLogAOP.java:85) - 请求类型：GET
2018-05-14 10:31:14,591 INFO (ControllerParamCheckAndLogAOP.java:86) - 访问类及方法：cn.edu.ahu.repairbackend.controller.RepairInfoControllergetAllRepairInfo
2018-05-14 10:31:14,591 INFO (ControllerParamCheckAndLogAOP.java:87) - 请求参数：[P16201106]
2018-05-14 10:31:14,606 INFO (ControllerParamCheckAndLogAOP.java:83) - 请求开始-------------------------------------------------------
2018-05-14 10:31:14,606 INFO (ControllerParamCheckAndLogAOP.java:84) - 请求地址：http://localhost:8081/timePicker/all
2018-05-14 10:31:14,606 INFO (ControllerParamCheckAndLogAOP.java:85) - 请求类型：GET
2018-05-14 10:31:14,606 INFO (ControllerParamCheckAndLogAOP.java:86) - 访问类及方法：cn.edu.ahu.repairbackend.controller.RepairTimePickerControllergetRepairTimePickerInfo
2018-05-14 10:31:14,606 INFO (ControllerParamCheckAndLogAOP.java:87) - 请求参数：[]
2018-05-14 10:31:14,624 INFO (ControllerParamCheckAndLogAOP.java:62) - 返回值：cn.edu.ahu.repairbackend.util.ResultMsg@49c2e7b1
2018-05-14 10:31:14,625 INFO (ControllerParamCheckAndLogAOP.java:63) - 耗时：19
2018-05-14 10:31:14,625 INFO (ControllerParamCheckAndLogAOP.java:64) - 请求完成
2018-05-14 10:31:14,625 INFO (ControllerParamCheckAndLogAOP.java:62) - 返回值：cn.edu.ahu.repairbackend.util.ResultMsg@4434f914
2018-05-14 10:31:14,625 INFO (ControllerParamCheckAndLogAOP.java:63) - 耗时：19
2018-05-14 10:31:14,625 INFO (ControllerParamCheckAndLogAOP.java:64) - 请求完成
2018-05-14 10:31:17,065 INFO (ControllerParamCheckAndLogAOP.java:83) - 请求开始-------------------------------------------------------
2018-05-14 10:31:17,065 INFO (ControllerParamCheckAndLogAOP.java:84) - 请求地址：http://localhost:8081/categories/child
2018-05-14 10:31:17,065 INFO (ControllerParamCheckAndLogAOP.java:85) - 请求类型：GET
2018-05-14 10:31:17,066 INFO (ControllerParamCheckAndLogAOP.java:86) - 访问类及方法：cn.edu.ahu.repairbackend.controller.RepairCategoriesControllergetRepairCategoriesInfoByParent
2018-05-14 10:31:17,066 INFO (ControllerParamCheckAndLogAOP.java:87) - 请求参数：[用水故障]
2018-05-14 10:31:17,069 INFO (ControllerParamCheckAndLogAOP.java:62) - 返回值：cn.edu.ahu.repairbackend.util.ResultMsg@151cb634
2018-05-14 10:31:17,069 INFO (ControllerParamCheckAndLogAOP.java:63) - 耗时：4
2018-05-14 10:31:17,069 INFO (ControllerParamCheckAndLogAOP.java:64) - 请求完成
2018-05-14 10:31:55,258 INFO (ControllerParamCheckAndLogAOP.java:83) - 请求开始-------------------------------------------------------
2018-05-14 10:31:55,258 INFO (ControllerParamCheckAndLogAOP.java:84) - 请求地址：http://localhost:8081/repairInfo/submit
2018-05-14 10:31:55,259 INFO (ControllerParamCheckAndLogAOP.java:85) - 请求类型：POST
2018-05-14 10:31:55,259 INFO (ControllerParamCheckAndLogAOP.java:86) - 访问类及方法：cn.edu.ahu.repairbackend.controller.RepairInfoControllersubmitRepairInfo
2018-05-14 10:31:55,259 INFO (ControllerParamCheckAndLogAOP.java:87) - 请求参数：[org.springframework.web.multipart.support.StandardMultipartHttpServletRequest$StandardMultipartFile@38134096, cn.edu.ahu.repairbackend.json.RepairInfoJson@681cfb76]
2018-05-14 10:31:55,278 INFO (ControllerParamCheckAndLogAOP.java:62) - 返回值：cn.edu.ahu.repairbackend.util.ResultMsg@3de4ed08
2018-05-14 10:31:55,278 INFO (ControllerParamCheckAndLogAOP.java:63) - 耗时：20
2018-05-14 10:31:55,278 INFO (ControllerParamCheckAndLogAOP.java:64) - 请求完成
2018-05-14 10:31:56,190 INFO (ControllerParamCheckAndLogAOP.java:83) - 请求开始-------------------------------------------------------
2018-05-14 10:31:56,191 INFO (ControllerParamCheckAndLogAOP.java:84) - 请求地址：http://localhost:8081/repairInfo/all
2018-05-14 10:31:56,191 INFO (ControllerParamCheckAndLogAOP.java:85) - 请求类型：GET
2018-05-14 10:31:56,191 INFO (ControllerParamCheckAndLogAOP.java:86) - 访问类及方法：cn.edu.ahu.repairbackend.controller.RepairInfoControllergetAllRepairInfo
2018-05-14 10:31:56,191 INFO (ControllerParamCheckAndLogAOP.java:87) - 请求参数：[P16201106]
2018-05-14 10:31:56,206 INFO (ControllerParamCheckAndLogAOP.java:83) - 请求开始-------------------------------------------------------
2018-05-14 10:31:56,207 INFO (ControllerParamCheckAndLogAOP.java:84) - 请求地址：http://localhost:8081/timePicker/all
2018-05-14 10:31:56,207 INFO (ControllerParamCheckAndLogAOP.java:85) - 请求类型：GET
2018-05-14 10:31:56,207 INFO (ControllerParamCheckAndLogAOP.java:86) - 访问类及方法：cn.edu.ahu.repairbackend.controller.RepairTimePickerControllergetRepairTimePickerInfo
2018-05-14 10:31:56,207 INFO (ControllerParamCheckAndLogAOP.java:87) - 请求参数：[]
2018-05-14 10:31:56,225 INFO (ControllerParamCheckAndLogAOP.java:62) - 返回值：cn.edu.ahu.repairbackend.util.ResultMsg@49255bde
2018-05-14 10:31:56,225 INFO (ControllerParamCheckAndLogAOP.java:63) - 耗时：19
2018-05-14 10:31:56,225 INFO (ControllerParamCheckAndLogAOP.java:64) - 请求完成
2018-05-14 10:31:56,227 INFO (ControllerParamCheckAndLogAOP.java:62) - 返回值：cn.edu.ahu.repairbackend.util.ResultMsg@6889e3b2
2018-05-14 10:31:56,227 INFO (ControllerParamCheckAndLogAOP.java:63) - 耗时：21
2018-05-14 10:31:56,227 INFO (ControllerParamCheckAndLogAOP.java:64) - 请求完成
2018-05-14 10:32:01,940 INFO (ControllerParamCheckAndLogAOP.java:83) - 请求开始-------------------------------------------------------
2018-05-14 10:32:01,940 INFO (ControllerParamCheckAndLogAOP.java:84) - 请求地址：http://localhost:8081/categories/child
2018-05-14 10:32:01,940 INFO (ControllerParamCheckAndLogAOP.java:85) - 请求类型：GET
2018-05-14 10:32:01,940 INFO (ControllerParamCheckAndLogAOP.java:86) - 访问类及方法：cn.edu.ahu.repairbackend.controller.RepairCategoriesControllergetRepairCategoriesInfoByParent
2018-05-14 10:32:01,941 INFO (ControllerParamCheckAndLogAOP.java:87) - 请求参数：[用水故障]
2018-05-14 10:32:01,946 INFO (ControllerParamCheckAndLogAOP.java:62) - 返回值：cn.edu.ahu.repairbackend.util.ResultMsg@4a10e8ea
2018-05-14 10:32:01,946 INFO (ControllerParamCheckAndLogAOP.java:63) - 耗时：6
2018-05-14 10:32:01,946 INFO (ControllerParamCheckAndLogAOP.java:64) - 请求完成
2018-05-14 10:32:19,836 INFO (ControllerParamCheckAndLogAOP.java:83) - 请求开始-------------------------------------------------------
2018-05-14 10:32:19,836 INFO (ControllerParamCheckAndLogAOP.java:84) - 请求地址：http://localhost:8081/infoPlatform/getAllRepairCur
2018-05-14 10:32:19,836 INFO (ControllerParamCheckAndLogAOP.java:85) - 请求类型：GET
2018-05-14 10:32:19,837 INFO (ControllerParamCheckAndLogAOP.java:86) - 访问类及方法：cn.edu.ahu.repairbackend.controller.InfoPlatformControllergetAllRepairCur
2018-05-14 10:32:19,837 INFO (ControllerParamCheckAndLogAOP.java:87) - 请求参数：[]
2018-05-14 10:32:19,874 INFO (ControllerParamCheckAndLogAOP.java:62) - 返回值：cn.edu.ahu.repairbackend.util.ResultMsg@56f8b544
2018-05-14 10:32:19,875 INFO (ControllerParamCheckAndLogAOP.java:63) - 耗时：39
2018-05-14 10:32:19,875 INFO (ControllerParamCheckAndLogAOP.java:64) - 请求完成
2018-05-14 10:33:54,752 INFO (ControllerParamCheckAndLogAOP.java:83) - 请求开始-------------------------------------------------------
2018-05-14 10:33:54,753 INFO (ControllerParamCheckAndLogAOP.java:84) - 请求地址：http://localhost:8081/infoPlatform/getAllRepairCur
2018-05-14 10:33:54,753 INFO (ControllerParamCheckAndLogAOP.java:85) - 请求类型：GET
2018-05-14 10:33:54,753 INFO (ControllerParamCheckAndLogAOP.java:86) - 访问类及方法：cn.edu.ahu.repairbackend.controller.InfoPlatformControllergetAllRepairCur
2018-05-14 10:33:54,753 INFO (ControllerParamCheckAndLogAOP.java:87) - 请求参数：[]
2018-05-14 10:33:54,790 INFO (ControllerParamCheckAndLogAOP.java:62) - 返回值：cn.edu.ahu.repairbackend.util.ResultMsg@2694a524
2018-05-14 10:33:54,790 INFO (ControllerParamCheckAndLogAOP.java:63) - 耗时：38
2018-05-14 10:33:54,790 INFO (ControllerParamCheckAndLogAOP.java:64) - 请求完成
2018-05-14 10:35:28,501 INFO (ControllerParamCheckAndLogAOP.java:83) - 请求开始-------------------------------------------------------
2018-05-14 10:35:28,502 INFO (ControllerParamCheckAndLogAOP.java:84) - 请求地址：http://localhost:8081/timePicker/all
2018-05-14 10:35:28,502 INFO (ControllerParamCheckAndLogAOP.java:85) - 请求类型：GET
2018-05-14 10:35:28,502 INFO (ControllerParamCheckAndLogAOP.java:86) - 访问类及方法：cn.edu.ahu.repairbackend.controller.RepairTimePickerControllergetRepairTimePickerInfo
2018-05-14 10:35:28,502 INFO (ControllerParamCheckAndLogAOP.java:87) - 请求参数：[]
2018-05-14 10:35:28,510 INFO (ControllerParamCheckAndLogAOP.java:62) - 返回值：cn.edu.ahu.repairbackend.util.ResultMsg@642ae535
2018-05-14 10:35:28,511 INFO (ControllerParamCheckAndLogAOP.java:63) - 耗时：10
2018-05-14 10:35:28,511 INFO (ControllerParamCheckAndLogAOP.java:64) - 请求完成
2018-05-14 10:36:26,678 INFO (ControllerParamCheckAndLogAOP.java:83) - 请求开始-------------------------------------------------------
2018-05-14 10:36:26,679 INFO (ControllerParamCheckAndLogAOP.java:84) - 请求地址：http://localhost:8081/timePicker/all
2018-05-14 10:36:26,679 INFO (ControllerParamCheckAndLogAOP.java:85) - 请求类型：GET
2018-05-14 10:36:26,679 INFO (ControllerParamCheckAndLogAOP.java:86) - 访问类及方法：cn.edu.ahu.repairbackend.controller.RepairTimePickerControllergetRepairTimePickerInfo
2018-05-14 10:36:26,680 INFO (ControllerParamCheckAndLogAOP.java:87) - 请求参数：[]
2018-05-14 10:36:26,689 INFO (ControllerParamCheckAndLogAOP.java:62) - 返回值：cn.edu.ahu.repairbackend.util.ResultMsg@26d95f3d
2018-05-14 10:36:26,689 INFO (ControllerParamCheckAndLogAOP.java:63) - 耗时：11
2018-05-14 10:36:26,689 INFO (ControllerParamCheckAndLogAOP.java:64) - 请求完成
2018-05-14 10:48:44,915 INFO (ControllerParamCheckAndLogAOP.java:83) - 请求开始-------------------------------------------------------
2018-05-14 10:48:44,916 INFO (ControllerParamCheckAndLogAOP.java:84) - 请求地址：http://localhost:8081/infoPlatform/getAllRepairCur
2018-05-14 10:48:44,916 INFO (ControllerParamCheckAndLogAOP.java:85) - 请求类型：GET
2018-05-14 10:48:44,916 INFO (ControllerParamCheckAndLogAOP.java:86) - 访问类及方法：cn.edu.ahu.repairbackend.controller.InfoPlatformControllergetAllRepairCur
2018-05-14 10:48:44,916 INFO (ControllerParamCheckAndLogAOP.java:87) - 请求参数：[]
2018-05-14 10:48:44,954 INFO (ControllerParamCheckAndLogAOP.java:62) - 返回值：cn.edu.ahu.repairbackend.util.ResultMsg@e15010a
2018-05-14 10:48:44,954 INFO (ControllerParamCheckAndLogAOP.java:63) - 耗时：39
2018-05-14 10:48:44,954 INFO (ControllerParamCheckAndLogAOP.java:64) - 请求完成
2018-05-14 10:48:49,478 INFO (ControllerParamCheckAndLogAOP.java:83) - 请求开始-------------------------------------------------------
2018-05-14 10:48:49,478 INFO (ControllerParamCheckAndLogAOP.java:84) - 请求地址：http://localhost:8081/infoPlatform/getAllRepairCur
2018-05-14 10:48:49,478 INFO (ControllerParamCheckAndLogAOP.java:85) - 请求类型：GET
2018-05-14 10:48:49,478 INFO (ControllerParamCheckAndLogAOP.java:86) - 访问类及方法：cn.edu.ahu.repairbackend.controller.InfoPlatformControllergetAllRepairCur
2018-05-14 10:48:49,479 INFO (ControllerParamCheckAndLogAOP.java:87) - 请求参数：[]
2018-05-14 10:48:49,527 INFO (ControllerParamCheckAndLogAOP.java:62) - 返回值：cn.edu.ahu.repairbackend.util.ResultMsg@22f34ab2
2018-05-14 10:48:49,528 INFO (ControllerParamCheckAndLogAOP.java:63) - 耗时：50
2018-05-14 10:48:49,528 INFO (ControllerParamCheckAndLogAOP.java:64) - 请求完成
2018-05-14 10:48:56,008 INFO (ControllerParamCheckAndLogAOP.java:83) - 请求开始-------------------------------------------------------
2018-05-14 10:48:56,009 INFO (ControllerParamCheckAndLogAOP.java:84) - 请求地址：http://localhost:8081/infoPlatform/getAllRepairCur
2018-05-14 10:48:56,009 INFO (ControllerParamCheckAndLogAOP.java:85) - 请求类型：GET
2018-05-14 10:48:56,009 INFO (ControllerParamCheckAndLogAOP.java:86) - 访问类及方法：cn.edu.ahu.repairbackend.controller.InfoPlatformControllergetAllRepairCur
2018-05-14 10:48:56,009 INFO (ControllerParamCheckAndLogAOP.java:87) - 请求参数：[]
2018-05-14 10:48:56,046 INFO (ControllerParamCheckAndLogAOP.java:62) - 返回值：cn.edu.ahu.repairbackend.util.ResultMsg@708dcc36
2018-05-14 10:48:56,046 INFO (ControllerParamCheckAndLogAOP.java:63) - 耗时：38
2018-05-14 10:48:56,046 INFO (ControllerParamCheckAndLogAOP.java:64) - 请求完成
2018-05-14 14:48:07,117 INFO (ControllerParamCheckAndLogAOP.java:83) - 请求开始-------------------------------------------------------
2018-05-14 14:48:07,119 INFO (ControllerParamCheckAndLogAOP.java:84) - 请求地址：http://localhost:8081/infoPlatform/getAllRepairCur
2018-05-14 14:48:07,119 INFO (ControllerParamCheckAndLogAOP.java:85) - 请求类型：GET
2018-05-14 14:48:07,120 INFO (ControllerParamCheckAndLogAOP.java:86) - 访问类及方法：cn.edu.ahu.repairbackend.controller.InfoPlatformControllergetAllRepairCur
2018-05-14 14:48:07,120 INFO (ControllerParamCheckAndLogAOP.java:87) - 请求参数：[]
2018-05-14 14:48:07,171 INFO (ControllerParamCheckAndLogAOP.java:62) - 返回值：cn.edu.ahu.repairbackend.util.ResultMsg@4a326814
2018-05-14 14:48:07,171 INFO (ControllerParamCheckAndLogAOP.java:63) - 耗时：54
2018-05-14 14:48:07,171 INFO (ControllerParamCheckAndLogAOP.java:64) - 请求完成
2018-05-14 14:48:39,822 INFO (ControllerParamCheckAndLogAOP.java:83) - 请求开始-------------------------------------------------------
2018-05-14 14:48:39,822 INFO (ControllerParamCheckAndLogAOP.java:84) - 请求地址：http://localhost:8081/infoPlatform/getAllRepairCur
2018-05-14 14:48:39,822 INFO (ControllerParamCheckAndLogAOP.java:85) - 请求类型：GET
2018-05-14 14:48:39,823 INFO (ControllerParamCheckAndLogAOP.java:86) - 访问类及方法：cn.edu.ahu.repairbackend.controller.InfoPlatformControllergetAllRepairCur
2018-05-14 14:48:39,823 INFO (ControllerParamCheckAndLogAOP.java:87) - 请求参数：[]
2018-05-14 14:48:39,860 INFO (ControllerParamCheckAndLogAOP.java:62) - 返回值：cn.edu.ahu.repairbackend.util.ResultMsg@407901db
2018-05-14 14:48:39,860 INFO (ControllerParamCheckAndLogAOP.java:63) - 耗时：38
2018-05-14 14:48:39,860 INFO (ControllerParamCheckAndLogAOP.java:64) - 请求完成
2018-05-14 16:35:16,889 INFO (ControllerParamCheckAndLogAOP.java:83) - 请求开始-------------------------------------------------------
2018-05-14 16:35:16,889 INFO (ControllerParamCheckAndLogAOP.java:84) - 请求地址：http://localhost:8081/infoPlatform/getAllRepairCur
2018-05-14 16:35:16,889 INFO (ControllerParamCheckAndLogAOP.java:85) - 请求类型：GET
2018-05-14 16:35:16,890 INFO (ControllerParamCheckAndLogAOP.java:86) - 访问类及方法：cn.edu.ahu.repairbackend.controller.InfoPlatformControllergetAllRepairCur
2018-05-14 16:35:16,890 INFO (ControllerParamCheckAndLogAOP.java:87) - 请求参数：[]
2018-05-14 16:35:16,931 INFO (ControllerParamCheckAndLogAOP.java:62) - 返回值：cn.edu.ahu.repairbackend.util.ResultMsg@549ca3da
2018-05-14 16:35:16,931 INFO (ControllerParamCheckAndLogAOP.java:63) - 耗时：42
2018-05-14 16:35:16,931 INFO (ControllerParamCheckAndLogAOP.java:64) - 请求完成
2018-05-14 16:35:49,742 INFO (ControllerParamCheckAndLogAOP.java:83) - 请求开始-------------------------------------------------------
2018-05-14 16:35:49,743 INFO (ControllerParamCheckAndLogAOP.java:84) - 请求地址：http://localhost:8081/infoPlatform/getAllRepairCur
2018-05-14 16:35:49,744 INFO (ControllerParamCheckAndLogAOP.java:85) - 请求类型：GET
2018-05-14 16:35:49,744 INFO (ControllerParamCheckAndLogAOP.java:86) - 访问类及方法：cn.edu.ahu.repairbackend.controller.InfoPlatformControllergetAllRepairCur
2018-05-14 16:35:49,745 INFO (ControllerParamCheckAndLogAOP.java:87) - 请求参数：[]
2018-05-14 16:35:49,785 INFO (ControllerParamCheckAndLogAOP.java:62) - 返回值：cn.edu.ahu.repairbackend.util.ResultMsg@1a2458be
2018-05-14 16:35:49,785 INFO (ControllerParamCheckAndLogAOP.java:63) - 耗时：43
2018-05-14 16:35:49,786 INFO (ControllerParamCheckAndLogAOP.java:64) - 请求完成
2018-05-14 17:14:09,650 INFO (ControllerParamCheckAndLogAOP.java:83) - 请求开始-------------------------------------------------------
2018-05-14 17:14:09,650 INFO (ControllerParamCheckAndLogAOP.java:84) - 请求地址：http://localhost:8081/user/login
2018-05-14 17:14:09,650 INFO (ControllerParamCheckAndLogAOP.java:85) - 请求类型：GET
2018-05-14 17:14:09,650 INFO (ControllerParamCheckAndLogAOP.java:86) - 访问类及方法：cn.edu.ahu.repairbackend.controller.UserInfoControllergetUserInfoByNumberAndIdCard
2018-05-14 17:14:09,650 INFO (ControllerParamCheckAndLogAOP.java:87) - 请求参数：[P16201106, 530061]
2018-05-14 17:14:09,682 INFO (ControllerParamCheckAndLogAOP.java:62) - 返回值：cn.edu.ahu.repairbackend.util.ResultMsg@17ea75a3
2018-05-14 17:14:09,683 INFO (ControllerParamCheckAndLogAOP.java:63) - 耗时：33
2018-05-14 17:14:09,683 INFO (ControllerParamCheckAndLogAOP.java:64) - 请求完成
2018-05-14 17:14:09,700 INFO (ControllerParamCheckAndLogAOP.java:83) - 请求开始-------------------------------------------------------
2018-05-14 17:14:09,700 INFO (ControllerParamCheckAndLogAOP.java:84) - 请求地址：http://localhost:8081/repairInfo/all
2018-05-14 17:14:09,700 INFO (ControllerParamCheckAndLogAOP.java:85) - 请求类型：GET
2018-05-14 17:14:09,700 INFO (ControllerParamCheckAndLogAOP.java:86) - 访问类及方法：cn.edu.ahu.repairbackend.controller.RepairInfoControllergetAllRepairInfo
2018-05-14 17:14:09,701 INFO (ControllerParamCheckAndLogAOP.java:87) - 请求参数：[P16201106]
2018-05-14 17:14:09,715 INFO (ControllerParamCheckAndLogAOP.java:83) - 请求开始-------------------------------------------------------
2018-05-14 17:14:09,715 INFO (ControllerParamCheckAndLogAOP.java:84) - 请求地址：http://localhost:8081/timePicker/all
2018-05-14 17:14:09,716 INFO (ControllerParamCheckAndLogAOP.java:85) - 请求类型：GET
2018-05-14 17:14:09,716 INFO (ControllerParamCheckAndLogAOP.java:86) - 访问类及方法：cn.edu.ahu.repairbackend.controller.RepairTimePickerControllergetRepairTimePickerInfo
2018-05-14 17:14:09,716 INFO (ControllerParamCheckAndLogAOP.java:87) - 请求参数：[]
2018-05-14 17:14:09,735 INFO (ControllerParamCheckAndLogAOP.java:62) - 返回值：cn.edu.ahu.repairbackend.util.ResultMsg@64c206c5
2018-05-14 17:14:09,735 INFO (ControllerParamCheckAndLogAOP.java:63) - 耗时：20
2018-05-14 17:14:09,735 INFO (ControllerParamCheckAndLogAOP.java:64) - 请求完成
2018-05-14 17:14:09,735 INFO (ControllerParamCheckAndLogAOP.java:62) - 返回值：cn.edu.ahu.repairbackend.util.ResultMsg@7802ae1e
2018-05-14 17:14:09,735 INFO (ControllerParamCheckAndLogAOP.java:63) - 耗时：20
2018-05-14 17:14:09,735 INFO (ControllerParamCheckAndLogAOP.java:64) - 请求完成
2018-05-14 17:15:42,965 INFO (ControllerParamCheckAndLogAOP.java:83) - 请求开始-------------------------------------------------------
2018-05-14 17:15:42,965 INFO (ControllerParamCheckAndLogAOP.java:84) - 请求地址：http://localhost:8081/categories/child
2018-05-14 17:15:42,965 INFO (ControllerParamCheckAndLogAOP.java:85) - 请求类型：GET
2018-05-14 17:15:42,965 INFO (ControllerParamCheckAndLogAOP.java:86) - 访问类及方法：cn.edu.ahu.repairbackend.controller.RepairCategoriesControllergetRepairCategoriesInfoByParent
2018-05-14 17:15:42,965 INFO (ControllerParamCheckAndLogAOP.java:87) - 请求参数：[用电故障]
2018-05-14 17:15:42,976 INFO (ControllerParamCheckAndLogAOP.java:62) - 返回值：cn.edu.ahu.repairbackend.util.ResultMsg@631238f6
2018-05-14 17:15:42,976 INFO (ControllerParamCheckAndLogAOP.java:63) - 耗时：11
2018-05-14 17:15:42,976 INFO (ControllerParamCheckAndLogAOP.java:64) - 请求完成
2018-05-14 17:17:32,906 INFO (ControllerParamCheckAndLogAOP.java:83) - 请求开始-------------------------------------------------------
2018-05-14 17:17:32,906 INFO (ControllerParamCheckAndLogAOP.java:84) - 请求地址：http://localhost:8081/categories/child
2018-05-14 17:17:32,907 INFO (ControllerParamCheckAndLogAOP.java:85) - 请求类型：GET
2018-05-14 17:17:32,907 INFO (ControllerParamCheckAndLogAOP.java:86) - 访问类及方法：cn.edu.ahu.repairbackend.controller.RepairCategoriesControllergetRepairCategoriesInfoByParent
2018-05-14 17:17:32,907 INFO (ControllerParamCheckAndLogAOP.java:87) - 请求参数：[漏水故障]
2018-05-14 17:17:32,911 INFO (ControllerParamCheckAndLogAOP.java:62) - 返回值：cn.edu.ahu.repairbackend.util.ResultMsg@2bfec9f4
2018-05-14 17:17:32,912 INFO (ControllerParamCheckAndLogAOP.java:63) - 耗时：6
2018-05-14 17:17:32,912 INFO (ControllerParamCheckAndLogAOP.java:64) - 请求完成
2018-05-14 17:17:35,626 INFO (ControllerParamCheckAndLogAOP.java:83) - 请求开始-------------------------------------------------------
2018-05-14 17:17:35,626 INFO (ControllerParamCheckAndLogAOP.java:84) - 请求地址：http://localhost:8081/categories/child
2018-05-14 17:17:35,626 INFO (ControllerParamCheckAndLogAOP.java:85) - 请求类型：GET
2018-05-14 17:17:35,626 INFO (ControllerParamCheckAndLogAOP.java:86) - 访问类及方法：cn.edu.ahu.repairbackend.controller.RepairCategoriesControllergetRepairCategoriesInfoByParent
2018-05-14 17:17:35,627 INFO (ControllerParamCheckAndLogAOP.java:87) - 请求参数：[家具故障]
2018-05-14 17:17:35,630 INFO (ControllerParamCheckAndLogAOP.java:62) - 返回值：cn.edu.ahu.repairbackend.util.ResultMsg@23d1893d
2018-05-14 17:17:35,630 INFO (ControllerParamCheckAndLogAOP.java:63) - 耗时：4
2018-05-14 17:17:35,630 INFO (ControllerParamCheckAndLogAOP.java:64) - 请求完成
2018-05-14 17:17:38,672 INFO (ControllerParamCheckAndLogAOP.java:83) - 请求开始-------------------------------------------------------
2018-05-14 17:17:38,672 INFO (ControllerParamCheckAndLogAOP.java:84) - 请求地址：http://localhost:8081/categories/child
2018-05-14 17:17:38,672 INFO (ControllerParamCheckAndLogAOP.java:85) - 请求类型：GET
2018-05-14 17:17:38,672 INFO (ControllerParamCheckAndLogAOP.java:86) - 访问类及方法：cn.edu.ahu.repairbackend.controller.RepairCategoriesControllergetRepairCategoriesInfoByParent
2018-05-14 17:17:38,673 INFO (ControllerParamCheckAndLogAOP.java:87) - 请求参数：[其他故障]
2018-05-14 17:17:38,677 INFO (ControllerParamCheckAndLogAOP.java:62) - 返回值：cn.edu.ahu.repairbackend.util.ResultMsg@6bada8d4
2018-05-14 17:17:38,677 INFO (ControllerParamCheckAndLogAOP.java:63) - 耗时：5
2018-05-14 17:17:38,677 INFO (ControllerParamCheckAndLogAOP.java:64) - 请求完成
