2018-05-31 13:07:26,139 INFO (ControllerParamCheckAndLogAOP.java:83) - 请求开始-------------------------------------------------------
2018-05-31 13:07:26,168 INFO (ControllerParamCheckAndLogAOP.java:83) - 请求开始-------------------------------------------------------
2018-05-31 13:07:26,140 INFO (ControllerParamCheckAndLogAOP.java:83) - 请求开始-------------------------------------------------------
2018-05-31 13:07:26,190 INFO (ControllerParamCheckAndLogAOP.java:84) - 请求地址：http://localhost:8080/distribute/getAllRepairCurConfirm
2018-05-31 13:07:26,191 INFO (ControllerParamCheckAndLogAOP.java:84) - 请求地址：http://localhost:8080/distribute/getAllRepairCurDistribute
2018-05-31 13:07:26,191 INFO (ControllerParamCheckAndLogAOP.java:84) - 请求地址：http://localhost:8080/distribute/allWorkers
2018-05-31 13:07:26,192 INFO (ControllerParamCheckAndLogAOP.java:85) - 请求类型：GET
2018-05-31 13:07:26,192 INFO (ControllerParamCheckAndLogAOP.java:85) - 请求类型：GET
2018-05-31 13:07:26,192 INFO (ControllerParamCheckAndLogAOP.java:85) - 请求类型：GET
2018-05-31 13:07:26,192 INFO (ControllerParamCheckAndLogAOP.java:86) - 访问类及方法：cn.edu.ahu.repairbackend.controller.DistributeControllergetAllRepairCurConfirm
2018-05-31 13:07:26,192 INFO (ControllerParamCheckAndLogAOP.java:86) - 访问类及方法：cn.edu.ahu.repairbackend.controller.DistributeControllergetAllRepairCurDistribute
2018-05-31 13:07:26,192 INFO (ControllerParamCheckAndLogAOP.java:86) - 访问类及方法：cn.edu.ahu.repairbackend.controller.DistributeControllergetAllWorkersInfo
2018-05-31 13:07:26,193 INFO (ControllerParamCheckAndLogAOP.java:87) - 请求参数：[]
2018-05-31 13:07:26,193 INFO (ControllerParamCheckAndLogAOP.java:87) - 请求参数：[null, null]
2018-05-31 13:07:26,193 INFO (ControllerParamCheckAndLogAOP.java:87) - 请求参数：[]
2018-05-31 13:07:26,210 ERROR (CommonExceptionHandle.java:43) - *** 请求参数验证异常 - 类型为java.lang.String的参数messengerName为null ***
2018-05-31 13:07:26,245 INFO (ControllerParamCheckAndLogAOP.java:62) - 返回值：cn.edu.ahu.repairbackend.util.ResultMsg@6ac457ca
2018-05-31 13:07:26,246 INFO (ControllerParamCheckAndLogAOP.java:63) - 耗时：78
2018-05-31 13:07:26,246 INFO (ControllerParamCheckAndLogAOP.java:64) - 请求完成
2018-05-31 13:07:26,252 INFO (ControllerParamCheckAndLogAOP.java:62) - 返回值：cn.edu.ahu.repairbackend.util.ResultMsg@5af830c4
2018-05-31 13:07:26,253 INFO (ControllerParamCheckAndLogAOP.java:63) - 耗时：85
2018-05-31 13:07:26,253 INFO (ControllerParamCheckAndLogAOP.java:64) - 请求完成
2018-05-31 13:07:30,573 INFO (ControllerParamCheckAndLogAOP.java:83) - 请求开始-------------------------------------------------------
2018-05-31 13:07:30,573 INFO (ControllerParamCheckAndLogAOP.java:83) - 请求开始-------------------------------------------------------
2018-05-31 13:07:30,573 INFO (ControllerParamCheckAndLogAOP.java:84) - 请求地址：http://localhost:8080/distribute/getAllRepairCurConfirm
2018-05-31 13:07:30,573 INFO (ControllerParamCheckAndLogAOP.java:84) - 请求地址：http://localhost:8080/distribute/allWorkers
2018-05-31 13:07:30,574 INFO (ControllerParamCheckAndLogAOP.java:85) - 请求类型：GET
2018-05-31 13:07:30,574 INFO (ControllerParamCheckAndLogAOP.java:85) - 请求类型：GET
2018-05-31 13:07:30,574 INFO (ControllerParamCheckAndLogAOP.java:86) - 访问类及方法：cn.edu.ahu.repairbackend.controller.DistributeControllergetAllRepairCurConfirm
2018-05-31 13:07:30,574 INFO (ControllerParamCheckAndLogAOP.java:86) - 访问类及方法：cn.edu.ahu.repairbackend.controller.DistributeControllergetAllWorkersInfo
2018-05-31 13:07:30,574 INFO (ControllerParamCheckAndLogAOP.java:87) - 请求参数：[]
2018-05-31 13:07:30,574 INFO (ControllerParamCheckAndLogAOP.java:87) - 请求参数：[]
2018-05-31 13:07:30,583 INFO (ControllerParamCheckAndLogAOP.java:62) - 返回值：cn.edu.ahu.repairbackend.util.ResultMsg@798e5e2b
2018-05-31 13:07:30,583 INFO (ControllerParamCheckAndLogAOP.java:63) - 耗时：10
2018-05-31 13:07:30,584 INFO (ControllerParamCheckAndLogAOP.java:64) - 请求完成
2018-05-31 13:07:30,586 INFO (ControllerParamCheckAndLogAOP.java:62) - 返回值：cn.edu.ahu.repairbackend.util.ResultMsg@53757068
2018-05-31 13:07:30,587 INFO (ControllerParamCheckAndLogAOP.java:63) - 耗时：14
2018-05-31 13:07:30,587 INFO (ControllerParamCheckAndLogAOP.java:64) - 请求完成
2018-05-31 13:08:15,890 INFO (ControllerParamCheckAndLogAOP.java:83) - 请求开始-------------------------------------------------------
2018-05-31 13:08:15,890 INFO (ControllerParamCheckAndLogAOP.java:83) - 请求开始-------------------------------------------------------
2018-05-31 13:08:15,891 INFO (ControllerParamCheckAndLogAOP.java:84) - 请求地址：http://localhost:8080/timePicker/all
2018-05-31 13:08:15,891 INFO (ControllerParamCheckAndLogAOP.java:84) - 请求地址：http://localhost:8080/infoPlatform/getAllRepairCur
2018-05-31 13:08:15,891 INFO (ControllerParamCheckAndLogAOP.java:85) - 请求类型：GET
2018-05-31 13:08:15,891 INFO (ControllerParamCheckAndLogAOP.java:85) - 请求类型：GET
2018-05-31 13:08:15,891 INFO (ControllerParamCheckAndLogAOP.java:86) - 访问类及方法：cn.edu.ahu.repairbackend.controller.RepairTimePickerControllergetRepairTimePickerInfo
2018-05-31 13:08:15,891 INFO (ControllerParamCheckAndLogAOP.java:86) - 访问类及方法：cn.edu.ahu.repairbackend.controller.InfoPlatformControllergetAllRepairCur
2018-05-31 13:08:15,892 INFO (ControllerParamCheckAndLogAOP.java:87) - 请求参数：[]
2018-05-31 13:08:15,892 INFO (ControllerParamCheckAndLogAOP.java:87) - 请求参数：[]
2018-05-31 13:08:15,950 INFO (ControllerParamCheckAndLogAOP.java:62) - 返回值：cn.edu.ahu.repairbackend.util.ResultMsg@1a1ddf9f
2018-05-31 13:08:15,950 INFO (ControllerParamCheckAndLogAOP.java:63) - 耗时：60
2018-05-31 13:08:15,950 INFO (ControllerParamCheckAndLogAOP.java:64) - 请求完成
2018-05-31 13:08:15,995 INFO (ControllerParamCheckAndLogAOP.java:62) - 返回值：cn.edu.ahu.repairbackend.util.ResultMsg@337897cd
2018-05-31 13:08:15,995 INFO (ControllerParamCheckAndLogAOP.java:63) - 耗时：105
2018-05-31 13:08:15,995 INFO (ControllerParamCheckAndLogAOP.java:64) - 请求完成
2018-05-31 13:09:25,184 INFO (ControllerParamCheckAndLogAOP.java:83) - 请求开始-------------------------------------------------------
2018-05-31 13:09:25,184 INFO (ControllerParamCheckAndLogAOP.java:83) - 请求开始-------------------------------------------------------
2018-05-31 13:09:25,184 INFO (ControllerParamCheckAndLogAOP.java:84) - 请求地址：http://localhost:8080/timePicker/all
2018-05-31 13:09:25,184 INFO (ControllerParamCheckAndLogAOP.java:84) - 请求地址：http://localhost:8080/infoPlatform/getAllRepairCur
2018-05-31 13:09:25,184 INFO (ControllerParamCheckAndLogAOP.java:85) - 请求类型：GET
2018-05-31 13:09:25,184 INFO (ControllerParamCheckAndLogAOP.java:85) - 请求类型：GET
2018-05-31 13:09:25,185 INFO (ControllerParamCheckAndLogAOP.java:86) - 访问类及方法：cn.edu.ahu.repairbackend.controller.InfoPlatformControllergetAllRepairCur
2018-05-31 13:09:25,185 INFO (ControllerParamCheckAndLogAOP.java:86) - 访问类及方法：cn.edu.ahu.repairbackend.controller.RepairTimePickerControllergetRepairTimePickerInfo
2018-05-31 13:09:25,185 INFO (ControllerParamCheckAndLogAOP.java:87) - 请求参数：[]
2018-05-31 13:09:25,185 INFO (ControllerParamCheckAndLogAOP.java:87) - 请求参数：[]
2018-05-31 13:09:25,203 INFO (ControllerParamCheckAndLogAOP.java:62) - 返回值：cn.edu.ahu.repairbackend.util.ResultMsg@46165c4e
2018-05-31 13:09:25,203 INFO (ControllerParamCheckAndLogAOP.java:63) - 耗时：19
2018-05-31 13:09:25,204 INFO (ControllerParamCheckAndLogAOP.java:64) - 请求完成
2018-05-31 13:09:25,227 INFO (ControllerParamCheckAndLogAOP.java:62) - 返回值：cn.edu.ahu.repairbackend.util.ResultMsg@22c8d745
2018-05-31 13:09:25,227 INFO (ControllerParamCheckAndLogAOP.java:63) - 耗时：43
2018-05-31 13:09:25,227 INFO (ControllerParamCheckAndLogAOP.java:64) - 请求完成
2018-05-31 13:09:36,207 INFO (ControllerParamCheckAndLogAOP.java:83) - 请求开始-------------------------------------------------------
2018-05-31 13:09:36,207 INFO (ControllerParamCheckAndLogAOP.java:84) - 请求地址：http://localhost:8080/infoPlatform/confirmRepairCur
2018-05-31 13:09:36,207 INFO (ControllerParamCheckAndLogAOP.java:85) - 请求类型：GET
2018-05-31 13:09:36,208 INFO (ControllerParamCheckAndLogAOP.java:86) - 访问类及方法：cn.edu.ahu.repairbackend.controller.InfoPlatformControllerconfirmRepairCur
2018-05-31 13:09:36,208 INFO (ControllerParamCheckAndLogAOP.java:87) - 请求参数：[191, 20180531125245000131856, 测试信息, Test123]
2018-05-31 13:09:36,359 INFO (ControllerParamCheckAndLogAOP.java:62) - 返回值：cn.edu.ahu.repairbackend.util.ResultMsg@23561153
2018-05-31 13:09:36,359 INFO (ControllerParamCheckAndLogAOP.java:63) - 耗时：152
2018-05-31 13:09:36,359 INFO (ControllerParamCheckAndLogAOP.java:64) - 请求完成
2018-05-31 13:09:55,546 INFO (ControllerParamCheckAndLogAOP.java:83) - 请求开始-------------------------------------------------------
2018-05-31 13:09:55,547 INFO (ControllerParamCheckAndLogAOP.java:84) - 请求地址：http://localhost:8080/distribute/getAllRepairCurConfirm
2018-05-31 13:09:55,547 INFO (ControllerParamCheckAndLogAOP.java:85) - 请求类型：GET
2018-05-31 13:09:55,547 INFO (ControllerParamCheckAndLogAOP.java:86) - 访问类及方法：cn.edu.ahu.repairbackend.controller.DistributeControllergetAllRepairCurConfirm
2018-05-31 13:09:55,547 INFO (ControllerParamCheckAndLogAOP.java:87) - 请求参数：[]
2018-05-31 13:09:55,553 INFO (ControllerParamCheckAndLogAOP.java:62) - 返回值：cn.edu.ahu.repairbackend.util.ResultMsg@1e5099a0
2018-05-31 13:09:55,553 INFO (ControllerParamCheckAndLogAOP.java:63) - 耗时：7
2018-05-31 13:09:55,554 INFO (ControllerParamCheckAndLogAOP.java:64) - 请求完成
2018-05-31 13:10:00,480 INFO (ControllerParamCheckAndLogAOP.java:83) - 请求开始-------------------------------------------------------
2018-05-31 13:10:00,481 INFO (ControllerParamCheckAndLogAOP.java:84) - 请求地址：http://localhost:8080/distribute/distributeRepairCur
2018-05-31 13:10:00,481 INFO (ControllerParamCheckAndLogAOP.java:85) - 请求类型：GET
2018-05-31 13:10:00,481 INFO (ControllerParamCheckAndLogAOP.java:86) - 访问类及方法：cn.edu.ahu.repairbackend.controller.DistributeControllerconfirmRepairCur
2018-05-31 13:10:00,481 INFO (ControllerParamCheckAndLogAOP.java:87) - 请求参数：[191, 20180531125245000131856, 张林, 87209088, 潘祖定, 87213056]
2018-05-31 13:10:00,500 INFO (ControllerParamCheckAndLogAOP.java:62) - 返回值：cn.edu.ahu.repairbackend.util.ResultMsg@3ac88776
2018-05-31 13:10:00,501 INFO (ControllerParamCheckAndLogAOP.java:63) - 耗时：21
2018-05-31 13:10:00,501 INFO (ControllerParamCheckAndLogAOP.java:64) - 请求完成
2018-05-31 13:10:05,508 INFO (ControllerParamCheckAndLogAOP.java:83) - 请求开始-------------------------------------------------------
2018-05-31 13:10:05,508 INFO (ControllerParamCheckAndLogAOP.java:83) - 请求开始-------------------------------------------------------
2018-05-31 13:10:05,508 INFO (ControllerParamCheckAndLogAOP.java:84) - 请求地址：http://localhost:8080/distribute/getAllRepairCurConfirm
2018-05-31 13:10:05,508 INFO (ControllerParamCheckAndLogAOP.java:84) - 请求地址：http://localhost:8080/distribute/allWorkers
2018-05-31 13:10:05,508 INFO (ControllerParamCheckAndLogAOP.java:85) - 请求类型：GET
2018-05-31 13:10:05,509 INFO (ControllerParamCheckAndLogAOP.java:85) - 请求类型：GET
2018-05-31 13:10:05,509 INFO (ControllerParamCheckAndLogAOP.java:86) - 访问类及方法：cn.edu.ahu.repairbackend.controller.DistributeControllergetAllRepairCurConfirm
2018-05-31 13:10:05,509 INFO (ControllerParamCheckAndLogAOP.java:86) - 访问类及方法：cn.edu.ahu.repairbackend.controller.DistributeControllergetAllWorkersInfo
2018-05-31 13:10:05,509 INFO (ControllerParamCheckAndLogAOP.java:87) - 请求参数：[]
2018-05-31 13:10:05,509 INFO (ControllerParamCheckAndLogAOP.java:87) - 请求参数：[]
2018-05-31 13:10:05,516 INFO (ControllerParamCheckAndLogAOP.java:62) - 返回值：cn.edu.ahu.repairbackend.util.ResultMsg@58395893
2018-05-31 13:10:05,516 INFO (ControllerParamCheckAndLogAOP.java:63) - 耗时：8
2018-05-31 13:10:05,516 INFO (ControllerParamCheckAndLogAOP.java:64) - 请求完成
2018-05-31 13:10:05,519 INFO (ControllerParamCheckAndLogAOP.java:62) - 返回值：cn.edu.ahu.repairbackend.util.ResultMsg@fd83827
2018-05-31 13:10:05,519 INFO (ControllerParamCheckAndLogAOP.java:63) - 耗时：11
2018-05-31 13:10:05,519 INFO (ControllerParamCheckAndLogAOP.java:64) - 请求完成
2018-05-31 13:10:05,554 INFO (ControllerParamCheckAndLogAOP.java:83) - 请求开始-------------------------------------------------------
2018-05-31 13:10:05,555 INFO (ControllerParamCheckAndLogAOP.java:84) - 请求地址：http://localhost:8080/distribute/getAllRepairCurDistribute
2018-05-31 13:10:05,555 INFO (ControllerParamCheckAndLogAOP.java:85) - 请求类型：GET
2018-05-31 13:10:05,555 INFO (ControllerParamCheckAndLogAOP.java:86) - 访问类及方法：cn.edu.ahu.repairbackend.controller.DistributeControllergetAllRepairCurDistribute
2018-05-31 13:10:05,555 INFO (ControllerParamCheckAndLogAOP.java:87) - 请求参数：[null, null]
2018-05-31 13:10:05,556 ERROR (CommonExceptionHandle.java:43) - *** 请求参数验证异常 - 类型为java.lang.String的参数messengerName为null ***
2018-05-31 13:22:42,550 INFO (ControllerParamCheckAndLogAOP.java:83) - 请求开始-------------------------------------------------------
2018-05-31 13:22:42,550 INFO (ControllerParamCheckAndLogAOP.java:83) - 请求开始-------------------------------------------------------
2018-05-31 13:22:42,550 INFO (ControllerParamCheckAndLogAOP.java:84) - 请求地址：http://localhost:8080/timePicker/all
2018-05-31 13:22:42,550 INFO (ControllerParamCheckAndLogAOP.java:84) - 请求地址：http://localhost:8080/infoPlatform/getAllRepairCur
2018-05-31 13:22:42,550 INFO (ControllerParamCheckAndLogAOP.java:85) - 请求类型：GET
2018-05-31 13:22:42,551 INFO (ControllerParamCheckAndLogAOP.java:85) - 请求类型：GET
2018-05-31 13:22:42,551 INFO (ControllerParamCheckAndLogAOP.java:86) - 访问类及方法：cn.edu.ahu.repairbackend.controller.RepairTimePickerControllergetRepairTimePickerInfo
2018-05-31 13:22:42,551 INFO (ControllerParamCheckAndLogAOP.java:86) - 访问类及方法：cn.edu.ahu.repairbackend.controller.InfoPlatformControllergetAllRepairCur
2018-05-31 13:22:42,551 INFO (ControllerParamCheckAndLogAOP.java:87) - 请求参数：[]
2018-05-31 13:22:42,551 INFO (ControllerParamCheckAndLogAOP.java:87) - 请求参数：[]
2018-05-31 13:22:42,579 INFO (ControllerParamCheckAndLogAOP.java:62) - 返回值：cn.edu.ahu.repairbackend.util.ResultMsg@451dc1f7
2018-05-31 13:22:42,579 INFO (ControllerParamCheckAndLogAOP.java:63) - 耗时：29
2018-05-31 13:22:42,579 INFO (ControllerParamCheckAndLogAOP.java:64) - 请求完成
2018-05-31 13:22:42,594 INFO (ControllerParamCheckAndLogAOP.java:62) - 返回值：cn.edu.ahu.repairbackend.util.ResultMsg@1c24c432
2018-05-31 13:22:42,594 INFO (ControllerParamCheckAndLogAOP.java:63) - 耗时：44
2018-05-31 13:22:42,594 INFO (ControllerParamCheckAndLogAOP.java:64) - 请求完成
2018-05-31 13:41:04,103 INFO (ControllerParamCheckAndLogAOP.java:83) - 请求开始-------------------------------------------------------
2018-05-31 13:41:04,103 INFO (ControllerParamCheckAndLogAOP.java:83) - 请求开始-------------------------------------------------------
2018-05-31 13:41:04,104 INFO (ControllerParamCheckAndLogAOP.java:84) - 请求地址：http://localhost:8080/infoPlatform/getAllRepairCur
2018-05-31 13:41:04,104 INFO (ControllerParamCheckAndLogAOP.java:84) - 请求地址：http://localhost:8080/timePicker/all
2018-05-31 13:41:04,104 INFO (ControllerParamCheckAndLogAOP.java:85) - 请求类型：GET
2018-05-31 13:41:04,104 INFO (ControllerParamCheckAndLogAOP.java:85) - 请求类型：GET
2018-05-31 13:41:04,104 INFO (ControllerParamCheckAndLogAOP.java:86) - 访问类及方法：cn.edu.ahu.repairbackend.controller.InfoPlatformControllergetAllRepairCur
2018-05-31 13:41:04,104 INFO (ControllerParamCheckAndLogAOP.java:86) - 访问类及方法：cn.edu.ahu.repairbackend.controller.RepairTimePickerControllergetRepairTimePickerInfo
2018-05-31 13:41:04,105 INFO (ControllerParamCheckAndLogAOP.java:87) - 请求参数：[]
2018-05-31 13:41:04,105 INFO (ControllerParamCheckAndLogAOP.java:87) - 请求参数：[]
2018-05-31 13:41:04,132 INFO (ControllerParamCheckAndLogAOP.java:62) - 返回值：cn.edu.ahu.repairbackend.util.ResultMsg@501ca2e1
2018-05-31 13:41:04,132 INFO (ControllerParamCheckAndLogAOP.java:63) - 耗时：29
2018-05-31 13:41:04,132 INFO (ControllerParamCheckAndLogAOP.java:64) - 请求完成
2018-05-31 13:41:04,149 INFO (ControllerParamCheckAndLogAOP.java:62) - 返回值：cn.edu.ahu.repairbackend.util.ResultMsg@7397f55f
2018-05-31 13:41:04,149 INFO (ControllerParamCheckAndLogAOP.java:63) - 耗时：46
2018-05-31 13:41:04,149 INFO (ControllerParamCheckAndLogAOP.java:64) - 请求完成
2018-05-31 13:41:17,618 INFO (ControllerParamCheckAndLogAOP.java:83) - 请求开始-------------------------------------------------------
2018-05-31 13:41:17,618 INFO (ControllerParamCheckAndLogAOP.java:84) - 请求地址：http://localhost:8080/categories/child
2018-05-31 13:41:17,618 INFO (ControllerParamCheckAndLogAOP.java:85) - 请求类型：GET
2018-05-31 13:41:17,618 INFO (ControllerParamCheckAndLogAOP.java:86) - 访问类及方法：cn.edu.ahu.repairbackend.controller.RepairCategoriesControllergetRepairCategoriesInfoByParent
2018-05-31 13:41:17,619 INFO (ControllerParamCheckAndLogAOP.java:87) - 请求参数：[其他故障]
2018-05-31 13:41:17,634 INFO (ControllerParamCheckAndLogAOP.java:62) - 返回值：cn.edu.ahu.repairbackend.util.ResultMsg@3c34d869
2018-05-31 13:41:17,634 INFO (ControllerParamCheckAndLogAOP.java:63) - 耗时：16
2018-05-31 13:41:17,634 INFO (ControllerParamCheckAndLogAOP.java:64) - 请求完成
2018-05-31 13:42:07,511 INFO (ControllerParamCheckAndLogAOP.java:83) - 请求开始-------------------------------------------------------
2018-05-31 13:42:07,511 INFO (ControllerParamCheckAndLogAOP.java:84) - 请求地址：http://localhost:8080/repairInfo/all
2018-05-31 13:42:07,512 INFO (ControllerParamCheckAndLogAOP.java:85) - 请求类型：GET
2018-05-31 13:42:07,512 INFO (ControllerParamCheckAndLogAOP.java:86) - 访问类及方法：cn.edu.ahu.repairbackend.controller.RepairInfoControllergetAllRepairInfo
2018-05-31 13:42:07,512 INFO (ControllerParamCheckAndLogAOP.java:87) - 请求参数：[P16201106]
2018-05-31 13:42:07,518 INFO (ControllerParamCheckAndLogAOP.java:83) - 请求开始-------------------------------------------------------
2018-05-31 13:42:07,518 INFO (ControllerParamCheckAndLogAOP.java:84) - 请求地址：http://localhost:8080/timePicker/all
2018-05-31 13:42:07,518 INFO (ControllerParamCheckAndLogAOP.java:85) - 请求类型：GET
2018-05-31 13:42:07,519 INFO (ControllerParamCheckAndLogAOP.java:86) - 访问类及方法：cn.edu.ahu.repairbackend.controller.RepairTimePickerControllergetRepairTimePickerInfo
2018-05-31 13:42:07,519 INFO (ControllerParamCheckAndLogAOP.java:87) - 请求参数：[]
2018-05-31 13:42:07,537 INFO (ControllerParamCheckAndLogAOP.java:62) - 返回值：cn.edu.ahu.repairbackend.util.ResultMsg@641456a1
2018-05-31 13:42:07,537 INFO (ControllerParamCheckAndLogAOP.java:63) - 耗时：19
2018-05-31 13:42:07,537 INFO (ControllerParamCheckAndLogAOP.java:64) - 请求完成
2018-05-31 13:42:07,545 INFO (ControllerParamCheckAndLogAOP.java:62) - 返回值：cn.edu.ahu.repairbackend.util.ResultMsg@2398e94d
2018-05-31 13:42:07,546 INFO (ControllerParamCheckAndLogAOP.java:63) - 耗时：28
2018-05-31 13:42:07,546 INFO (ControllerParamCheckAndLogAOP.java:64) - 请求完成
2018-05-31 13:42:08,893 INFO (ControllerParamCheckAndLogAOP.java:83) - 请求开始-------------------------------------------------------
2018-05-31 13:42:08,893 INFO (ControllerParamCheckAndLogAOP.java:84) - 请求地址：http://localhost:8080/categories/child
2018-05-31 13:42:08,893 INFO (ControllerParamCheckAndLogAOP.java:85) - 请求类型：GET
2018-05-31 13:42:08,894 INFO (ControllerParamCheckAndLogAOP.java:86) - 访问类及方法：cn.edu.ahu.repairbackend.controller.RepairCategoriesControllergetRepairCategoriesInfoByParent
2018-05-31 13:42:08,894 INFO (ControllerParamCheckAndLogAOP.java:87) - 请求参数：[其他故障]
2018-05-31 13:42:08,897 INFO (ControllerParamCheckAndLogAOP.java:62) - 返回值：cn.edu.ahu.repairbackend.util.ResultMsg@422590aa
2018-05-31 13:42:08,898 INFO (ControllerParamCheckAndLogAOP.java:63) - 耗时：5
2018-05-31 13:42:08,898 INFO (ControllerParamCheckAndLogAOP.java:64) - 请求完成
2018-05-31 13:42:50,211 INFO (ControllerParamCheckAndLogAOP.java:83) - 请求开始-------------------------------------------------------
2018-05-31 13:42:50,211 INFO (ControllerParamCheckAndLogAOP.java:84) - 请求地址：http://localhost:8080/categories/child
2018-05-31 13:42:50,211 INFO (ControllerParamCheckAndLogAOP.java:85) - 请求类型：GET
2018-05-31 13:42:50,211 INFO (ControllerParamCheckAndLogAOP.java:86) - 访问类及方法：cn.edu.ahu.repairbackend.controller.RepairCategoriesControllergetRepairCategoriesInfoByParent
2018-05-31 13:42:50,211 INFO (ControllerParamCheckAndLogAOP.java:87) - 请求参数：[用水故障]
2018-05-31 13:42:50,216 INFO (ControllerParamCheckAndLogAOP.java:62) - 返回值：cn.edu.ahu.repairbackend.util.ResultMsg@71be07d5
2018-05-31 13:42:50,216 INFO (ControllerParamCheckAndLogAOP.java:63) - 耗时：5
2018-05-31 13:42:50,216 INFO (ControllerParamCheckAndLogAOP.java:64) - 请求完成
2018-05-31 13:42:56,671 INFO (ControllerParamCheckAndLogAOP.java:83) - 请求开始-------------------------------------------------------
2018-05-31 13:42:56,671 INFO (ControllerParamCheckAndLogAOP.java:84) - 请求地址：http://localhost:8080/categories/child
2018-05-31 13:42:56,672 INFO (ControllerParamCheckAndLogAOP.java:85) - 请求类型：GET
2018-05-31 13:42:56,672 INFO (ControllerParamCheckAndLogAOP.java:86) - 访问类及方法：cn.edu.ahu.repairbackend.controller.RepairCategoriesControllergetRepairCategoriesInfoByParent
2018-05-31 13:42:56,672 INFO (ControllerParamCheckAndLogAOP.java:87) - 请求参数：[漏水故障]
2018-05-31 13:42:56,681 INFO (ControllerParamCheckAndLogAOP.java:62) - 返回值：cn.edu.ahu.repairbackend.util.ResultMsg@3e17f755
2018-05-31 13:42:56,682 INFO (ControllerParamCheckAndLogAOP.java:63) - 耗时：11
2018-05-31 13:42:56,682 INFO (ControllerParamCheckAndLogAOP.java:64) - 请求完成
2018-05-31 13:43:01,210 INFO (ControllerParamCheckAndLogAOP.java:83) - 请求开始-------------------------------------------------------
2018-05-31 13:43:01,211 INFO (ControllerParamCheckAndLogAOP.java:84) - 请求地址：http://localhost:8080/categories/child
2018-05-31 13:43:01,211 INFO (ControllerParamCheckAndLogAOP.java:85) - 请求类型：GET
2018-05-31 13:43:01,211 INFO (ControllerParamCheckAndLogAOP.java:86) - 访问类及方法：cn.edu.ahu.repairbackend.controller.RepairCategoriesControllergetRepairCategoriesInfoByParent
2018-05-31 13:43:01,211 INFO (ControllerParamCheckAndLogAOP.java:87) - 请求参数：[漏水故障]
2018-05-31 13:43:01,216 INFO (ControllerParamCheckAndLogAOP.java:62) - 返回值：cn.edu.ahu.repairbackend.util.ResultMsg@3108aa8e
2018-05-31 13:43:01,216 INFO (ControllerParamCheckAndLogAOP.java:63) - 耗时：6
2018-05-31 13:43:01,216 INFO (ControllerParamCheckAndLogAOP.java:64) - 请求完成
2018-05-31 13:43:02,552 INFO (ControllerParamCheckAndLogAOP.java:83) - 请求开始-------------------------------------------------------
2018-05-31 13:43:02,552 INFO (ControllerParamCheckAndLogAOP.java:84) - 请求地址：http://localhost:8080/categories/child
2018-05-31 13:43:02,552 INFO (ControllerParamCheckAndLogAOP.java:85) - 请求类型：GET
2018-05-31 13:43:02,553 INFO (ControllerParamCheckAndLogAOP.java:86) - 访问类及方法：cn.edu.ahu.repairbackend.controller.RepairCategoriesControllergetRepairCategoriesInfoByParent
2018-05-31 13:43:02,553 INFO (ControllerParamCheckAndLogAOP.java:87) - 请求参数：[家具故障]
2018-05-31 13:43:02,559 INFO (ControllerParamCheckAndLogAOP.java:62) - 返回值：cn.edu.ahu.repairbackend.util.ResultMsg@58e157fd
2018-05-31 13:43:02,559 INFO (ControllerParamCheckAndLogAOP.java:63) - 耗时：7
2018-05-31 13:43:02,559 INFO (ControllerParamCheckAndLogAOP.java:64) - 请求完成
2018-05-31 13:43:04,049 INFO (ControllerParamCheckAndLogAOP.java:83) - 请求开始-------------------------------------------------------
2018-05-31 13:43:04,050 INFO (ControllerParamCheckAndLogAOP.java:84) - 请求地址：http://localhost:8080/categories/child
2018-05-31 13:43:04,050 INFO (ControllerParamCheckAndLogAOP.java:85) - 请求类型：GET
2018-05-31 13:43:04,050 INFO (ControllerParamCheckAndLogAOP.java:86) - 访问类及方法：cn.edu.ahu.repairbackend.controller.RepairCategoriesControllergetRepairCategoriesInfoByParent
2018-05-31 13:43:04,050 INFO (ControllerParamCheckAndLogAOP.java:87) - 请求参数：[家具故障]
2018-05-31 13:43:04,054 INFO (ControllerParamCheckAndLogAOP.java:62) - 返回值：cn.edu.ahu.repairbackend.util.ResultMsg@1c8887e2
2018-05-31 13:43:04,054 INFO (ControllerParamCheckAndLogAOP.java:63) - 耗时：5
2018-05-31 13:43:04,054 INFO (ControllerParamCheckAndLogAOP.java:64) - 请求完成
2018-05-31 13:43:06,711 INFO (ControllerParamCheckAndLogAOP.java:83) - 请求开始-------------------------------------------------------
2018-05-31 13:43:06,712 INFO (ControllerParamCheckAndLogAOP.java:84) - 请求地址：http://localhost:8080/categories/child
2018-05-31 13:43:06,712 INFO (ControllerParamCheckAndLogAOP.java:85) - 请求类型：GET
2018-05-31 13:43:06,712 INFO (ControllerParamCheckAndLogAOP.java:86) - 访问类及方法：cn.edu.ahu.repairbackend.controller.RepairCategoriesControllergetRepairCategoriesInfoByParent
2018-05-31 13:43:06,712 INFO (ControllerParamCheckAndLogAOP.java:87) - 请求参数：[家具故障]
2018-05-31 13:43:06,717 INFO (ControllerParamCheckAndLogAOP.java:62) - 返回值：cn.edu.ahu.repairbackend.util.ResultMsg@65dccfd1
2018-05-31 13:43:06,717 INFO (ControllerParamCheckAndLogAOP.java:63) - 耗时：6
2018-05-31 13:43:06,717 INFO (ControllerParamCheckAndLogAOP.java:64) - 请求完成
