2018-03-27 16:59:18,512 INFO (ControllerParamCheckAndLogAOP.java:83) - 请求开始-------------------------------------------------------
2018-03-27 16:59:18,516 INFO (ControllerParamCheckAndLogAOP.java:84) - 请求地址：http://localhost:8081/user/login
2018-03-27 16:59:18,516 INFO (ControllerParamCheckAndLogAOP.java:85) - 请求类型：GET
2018-03-27 16:59:18,546 INFO (ControllerParamCheckAndLogAOP.java:86) - 访问类及方法：cn.edu.ahu.repairbackend.controller.UserInfoControllergetUserInfoByNumberAndIdCard
2018-03-27 16:59:18,546 INFO (ControllerParamCheckAndLogAOP.java:87) - 请求参数：[P16201106, 530061]
2018-03-27 16:59:19,977 INFO (ControllerParamCheckAndLogAOP.java:62) - 返回值：cn.edu.ahu.repairbackend.util.ResultMsg@264639ef
2018-03-27 16:59:19,978 INFO (ControllerParamCheckAndLogAOP.java:63) - 耗时：1466
2018-03-27 16:59:19,978 INFO (ControllerParamCheckAndLogAOP.java:64) - 请求完成
2018-03-27 16:59:20,658 INFO (ControllerParamCheckAndLogAOP.java:83) - 请求开始-------------------------------------------------------
2018-03-27 16:59:20,659 INFO (ControllerParamCheckAndLogAOP.java:84) - 请求地址：http://localhost:8081/user/login
2018-03-27 16:59:20,660 INFO (ControllerParamCheckAndLogAOP.java:85) - 请求类型：GET
2018-03-27 16:59:20,660 INFO (ControllerParamCheckAndLogAOP.java:86) - 访问类及方法：cn.edu.ahu.repairbackend.controller.UserInfoControllergetUserInfoByNumberAndIdCard
2018-03-27 16:59:20,660 INFO (ControllerParamCheckAndLogAOP.java:87) - 请求参数：[P16201106, 530061]
2018-03-27 16:59:20,720 INFO (ControllerParamCheckAndLogAOP.java:83) - 请求开始-------------------------------------------------------
2018-03-27 16:59:20,721 INFO (ControllerParamCheckAndLogAOP.java:84) - 请求地址：http://localhost:8081/repairInfo/all
2018-03-27 16:59:20,721 INFO (ControllerParamCheckAndLogAOP.java:85) - 请求类型：GET
2018-03-27 16:59:20,721 INFO (ControllerParamCheckAndLogAOP.java:86) - 访问类及方法：cn.edu.ahu.repairbackend.controller.RepairInfoControllergetAllRepairInfo
2018-03-27 16:59:20,722 INFO (ControllerParamCheckAndLogAOP.java:87) - 请求参数：[P16201106]
2018-03-27 16:59:20,741 INFO (ControllerParamCheckAndLogAOP.java:83) - 请求开始-------------------------------------------------------
2018-03-27 16:59:20,741 INFO (ControllerParamCheckAndLogAOP.java:84) - 请求地址：http://localhost:8081/timePicker/all
2018-03-27 16:59:20,741 INFO (ControllerParamCheckAndLogAOP.java:85) - 请求类型：GET
2018-03-27 16:59:20,742 INFO (ControllerParamCheckAndLogAOP.java:86) - 访问类及方法：cn.edu.ahu.repairbackend.controller.RepairTimePickerControllergetRepairTimePickerInfo
2018-03-27 16:59:20,742 INFO (ControllerParamCheckAndLogAOP.java:87) - 请求参数：[]
2018-03-27 16:59:20,796 INFO (ControllerParamCheckAndLogAOP.java:62) - 返回值：cn.edu.ahu.repairbackend.util.ResultMsg@454f8807
2018-03-27 16:59:20,796 INFO (ControllerParamCheckAndLogAOP.java:63) - 耗时：55
2018-03-27 16:59:20,796 INFO (ControllerParamCheckAndLogAOP.java:64) - 请求完成
2018-03-27 16:59:21,055 INFO (ControllerParamCheckAndLogAOP.java:62) - 返回值：cn.edu.ahu.repairbackend.util.ResultMsg@39758257
2018-03-27 16:59:21,055 INFO (ControllerParamCheckAndLogAOP.java:63) - 耗时：314
2018-03-27 16:59:21,055 INFO (ControllerParamCheckAndLogAOP.java:64) - 请求完成
2018-03-27 16:59:21,195 INFO (ControllerParamCheckAndLogAOP.java:62) - 返回值：cn.edu.ahu.repairbackend.util.ResultMsg@1aad0aa0
2018-03-27 16:59:21,195 INFO (ControllerParamCheckAndLogAOP.java:63) - 耗时：454
2018-03-27 16:59:21,196 INFO (ControllerParamCheckAndLogAOP.java:64) - 请求完成
2018-03-27 17:00:17,142 INFO (ControllerParamCheckAndLogAOP.java:83) - 请求开始-------------------------------------------------------
2018-03-27 17:00:17,142 INFO (ControllerParamCheckAndLogAOP.java:84) - 请求地址：http://localhost:8081/repairInfo/all
2018-03-27 17:00:17,142 INFO (ControllerParamCheckAndLogAOP.java:85) - 请求类型：GET
2018-03-27 17:00:17,142 INFO (ControllerParamCheckAndLogAOP.java:86) - 访问类及方法：cn.edu.ahu.repairbackend.controller.RepairInfoControllergetAllRepairInfo
2018-03-27 17:00:17,143 INFO (ControllerParamCheckAndLogAOP.java:87) - 请求参数：[P16201106]
2018-03-27 17:00:17,164 INFO (ControllerParamCheckAndLogAOP.java:83) - 请求开始-------------------------------------------------------
2018-03-27 17:00:17,164 INFO (ControllerParamCheckAndLogAOP.java:84) - 请求地址：http://localhost:8081/timePicker/all
2018-03-27 17:00:17,164 INFO (ControllerParamCheckAndLogAOP.java:85) - 请求类型：GET
2018-03-27 17:00:17,164 INFO (ControllerParamCheckAndLogAOP.java:86) - 访问类及方法：cn.edu.ahu.repairbackend.controller.RepairTimePickerControllergetRepairTimePickerInfo
2018-03-27 17:00:17,164 INFO (ControllerParamCheckAndLogAOP.java:87) - 请求参数：[]
2018-03-27 17:00:17,203 INFO (ControllerParamCheckAndLogAOP.java:62) - 返回值：cn.edu.ahu.repairbackend.util.ResultMsg@3814185b
2018-03-27 17:00:17,204 INFO (ControllerParamCheckAndLogAOP.java:63) - 耗时：40
2018-03-27 17:00:17,204 INFO (ControllerParamCheckAndLogAOP.java:64) - 请求完成
2018-03-27 17:00:17,290 INFO (ControllerParamCheckAndLogAOP.java:62) - 返回值：cn.edu.ahu.repairbackend.util.ResultMsg@19e16696
2018-03-27 17:00:17,291 INFO (ControllerParamCheckAndLogAOP.java:63) - 耗时：127
2018-03-27 17:00:17,291 INFO (ControllerParamCheckAndLogAOP.java:64) - 请求完成
2018-03-27 22:33:00,431 INFO (ControllerParamCheckAndLogAOP.java:83) - 请求开始-------------------------------------------------------
2018-03-27 22:33:00,435 INFO (ControllerParamCheckAndLogAOP.java:84) - 请求地址：http://localhost:8081/user/login
2018-03-27 22:33:00,435 INFO (ControllerParamCheckAndLogAOP.java:85) - 请求类型：GET
2018-03-27 22:33:00,435 INFO (ControllerParamCheckAndLogAOP.java:86) - 访问类及方法：cn.edu.ahu.repairbackend.controller.UserInfoControllergetUserInfoByNumberAndIdCard
2018-03-27 22:33:00,436 INFO (ControllerParamCheckAndLogAOP.java:87) - 请求参数：[P16201106, 530061]
2018-03-27 22:33:00,475 INFO (ControllerParamCheckAndLogAOP.java:62) - 返回值：cn.edu.ahu.repairbackend.util.ResultMsg@6dbf6741
2018-03-27 22:33:00,476 INFO (ControllerParamCheckAndLogAOP.java:63) - 耗时：45
2018-03-27 22:33:00,476 INFO (ControllerParamCheckAndLogAOP.java:64) - 请求完成
2018-03-27 22:33:00,503 INFO (ControllerParamCheckAndLogAOP.java:83) - 请求开始-------------------------------------------------------
2018-03-27 22:33:00,504 INFO (ControllerParamCheckAndLogAOP.java:84) - 请求地址：http://localhost:8081/repairInfo/all
2018-03-27 22:33:00,504 INFO (ControllerParamCheckAndLogAOP.java:85) - 请求类型：GET
2018-03-27 22:33:00,504 INFO (ControllerParamCheckAndLogAOP.java:86) - 访问类及方法：cn.edu.ahu.repairbackend.controller.RepairInfoControllergetAllRepairInfo
2018-03-27 22:33:00,505 INFO (ControllerParamCheckAndLogAOP.java:87) - 请求参数：[P16201106]
2018-03-27 22:33:00,531 INFO (ControllerParamCheckAndLogAOP.java:83) - 请求开始-------------------------------------------------------
2018-03-27 22:33:00,531 INFO (ControllerParamCheckAndLogAOP.java:84) - 请求地址：http://localhost:8081/timePicker/all
2018-03-27 22:33:00,531 INFO (ControllerParamCheckAndLogAOP.java:85) - 请求类型：GET
2018-03-27 22:33:00,531 INFO (ControllerParamCheckAndLogAOP.java:86) - 访问类及方法：cn.edu.ahu.repairbackend.controller.RepairTimePickerControllergetRepairTimePickerInfo
2018-03-27 22:33:00,532 INFO (ControllerParamCheckAndLogAOP.java:87) - 请求参数：[]
2018-03-27 22:33:00,541 INFO (ControllerParamCheckAndLogAOP.java:62) - 返回值：cn.edu.ahu.repairbackend.util.ResultMsg@b38e2ce
2018-03-27 22:33:00,541 INFO (ControllerParamCheckAndLogAOP.java:63) - 耗时：10
2018-03-27 22:33:00,541 INFO (ControllerParamCheckAndLogAOP.java:64) - 请求完成
2018-03-27 22:33:00,548 INFO (ControllerParamCheckAndLogAOP.java:62) - 返回值：cn.edu.ahu.repairbackend.util.ResultMsg@582adf89
2018-03-27 22:33:00,548 INFO (ControllerParamCheckAndLogAOP.java:63) - 耗时：17
2018-03-27 22:33:00,548 INFO (ControllerParamCheckAndLogAOP.java:64) - 请求完成
2018-03-27 22:34:46,044 INFO (ControllerParamCheckAndLogAOP.java:83) - 请求开始-------------------------------------------------------
2018-03-27 22:34:46,044 INFO (ControllerParamCheckAndLogAOP.java:84) - 请求地址：http://localhost:8081/user/login
2018-03-27 22:34:46,045 INFO (ControllerParamCheckAndLogAOP.java:85) - 请求类型：GET
2018-03-27 22:34:46,045 INFO (ControllerParamCheckAndLogAOP.java:86) - 访问类及方法：cn.edu.ahu.repairbackend.controller.UserInfoControllergetUserInfoByNumberAndIdCard
2018-03-27 22:34:46,045 INFO (ControllerParamCheckAndLogAOP.java:87) - 请求参数：[P16201106, 530061]
2018-03-27 22:34:46,076 INFO (ControllerParamCheckAndLogAOP.java:62) - 返回值：cn.edu.ahu.repairbackend.util.ResultMsg@6d28d65c
2018-03-27 22:34:46,076 INFO (ControllerParamCheckAndLogAOP.java:63) - 耗时：32
2018-03-27 22:34:46,077 INFO (ControllerParamCheckAndLogAOP.java:64) - 请求完成
2018-03-27 22:34:46,094 INFO (ControllerParamCheckAndLogAOP.java:83) - 请求开始-------------------------------------------------------
2018-03-27 22:34:46,094 INFO (ControllerParamCheckAndLogAOP.java:84) - 请求地址：http://localhost:8081/repairInfo/all
2018-03-27 22:34:46,095 INFO (ControllerParamCheckAndLogAOP.java:85) - 请求类型：GET
2018-03-27 22:34:46,095 INFO (ControllerParamCheckAndLogAOP.java:86) - 访问类及方法：cn.edu.ahu.repairbackend.controller.RepairInfoControllergetAllRepairInfo
2018-03-27 22:34:46,096 INFO (ControllerParamCheckAndLogAOP.java:87) - 请求参数：[P16201106]
2018-03-27 22:34:46,101 INFO (ControllerParamCheckAndLogAOP.java:83) - 请求开始-------------------------------------------------------
2018-03-27 22:34:46,101 INFO (ControllerParamCheckAndLogAOP.java:84) - 请求地址：http://localhost:8081/timePicker/all
2018-03-27 22:34:46,102 INFO (ControllerParamCheckAndLogAOP.java:85) - 请求类型：GET
2018-03-27 22:34:46,102 INFO (ControllerParamCheckAndLogAOP.java:86) - 访问类及方法：cn.edu.ahu.repairbackend.controller.RepairTimePickerControllergetRepairTimePickerInfo
2018-03-27 22:34:46,102 INFO (ControllerParamCheckAndLogAOP.java:87) - 请求参数：[]
2018-03-27 22:34:46,117 INFO (ControllerParamCheckAndLogAOP.java:62) - 返回值：cn.edu.ahu.repairbackend.util.ResultMsg@43251f11
2018-03-27 22:34:46,117 INFO (ControllerParamCheckAndLogAOP.java:63) - 耗时：16
2018-03-27 22:34:46,118 INFO (ControllerParamCheckAndLogAOP.java:64) - 请求完成
2018-03-27 22:34:46,130 INFO (ControllerParamCheckAndLogAOP.java:62) - 返回值：cn.edu.ahu.repairbackend.util.ResultMsg@226e0f8c
2018-03-27 22:34:46,130 INFO (ControllerParamCheckAndLogAOP.java:63) - 耗时：29
2018-03-27 22:34:46,130 INFO (ControllerParamCheckAndLogAOP.java:64) - 请求完成
2018-03-27 22:34:47,301 INFO (ControllerParamCheckAndLogAOP.java:83) - 请求开始-------------------------------------------------------
2018-03-27 22:34:47,301 INFO (ControllerParamCheckAndLogAOP.java:84) - 请求地址：http://localhost:8081/categories/child
2018-03-27 22:34:47,301 INFO (ControllerParamCheckAndLogAOP.java:85) - 请求类型：GET
2018-03-27 22:34:47,301 INFO (ControllerParamCheckAndLogAOP.java:86) - 访问类及方法：cn.edu.ahu.repairbackend.controller.RepairCategoriesControllergetRepairCategoriesInfoByParent
2018-03-27 22:34:47,301 INFO (ControllerParamCheckAndLogAOP.java:87) - 请求参数：[用电故障]
2018-03-27 22:34:47,323 INFO (ControllerParamCheckAndLogAOP.java:62) - 返回值：cn.edu.ahu.repairbackend.util.ResultMsg@448b4374
2018-03-27 22:34:47,324 INFO (ControllerParamCheckAndLogAOP.java:63) - 耗时：23
2018-03-27 22:34:47,324 INFO (ControllerParamCheckAndLogAOP.java:64) - 请求完成
2018-03-27 22:34:49,226 INFO (ControllerParamCheckAndLogAOP.java:83) - 请求开始-------------------------------------------------------
2018-03-27 22:34:49,226 INFO (ControllerParamCheckAndLogAOP.java:84) - 请求地址：http://localhost:8081/categories/child
2018-03-27 22:34:49,226 INFO (ControllerParamCheckAndLogAOP.java:85) - 请求类型：GET
2018-03-27 22:34:49,226 INFO (ControllerParamCheckAndLogAOP.java:86) - 访问类及方法：cn.edu.ahu.repairbackend.controller.RepairCategoriesControllergetRepairCategoriesInfoByParent
2018-03-27 22:34:49,227 INFO (ControllerParamCheckAndLogAOP.java:87) - 请求参数：[漏水故障]
2018-03-27 22:34:49,232 INFO (ControllerParamCheckAndLogAOP.java:62) - 返回值：cn.edu.ahu.repairbackend.util.ResultMsg@154b417b
2018-03-27 22:34:49,233 INFO (ControllerParamCheckAndLogAOP.java:63) - 耗时：7
2018-03-27 22:34:49,233 INFO (ControllerParamCheckAndLogAOP.java:64) - 请求完成
