2018-03-16 14:52:01,561 INFO (ControllerParamCheckAndLogAOP.java:83) - 请求开始-------------------------------------------------------
2018-03-16 14:52:01,564 INFO (ControllerParamCheckAndLogAOP.java:84) - 请求地址：http://localhost:8081/user/login
2018-03-16 14:52:01,564 INFO (ControllerParamCheckAndLogAOP.java:85) - 请求类型：GET
2018-03-16 14:52:01,566 INFO (ControllerParamCheckAndLogAOP.java:86) - 访问类及方法：cn.edu.ahu.repairbackend.controller.UserInfoControllergetUserInfoByNumberAndIdCard
2018-03-16 14:52:01,566 INFO (ControllerParamCheckAndLogAOP.java:87) - 请求参数：[P16201106, 530061]
2018-03-16 14:52:01,712 INFO (ControllerParamCheckAndLogAOP.java:62) - 返回值：cn.edu.ahu.repairbackend.util.ResultMsg@3c7ac6e5
2018-03-16 14:52:01,713 INFO (ControllerParamCheckAndLogAOP.java:63) - 耗时：152
2018-03-16 14:52:01,713 INFO (ControllerParamCheckAndLogAOP.java:64) - 请求完成
2018-03-16 14:54:05,959 INFO (ControllerParamCheckAndLogAOP.java:83) - 请求开始-------------------------------------------------------
2018-03-16 14:54:05,960 INFO (ControllerParamCheckAndLogAOP.java:84) - 请求地址：http://localhost:8081/user/login
2018-03-16 14:54:05,960 INFO (ControllerParamCheckAndLogAOP.java:85) - 请求类型：GET
2018-03-16 14:54:05,961 INFO (ControllerParamCheckAndLogAOP.java:86) - 访问类及方法：cn.edu.ahu.repairbackend.controller.UserInfoControllergetUserInfoByNumberAndIdCard
2018-03-16 14:54:05,961 INFO (ControllerParamCheckAndLogAOP.java:87) - 请求参数：[P16201106, 530061]
2018-03-16 14:54:06,073 INFO (ControllerParamCheckAndLogAOP.java:62) - 返回值：cn.edu.ahu.repairbackend.util.ResultMsg@7715b257
2018-03-16 14:54:06,073 INFO (ControllerParamCheckAndLogAOP.java:63) - 耗时：114
2018-03-16 14:54:06,073 INFO (ControllerParamCheckAndLogAOP.java:64) - 请求完成
2018-03-16 14:55:05,202 INFO (ControllerParamCheckAndLogAOP.java:83) - 请求开始-------------------------------------------------------
2018-03-16 14:55:05,202 INFO (ControllerParamCheckAndLogAOP.java:84) - 请求地址：http://localhost:8081/user/login
2018-03-16 14:55:05,202 INFO (ControllerParamCheckAndLogAOP.java:85) - 请求类型：GET
2018-03-16 14:55:05,202 INFO (ControllerParamCheckAndLogAOP.java:86) - 访问类及方法：cn.edu.ahu.repairbackend.controller.UserInfoControllergetUserInfoByNumberAndIdCard
2018-03-16 14:55:05,203 INFO (ControllerParamCheckAndLogAOP.java:87) - 请求参数：[P16201106, 530061]
2018-03-16 14:55:05,213 INFO (ControllerParamCheckAndLogAOP.java:62) - 返回值：cn.edu.ahu.repairbackend.util.ResultMsg@7f581b18
2018-03-16 14:55:05,213 INFO (ControllerParamCheckAndLogAOP.java:63) - 耗时：11
2018-03-16 14:55:05,214 INFO (ControllerParamCheckAndLogAOP.java:64) - 请求完成
2018-03-16 15:14:09,896 INFO (ControllerParamCheckAndLogAOP.java:83) - 请求开始-------------------------------------------------------
2018-03-16 15:14:09,898 INFO (ControllerParamCheckAndLogAOP.java:84) - 请求地址：http://localhost:8081/timePicker/all
2018-03-16 15:14:09,898 INFO (ControllerParamCheckAndLogAOP.java:85) - 请求类型：GET
2018-03-16 15:14:09,898 INFO (ControllerParamCheckAndLogAOP.java:86) - 访问类及方法：cn.edu.ahu.repairbackend.controller.RepairTimePickerControllergetRepairTimePickerInfo
2018-03-16 15:14:09,898 INFO (ControllerParamCheckAndLogAOP.java:87) - 请求参数：[]
2018-03-16 15:14:09,924 INFO (ControllerParamCheckAndLogAOP.java:62) - 返回值：cn.edu.ahu.repairbackend.util.ResultMsg@8ab6fed
2018-03-16 15:14:09,925 INFO (ControllerParamCheckAndLogAOP.java:63) - 耗时：29
2018-03-16 15:14:09,925 INFO (ControllerParamCheckAndLogAOP.java:64) - 请求完成
2018-03-16 15:14:21,164 INFO (ControllerParamCheckAndLogAOP.java:83) - 请求开始-------------------------------------------------------
2018-03-16 15:14:21,165 INFO (ControllerParamCheckAndLogAOP.java:84) - 请求地址：http://localhost:8081/timePicker/all
2018-03-16 15:14:21,165 INFO (ControllerParamCheckAndLogAOP.java:85) - 请求类型：GET
2018-03-16 15:14:21,165 INFO (ControllerParamCheckAndLogAOP.java:86) - 访问类及方法：cn.edu.ahu.repairbackend.controller.RepairTimePickerControllergetRepairTimePickerInfo
2018-03-16 15:14:21,165 INFO (ControllerParamCheckAndLogAOP.java:87) - 请求参数：[]
2018-03-16 15:14:21,177 INFO (ControllerParamCheckAndLogAOP.java:62) - 返回值：cn.edu.ahu.repairbackend.util.ResultMsg@6d82f53f
2018-03-16 15:14:21,177 INFO (ControllerParamCheckAndLogAOP.java:63) - 耗时：13
2018-03-16 15:14:21,178 INFO (ControllerParamCheckAndLogAOP.java:64) - 请求完成
2018-03-16 16:03:50,819 INFO (ControllerParamCheckAndLogAOP.java:83) - 请求开始-------------------------------------------------------
2018-03-16 16:03:50,820 INFO (ControllerParamCheckAndLogAOP.java:84) - 请求地址：http://localhost:8081/categories/child
2018-03-16 16:03:50,820 INFO (ControllerParamCheckAndLogAOP.java:85) - 请求类型：GET
2018-03-16 16:03:50,820 INFO (ControllerParamCheckAndLogAOP.java:86) - 访问类及方法：cn.edu.ahu.repairbackend.controller.RepairCategoriesControllergetRepairCategoriesInfoByParent
2018-03-16 16:03:50,820 INFO (ControllerParamCheckAndLogAOP.java:87) - 请求参数：[用水故障]
2018-03-16 16:03:50,831 INFO (ControllerParamCheckAndLogAOP.java:62) - 返回值：cn.edu.ahu.repairbackend.util.ResultMsg@12687813
2018-03-16 16:03:50,832 INFO (ControllerParamCheckAndLogAOP.java:63) - 耗时：13
2018-03-16 16:03:50,832 INFO (ControllerParamCheckAndLogAOP.java:64) - 请求完成
2018-03-16 16:04:03,937 INFO (ControllerParamCheckAndLogAOP.java:83) - 请求开始-------------------------------------------------------
2018-03-16 16:04:03,937 INFO (ControllerParamCheckAndLogAOP.java:84) - 请求地址：http://localhost:8081/repairInfo/submit
2018-03-16 16:04:03,937 INFO (ControllerParamCheckAndLogAOP.java:85) - 请求类型：POST
2018-03-16 16:04:03,937 INFO (ControllerParamCheckAndLogAOP.java:86) - 访问类及方法：cn.edu.ahu.repairbackend.controller.RepairInfoControllersubmitRepairInfo
2018-03-16 16:04:03,938 INFO (ControllerParamCheckAndLogAOP.java:87) - 请求参数：[org.springframework.web.multipart.support.StandardMultipartHttpServletRequest$StandardMultipartFile@6a246eaa, cn.edu.ahu.repairbackend.json.RepairInfoJson@404f2be9]
2018-03-16 16:04:03,991 ERROR (CommonExceptionHandle.java:95) - *** 自定义异常 - 2001 ***
2018-03-16 16:05:49,276 INFO (ControllerParamCheckAndLogAOP.java:83) - 请求开始-------------------------------------------------------
2018-03-16 16:05:49,277 INFO (ControllerParamCheckAndLogAOP.java:84) - 请求地址：http://localhost:8081/timePicker/all
2018-03-16 16:05:49,277 INFO (ControllerParamCheckAndLogAOP.java:85) - 请求类型：GET
2018-03-16 16:05:49,278 INFO (ControllerParamCheckAndLogAOP.java:86) - 访问类及方法：cn.edu.ahu.repairbackend.controller.RepairTimePickerControllergetRepairTimePickerInfo
2018-03-16 16:05:49,279 INFO (ControllerParamCheckAndLogAOP.java:87) - 请求参数：[]
2018-03-16 16:05:49,440 INFO (ControllerParamCheckAndLogAOP.java:62) - 返回值：cn.edu.ahu.repairbackend.util.ResultMsg@7d70f3e2
2018-03-16 16:05:49,440 INFO (ControllerParamCheckAndLogAOP.java:63) - 耗时：164
2018-03-16 16:05:49,440 INFO (ControllerParamCheckAndLogAOP.java:64) - 请求完成
2018-03-16 16:05:51,852 INFO (ControllerParamCheckAndLogAOP.java:83) - 请求开始-------------------------------------------------------
2018-03-16 16:05:51,852 INFO (ControllerParamCheckAndLogAOP.java:84) - 请求地址：http://localhost:8081/categories/child
2018-03-16 16:05:51,852 INFO (ControllerParamCheckAndLogAOP.java:85) - 请求类型：GET
2018-03-16 16:05:51,853 INFO (ControllerParamCheckAndLogAOP.java:86) - 访问类及方法：cn.edu.ahu.repairbackend.controller.RepairCategoriesControllergetRepairCategoriesInfoByParent
2018-03-16 16:05:51,853 INFO (ControllerParamCheckAndLogAOP.java:87) - 请求参数：[用电故障]
2018-03-16 16:05:51,876 INFO (ControllerParamCheckAndLogAOP.java:62) - 返回值：cn.edu.ahu.repairbackend.util.ResultMsg@8bc344f
2018-03-16 16:05:51,876 INFO (ControllerParamCheckAndLogAOP.java:63) - 耗时：24
2018-03-16 16:05:51,877 INFO (ControllerParamCheckAndLogAOP.java:64) - 请求完成
2018-03-16 16:06:03,404 INFO (ControllerParamCheckAndLogAOP.java:83) - 请求开始-------------------------------------------------------
2018-03-16 16:06:03,404 INFO (ControllerParamCheckAndLogAOP.java:84) - 请求地址：http://localhost:8081/repairInfo/submit
2018-03-16 16:06:03,404 INFO (ControllerParamCheckAndLogAOP.java:85) - 请求类型：POST
2018-03-16 16:06:03,404 INFO (ControllerParamCheckAndLogAOP.java:86) - 访问类及方法：cn.edu.ahu.repairbackend.controller.RepairInfoControllersubmitRepairInfo
2018-03-16 16:06:03,405 INFO (ControllerParamCheckAndLogAOP.java:87) - 请求参数：[org.springframework.web.multipart.support.StandardMultipartHttpServletRequest$StandardMultipartFile@1fa28453, cn.edu.ahu.repairbackend.json.RepairInfoJson@72e2cfba]
2018-03-16 16:06:03,443 ERROR (CommonExceptionHandle.java:95) - *** 自定义异常 - 2001 ***
2018-03-16 16:06:37,332 INFO (ControllerParamCheckAndLogAOP.java:83) - 请求开始-------------------------------------------------------
2018-03-16 16:06:37,333 INFO (ControllerParamCheckAndLogAOP.java:84) - 请求地址：http://localhost:8081/repairInfo/submit
2018-03-16 16:06:37,333 INFO (ControllerParamCheckAndLogAOP.java:85) - 请求类型：POST
2018-03-16 16:06:37,333 INFO (ControllerParamCheckAndLogAOP.java:86) - 访问类及方法：cn.edu.ahu.repairbackend.controller.RepairInfoControllersubmitRepairInfo
2018-03-16 16:06:37,333 INFO (ControllerParamCheckAndLogAOP.java:87) - 请求参数：[org.springframework.web.multipart.support.StandardMultipartHttpServletRequest$StandardMultipartFile@26e4f93c, cn.edu.ahu.repairbackend.json.RepairInfoJson@28230390]
2018-03-16 16:06:37,351 INFO (ControllerParamCheckAndLogAOP.java:62) - 返回值：cn.edu.ahu.repairbackend.util.ResultMsg@58bd81b8
2018-03-16 16:06:37,352 INFO (ControllerParamCheckAndLogAOP.java:63) - 耗时：20
2018-03-16 16:06:37,352 INFO (ControllerParamCheckAndLogAOP.java:64) - 请求完成
2018-03-16 16:20:04,359 INFO (ControllerParamCheckAndLogAOP.java:83) - 请求开始-------------------------------------------------------
2018-03-16 16:20:04,359 INFO (ControllerParamCheckAndLogAOP.java:84) - 请求地址：http://localhost:8081/timePicker/all
2018-03-16 16:20:04,360 INFO (ControllerParamCheckAndLogAOP.java:85) - 请求类型：GET
2018-03-16 16:20:04,360 INFO (ControllerParamCheckAndLogAOP.java:86) - 访问类及方法：cn.edu.ahu.repairbackend.controller.RepairTimePickerControllergetRepairTimePickerInfo
2018-03-16 16:20:04,360 INFO (ControllerParamCheckAndLogAOP.java:87) - 请求参数：[]
2018-03-16 16:20:04,372 INFO (ControllerParamCheckAndLogAOP.java:62) - 返回值：cn.edu.ahu.repairbackend.util.ResultMsg@5e51d8ec
2018-03-16 16:20:04,372 INFO (ControllerParamCheckAndLogAOP.java:63) - 耗时：14
2018-03-16 16:20:04,372 INFO (ControllerParamCheckAndLogAOP.java:64) - 请求完成
