2018-05-15 19:23:48,946 INFO (ControllerParamCheckAndLogAOP.java:83) - 请求开始-------------------------------------------------------
2018-05-15 19:23:48,952 INFO (ControllerParamCheckAndLogAOP.java:84) - 请求地址：http://localhost:8081/user/login
2018-05-15 19:23:48,952 INFO (ControllerParamCheckAndLogAOP.java:85) - 请求类型：GET
2018-05-15 19:23:48,953 INFO (ControllerParamCheckAndLogAOP.java:86) - 访问类及方法：cn.edu.ahu.repairbackend.controller.UserInfoControllergetUserInfoByNumberAndIdCard
2018-05-15 19:23:48,953 INFO (ControllerParamCheckAndLogAOP.java:87) - 请求参数：[P16201106, 530061]
2018-05-15 19:23:48,989 INFO (ControllerParamCheckAndLogAOP.java:62) - 返回值：cn.edu.ahu.repairbackend.util.ResultMsg@4e42784
2018-05-15 19:23:48,989 INFO (ControllerParamCheckAndLogAOP.java:63) - 耗时：43
2018-05-15 19:23:48,989 INFO (ControllerParamCheckAndLogAOP.java:64) - 请求完成
2018-05-15 19:23:49,009 INFO (ControllerParamCheckAndLogAOP.java:83) - 请求开始-------------------------------------------------------
2018-05-15 19:23:49,009 INFO (ControllerParamCheckAndLogAOP.java:84) - 请求地址：http://localhost:8081/repairInfo/all
2018-05-15 19:23:49,010 INFO (ControllerParamCheckAndLogAOP.java:85) - 请求类型：GET
2018-05-15 19:23:49,010 INFO (ControllerParamCheckAndLogAOP.java:86) - 访问类及方法：cn.edu.ahu.repairbackend.controller.RepairInfoControllergetAllRepairInfo
2018-05-15 19:23:49,010 INFO (ControllerParamCheckAndLogAOP.java:87) - 请求参数：[P16201106]
2018-05-15 19:23:49,026 INFO (ControllerParamCheckAndLogAOP.java:83) - 请求开始-------------------------------------------------------
2018-05-15 19:23:49,026 INFO (ControllerParamCheckAndLogAOP.java:84) - 请求地址：http://localhost:8081/timePicker/all
2018-05-15 19:23:49,027 INFO (ControllerParamCheckAndLogAOP.java:85) - 请求类型：GET
2018-05-15 19:23:49,027 INFO (ControllerParamCheckAndLogAOP.java:86) - 访问类及方法：cn.edu.ahu.repairbackend.controller.RepairTimePickerControllergetRepairTimePickerInfo
2018-05-15 19:23:49,027 INFO (ControllerParamCheckAndLogAOP.java:87) - 请求参数：[]
2018-05-15 19:23:49,059 INFO (ControllerParamCheckAndLogAOP.java:62) - 返回值：cn.edu.ahu.repairbackend.util.ResultMsg@3abdc7e
2018-05-15 19:23:49,060 INFO (ControllerParamCheckAndLogAOP.java:63) - 耗时：34
2018-05-15 19:23:49,060 INFO (ControllerParamCheckAndLogAOP.java:64) - 请求完成
2018-05-15 19:23:49,061 INFO (ControllerParamCheckAndLogAOP.java:62) - 返回值：cn.edu.ahu.repairbackend.util.ResultMsg@5e1f77bc
2018-05-15 19:23:49,062 INFO (ControllerParamCheckAndLogAOP.java:63) - 耗时：36
2018-05-15 19:23:49,062 INFO (ControllerParamCheckAndLogAOP.java:64) - 请求完成
2018-05-15 19:24:06,345 INFO (ControllerParamCheckAndLogAOP.java:83) - 请求开始-------------------------------------------------------
2018-05-15 19:24:06,346 INFO (ControllerParamCheckAndLogAOP.java:84) - 请求地址：http://localhost:8081/user/login
2018-05-15 19:24:06,346 INFO (ControllerParamCheckAndLogAOP.java:85) - 请求类型：GET
2018-05-15 19:24:06,346 INFO (ControllerParamCheckAndLogAOP.java:86) - 访问类及方法：cn.edu.ahu.repairbackend.controller.UserInfoControllergetUserInfoByNumberAndIdCard
2018-05-15 19:24:06,346 INFO (ControllerParamCheckAndLogAOP.java:87) - 请求参数：[Test123, 123456]
2018-05-15 19:24:06,355 INFO (ControllerParamCheckAndLogAOP.java:62) - 返回值：cn.edu.ahu.repairbackend.util.ResultMsg@5291b25a
2018-05-15 19:24:06,355 INFO (ControllerParamCheckAndLogAOP.java:63) - 耗时：10
2018-05-15 19:24:06,355 INFO (ControllerParamCheckAndLogAOP.java:64) - 请求完成
2018-05-15 19:24:06,363 INFO (ControllerParamCheckAndLogAOP.java:83) - 请求开始-------------------------------------------------------
2018-05-15 19:24:06,364 INFO (ControllerParamCheckAndLogAOP.java:84) - 请求地址：http://localhost:8081/infoPlatform/getAllRepairCur
2018-05-15 19:24:06,364 INFO (ControllerParamCheckAndLogAOP.java:85) - 请求类型：GET
2018-05-15 19:24:06,364 INFO (ControllerParamCheckAndLogAOP.java:86) - 访问类及方法：cn.edu.ahu.repairbackend.controller.InfoPlatformControllergetAllRepairCur
2018-05-15 19:24:06,364 INFO (ControllerParamCheckAndLogAOP.java:87) - 请求参数：[]
2018-05-15 19:24:06,401 INFO (ControllerParamCheckAndLogAOP.java:62) - 返回值：cn.edu.ahu.repairbackend.util.ResultMsg@5decc97a
2018-05-15 19:24:06,401 INFO (ControllerParamCheckAndLogAOP.java:63) - 耗时：38
2018-05-15 19:24:06,401 INFO (ControllerParamCheckAndLogAOP.java:64) - 请求完成
2018-05-15 20:00:33,516 INFO (ControllerParamCheckAndLogAOP.java:83) - 请求开始-------------------------------------------------------
2018-05-15 20:00:33,516 INFO (ControllerParamCheckAndLogAOP.java:84) - 请求地址：http://localhost:8081/infoPlatform/getAllRepairCur
2018-05-15 20:00:33,516 INFO (ControllerParamCheckAndLogAOP.java:85) - 请求类型：GET
2018-05-15 20:00:33,516 INFO (ControllerParamCheckAndLogAOP.java:86) - 访问类及方法：cn.edu.ahu.repairbackend.controller.InfoPlatformControllergetAllRepairCur
2018-05-15 20:00:33,516 INFO (ControllerParamCheckAndLogAOP.java:87) - 请求参数：[]
2018-05-15 20:00:33,557 INFO (ControllerParamCheckAndLogAOP.java:62) - 返回值：cn.edu.ahu.repairbackend.util.ResultMsg@21c2ddc
2018-05-15 20:00:33,557 INFO (ControllerParamCheckAndLogAOP.java:63) - 耗时：41
2018-05-15 20:00:33,557 INFO (ControllerParamCheckAndLogAOP.java:64) - 请求完成
2018-05-15 20:01:20,463 INFO (ControllerParamCheckAndLogAOP.java:83) - 请求开始-------------------------------------------------------
2018-05-15 20:01:20,464 INFO (ControllerParamCheckAndLogAOP.java:84) - 请求地址：http://localhost:8081/user/login
2018-05-15 20:01:20,464 INFO (ControllerParamCheckAndLogAOP.java:85) - 请求类型：GET
2018-05-15 20:01:20,464 INFO (ControllerParamCheckAndLogAOP.java:86) - 访问类及方法：cn.edu.ahu.repairbackend.controller.UserInfoControllergetUserInfoByNumberAndIdCard
2018-05-15 20:01:20,464 INFO (ControllerParamCheckAndLogAOP.java:87) - 请求参数：[P16201106, 530061]
2018-05-15 20:01:20,492 INFO (ControllerParamCheckAndLogAOP.java:62) - 返回值：cn.edu.ahu.repairbackend.util.ResultMsg@30ea560a
2018-05-15 20:01:20,492 INFO (ControllerParamCheckAndLogAOP.java:63) - 耗时：29
2018-05-15 20:01:20,492 INFO (ControllerParamCheckAndLogAOP.java:64) - 请求完成
2018-05-15 20:01:20,509 INFO (ControllerParamCheckAndLogAOP.java:83) - 请求开始-------------------------------------------------------
2018-05-15 20:01:20,509 INFO (ControllerParamCheckAndLogAOP.java:84) - 请求地址：http://localhost:8081/repairInfo/all
2018-05-15 20:01:20,509 INFO (ControllerParamCheckAndLogAOP.java:85) - 请求类型：GET
2018-05-15 20:01:20,510 INFO (ControllerParamCheckAndLogAOP.java:86) - 访问类及方法：cn.edu.ahu.repairbackend.controller.RepairInfoControllergetAllRepairInfo
2018-05-15 20:01:20,510 INFO (ControllerParamCheckAndLogAOP.java:87) - 请求参数：[P16201106]
2018-05-15 20:01:20,524 INFO (ControllerParamCheckAndLogAOP.java:83) - 请求开始-------------------------------------------------------
2018-05-15 20:01:20,524 INFO (ControllerParamCheckAndLogAOP.java:84) - 请求地址：http://localhost:8081/timePicker/all
2018-05-15 20:01:20,525 INFO (ControllerParamCheckAndLogAOP.java:85) - 请求类型：GET
2018-05-15 20:01:20,525 INFO (ControllerParamCheckAndLogAOP.java:86) - 访问类及方法：cn.edu.ahu.repairbackend.controller.RepairTimePickerControllergetRepairTimePickerInfo
2018-05-15 20:01:20,525 INFO (ControllerParamCheckAndLogAOP.java:87) - 请求参数：[]
2018-05-15 20:01:20,545 INFO (ControllerParamCheckAndLogAOP.java:62) - 返回值：cn.edu.ahu.repairbackend.util.ResultMsg@33719aa3
2018-05-15 20:01:20,545 INFO (ControllerParamCheckAndLogAOP.java:62) - 返回值：cn.edu.ahu.repairbackend.util.ResultMsg@7bd22b0b
2018-05-15 20:01:20,545 INFO (ControllerParamCheckAndLogAOP.java:63) - 耗时：21
2018-05-15 20:01:20,545 INFO (ControllerParamCheckAndLogAOP.java:63) - 耗时：21
2018-05-15 20:01:20,545 INFO (ControllerParamCheckAndLogAOP.java:64) - 请求完成
2018-05-15 20:01:20,545 INFO (ControllerParamCheckAndLogAOP.java:64) - 请求完成
2018-05-15 20:01:31,781 INFO (ControllerParamCheckAndLogAOP.java:83) - 请求开始-------------------------------------------------------
2018-05-15 20:01:31,781 INFO (ControllerParamCheckAndLogAOP.java:84) - 请求地址：http://localhost:8081/user/login
2018-05-15 20:01:31,781 INFO (ControllerParamCheckAndLogAOP.java:85) - 请求类型：GET
2018-05-15 20:01:31,781 INFO (ControllerParamCheckAndLogAOP.java:86) - 访问类及方法：cn.edu.ahu.repairbackend.controller.UserInfoControllergetUserInfoByNumberAndIdCard
2018-05-15 20:01:31,781 INFO (ControllerParamCheckAndLogAOP.java:87) - 请求参数：[Test123, 123456]
2018-05-15 20:01:31,790 INFO (ControllerParamCheckAndLogAOP.java:62) - 返回值：cn.edu.ahu.repairbackend.util.ResultMsg@674bbb11
2018-05-15 20:01:31,791 INFO (ControllerParamCheckAndLogAOP.java:63) - 耗时：10
2018-05-15 20:01:31,791 INFO (ControllerParamCheckAndLogAOP.java:64) - 请求完成
2018-05-15 20:01:31,802 INFO (ControllerParamCheckAndLogAOP.java:83) - 请求开始-------------------------------------------------------
2018-05-15 20:01:31,802 INFO (ControllerParamCheckAndLogAOP.java:84) - 请求地址：http://localhost:8081/infoPlatform/getAllRepairCur
2018-05-15 20:01:31,802 INFO (ControllerParamCheckAndLogAOP.java:85) - 请求类型：GET
2018-05-15 20:01:31,803 INFO (ControllerParamCheckAndLogAOP.java:86) - 访问类及方法：cn.edu.ahu.repairbackend.controller.InfoPlatformControllergetAllRepairCur
2018-05-15 20:01:31,803 INFO (ControllerParamCheckAndLogAOP.java:87) - 请求参数：[]
2018-05-15 20:01:31,843 INFO (ControllerParamCheckAndLogAOP.java:62) - 返回值：cn.edu.ahu.repairbackend.util.ResultMsg@749e5a8e
2018-05-15 20:01:31,843 INFO (ControllerParamCheckAndLogAOP.java:63) - 耗时：41
2018-05-15 20:01:31,844 INFO (ControllerParamCheckAndLogAOP.java:64) - 请求完成
2018-05-15 20:04:42,854 INFO (ControllerParamCheckAndLogAOP.java:83) - 请求开始-------------------------------------------------------
2018-05-15 20:04:42,855 INFO (ControllerParamCheckAndLogAOP.java:84) - 请求地址：http://localhost:8081/infoPlatform/getAllRepairCur
2018-05-15 20:04:42,855 INFO (ControllerParamCheckAndLogAOP.java:85) - 请求类型：GET
2018-05-15 20:04:42,855 INFO (ControllerParamCheckAndLogAOP.java:86) - 访问类及方法：cn.edu.ahu.repairbackend.controller.InfoPlatformControllergetAllRepairCur
2018-05-15 20:04:42,855 INFO (ControllerParamCheckAndLogAOP.java:87) - 请求参数：[]
2018-05-15 20:04:43,222 INFO (ControllerParamCheckAndLogAOP.java:62) - 返回值：cn.edu.ahu.repairbackend.util.ResultMsg@2b201ff4
2018-05-15 20:04:43,222 INFO (ControllerParamCheckAndLogAOP.java:63) - 耗时：368
2018-05-15 20:04:43,222 INFO (ControllerParamCheckAndLogAOP.java:64) - 请求完成
2018-05-15 20:12:32,409 INFO (ControllerParamCheckAndLogAOP.java:83) - 请求开始-------------------------------------------------------
2018-05-15 20:12:32,409 INFO (ControllerParamCheckAndLogAOP.java:84) - 请求地址：http://localhost:8081/infoPlatform/getAllRepairCur
2018-05-15 20:12:32,409 INFO (ControllerParamCheckAndLogAOP.java:85) - 请求类型：GET
2018-05-15 20:12:32,409 INFO (ControllerParamCheckAndLogAOP.java:86) - 访问类及方法：cn.edu.ahu.repairbackend.controller.InfoPlatformControllergetAllRepairCur
2018-05-15 20:12:32,409 INFO (ControllerParamCheckAndLogAOP.java:87) - 请求参数：[]
2018-05-15 20:12:32,454 INFO (ControllerParamCheckAndLogAOP.java:62) - 返回值：cn.edu.ahu.repairbackend.util.ResultMsg@75e88d
2018-05-15 20:12:32,454 INFO (ControllerParamCheckAndLogAOP.java:63) - 耗时：45
2018-05-15 20:12:32,454 INFO (ControllerParamCheckAndLogAOP.java:64) - 请求完成
2018-05-15 20:14:53,121 INFO (ControllerParamCheckAndLogAOP.java:83) - 请求开始-------------------------------------------------------
2018-05-15 20:14:53,121 INFO (ControllerParamCheckAndLogAOP.java:84) - 请求地址：http://localhost:8081/infoPlatform/getAllRepairCur
2018-05-15 20:14:53,122 INFO (ControllerParamCheckAndLogAOP.java:85) - 请求类型：GET
2018-05-15 20:14:53,122 INFO (ControllerParamCheckAndLogAOP.java:86) - 访问类及方法：cn.edu.ahu.repairbackend.controller.InfoPlatformControllergetAllRepairCur
2018-05-15 20:14:53,123 INFO (ControllerParamCheckAndLogAOP.java:87) - 请求参数：[]
2018-05-15 20:14:53,167 INFO (ControllerParamCheckAndLogAOP.java:62) - 返回值：cn.edu.ahu.repairbackend.util.ResultMsg@4bbfbcfb
2018-05-15 20:14:53,168 INFO (ControllerParamCheckAndLogAOP.java:63) - 耗时：47
2018-05-15 20:14:53,168 INFO (ControllerParamCheckAndLogAOP.java:64) - 请求完成
2018-05-15 20:16:47,346 INFO (ControllerParamCheckAndLogAOP.java:83) - 请求开始-------------------------------------------------------
2018-05-15 20:16:47,347 INFO (ControllerParamCheckAndLogAOP.java:84) - 请求地址：http://localhost:8081/infoPlatform/getAllRepairCur
2018-05-15 20:16:47,347 INFO (ControllerParamCheckAndLogAOP.java:85) - 请求类型：GET
2018-05-15 20:16:47,347 INFO (ControllerParamCheckAndLogAOP.java:86) - 访问类及方法：cn.edu.ahu.repairbackend.controller.InfoPlatformControllergetAllRepairCur
2018-05-15 20:16:47,347 INFO (ControllerParamCheckAndLogAOP.java:87) - 请求参数：[]
2018-05-15 20:16:47,384 INFO (ControllerParamCheckAndLogAOP.java:62) - 返回值：cn.edu.ahu.repairbackend.util.ResultMsg@6c9f5a97
2018-05-15 20:16:47,384 INFO (ControllerParamCheckAndLogAOP.java:63) - 耗时：38
2018-05-15 20:16:47,384 INFO (ControllerParamCheckAndLogAOP.java:64) - 请求完成
2018-05-15 20:17:54,259 INFO (ControllerParamCheckAndLogAOP.java:83) - 请求开始-------------------------------------------------------
2018-05-15 20:17:54,260 INFO (ControllerParamCheckAndLogAOP.java:84) - 请求地址：http://localhost:8081/infoPlatform/getAllRepairCur
2018-05-15 20:17:54,260 INFO (ControllerParamCheckAndLogAOP.java:85) - 请求类型：GET
2018-05-15 20:17:54,260 INFO (ControllerParamCheckAndLogAOP.java:86) - 访问类及方法：cn.edu.ahu.repairbackend.controller.InfoPlatformControllergetAllRepairCur
2018-05-15 20:17:54,260 INFO (ControllerParamCheckAndLogAOP.java:87) - 请求参数：[]
2018-05-15 20:17:54,302 INFO (ControllerParamCheckAndLogAOP.java:62) - 返回值：cn.edu.ahu.repairbackend.util.ResultMsg@3cfdab7b
2018-05-15 20:17:54,303 INFO (ControllerParamCheckAndLogAOP.java:63) - 耗时：44
2018-05-15 20:17:54,303 INFO (ControllerParamCheckAndLogAOP.java:64) - 请求完成
2018-05-15 20:20:26,006 INFO (ControllerParamCheckAndLogAOP.java:83) - 请求开始-------------------------------------------------------
2018-05-15 20:20:26,006 INFO (ControllerParamCheckAndLogAOP.java:84) - 请求地址：http://localhost:8081/infoPlatform/getAllRepairCur
2018-05-15 20:20:26,006 INFO (ControllerParamCheckAndLogAOP.java:85) - 请求类型：GET
2018-05-15 20:20:26,007 INFO (ControllerParamCheckAndLogAOP.java:86) - 访问类及方法：cn.edu.ahu.repairbackend.controller.InfoPlatformControllergetAllRepairCur
2018-05-15 20:20:26,007 INFO (ControllerParamCheckAndLogAOP.java:87) - 请求参数：[]
2018-05-15 20:20:26,790 INFO (ControllerParamCheckAndLogAOP.java:62) - 返回值：cn.edu.ahu.repairbackend.util.ResultMsg@682c1e07
2018-05-15 20:20:26,791 INFO (ControllerParamCheckAndLogAOP.java:63) - 耗时：785
2018-05-15 20:20:26,792 INFO (ControllerParamCheckAndLogAOP.java:64) - 请求完成
2018-05-15 20:21:36,864 INFO (ControllerParamCheckAndLogAOP.java:83) - 请求开始-------------------------------------------------------
2018-05-15 20:21:36,865 INFO (ControllerParamCheckAndLogAOP.java:84) - 请求地址：http://localhost:8081/infoPlatform/getAllRepairCur
2018-05-15 20:21:36,865 INFO (ControllerParamCheckAndLogAOP.java:85) - 请求类型：GET
2018-05-15 20:21:36,865 INFO (ControllerParamCheckAndLogAOP.java:86) - 访问类及方法：cn.edu.ahu.repairbackend.controller.InfoPlatformControllergetAllRepairCur
2018-05-15 20:21:36,865 INFO (ControllerParamCheckAndLogAOP.java:87) - 请求参数：[]
2018-05-15 20:21:37,064 INFO (ControllerParamCheckAndLogAOP.java:62) - 返回值：cn.edu.ahu.repairbackend.util.ResultMsg@201b719a
2018-05-15 20:21:37,065 INFO (ControllerParamCheckAndLogAOP.java:63) - 耗时：201
2018-05-15 20:21:37,065 INFO (ControllerParamCheckAndLogAOP.java:64) - 请求完成
2018-05-15 20:22:29,460 INFO (ControllerParamCheckAndLogAOP.java:83) - 请求开始-------------------------------------------------------
2018-05-15 20:22:29,461 INFO (ControllerParamCheckAndLogAOP.java:84) - 请求地址：http://localhost:8081/infoPlatform/getAllRepairCur
2018-05-15 20:22:29,461 INFO (ControllerParamCheckAndLogAOP.java:85) - 请求类型：GET
2018-05-15 20:22:29,461 INFO (ControllerParamCheckAndLogAOP.java:86) - 访问类及方法：cn.edu.ahu.repairbackend.controller.InfoPlatformControllergetAllRepairCur
2018-05-15 20:22:29,462 INFO (ControllerParamCheckAndLogAOP.java:87) - 请求参数：[]
2018-05-15 20:22:29,630 INFO (ControllerParamCheckAndLogAOP.java:62) - 返回值：cn.edu.ahu.repairbackend.util.ResultMsg@6517b0a9
2018-05-15 20:22:29,630 INFO (ControllerParamCheckAndLogAOP.java:63) - 耗时：170
2018-05-15 20:22:29,630 INFO (ControllerParamCheckAndLogAOP.java:64) - 请求完成
2018-05-15 20:22:29,651 ERROR (CommonExceptionHandle.java:109) - *** 未知异常 - java.io.IOException: 你的主机中的软件中止了一个已建立的连接。 ***
2018-05-15 20:22:34,164 INFO (ControllerParamCheckAndLogAOP.java:83) - 请求开始-------------------------------------------------------
2018-05-15 20:22:34,164 INFO (ControllerParamCheckAndLogAOP.java:84) - 请求地址：http://localhost:8081/infoPlatform/getAllRepairCur
2018-05-15 20:22:34,164 INFO (ControllerParamCheckAndLogAOP.java:85) - 请求类型：GET
2018-05-15 20:22:34,164 INFO (ControllerParamCheckAndLogAOP.java:86) - 访问类及方法：cn.edu.ahu.repairbackend.controller.InfoPlatformControllergetAllRepairCur
2018-05-15 20:22:34,165 INFO (ControllerParamCheckAndLogAOP.java:87) - 请求参数：[]
2018-05-15 20:22:34,279 INFO (ControllerParamCheckAndLogAOP.java:62) - 返回值：cn.edu.ahu.repairbackend.util.ResultMsg@9e0e0b
2018-05-15 20:22:34,280 INFO (ControllerParamCheckAndLogAOP.java:63) - 耗时：116
2018-05-15 20:22:34,280 INFO (ControllerParamCheckAndLogAOP.java:64) - 请求完成
2018-05-15 20:22:56,925 INFO (ControllerParamCheckAndLogAOP.java:83) - 请求开始-------------------------------------------------------
2018-05-15 20:22:56,925 INFO (ControllerParamCheckAndLogAOP.java:84) - 请求地址：http://localhost:8081/infoPlatform/getAllRepairCur
2018-05-15 20:22:56,926 INFO (ControllerParamCheckAndLogAOP.java:85) - 请求类型：GET
2018-05-15 20:22:56,926 INFO (ControllerParamCheckAndLogAOP.java:86) - 访问类及方法：cn.edu.ahu.repairbackend.controller.InfoPlatformControllergetAllRepairCur
2018-05-15 20:22:56,926 INFO (ControllerParamCheckAndLogAOP.java:87) - 请求参数：[]
2018-05-15 20:22:57,383 INFO (ControllerParamCheckAndLogAOP.java:62) - 返回值：cn.edu.ahu.repairbackend.util.ResultMsg@595d431e
2018-05-15 20:22:57,384 INFO (ControllerParamCheckAndLogAOP.java:63) - 耗时：459
2018-05-15 20:22:57,384 INFO (ControllerParamCheckAndLogAOP.java:64) - 请求完成
2018-05-15 20:31:00,049 INFO (ControllerParamCheckAndLogAOP.java:83) - 请求开始-------------------------------------------------------
2018-05-15 20:31:00,049 INFO (ControllerParamCheckAndLogAOP.java:84) - 请求地址：http://localhost:8081/infoPlatform/getAllRepairCur
2018-05-15 20:31:00,049 INFO (ControllerParamCheckAndLogAOP.java:85) - 请求类型：GET
2018-05-15 20:31:00,050 INFO (ControllerParamCheckAndLogAOP.java:86) - 访问类及方法：cn.edu.ahu.repairbackend.controller.InfoPlatformControllergetAllRepairCur
2018-05-15 20:31:00,050 INFO (ControllerParamCheckAndLogAOP.java:87) - 请求参数：[]
2018-05-15 20:31:00,102 INFO (ControllerParamCheckAndLogAOP.java:62) - 返回值：cn.edu.ahu.repairbackend.util.ResultMsg@4ae4cd3e
2018-05-15 20:31:00,102 INFO (ControllerParamCheckAndLogAOP.java:63) - 耗时：53
2018-05-15 20:31:00,103 INFO (ControllerParamCheckAndLogAOP.java:64) - 请求完成
2018-05-15 21:16:28,144 INFO (ControllerParamCheckAndLogAOP.java:83) - 请求开始-------------------------------------------------------
2018-05-15 21:16:28,145 INFO (ControllerParamCheckAndLogAOP.java:84) - 请求地址：http://localhost:8081/infoPlatform/getAllRepairCur
2018-05-15 21:16:28,145 INFO (ControllerParamCheckAndLogAOP.java:85) - 请求类型：GET
2018-05-15 21:16:28,145 INFO (ControllerParamCheckAndLogAOP.java:86) - 访问类及方法：cn.edu.ahu.repairbackend.controller.InfoPlatformControllergetAllRepairCur
2018-05-15 21:16:28,145 INFO (ControllerParamCheckAndLogAOP.java:87) - 请求参数：[]
2018-05-15 21:16:28,187 INFO (ControllerParamCheckAndLogAOP.java:62) - 返回值：cn.edu.ahu.repairbackend.util.ResultMsg@75ef06c2
2018-05-15 21:16:28,188 INFO (ControllerParamCheckAndLogAOP.java:63) - 耗时：44
2018-05-15 21:16:28,188 INFO (ControllerParamCheckAndLogAOP.java:64) - 请求完成
2018-05-15 21:16:30,324 INFO (ControllerParamCheckAndLogAOP.java:83) - 请求开始-------------------------------------------------------
2018-05-15 21:16:30,324 INFO (ControllerParamCheckAndLogAOP.java:84) - 请求地址：http://localhost:8081/infoPlatform/getAllRepairCur
2018-05-15 21:16:30,324 INFO (ControllerParamCheckAndLogAOP.java:85) - 请求类型：GET
2018-05-15 21:16:30,325 INFO (ControllerParamCheckAndLogAOP.java:86) - 访问类及方法：cn.edu.ahu.repairbackend.controller.InfoPlatformControllergetAllRepairCur
2018-05-15 21:16:30,325 INFO (ControllerParamCheckAndLogAOP.java:87) - 请求参数：[]
2018-05-15 21:16:30,362 INFO (ControllerParamCheckAndLogAOP.java:62) - 返回值：cn.edu.ahu.repairbackend.util.ResultMsg@68e39aef
2018-05-15 21:16:30,362 INFO (ControllerParamCheckAndLogAOP.java:63) - 耗时：38
2018-05-15 21:16:30,363 INFO (ControllerParamCheckAndLogAOP.java:64) - 请求完成
2018-05-15 21:16:55,234 INFO (ControllerParamCheckAndLogAOP.java:83) - 请求开始-------------------------------------------------------
2018-05-15 21:16:55,235 INFO (ControllerParamCheckAndLogAOP.java:84) - 请求地址：http://localhost:8081/infoPlatform/getAllRepairCur
2018-05-15 21:16:55,235 INFO (ControllerParamCheckAndLogAOP.java:85) - 请求类型：GET
2018-05-15 21:16:55,235 INFO (ControllerParamCheckAndLogAOP.java:86) - 访问类及方法：cn.edu.ahu.repairbackend.controller.InfoPlatformControllergetAllRepairCur
2018-05-15 21:16:55,235 INFO (ControllerParamCheckAndLogAOP.java:87) - 请求参数：[]
2018-05-15 21:16:55,276 INFO (ControllerParamCheckAndLogAOP.java:62) - 返回值：cn.edu.ahu.repairbackend.util.ResultMsg@6ac92c52
2018-05-15 21:16:55,276 INFO (ControllerParamCheckAndLogAOP.java:63) - 耗时：42
2018-05-15 21:16:55,276 INFO (ControllerParamCheckAndLogAOP.java:64) - 请求完成
2018-05-15 21:19:05,921 INFO (ControllerParamCheckAndLogAOP.java:83) - 请求开始-------------------------------------------------------
2018-05-15 21:19:05,922 INFO (ControllerParamCheckAndLogAOP.java:84) - 请求地址：http://localhost:8081/infoPlatform/getAllRepairCur
2018-05-15 21:19:05,922 INFO (ControllerParamCheckAndLogAOP.java:85) - 请求类型：GET
2018-05-15 21:19:05,922 INFO (ControllerParamCheckAndLogAOP.java:86) - 访问类及方法：cn.edu.ahu.repairbackend.controller.InfoPlatformControllergetAllRepairCur
2018-05-15 21:19:05,922 INFO (ControllerParamCheckAndLogAOP.java:87) - 请求参数：[]
2018-05-15 21:19:05,972 INFO (ControllerParamCheckAndLogAOP.java:62) - 返回值：cn.edu.ahu.repairbackend.util.ResultMsg@32980899
2018-05-15 21:19:05,972 INFO (ControllerParamCheckAndLogAOP.java:63) - 耗时：51
2018-05-15 21:19:05,972 INFO (ControllerParamCheckAndLogAOP.java:64) - 请求完成
2018-05-15 21:19:13,155 INFO (ControllerParamCheckAndLogAOP.java:83) - 请求开始-------------------------------------------------------
2018-05-15 21:19:13,155 INFO (ControllerParamCheckAndLogAOP.java:84) - 请求地址：http://localhost:8081/infoPlatform/getAllRepairCur
2018-05-15 21:19:13,155 INFO (ControllerParamCheckAndLogAOP.java:85) - 请求类型：GET
2018-05-15 21:19:13,155 INFO (ControllerParamCheckAndLogAOP.java:86) - 访问类及方法：cn.edu.ahu.repairbackend.controller.InfoPlatformControllergetAllRepairCur
2018-05-15 21:19:13,156 INFO (ControllerParamCheckAndLogAOP.java:87) - 请求参数：[]
2018-05-15 21:19:13,207 INFO (ControllerParamCheckAndLogAOP.java:62) - 返回值：cn.edu.ahu.repairbackend.util.ResultMsg@55bf2c67
2018-05-15 21:19:13,208 INFO (ControllerParamCheckAndLogAOP.java:63) - 耗时：53
2018-05-15 21:19:13,208 INFO (ControllerParamCheckAndLogAOP.java:64) - 请求完成
2018-05-15 21:20:14,761 INFO (ControllerParamCheckAndLogAOP.java:83) - 请求开始-------------------------------------------------------
2018-05-15 21:20:14,762 INFO (ControllerParamCheckAndLogAOP.java:84) - 请求地址：http://localhost:8081/infoPlatform/getAllRepairCur
2018-05-15 21:20:14,762 INFO (ControllerParamCheckAndLogAOP.java:85) - 请求类型：GET
2018-05-15 21:20:14,762 INFO (ControllerParamCheckAndLogAOP.java:86) - 访问类及方法：cn.edu.ahu.repairbackend.controller.InfoPlatformControllergetAllRepairCur
2018-05-15 21:20:14,762 INFO (ControllerParamCheckAndLogAOP.java:87) - 请求参数：[]
2018-05-15 21:20:14,800 INFO (ControllerParamCheckAndLogAOP.java:62) - 返回值：cn.edu.ahu.repairbackend.util.ResultMsg@435c646b
2018-05-15 21:20:14,800 INFO (ControllerParamCheckAndLogAOP.java:63) - 耗时：39
2018-05-15 21:20:14,800 INFO (ControllerParamCheckAndLogAOP.java:64) - 请求完成
2018-05-15 21:22:08,592 INFO (ControllerParamCheckAndLogAOP.java:83) - 请求开始-------------------------------------------------------
2018-05-15 21:22:08,593 INFO (ControllerParamCheckAndLogAOP.java:84) - 请求地址：http://localhost:8081/infoPlatform/getAllRepairCur
2018-05-15 21:22:08,593 INFO (ControllerParamCheckAndLogAOP.java:85) - 请求类型：GET
2018-05-15 21:22:08,593 INFO (ControllerParamCheckAndLogAOP.java:86) - 访问类及方法：cn.edu.ahu.repairbackend.controller.InfoPlatformControllergetAllRepairCur
2018-05-15 21:22:08,594 INFO (ControllerParamCheckAndLogAOP.java:87) - 请求参数：[]
2018-05-15 21:22:08,631 INFO (ControllerParamCheckAndLogAOP.java:62) - 返回值：cn.edu.ahu.repairbackend.util.ResultMsg@e619941
2018-05-15 21:22:08,632 INFO (ControllerParamCheckAndLogAOP.java:63) - 耗时：40
2018-05-15 21:22:08,632 INFO (ControllerParamCheckAndLogAOP.java:64) - 请求完成
2018-05-15 21:22:10,182 INFO (ControllerParamCheckAndLogAOP.java:83) - 请求开始-------------------------------------------------------
2018-05-15 21:22:10,182 INFO (ControllerParamCheckAndLogAOP.java:84) - 请求地址：http://localhost:8081/infoPlatform/getAllRepairCur
2018-05-15 21:22:10,182 INFO (ControllerParamCheckAndLogAOP.java:85) - 请求类型：GET
2018-05-15 21:22:10,182 INFO (ControllerParamCheckAndLogAOP.java:86) - 访问类及方法：cn.edu.ahu.repairbackend.controller.InfoPlatformControllergetAllRepairCur
2018-05-15 21:22:10,182 INFO (ControllerParamCheckAndLogAOP.java:87) - 请求参数：[]
2018-05-15 21:22:10,222 INFO (ControllerParamCheckAndLogAOP.java:62) - 返回值：cn.edu.ahu.repairbackend.util.ResultMsg@7f6659f2
2018-05-15 21:22:10,222 INFO (ControllerParamCheckAndLogAOP.java:63) - 耗时：40
2018-05-15 21:22:10,222 INFO (ControllerParamCheckAndLogAOP.java:64) - 请求完成
2018-05-15 21:23:53,895 INFO (ControllerParamCheckAndLogAOP.java:83) - 请求开始-------------------------------------------------------
2018-05-15 21:23:53,895 INFO (ControllerParamCheckAndLogAOP.java:84) - 请求地址：http://localhost:8081/infoPlatform/getAllRepairCur
2018-05-15 21:23:53,895 INFO (ControllerParamCheckAndLogAOP.java:85) - 请求类型：GET
2018-05-15 21:23:53,896 INFO (ControllerParamCheckAndLogAOP.java:86) - 访问类及方法：cn.edu.ahu.repairbackend.controller.InfoPlatformControllergetAllRepairCur
2018-05-15 21:23:53,896 INFO (ControllerParamCheckAndLogAOP.java:87) - 请求参数：[]
2018-05-15 21:23:53,934 INFO (ControllerParamCheckAndLogAOP.java:62) - 返回值：cn.edu.ahu.repairbackend.util.ResultMsg@5830d113
2018-05-15 21:23:53,934 INFO (ControllerParamCheckAndLogAOP.java:63) - 耗时：39
2018-05-15 21:23:53,935 INFO (ControllerParamCheckAndLogAOP.java:64) - 请求完成
2018-05-15 21:30:46,777 INFO (ControllerParamCheckAndLogAOP.java:83) - 请求开始-------------------------------------------------------
2018-05-15 21:30:46,777 INFO (ControllerParamCheckAndLogAOP.java:84) - 请求地址：http://localhost:8081/infoPlatform/getAllRepairCur
2018-05-15 21:30:46,777 INFO (ControllerParamCheckAndLogAOP.java:85) - 请求类型：GET
2018-05-15 21:30:46,778 INFO (ControllerParamCheckAndLogAOP.java:86) - 访问类及方法：cn.edu.ahu.repairbackend.controller.InfoPlatformControllergetAllRepairCur
2018-05-15 21:30:46,778 INFO (ControllerParamCheckAndLogAOP.java:87) - 请求参数：[]
2018-05-15 21:30:46,820 INFO (ControllerParamCheckAndLogAOP.java:62) - 返回值：cn.edu.ahu.repairbackend.util.ResultMsg@6e5086ca
2018-05-15 21:30:46,820 INFO (ControllerParamCheckAndLogAOP.java:63) - 耗时：43
2018-05-15 21:30:46,821 INFO (ControllerParamCheckAndLogAOP.java:64) - 请求完成
2018-05-15 21:53:57,094 INFO (ControllerParamCheckAndLogAOP.java:83) - 请求开始-------------------------------------------------------
2018-05-15 21:53:57,094 INFO (ControllerParamCheckAndLogAOP.java:84) - 请求地址：http://localhost:8081/infoPlatform/getAllRepairCur
2018-05-15 21:53:57,095 INFO (ControllerParamCheckAndLogAOP.java:85) - 请求类型：GET
2018-05-15 21:53:57,095 INFO (ControllerParamCheckAndLogAOP.java:86) - 访问类及方法：cn.edu.ahu.repairbackend.controller.InfoPlatformControllergetAllRepairCur
2018-05-15 21:53:57,095 INFO (ControllerParamCheckAndLogAOP.java:87) - 请求参数：[]
2018-05-15 21:53:57,136 INFO (ControllerParamCheckAndLogAOP.java:62) - 返回值：cn.edu.ahu.repairbackend.util.ResultMsg@40f8a562
2018-05-15 21:53:57,136 INFO (ControllerParamCheckAndLogAOP.java:63) - 耗时：42
2018-05-15 21:53:57,137 INFO (ControllerParamCheckAndLogAOP.java:64) - 请求完成
2018-05-15 21:55:09,612 INFO (ControllerParamCheckAndLogAOP.java:83) - 请求开始-------------------------------------------------------
2018-05-15 21:55:09,612 INFO (ControllerParamCheckAndLogAOP.java:84) - 请求地址：http://localhost:8081/infoPlatform/getAllRepairCur
2018-05-15 21:55:09,612 INFO (ControllerParamCheckAndLogAOP.java:85) - 请求类型：GET
2018-05-15 21:55:09,612 INFO (ControllerParamCheckAndLogAOP.java:86) - 访问类及方法：cn.edu.ahu.repairbackend.controller.InfoPlatformControllergetAllRepairCur
2018-05-15 21:55:09,613 INFO (ControllerParamCheckAndLogAOP.java:87) - 请求参数：[]
2018-05-15 21:55:09,654 INFO (ControllerParamCheckAndLogAOP.java:62) - 返回值：cn.edu.ahu.repairbackend.util.ResultMsg@37fdd76e
2018-05-15 21:55:09,654 INFO (ControllerParamCheckAndLogAOP.java:63) - 耗时：42
2018-05-15 21:55:09,654 INFO (ControllerParamCheckAndLogAOP.java:64) - 请求完成
2018-05-15 21:55:14,088 INFO (ControllerParamCheckAndLogAOP.java:83) - 请求开始-------------------------------------------------------
2018-05-15 21:55:14,088 INFO (ControllerParamCheckAndLogAOP.java:84) - 请求地址：http://localhost:8081/infoPlatform/getAllRepairCur
2018-05-15 21:55:14,089 INFO (ControllerParamCheckAndLogAOP.java:85) - 请求类型：GET
2018-05-15 21:55:14,089 INFO (ControllerParamCheckAndLogAOP.java:86) - 访问类及方法：cn.edu.ahu.repairbackend.controller.InfoPlatformControllergetAllRepairCur
2018-05-15 21:55:14,089 INFO (ControllerParamCheckAndLogAOP.java:87) - 请求参数：[]
2018-05-15 21:55:14,127 INFO (ControllerParamCheckAndLogAOP.java:62) - 返回值：cn.edu.ahu.repairbackend.util.ResultMsg@333e1e90
2018-05-15 21:55:14,127 INFO (ControllerParamCheckAndLogAOP.java:63) - 耗时：39
2018-05-15 21:55:14,127 INFO (ControllerParamCheckAndLogAOP.java:64) - 请求完成
2018-05-15 21:55:36,608 INFO (ControllerParamCheckAndLogAOP.java:83) - 请求开始-------------------------------------------------------
2018-05-15 21:55:36,608 INFO (ControllerParamCheckAndLogAOP.java:84) - 请求地址：http://localhost:8081/infoPlatform/getAllRepairCur
2018-05-15 21:55:36,608 INFO (ControllerParamCheckAndLogAOP.java:85) - 请求类型：GET
2018-05-15 21:55:36,609 INFO (ControllerParamCheckAndLogAOP.java:86) - 访问类及方法：cn.edu.ahu.repairbackend.controller.InfoPlatformControllergetAllRepairCur
2018-05-15 21:55:36,609 INFO (ControllerParamCheckAndLogAOP.java:87) - 请求参数：[]
2018-05-15 21:55:36,648 INFO (ControllerParamCheckAndLogAOP.java:62) - 返回值：cn.edu.ahu.repairbackend.util.ResultMsg@78e9a6f1
2018-05-15 21:55:36,648 INFO (ControllerParamCheckAndLogAOP.java:63) - 耗时：40
2018-05-15 21:55:36,648 INFO (ControllerParamCheckAndLogAOP.java:64) - 请求完成
2018-05-15 21:55:40,196 INFO (ControllerParamCheckAndLogAOP.java:83) - 请求开始-------------------------------------------------------
2018-05-15 21:55:40,197 INFO (ControllerParamCheckAndLogAOP.java:84) - 请求地址：http://localhost:8081/infoPlatform/getAllRepairCur
2018-05-15 21:55:40,197 INFO (ControllerParamCheckAndLogAOP.java:85) - 请求类型：GET
2018-05-15 21:55:40,197 INFO (ControllerParamCheckAndLogAOP.java:86) - 访问类及方法：cn.edu.ahu.repairbackend.controller.InfoPlatformControllergetAllRepairCur
2018-05-15 21:55:40,197 INFO (ControllerParamCheckAndLogAOP.java:87) - 请求参数：[]
2018-05-15 21:55:40,238 INFO (ControllerParamCheckAndLogAOP.java:62) - 返回值：cn.edu.ahu.repairbackend.util.ResultMsg@278f6745
2018-05-15 21:55:40,238 INFO (ControllerParamCheckAndLogAOP.java:63) - 耗时：42
2018-05-15 21:55:40,238 INFO (ControllerParamCheckAndLogAOP.java:64) - 请求完成
2018-05-15 21:56:04,351 INFO (ControllerParamCheckAndLogAOP.java:83) - 请求开始-------------------------------------------------------
2018-05-15 21:56:04,351 INFO (ControllerParamCheckAndLogAOP.java:84) - 请求地址：http://localhost:8081/infoPlatform/getAllRepairCur
2018-05-15 21:56:04,351 INFO (ControllerParamCheckAndLogAOP.java:85) - 请求类型：GET
2018-05-15 21:56:04,351 INFO (ControllerParamCheckAndLogAOP.java:86) - 访问类及方法：cn.edu.ahu.repairbackend.controller.InfoPlatformControllergetAllRepairCur
2018-05-15 21:56:04,352 INFO (ControllerParamCheckAndLogAOP.java:87) - 请求参数：[]
2018-05-15 21:56:04,390 INFO (ControllerParamCheckAndLogAOP.java:62) - 返回值：cn.edu.ahu.repairbackend.util.ResultMsg@4f999f6b
2018-05-15 21:56:04,391 INFO (ControllerParamCheckAndLogAOP.java:63) - 耗时：40
2018-05-15 21:56:04,391 INFO (ControllerParamCheckAndLogAOP.java:64) - 请求完成
2018-05-15 21:58:13,706 INFO (ControllerParamCheckAndLogAOP.java:83) - 请求开始-------------------------------------------------------
2018-05-15 21:58:13,706 INFO (ControllerParamCheckAndLogAOP.java:84) - 请求地址：http://localhost:8081/infoPlatform/getAllRepairCur
2018-05-15 21:58:13,706 INFO (ControllerParamCheckAndLogAOP.java:85) - 请求类型：GET
2018-05-15 21:58:13,706 INFO (ControllerParamCheckAndLogAOP.java:86) - 访问类及方法：cn.edu.ahu.repairbackend.controller.InfoPlatformControllergetAllRepairCur
2018-05-15 21:58:13,707 INFO (ControllerParamCheckAndLogAOP.java:87) - 请求参数：[]
2018-05-15 21:58:13,746 INFO (ControllerParamCheckAndLogAOP.java:62) - 返回值：cn.edu.ahu.repairbackend.util.ResultMsg@5d3fffb7
2018-05-15 21:58:13,746 INFO (ControllerParamCheckAndLogAOP.java:63) - 耗时：40
2018-05-15 21:58:13,746 INFO (ControllerParamCheckAndLogAOP.java:64) - 请求完成
2018-05-15 21:58:34,285 INFO (ControllerParamCheckAndLogAOP.java:83) - 请求开始-------------------------------------------------------
2018-05-15 21:58:34,285 INFO (ControllerParamCheckAndLogAOP.java:84) - 请求地址：http://localhost:8081/infoPlatform/getAllRepairCur
2018-05-15 21:58:34,286 INFO (ControllerParamCheckAndLogAOP.java:85) - 请求类型：GET
2018-05-15 21:58:34,286 INFO (ControllerParamCheckAndLogAOP.java:86) - 访问类及方法：cn.edu.ahu.repairbackend.controller.InfoPlatformControllergetAllRepairCur
2018-05-15 21:58:34,286 INFO (ControllerParamCheckAndLogAOP.java:87) - 请求参数：[]
2018-05-15 21:58:34,324 INFO (ControllerParamCheckAndLogAOP.java:62) - 返回值：cn.edu.ahu.repairbackend.util.ResultMsg@34acc1de
2018-05-15 21:58:34,324 INFO (ControllerParamCheckAndLogAOP.java:63) - 耗时：39
2018-05-15 21:58:34,324 INFO (ControllerParamCheckAndLogAOP.java:64) - 请求完成
2018-05-15 22:04:30,290 INFO (ControllerParamCheckAndLogAOP.java:83) - 请求开始-------------------------------------------------------
2018-05-15 22:04:30,291 INFO (ControllerParamCheckAndLogAOP.java:84) - 请求地址：http://localhost:8081/infoPlatform/getAllRepairCur
2018-05-15 22:04:30,291 INFO (ControllerParamCheckAndLogAOP.java:85) - 请求类型：GET
2018-05-15 22:04:30,291 INFO (ControllerParamCheckAndLogAOP.java:86) - 访问类及方法：cn.edu.ahu.repairbackend.controller.InfoPlatformControllergetAllRepairCur
2018-05-15 22:04:30,291 INFO (ControllerParamCheckAndLogAOP.java:87) - 请求参数：[]
2018-05-15 22:04:30,336 INFO (ControllerParamCheckAndLogAOP.java:62) - 返回值：cn.edu.ahu.repairbackend.util.ResultMsg@4e7329a1
2018-05-15 22:04:30,337 INFO (ControllerParamCheckAndLogAOP.java:63) - 耗时：47
2018-05-15 22:04:30,337 INFO (ControllerParamCheckAndLogAOP.java:64) - 请求完成
2018-05-15 22:10:12,519 INFO (ControllerParamCheckAndLogAOP.java:83) - 请求开始-------------------------------------------------------
2018-05-15 22:10:12,519 INFO (ControllerParamCheckAndLogAOP.java:84) - 请求地址：http://localhost:8081/infoPlatform/getAllRepairCur
2018-05-15 22:10:12,520 INFO (ControllerParamCheckAndLogAOP.java:85) - 请求类型：GET
2018-05-15 22:10:12,520 INFO (ControllerParamCheckAndLogAOP.java:86) - 访问类及方法：cn.edu.ahu.repairbackend.controller.InfoPlatformControllergetAllRepairCur
2018-05-15 22:10:12,520 INFO (ControllerParamCheckAndLogAOP.java:87) - 请求参数：[]
2018-05-15 22:10:12,558 INFO (ControllerParamCheckAndLogAOP.java:62) - 返回值：cn.edu.ahu.repairbackend.util.ResultMsg@4b84385c
2018-05-15 22:10:12,559 INFO (ControllerParamCheckAndLogAOP.java:63) - 耗时：40
2018-05-15 22:10:12,559 INFO (ControllerParamCheckAndLogAOP.java:64) - 请求完成
2018-05-15 22:12:21,921 INFO (ControllerParamCheckAndLogAOP.java:83) - 请求开始-------------------------------------------------------
2018-05-15 22:12:21,921 INFO (ControllerParamCheckAndLogAOP.java:84) - 请求地址：http://localhost:8081/infoPlatform/getAllRepairCur
2018-05-15 22:12:21,922 INFO (ControllerParamCheckAndLogAOP.java:85) - 请求类型：GET
2018-05-15 22:12:21,922 INFO (ControllerParamCheckAndLogAOP.java:86) - 访问类及方法：cn.edu.ahu.repairbackend.controller.InfoPlatformControllergetAllRepairCur
2018-05-15 22:12:21,922 INFO (ControllerParamCheckAndLogAOP.java:87) - 请求参数：[]
2018-05-15 22:12:21,959 INFO (ControllerParamCheckAndLogAOP.java:62) - 返回值：cn.edu.ahu.repairbackend.util.ResultMsg@64cb0b4d
2018-05-15 22:12:21,960 INFO (ControllerParamCheckAndLogAOP.java:63) - 耗时：39
2018-05-15 22:12:21,960 INFO (ControllerParamCheckAndLogAOP.java:64) - 请求完成
2018-05-15 22:15:10,560 INFO (ControllerParamCheckAndLogAOP.java:83) - 请求开始-------------------------------------------------------
2018-05-15 22:15:10,561 INFO (ControllerParamCheckAndLogAOP.java:84) - 请求地址：http://localhost:8081/infoPlatform/getAllRepairCur
2018-05-15 22:15:10,561 INFO (ControllerParamCheckAndLogAOP.java:85) - 请求类型：GET
2018-05-15 22:15:10,561 INFO (ControllerParamCheckAndLogAOP.java:86) - 访问类及方法：cn.edu.ahu.repairbackend.controller.InfoPlatformControllergetAllRepairCur
2018-05-15 22:15:10,561 INFO (ControllerParamCheckAndLogAOP.java:87) - 请求参数：[]
2018-05-15 22:15:10,601 INFO (ControllerParamCheckAndLogAOP.java:62) - 返回值：cn.edu.ahu.repairbackend.util.ResultMsg@33d04c58
2018-05-15 22:15:10,601 INFO (ControllerParamCheckAndLogAOP.java:63) - 耗时：41
2018-05-15 22:15:10,601 INFO (ControllerParamCheckAndLogAOP.java:64) - 请求完成
2018-05-15 22:15:44,358 INFO (ControllerParamCheckAndLogAOP.java:83) - 请求开始-------------------------------------------------------
2018-05-15 22:15:44,358 INFO (ControllerParamCheckAndLogAOP.java:84) - 请求地址：http://localhost:8081/infoPlatform/getAllRepairCur
2018-05-15 22:15:44,358 INFO (ControllerParamCheckAndLogAOP.java:85) - 请求类型：GET
2018-05-15 22:15:44,358 INFO (ControllerParamCheckAndLogAOP.java:86) - 访问类及方法：cn.edu.ahu.repairbackend.controller.InfoPlatformControllergetAllRepairCur
2018-05-15 22:15:44,358 INFO (ControllerParamCheckAndLogAOP.java:87) - 请求参数：[]
2018-05-15 22:15:44,401 INFO (ControllerParamCheckAndLogAOP.java:62) - 返回值：cn.edu.ahu.repairbackend.util.ResultMsg@71b838f5
2018-05-15 22:15:44,402 INFO (ControllerParamCheckAndLogAOP.java:63) - 耗时：44
2018-05-15 22:15:44,402 INFO (ControllerParamCheckAndLogAOP.java:64) - 请求完成
2018-05-15 22:19:38,939 INFO (ControllerParamCheckAndLogAOP.java:83) - 请求开始-------------------------------------------------------
2018-05-15 22:19:38,939 INFO (ControllerParamCheckAndLogAOP.java:84) - 请求地址：http://localhost:8081/infoPlatform/getAllRepairCur
2018-05-15 22:19:38,940 INFO (ControllerParamCheckAndLogAOP.java:85) - 请求类型：GET
2018-05-15 22:19:38,940 INFO (ControllerParamCheckAndLogAOP.java:86) - 访问类及方法：cn.edu.ahu.repairbackend.controller.InfoPlatformControllergetAllRepairCur
2018-05-15 22:19:38,940 INFO (ControllerParamCheckAndLogAOP.java:87) - 请求参数：[]
2018-05-15 22:19:38,980 INFO (ControllerParamCheckAndLogAOP.java:62) - 返回值：cn.edu.ahu.repairbackend.util.ResultMsg@728dccc
2018-05-15 22:19:38,980 INFO (ControllerParamCheckAndLogAOP.java:63) - 耗时：41
2018-05-15 22:19:38,981 INFO (ControllerParamCheckAndLogAOP.java:64) - 请求完成
2018-05-15 22:20:43,874 INFO (ControllerParamCheckAndLogAOP.java:83) - 请求开始-------------------------------------------------------
2018-05-15 22:20:43,875 INFO (ControllerParamCheckAndLogAOP.java:84) - 请求地址：http://localhost:8081/user/login
2018-05-15 22:20:43,875 INFO (ControllerParamCheckAndLogAOP.java:85) - 请求类型：GET
2018-05-15 22:20:43,875 INFO (ControllerParamCheckAndLogAOP.java:86) - 访问类及方法：cn.edu.ahu.repairbackend.controller.UserInfoControllergetUserInfoByNumberAndIdCard
2018-05-15 22:20:43,875 INFO (ControllerParamCheckAndLogAOP.java:87) - 请求参数：[P16201106, 530061]
2018-05-15 22:20:44,220 INFO (ControllerParamCheckAndLogAOP.java:62) - 返回值：cn.edu.ahu.repairbackend.util.ResultMsg@4f8505f2
2018-05-15 22:20:44,220 INFO (ControllerParamCheckAndLogAOP.java:63) - 耗时：346
2018-05-15 22:20:44,220 INFO (ControllerParamCheckAndLogAOP.java:64) - 请求完成
2018-05-15 22:20:44,242 INFO (ControllerParamCheckAndLogAOP.java:83) - 请求开始-------------------------------------------------------
2018-05-15 22:20:44,243 INFO (ControllerParamCheckAndLogAOP.java:84) - 请求地址：http://localhost:8081/repairInfo/all
2018-05-15 22:20:44,243 INFO (ControllerParamCheckAndLogAOP.java:85) - 请求类型：GET
2018-05-15 22:20:44,243 INFO (ControllerParamCheckAndLogAOP.java:86) - 访问类及方法：cn.edu.ahu.repairbackend.controller.RepairInfoControllergetAllRepairInfo
2018-05-15 22:20:44,243 INFO (ControllerParamCheckAndLogAOP.java:87) - 请求参数：[P16201106]
2018-05-15 22:20:44,261 INFO (ControllerParamCheckAndLogAOP.java:83) - 请求开始-------------------------------------------------------
2018-05-15 22:20:44,262 INFO (ControllerParamCheckAndLogAOP.java:84) - 请求地址：http://localhost:8081/timePicker/all
2018-05-15 22:20:44,262 INFO (ControllerParamCheckAndLogAOP.java:85) - 请求类型：GET
2018-05-15 22:20:44,262 INFO (ControllerParamCheckAndLogAOP.java:86) - 访问类及方法：cn.edu.ahu.repairbackend.controller.RepairTimePickerControllergetRepairTimePickerInfo
2018-05-15 22:20:44,262 INFO (ControllerParamCheckAndLogAOP.java:87) - 请求参数：[]
2018-05-15 22:20:44,281 INFO (ControllerParamCheckAndLogAOP.java:62) - 返回值：cn.edu.ahu.repairbackend.util.ResultMsg@5b2fe436
2018-05-15 22:20:44,281 INFO (ControllerParamCheckAndLogAOP.java:63) - 耗时：20
2018-05-15 22:20:44,281 INFO (ControllerParamCheckAndLogAOP.java:64) - 请求完成
2018-05-15 22:20:44,282 INFO (ControllerParamCheckAndLogAOP.java:62) - 返回值：cn.edu.ahu.repairbackend.util.ResultMsg@273cd05e
2018-05-15 22:20:44,283 INFO (ControllerParamCheckAndLogAOP.java:63) - 耗时：22
2018-05-15 22:20:44,283 INFO (ControllerParamCheckAndLogAOP.java:64) - 请求完成
2018-05-15 22:20:45,594 INFO (ControllerParamCheckAndLogAOP.java:83) - 请求开始-------------------------------------------------------
2018-05-15 22:20:45,594 INFO (ControllerParamCheckAndLogAOP.java:84) - 请求地址：http://localhost:8081/categories/child
2018-05-15 22:20:45,594 INFO (ControllerParamCheckAndLogAOP.java:85) - 请求类型：GET
2018-05-15 22:20:45,594 INFO (ControllerParamCheckAndLogAOP.java:86) - 访问类及方法：cn.edu.ahu.repairbackend.controller.RepairCategoriesControllergetRepairCategoriesInfoByParent
2018-05-15 22:20:45,594 INFO (ControllerParamCheckAndLogAOP.java:87) - 请求参数：[用电故障]
2018-05-15 22:20:45,605 INFO (ControllerParamCheckAndLogAOP.java:62) - 返回值：cn.edu.ahu.repairbackend.util.ResultMsg@758af1eb
2018-05-15 22:20:45,605 INFO (ControllerParamCheckAndLogAOP.java:63) - 耗时：11
2018-05-15 22:20:45,605 INFO (ControllerParamCheckAndLogAOP.java:64) - 请求完成
2018-05-15 22:20:47,993 INFO (ControllerParamCheckAndLogAOP.java:83) - 请求开始-------------------------------------------------------
2018-05-15 22:20:47,993 INFO (ControllerParamCheckAndLogAOP.java:84) - 请求地址：http://localhost:8081/categories/child
2018-05-15 22:20:47,993 INFO (ControllerParamCheckAndLogAOP.java:85) - 请求类型：GET
2018-05-15 22:20:47,993 INFO (ControllerParamCheckAndLogAOP.java:86) - 访问类及方法：cn.edu.ahu.repairbackend.controller.RepairCategoriesControllergetRepairCategoriesInfoByParent
2018-05-15 22:20:47,993 INFO (ControllerParamCheckAndLogAOP.java:87) - 请求参数：[其他故障]
2018-05-15 22:20:47,999 INFO (ControllerParamCheckAndLogAOP.java:62) - 返回值：cn.edu.ahu.repairbackend.util.ResultMsg@f0ad688
2018-05-15 22:20:47,999 INFO (ControllerParamCheckAndLogAOP.java:63) - 耗时：6
2018-05-15 22:20:47,999 INFO (ControllerParamCheckAndLogAOP.java:64) - 请求完成
2018-05-15 22:27:58,693 INFO (ControllerParamCheckAndLogAOP.java:83) - 请求开始-------------------------------------------------------
2018-05-15 22:27:58,693 INFO (ControllerParamCheckAndLogAOP.java:84) - 请求地址：http://localhost:8081/infoPlatform/getAllRepairCur
2018-05-15 22:27:58,694 INFO (ControllerParamCheckAndLogAOP.java:85) - 请求类型：GET
2018-05-15 22:27:58,694 INFO (ControllerParamCheckAndLogAOP.java:86) - 访问类及方法：cn.edu.ahu.repairbackend.controller.InfoPlatformControllergetAllRepairCur
2018-05-15 22:27:58,694 INFO (ControllerParamCheckAndLogAOP.java:87) - 请求参数：[]
2018-05-15 22:27:58,731 INFO (ControllerParamCheckAndLogAOP.java:62) - 返回值：cn.edu.ahu.repairbackend.util.ResultMsg@4887e32d
2018-05-15 22:27:58,731 INFO (ControllerParamCheckAndLogAOP.java:63) - 耗时：38
2018-05-15 22:27:58,732 INFO (ControllerParamCheckAndLogAOP.java:64) - 请求完成
2018-05-15 22:28:31,364 INFO (ControllerParamCheckAndLogAOP.java:83) - 请求开始-------------------------------------------------------
2018-05-15 22:28:31,364 INFO (ControllerParamCheckAndLogAOP.java:84) - 请求地址：http://localhost:8081/infoPlatform/getAllRepairCur
2018-05-15 22:28:31,364 INFO (ControllerParamCheckAndLogAOP.java:85) - 请求类型：GET
2018-05-15 22:28:31,364 INFO (ControllerParamCheckAndLogAOP.java:86) - 访问类及方法：cn.edu.ahu.repairbackend.controller.InfoPlatformControllergetAllRepairCur
2018-05-15 22:28:31,364 INFO (ControllerParamCheckAndLogAOP.java:87) - 请求参数：[]
2018-05-15 22:28:31,401 INFO (ControllerParamCheckAndLogAOP.java:62) - 返回值：cn.edu.ahu.repairbackend.util.ResultMsg@9cd2e25
2018-05-15 22:28:31,402 INFO (ControllerParamCheckAndLogAOP.java:63) - 耗时：38
2018-05-15 22:28:31,402 INFO (ControllerParamCheckAndLogAOP.java:64) - 请求完成
2018-05-15 22:28:42,676 INFO (ControllerParamCheckAndLogAOP.java:83) - 请求开始-------------------------------------------------------
2018-05-15 22:28:42,677 INFO (ControllerParamCheckAndLogAOP.java:84) - 请求地址：http://localhost:8081/infoPlatform/getAllRepairCur
2018-05-15 22:28:42,677 INFO (ControllerParamCheckAndLogAOP.java:85) - 请求类型：GET
2018-05-15 22:28:42,677 INFO (ControllerParamCheckAndLogAOP.java:86) - 访问类及方法：cn.edu.ahu.repairbackend.controller.InfoPlatformControllergetAllRepairCur
2018-05-15 22:28:42,677 INFO (ControllerParamCheckAndLogAOP.java:87) - 请求参数：[]
2018-05-15 22:28:42,715 INFO (ControllerParamCheckAndLogAOP.java:62) - 返回值：cn.edu.ahu.repairbackend.util.ResultMsg@5866b7eb
2018-05-15 22:28:42,715 INFO (ControllerParamCheckAndLogAOP.java:63) - 耗时：39
2018-05-15 22:28:42,715 INFO (ControllerParamCheckAndLogAOP.java:64) - 请求完成
2018-05-15 22:29:07,955 INFO (ControllerParamCheckAndLogAOP.java:83) - 请求开始-------------------------------------------------------
2018-05-15 22:29:07,955 INFO (ControllerParamCheckAndLogAOP.java:84) - 请求地址：http://localhost:8081/infoPlatform/getAllRepairCur
2018-05-15 22:29:07,955 INFO (ControllerParamCheckAndLogAOP.java:85) - 请求类型：GET
2018-05-15 22:29:07,956 INFO (ControllerParamCheckAndLogAOP.java:86) - 访问类及方法：cn.edu.ahu.repairbackend.controller.InfoPlatformControllergetAllRepairCur
2018-05-15 22:29:07,956 INFO (ControllerParamCheckAndLogAOP.java:87) - 请求参数：[]
2018-05-15 22:29:07,995 INFO (ControllerParamCheckAndLogAOP.java:62) - 返回值：cn.edu.ahu.repairbackend.util.ResultMsg@21bd96ad
2018-05-15 22:29:07,996 INFO (ControllerParamCheckAndLogAOP.java:63) - 耗时：41
2018-05-15 22:29:07,996 INFO (ControllerParamCheckAndLogAOP.java:64) - 请求完成
2018-05-15 22:29:37,951 INFO (ControllerParamCheckAndLogAOP.java:83) - 请求开始-------------------------------------------------------
2018-05-15 22:29:37,951 INFO (ControllerParamCheckAndLogAOP.java:84) - 请求地址：http://localhost:8081/infoPlatform/getAllRepairCur
2018-05-15 22:29:37,951 INFO (ControllerParamCheckAndLogAOP.java:85) - 请求类型：GET
2018-05-15 22:29:37,952 INFO (ControllerParamCheckAndLogAOP.java:86) - 访问类及方法：cn.edu.ahu.repairbackend.controller.InfoPlatformControllergetAllRepairCur
2018-05-15 22:29:37,952 INFO (ControllerParamCheckAndLogAOP.java:87) - 请求参数：[]
2018-05-15 22:29:37,990 INFO (ControllerParamCheckAndLogAOP.java:62) - 返回值：cn.edu.ahu.repairbackend.util.ResultMsg@6cbcde6f
2018-05-15 22:29:37,990 INFO (ControllerParamCheckAndLogAOP.java:63) - 耗时：39
2018-05-15 22:29:37,990 INFO (ControllerParamCheckAndLogAOP.java:64) - 请求完成
2018-05-15 22:29:39,920 INFO (ControllerParamCheckAndLogAOP.java:83) - 请求开始-------------------------------------------------------
2018-05-15 22:29:39,921 INFO (ControllerParamCheckAndLogAOP.java:84) - 请求地址：http://localhost:8081/infoPlatform/getAllRepairCur
2018-05-15 22:29:39,921 INFO (ControllerParamCheckAndLogAOP.java:85) - 请求类型：GET
2018-05-15 22:29:39,921 INFO (ControllerParamCheckAndLogAOP.java:86) - 访问类及方法：cn.edu.ahu.repairbackend.controller.InfoPlatformControllergetAllRepairCur
2018-05-15 22:29:39,921 INFO (ControllerParamCheckAndLogAOP.java:87) - 请求参数：[]
2018-05-15 22:29:39,958 INFO (ControllerParamCheckAndLogAOP.java:62) - 返回值：cn.edu.ahu.repairbackend.util.ResultMsg@cc27be1
2018-05-15 22:29:39,958 INFO (ControllerParamCheckAndLogAOP.java:63) - 耗时：38
2018-05-15 22:29:39,958 INFO (ControllerParamCheckAndLogAOP.java:64) - 请求完成
2018-05-15 22:30:24,682 INFO (ControllerParamCheckAndLogAOP.java:83) - 请求开始-------------------------------------------------------
2018-05-15 22:30:24,683 INFO (ControllerParamCheckAndLogAOP.java:84) - 请求地址：http://localhost:8081/infoPlatform/getAllRepairCur
2018-05-15 22:30:24,683 INFO (ControllerParamCheckAndLogAOP.java:85) - 请求类型：GET
2018-05-15 22:30:24,683 INFO (ControllerParamCheckAndLogAOP.java:86) - 访问类及方法：cn.edu.ahu.repairbackend.controller.InfoPlatformControllergetAllRepairCur
2018-05-15 22:30:24,683 INFO (ControllerParamCheckAndLogAOP.java:87) - 请求参数：[]
2018-05-15 22:30:24,726 INFO (ControllerParamCheckAndLogAOP.java:62) - 返回值：cn.edu.ahu.repairbackend.util.ResultMsg@6053d4db
2018-05-15 22:30:24,726 INFO (ControllerParamCheckAndLogAOP.java:63) - 耗时：44
2018-05-15 22:30:24,726 INFO (ControllerParamCheckAndLogAOP.java:64) - 请求完成
2018-05-15 22:30:26,442 INFO (ControllerParamCheckAndLogAOP.java:83) - 请求开始-------------------------------------------------------
2018-05-15 22:30:26,442 INFO (ControllerParamCheckAndLogAOP.java:84) - 请求地址：http://localhost:8081/infoPlatform/getAllRepairCur
2018-05-15 22:30:26,442 INFO (ControllerParamCheckAndLogAOP.java:85) - 请求类型：GET
2018-05-15 22:30:26,442 INFO (ControllerParamCheckAndLogAOP.java:86) - 访问类及方法：cn.edu.ahu.repairbackend.controller.InfoPlatformControllergetAllRepairCur
2018-05-15 22:30:26,443 INFO (ControllerParamCheckAndLogAOP.java:87) - 请求参数：[]
2018-05-15 22:30:26,479 INFO (ControllerParamCheckAndLogAOP.java:62) - 返回值：cn.edu.ahu.repairbackend.util.ResultMsg@cb12ab
2018-05-15 22:30:26,479 INFO (ControllerParamCheckAndLogAOP.java:63) - 耗时：37
2018-05-15 22:30:26,479 INFO (ControllerParamCheckAndLogAOP.java:64) - 请求完成
2018-05-15 22:33:52,682 INFO (ControllerParamCheckAndLogAOP.java:83) - 请求开始-------------------------------------------------------
2018-05-15 22:33:52,682 INFO (ControllerParamCheckAndLogAOP.java:84) - 请求地址：http://localhost:8081/infoPlatform/getAllRepairCur
2018-05-15 22:33:52,683 INFO (ControllerParamCheckAndLogAOP.java:85) - 请求类型：GET
2018-05-15 22:33:52,683 INFO (ControllerParamCheckAndLogAOP.java:86) - 访问类及方法：cn.edu.ahu.repairbackend.controller.InfoPlatformControllergetAllRepairCur
2018-05-15 22:33:52,683 INFO (ControllerParamCheckAndLogAOP.java:87) - 请求参数：[]
2018-05-15 22:33:52,722 INFO (ControllerParamCheckAndLogAOP.java:62) - 返回值：cn.edu.ahu.repairbackend.util.ResultMsg@4846c75a
2018-05-15 22:33:52,722 INFO (ControllerParamCheckAndLogAOP.java:63) - 耗时：40
2018-05-15 22:33:52,722 INFO (ControllerParamCheckAndLogAOP.java:64) - 请求完成
2018-05-15 22:33:54,930 INFO (ControllerParamCheckAndLogAOP.java:83) - 请求开始-------------------------------------------------------
2018-05-15 22:33:54,930 INFO (ControllerParamCheckAndLogAOP.java:84) - 请求地址：http://localhost:8081/infoPlatform/getAllRepairCur
2018-05-15 22:33:54,931 INFO (ControllerParamCheckAndLogAOP.java:85) - 请求类型：GET
2018-05-15 22:33:54,931 INFO (ControllerParamCheckAndLogAOP.java:86) - 访问类及方法：cn.edu.ahu.repairbackend.controller.InfoPlatformControllergetAllRepairCur
2018-05-15 22:33:54,931 INFO (ControllerParamCheckAndLogAOP.java:87) - 请求参数：[]
2018-05-15 22:33:54,967 INFO (ControllerParamCheckAndLogAOP.java:62) - 返回值：cn.edu.ahu.repairbackend.util.ResultMsg@6f36f011
2018-05-15 22:33:54,967 INFO (ControllerParamCheckAndLogAOP.java:63) - 耗时：37
2018-05-15 22:33:54,967 INFO (ControllerParamCheckAndLogAOP.java:64) - 请求完成
2018-05-15 22:34:31,901 INFO (ControllerParamCheckAndLogAOP.java:83) - 请求开始-------------------------------------------------------
2018-05-15 22:34:31,901 INFO (ControllerParamCheckAndLogAOP.java:84) - 请求地址：http://localhost:8081/infoPlatform/getAllRepairCur
2018-05-15 22:34:31,901 INFO (ControllerParamCheckAndLogAOP.java:85) - 请求类型：GET
2018-05-15 22:34:31,902 INFO (ControllerParamCheckAndLogAOP.java:86) - 访问类及方法：cn.edu.ahu.repairbackend.controller.InfoPlatformControllergetAllRepairCur
2018-05-15 22:34:31,902 INFO (ControllerParamCheckAndLogAOP.java:87) - 请求参数：[]
2018-05-15 22:34:31,940 INFO (ControllerParamCheckAndLogAOP.java:62) - 返回值：cn.edu.ahu.repairbackend.util.ResultMsg@15f07f11
2018-05-15 22:34:31,940 INFO (ControllerParamCheckAndLogAOP.java:63) - 耗时：39
2018-05-15 22:34:31,940 INFO (ControllerParamCheckAndLogAOP.java:64) - 请求完成
2018-05-15 22:36:44,945 INFO (ControllerParamCheckAndLogAOP.java:83) - 请求开始-------------------------------------------------------
2018-05-15 22:36:44,946 INFO (ControllerParamCheckAndLogAOP.java:84) - 请求地址：http://localhost:8081/infoPlatform/getAllRepairCur
2018-05-15 22:36:44,946 INFO (ControllerParamCheckAndLogAOP.java:85) - 请求类型：GET
2018-05-15 22:36:44,946 INFO (ControllerParamCheckAndLogAOP.java:86) - 访问类及方法：cn.edu.ahu.repairbackend.controller.InfoPlatformControllergetAllRepairCur
2018-05-15 22:36:44,947 INFO (ControllerParamCheckAndLogAOP.java:87) - 请求参数：[]
2018-05-15 22:36:44,984 INFO (ControllerParamCheckAndLogAOP.java:62) - 返回值：cn.edu.ahu.repairbackend.util.ResultMsg@6276cf2c
2018-05-15 22:36:44,985 INFO (ControllerParamCheckAndLogAOP.java:63) - 耗时：40
2018-05-15 22:36:44,985 INFO (ControllerParamCheckAndLogAOP.java:64) - 请求完成
2018-05-15 22:39:33,502 INFO (ControllerParamCheckAndLogAOP.java:83) - 请求开始-------------------------------------------------------
2018-05-15 22:39:33,502 INFO (ControllerParamCheckAndLogAOP.java:84) - 请求地址：http://localhost:8081/infoPlatform/getAllRepairCur
2018-05-15 22:39:33,503 INFO (ControllerParamCheckAndLogAOP.java:85) - 请求类型：GET
2018-05-15 22:39:33,503 INFO (ControllerParamCheckAndLogAOP.java:86) - 访问类及方法：cn.edu.ahu.repairbackend.controller.InfoPlatformControllergetAllRepairCur
2018-05-15 22:39:33,503 INFO (ControllerParamCheckAndLogAOP.java:87) - 请求参数：[]
2018-05-15 22:39:33,544 INFO (ControllerParamCheckAndLogAOP.java:62) - 返回值：cn.edu.ahu.repairbackend.util.ResultMsg@1ef8aedf
2018-05-15 22:39:33,544 INFO (ControllerParamCheckAndLogAOP.java:63) - 耗时：42
2018-05-15 22:39:33,545 INFO (ControllerParamCheckAndLogAOP.java:64) - 请求完成
2018-05-15 22:41:04,369 INFO (ControllerParamCheckAndLogAOP.java:83) - 请求开始-------------------------------------------------------
2018-05-15 22:41:04,369 INFO (ControllerParamCheckAndLogAOP.java:84) - 请求地址：http://localhost:8081/infoPlatform/getAllRepairCur
2018-05-15 22:41:04,370 INFO (ControllerParamCheckAndLogAOP.java:85) - 请求类型：GET
2018-05-15 22:41:04,370 INFO (ControllerParamCheckAndLogAOP.java:86) - 访问类及方法：cn.edu.ahu.repairbackend.controller.InfoPlatformControllergetAllRepairCur
2018-05-15 22:41:04,370 INFO (ControllerParamCheckAndLogAOP.java:87) - 请求参数：[]
2018-05-15 22:41:04,408 INFO (ControllerParamCheckAndLogAOP.java:62) - 返回值：cn.edu.ahu.repairbackend.util.ResultMsg@7df5337c
2018-05-15 22:41:04,408 INFO (ControllerParamCheckAndLogAOP.java:63) - 耗时：39
2018-05-15 22:41:04,409 INFO (ControllerParamCheckAndLogAOP.java:64) - 请求完成
2018-05-15 22:41:06,805 INFO (ControllerParamCheckAndLogAOP.java:83) - 请求开始-------------------------------------------------------
2018-05-15 22:41:06,805 INFO (ControllerParamCheckAndLogAOP.java:84) - 请求地址：http://localhost:8081/categories/child
2018-05-15 22:41:06,806 INFO (ControllerParamCheckAndLogAOP.java:85) - 请求类型：GET
2018-05-15 22:41:06,806 INFO (ControllerParamCheckAndLogAOP.java:86) - 访问类及方法：cn.edu.ahu.repairbackend.controller.RepairCategoriesControllergetRepairCategoriesInfoByParent
2018-05-15 22:41:06,806 INFO (ControllerParamCheckAndLogAOP.java:87) - 请求参数：[用水故障]
2018-05-15 22:41:06,811 INFO (ControllerParamCheckAndLogAOP.java:62) - 返回值：cn.edu.ahu.repairbackend.util.ResultMsg@1d730669
2018-05-15 22:41:06,812 INFO (ControllerParamCheckAndLogAOP.java:63) - 耗时：7
2018-05-15 22:41:06,812 INFO (ControllerParamCheckAndLogAOP.java:64) - 请求完成
2018-05-15 22:42:58,065 INFO (ControllerParamCheckAndLogAOP.java:83) - 请求开始-------------------------------------------------------
2018-05-15 22:42:58,066 INFO (ControllerParamCheckAndLogAOP.java:84) - 请求地址：http://localhost:8081/timePicker/all
2018-05-15 22:42:58,066 INFO (ControllerParamCheckAndLogAOP.java:85) - 请求类型：GET
2018-05-15 22:42:58,066 INFO (ControllerParamCheckAndLogAOP.java:86) - 访问类及方法：cn.edu.ahu.repairbackend.controller.RepairTimePickerControllergetRepairTimePickerInfo
2018-05-15 22:42:58,066 INFO (ControllerParamCheckAndLogAOP.java:87) - 请求参数：[]
2018-05-15 22:42:58,077 INFO (ControllerParamCheckAndLogAOP.java:62) - 返回值：cn.edu.ahu.repairbackend.util.ResultMsg@2032bc73
2018-05-15 22:42:58,077 INFO (ControllerParamCheckAndLogAOP.java:63) - 耗时：12
2018-05-15 22:42:58,078 INFO (ControllerParamCheckAndLogAOP.java:64) - 请求完成
2018-05-15 22:42:58,082 INFO (ControllerParamCheckAndLogAOP.java:83) - 请求开始-------------------------------------------------------
2018-05-15 22:42:58,082 INFO (ControllerParamCheckAndLogAOP.java:83) - 请求开始-------------------------------------------------------
2018-05-15 22:42:58,083 INFO (ControllerParamCheckAndLogAOP.java:84) - 请求地址：http://localhost:8081/infoPlatform/getAllRepairCur
2018-05-15 22:42:58,083 INFO (ControllerParamCheckAndLogAOP.java:84) - 请求地址：http://localhost:8081/timePicker/all
2018-05-15 22:42:58,083 INFO (ControllerParamCheckAndLogAOP.java:85) - 请求类型：GET
2018-05-15 22:42:58,083 INFO (ControllerParamCheckAndLogAOP.java:85) - 请求类型：GET
2018-05-15 22:42:58,083 INFO (ControllerParamCheckAndLogAOP.java:86) - 访问类及方法：cn.edu.ahu.repairbackend.controller.InfoPlatformControllergetAllRepairCur
2018-05-15 22:42:58,084 INFO (ControllerParamCheckAndLogAOP.java:86) - 访问类及方法：cn.edu.ahu.repairbackend.controller.RepairTimePickerControllergetRepairTimePickerInfo
2018-05-15 22:42:58,084 INFO (ControllerParamCheckAndLogAOP.java:87) - 请求参数：[]
2018-05-15 22:42:58,084 INFO (ControllerParamCheckAndLogAOP.java:87) - 请求参数：[]
2018-05-15 22:42:58,113 INFO (ControllerParamCheckAndLogAOP.java:62) - 返回值：cn.edu.ahu.repairbackend.util.ResultMsg@4726ebdd
2018-05-15 22:42:58,113 INFO (ControllerParamCheckAndLogAOP.java:63) - 耗时：31
2018-05-15 22:42:58,114 INFO (ControllerParamCheckAndLogAOP.java:64) - 请求完成
2018-05-15 22:42:58,121 INFO (ControllerParamCheckAndLogAOP.java:62) - 返回值：cn.edu.ahu.repairbackend.util.ResultMsg@20ae59fa
2018-05-15 22:42:58,122 INFO (ControllerParamCheckAndLogAOP.java:63) - 耗时：40
2018-05-15 22:42:58,122 INFO (ControllerParamCheckAndLogAOP.java:64) - 请求完成
2018-05-15 22:43:01,175 INFO (ControllerParamCheckAndLogAOP.java:83) - 请求开始-------------------------------------------------------
2018-05-15 22:43:01,175 INFO (ControllerParamCheckAndLogAOP.java:84) - 请求地址：http://localhost:8081/repairInfo/all
2018-05-15 22:43:01,175 INFO (ControllerParamCheckAndLogAOP.java:85) - 请求类型：GET
2018-05-15 22:43:01,175 INFO (ControllerParamCheckAndLogAOP.java:86) - 访问类及方法：cn.edu.ahu.repairbackend.controller.RepairInfoControllergetAllRepairInfo
2018-05-15 22:43:01,175 INFO (ControllerParamCheckAndLogAOP.java:87) - 请求参数：[P16201106]
2018-05-15 22:43:01,191 INFO (ControllerParamCheckAndLogAOP.java:83) - 请求开始-------------------------------------------------------
2018-05-15 22:43:01,191 INFO (ControllerParamCheckAndLogAOP.java:84) - 请求地址：http://localhost:8081/timePicker/all
2018-05-15 22:43:01,192 INFO (ControllerParamCheckAndLogAOP.java:85) - 请求类型：GET
2018-05-15 22:43:01,192 INFO (ControllerParamCheckAndLogAOP.java:86) - 访问类及方法：cn.edu.ahu.repairbackend.controller.RepairTimePickerControllergetRepairTimePickerInfo
2018-05-15 22:43:01,192 INFO (ControllerParamCheckAndLogAOP.java:87) - 请求参数：[]
2018-05-15 22:43:01,211 INFO (ControllerParamCheckAndLogAOP.java:62) - 返回值：cn.edu.ahu.repairbackend.util.ResultMsg@664f9723
2018-05-15 22:43:01,211 INFO (ControllerParamCheckAndLogAOP.java:62) - 返回值：cn.edu.ahu.repairbackend.util.ResultMsg@45388174
2018-05-15 22:43:01,211 INFO (ControllerParamCheckAndLogAOP.java:63) - 耗时：20
2018-05-15 22:43:01,211 INFO (ControllerParamCheckAndLogAOP.java:64) - 请求完成
2018-05-15 22:43:01,211 INFO (ControllerParamCheckAndLogAOP.java:63) - 耗时：20
2018-05-15 22:43:01,212 INFO (ControllerParamCheckAndLogAOP.java:64) - 请求完成
2018-05-15 22:43:02,327 INFO (ControllerParamCheckAndLogAOP.java:83) - 请求开始-------------------------------------------------------
2018-05-15 22:43:02,328 INFO (ControllerParamCheckAndLogAOP.java:84) - 请求地址：http://localhost:8081/categories/child
2018-05-15 22:43:02,328 INFO (ControllerParamCheckAndLogAOP.java:85) - 请求类型：GET
2018-05-15 22:43:02,328 INFO (ControllerParamCheckAndLogAOP.java:86) - 访问类及方法：cn.edu.ahu.repairbackend.controller.RepairCategoriesControllergetRepairCategoriesInfoByParent
2018-05-15 22:43:02,328 INFO (ControllerParamCheckAndLogAOP.java:87) - 请求参数：[用水故障]
2018-05-15 22:43:02,331 INFO (ControllerParamCheckAndLogAOP.java:62) - 返回值：cn.edu.ahu.repairbackend.util.ResultMsg@ae6efae
2018-05-15 22:43:02,332 INFO (ControllerParamCheckAndLogAOP.java:63) - 耗时：5
2018-05-15 22:43:02,332 INFO (ControllerParamCheckAndLogAOP.java:64) - 请求完成
2018-05-15 22:43:08,647 INFO (ControllerParamCheckAndLogAOP.java:83) - 请求开始-------------------------------------------------------
2018-05-15 22:43:08,647 INFO (ControllerParamCheckAndLogAOP.java:84) - 请求地址：http://localhost:8081/categories/child
2018-05-15 22:43:08,647 INFO (ControllerParamCheckAndLogAOP.java:85) - 请求类型：GET
2018-05-15 22:43:08,647 INFO (ControllerParamCheckAndLogAOP.java:86) - 访问类及方法：cn.edu.ahu.repairbackend.controller.RepairCategoriesControllergetRepairCategoriesInfoByParent
2018-05-15 22:43:08,648 INFO (ControllerParamCheckAndLogAOP.java:87) - 请求参数：[用电故障]
2018-05-15 22:43:08,652 INFO (ControllerParamCheckAndLogAOP.java:62) - 返回值：cn.edu.ahu.repairbackend.util.ResultMsg@d934956
2018-05-15 22:43:08,652 INFO (ControllerParamCheckAndLogAOP.java:63) - 耗时：5
2018-05-15 22:43:08,652 INFO (ControllerParamCheckAndLogAOP.java:64) - 请求完成
2018-05-15 22:43:17,452 INFO (ControllerParamCheckAndLogAOP.java:83) - 请求开始-------------------------------------------------------
2018-05-15 22:43:17,452 INFO (ControllerParamCheckAndLogAOP.java:84) - 请求地址：http://localhost:8081/infoPlatform/getAllRepairCur
2018-05-15 22:43:17,453 INFO (ControllerParamCheckAndLogAOP.java:85) - 请求类型：GET
2018-05-15 22:43:17,453 INFO (ControllerParamCheckAndLogAOP.java:86) - 访问类及方法：cn.edu.ahu.repairbackend.controller.InfoPlatformControllergetAllRepairCur
2018-05-15 22:43:17,453 INFO (ControllerParamCheckAndLogAOP.java:87) - 请求参数：[]
2018-05-15 22:43:17,491 INFO (ControllerParamCheckAndLogAOP.java:62) - 返回值：cn.edu.ahu.repairbackend.util.ResultMsg@fd8c104
2018-05-15 22:43:17,491 INFO (ControllerParamCheckAndLogAOP.java:63) - 耗时：39
2018-05-15 22:43:17,491 INFO (ControllerParamCheckAndLogAOP.java:64) - 请求完成
2018-05-15 22:43:18,980 INFO (ControllerParamCheckAndLogAOP.java:83) - 请求开始-------------------------------------------------------
2018-05-15 22:43:18,981 INFO (ControllerParamCheckAndLogAOP.java:84) - 请求地址：http://localhost:8081/categories/child
2018-05-15 22:43:18,981 INFO (ControllerParamCheckAndLogAOP.java:85) - 请求类型：GET
2018-05-15 22:43:18,981 INFO (ControllerParamCheckAndLogAOP.java:86) - 访问类及方法：cn.edu.ahu.repairbackend.controller.RepairCategoriesControllergetRepairCategoriesInfoByParent
2018-05-15 22:43:18,981 INFO (ControllerParamCheckAndLogAOP.java:87) - 请求参数：[用水故障]
2018-05-15 22:43:18,985 INFO (ControllerParamCheckAndLogAOP.java:62) - 返回值：cn.edu.ahu.repairbackend.util.ResultMsg@15c9404d
2018-05-15 22:43:18,986 INFO (ControllerParamCheckAndLogAOP.java:63) - 耗时：6
2018-05-15 22:43:18,986 INFO (ControllerParamCheckAndLogAOP.java:64) - 请求完成
2018-05-15 22:44:32,086 INFO (ControllerParamCheckAndLogAOP.java:83) - 请求开始-------------------------------------------------------
2018-05-15 22:44:32,086 INFO (ControllerParamCheckAndLogAOP.java:84) - 请求地址：http://localhost:8081/infoPlatform/getAllRepairCur
2018-05-15 22:44:32,087 INFO (ControllerParamCheckAndLogAOP.java:85) - 请求类型：GET
2018-05-15 22:44:32,087 INFO (ControllerParamCheckAndLogAOP.java:86) - 访问类及方法：cn.edu.ahu.repairbackend.controller.InfoPlatformControllergetAllRepairCur
2018-05-15 22:44:32,087 INFO (ControllerParamCheckAndLogAOP.java:87) - 请求参数：[]
2018-05-15 22:44:32,133 INFO (ControllerParamCheckAndLogAOP.java:62) - 返回值：cn.edu.ahu.repairbackend.util.ResultMsg@425e14ea
2018-05-15 22:44:32,133 INFO (ControllerParamCheckAndLogAOP.java:63) - 耗时：47
2018-05-15 22:44:32,133 INFO (ControllerParamCheckAndLogAOP.java:64) - 请求完成
2018-05-15 22:44:34,246 INFO (ControllerParamCheckAndLogAOP.java:83) - 请求开始-------------------------------------------------------
2018-05-15 22:44:34,246 INFO (ControllerParamCheckAndLogAOP.java:84) - 请求地址：http://localhost:8081/categories/child
2018-05-15 22:44:34,246 INFO (ControllerParamCheckAndLogAOP.java:85) - 请求类型：GET
2018-05-15 22:44:34,246 INFO (ControllerParamCheckAndLogAOP.java:86) - 访问类及方法：cn.edu.ahu.repairbackend.controller.RepairCategoriesControllergetRepairCategoriesInfoByParent
2018-05-15 22:44:34,247 INFO (ControllerParamCheckAndLogAOP.java:87) - 请求参数：[用水故障]
2018-05-15 22:44:34,250 INFO (ControllerParamCheckAndLogAOP.java:62) - 返回值：cn.edu.ahu.repairbackend.util.ResultMsg@5d2fcac0
2018-05-15 22:44:34,250 INFO (ControllerParamCheckAndLogAOP.java:63) - 耗时：4
2018-05-15 22:44:34,251 INFO (ControllerParamCheckAndLogAOP.java:64) - 请求完成
2018-05-15 22:55:34,953 INFO (ControllerParamCheckAndLogAOP.java:83) - 请求开始-------------------------------------------------------
2018-05-15 22:55:34,953 INFO (ControllerParamCheckAndLogAOP.java:84) - 请求地址：http://localhost:8081/infoPlatform/getAllRepairCur
2018-05-15 22:55:34,953 INFO (ControllerParamCheckAndLogAOP.java:85) - 请求类型：GET
2018-05-15 22:55:34,953 INFO (ControllerParamCheckAndLogAOP.java:86) - 访问类及方法：cn.edu.ahu.repairbackend.controller.InfoPlatformControllergetAllRepairCur
2018-05-15 22:55:34,953 INFO (ControllerParamCheckAndLogAOP.java:87) - 请求参数：[]
2018-05-15 22:55:34,992 INFO (ControllerParamCheckAndLogAOP.java:62) - 返回值：cn.edu.ahu.repairbackend.util.ResultMsg@6e5f9349
2018-05-15 22:55:34,992 INFO (ControllerParamCheckAndLogAOP.java:63) - 耗时：39
2018-05-15 22:55:34,992 INFO (ControllerParamCheckAndLogAOP.java:64) - 请求完成
2018-05-15 22:57:00,090 INFO (ControllerParamCheckAndLogAOP.java:83) - 请求开始-------------------------------------------------------
2018-05-15 22:57:00,090 INFO (ControllerParamCheckAndLogAOP.java:84) - 请求地址：http://localhost:8081/infoPlatform/getAllRepairCur
2018-05-15 22:57:00,091 INFO (ControllerParamCheckAndLogAOP.java:85) - 请求类型：GET
2018-05-15 22:57:00,091 INFO (ControllerParamCheckAndLogAOP.java:86) - 访问类及方法：cn.edu.ahu.repairbackend.controller.InfoPlatformControllergetAllRepairCur
2018-05-15 22:57:00,091 INFO (ControllerParamCheckAndLogAOP.java:87) - 请求参数：[]
2018-05-15 22:57:00,143 INFO (ControllerParamCheckAndLogAOP.java:62) - 返回值：cn.edu.ahu.repairbackend.util.ResultMsg@3ae529a6
2018-05-15 22:57:00,144 INFO (ControllerParamCheckAndLogAOP.java:63) - 耗时：54
2018-05-15 22:57:00,144 INFO (ControllerParamCheckAndLogAOP.java:64) - 请求完成
2018-05-15 23:02:55,853 INFO (ControllerParamCheckAndLogAOP.java:83) - 请求开始-------------------------------------------------------
2018-05-15 23:02:55,854 INFO (ControllerParamCheckAndLogAOP.java:84) - 请求地址：http://localhost:8081/infoPlatform/getAllRepairCur
2018-05-15 23:02:55,854 INFO (ControllerParamCheckAndLogAOP.java:85) - 请求类型：GET
2018-05-15 23:02:55,854 INFO (ControllerParamCheckAndLogAOP.java:86) - 访问类及方法：cn.edu.ahu.repairbackend.controller.InfoPlatformControllergetAllRepairCur
2018-05-15 23:02:55,854 INFO (ControllerParamCheckAndLogAOP.java:87) - 请求参数：[]
2018-05-15 23:02:55,893 INFO (ControllerParamCheckAndLogAOP.java:62) - 返回值：cn.edu.ahu.repairbackend.util.ResultMsg@600b3985
2018-05-15 23:02:55,894 INFO (ControllerParamCheckAndLogAOP.java:63) - 耗时：40
2018-05-15 23:02:55,894 INFO (ControllerParamCheckAndLogAOP.java:64) - 请求完成
2018-05-15 23:02:58,366 INFO (ControllerParamCheckAndLogAOP.java:83) - 请求开始-------------------------------------------------------
2018-05-15 23:02:58,366 INFO (ControllerParamCheckAndLogAOP.java:84) - 请求地址：http://localhost:8081/infoPlatform/getAllRepairCur
2018-05-15 23:02:58,367 INFO (ControllerParamCheckAndLogAOP.java:85) - 请求类型：GET
2018-05-15 23:02:58,367 INFO (ControllerParamCheckAndLogAOP.java:86) - 访问类及方法：cn.edu.ahu.repairbackend.controller.InfoPlatformControllergetAllRepairCur
2018-05-15 23:02:58,367 INFO (ControllerParamCheckAndLogAOP.java:87) - 请求参数：[]
2018-05-15 23:02:58,401 INFO (ControllerParamCheckAndLogAOP.java:62) - 返回值：cn.edu.ahu.repairbackend.util.ResultMsg@7ea383f2
2018-05-15 23:02:58,401 INFO (ControllerParamCheckAndLogAOP.java:63) - 耗时：35
2018-05-15 23:02:58,401 INFO (ControllerParamCheckAndLogAOP.java:64) - 请求完成
2018-05-15 23:03:01,001 INFO (ControllerParamCheckAndLogAOP.java:83) - 请求开始-------------------------------------------------------
2018-05-15 23:03:01,001 INFO (ControllerParamCheckAndLogAOP.java:84) - 请求地址：http://localhost:8081/categories/all
2018-05-15 23:03:01,001 INFO (ControllerParamCheckAndLogAOP.java:85) - 请求类型：GET
2018-05-15 23:03:01,002 INFO (ControllerParamCheckAndLogAOP.java:86) - 访问类及方法：cn.edu.ahu.repairbackend.controller.RepairCategoriesControllergetRepairCategoriesInfo
2018-05-15 23:03:01,002 INFO (ControllerParamCheckAndLogAOP.java:83) - 请求开始-------------------------------------------------------
2018-05-15 23:03:01,002 INFO (ControllerParamCheckAndLogAOP.java:87) - 请求参数：[]
2018-05-15 23:03:01,002 INFO (ControllerParamCheckAndLogAOP.java:84) - 请求地址：http://localhost:8081/categories/child
2018-05-15 23:03:01,002 INFO (ControllerParamCheckAndLogAOP.java:85) - 请求类型：GET
2018-05-15 23:03:01,002 INFO (ControllerParamCheckAndLogAOP.java:86) - 访问类及方法：cn.edu.ahu.repairbackend.controller.RepairCategoriesControllergetRepairCategoriesInfoByParent
2018-05-15 23:03:01,003 INFO (ControllerParamCheckAndLogAOP.java:87) - 请求参数：[用水故障]
2018-05-15 23:03:01,010 INFO (ControllerParamCheckAndLogAOP.java:62) - 返回值：cn.edu.ahu.repairbackend.util.ResultMsg@272478f3
2018-05-15 23:03:01,010 INFO (ControllerParamCheckAndLogAOP.java:63) - 耗时：8
2018-05-15 23:03:01,011 INFO (ControllerParamCheckAndLogAOP.java:64) - 请求完成
2018-05-15 23:03:01,025 INFO (ControllerParamCheckAndLogAOP.java:62) - 返回值：cn.edu.ahu.repairbackend.util.ResultMsg@58f2a4b2
2018-05-15 23:03:01,026 INFO (ControllerParamCheckAndLogAOP.java:63) - 耗时：24
2018-05-15 23:03:01,026 INFO (ControllerParamCheckAndLogAOP.java:64) - 请求完成
2018-05-15 23:03:24,734 INFO (ControllerParamCheckAndLogAOP.java:83) - 请求开始-------------------------------------------------------
2018-05-15 23:03:24,734 INFO (ControllerParamCheckAndLogAOP.java:84) - 请求地址：http://localhost:8081/infoPlatform/getAllRepairCur
2018-05-15 23:03:24,734 INFO (ControllerParamCheckAndLogAOP.java:85) - 请求类型：GET
2018-05-15 23:03:24,735 INFO (ControllerParamCheckAndLogAOP.java:86) - 访问类及方法：cn.edu.ahu.repairbackend.controller.InfoPlatformControllergetAllRepairCur
2018-05-15 23:03:24,735 INFO (ControllerParamCheckAndLogAOP.java:87) - 请求参数：[]
2018-05-15 23:03:24,778 INFO (ControllerParamCheckAndLogAOP.java:62) - 返回值：cn.edu.ahu.repairbackend.util.ResultMsg@20075714
2018-05-15 23:03:24,778 INFO (ControllerParamCheckAndLogAOP.java:63) - 耗时：44
2018-05-15 23:03:24,778 INFO (ControllerParamCheckAndLogAOP.java:64) - 请求完成
2018-05-15 23:03:26,537 INFO (ControllerParamCheckAndLogAOP.java:83) - 请求开始-------------------------------------------------------
2018-05-15 23:03:26,537 INFO (ControllerParamCheckAndLogAOP.java:84) - 请求地址：http://localhost:8081/infoPlatform/getAllRepairCur
2018-05-15 23:03:26,537 INFO (ControllerParamCheckAndLogAOP.java:85) - 请求类型：GET
2018-05-15 23:03:26,538 INFO (ControllerParamCheckAndLogAOP.java:86) - 访问类及方法：cn.edu.ahu.repairbackend.controller.InfoPlatformControllergetAllRepairCur
2018-05-15 23:03:26,538 INFO (ControllerParamCheckAndLogAOP.java:87) - 请求参数：[]
2018-05-15 23:03:26,574 INFO (ControllerParamCheckAndLogAOP.java:62) - 返回值：cn.edu.ahu.repairbackend.util.ResultMsg@7f91efa3
2018-05-15 23:03:26,574 INFO (ControllerParamCheckAndLogAOP.java:63) - 耗时：37
2018-05-15 23:03:26,574 INFO (ControllerParamCheckAndLogAOP.java:64) - 请求完成
2018-05-15 23:03:28,103 INFO (ControllerParamCheckAndLogAOP.java:83) - 请求开始-------------------------------------------------------
2018-05-15 23:03:28,104 INFO (ControllerParamCheckAndLogAOP.java:84) - 请求地址：http://localhost:8081/categories/all
2018-05-15 23:03:28,104 INFO (ControllerParamCheckAndLogAOP.java:85) - 请求类型：GET
2018-05-15 23:03:28,104 INFO (ControllerParamCheckAndLogAOP.java:86) - 访问类及方法：cn.edu.ahu.repairbackend.controller.RepairCategoriesControllergetRepairCategoriesInfo
2018-05-15 23:03:28,104 INFO (ControllerParamCheckAndLogAOP.java:87) - 请求参数：[]
2018-05-15 23:03:28,104 INFO (ControllerParamCheckAndLogAOP.java:83) - 请求开始-------------------------------------------------------
2018-05-15 23:03:28,104 INFO (ControllerParamCheckAndLogAOP.java:84) - 请求地址：http://localhost:8081/categories/child
2018-05-15 23:03:28,104 INFO (ControllerParamCheckAndLogAOP.java:85) - 请求类型：GET
2018-05-15 23:03:28,105 INFO (ControllerParamCheckAndLogAOP.java:86) - 访问类及方法：cn.edu.ahu.repairbackend.controller.RepairCategoriesControllergetRepairCategoriesInfoByParent
2018-05-15 23:03:28,105 INFO (ControllerParamCheckAndLogAOP.java:87) - 请求参数：[用水故障]
2018-05-15 23:03:28,109 INFO (ControllerParamCheckAndLogAOP.java:62) - 返回值：cn.edu.ahu.repairbackend.util.ResultMsg@1c394042
2018-05-15 23:03:28,110 INFO (ControllerParamCheckAndLogAOP.java:63) - 耗时：6
2018-05-15 23:03:28,110 INFO (ControllerParamCheckAndLogAOP.java:64) - 请求完成
2018-05-15 23:03:28,113 INFO (ControllerParamCheckAndLogAOP.java:62) - 返回值：cn.edu.ahu.repairbackend.util.ResultMsg@3f9a06cd
2018-05-15 23:03:28,113 INFO (ControllerParamCheckAndLogAOP.java:63) - 耗时：9
2018-05-15 23:03:28,113 INFO (ControllerParamCheckAndLogAOP.java:64) - 请求完成
2018-05-15 23:04:48,578 INFO (ControllerParamCheckAndLogAOP.java:83) - 请求开始-------------------------------------------------------
2018-05-15 23:04:48,578 INFO (ControllerParamCheckAndLogAOP.java:84) - 请求地址：http://localhost:8081/infoPlatform/getAllRepairCur
2018-05-15 23:04:48,578 INFO (ControllerParamCheckAndLogAOP.java:85) - 请求类型：GET
2018-05-15 23:04:48,578 INFO (ControllerParamCheckAndLogAOP.java:86) - 访问类及方法：cn.edu.ahu.repairbackend.controller.InfoPlatformControllergetAllRepairCur
2018-05-15 23:04:48,578 INFO (ControllerParamCheckAndLogAOP.java:87) - 请求参数：[]
2018-05-15 23:04:48,618 INFO (ControllerParamCheckAndLogAOP.java:62) - 返回值：cn.edu.ahu.repairbackend.util.ResultMsg@6d7c55f
2018-05-15 23:04:48,618 INFO (ControllerParamCheckAndLogAOP.java:63) - 耗时：40
2018-05-15 23:04:48,618 INFO (ControllerParamCheckAndLogAOP.java:64) - 请求完成
2018-05-15 23:04:50,075 INFO (ControllerParamCheckAndLogAOP.java:83) - 请求开始-------------------------------------------------------
2018-05-15 23:04:50,076 INFO (ControllerParamCheckAndLogAOP.java:83) - 请求开始-------------------------------------------------------
2018-05-15 23:04:50,076 INFO (ControllerParamCheckAndLogAOP.java:84) - 请求地址：http://localhost:8081/categories/all
2018-05-15 23:04:50,076 INFO (ControllerParamCheckAndLogAOP.java:85) - 请求类型：GET
2018-05-15 23:04:50,076 INFO (ControllerParamCheckAndLogAOP.java:86) - 访问类及方法：cn.edu.ahu.repairbackend.controller.RepairCategoriesControllergetRepairCategoriesInfo
2018-05-15 23:04:50,076 INFO (ControllerParamCheckAndLogAOP.java:87) - 请求参数：[]
2018-05-15 23:04:50,076 INFO (ControllerParamCheckAndLogAOP.java:84) - 请求地址：http://localhost:8081/categories/child
2018-05-15 23:04:50,076 INFO (ControllerParamCheckAndLogAOP.java:85) - 请求类型：GET
2018-05-15 23:04:50,077 INFO (ControllerParamCheckAndLogAOP.java:86) - 访问类及方法：cn.edu.ahu.repairbackend.controller.RepairCategoriesControllergetRepairCategoriesInfoByParent
2018-05-15 23:04:50,077 INFO (ControllerParamCheckAndLogAOP.java:87) - 请求参数：[用水故障]
2018-05-15 23:04:50,082 INFO (ControllerParamCheckAndLogAOP.java:62) - 返回值：cn.edu.ahu.repairbackend.util.ResultMsg@26ce182
2018-05-15 23:04:50,082 INFO (ControllerParamCheckAndLogAOP.java:63) - 耗时：6
2018-05-15 23:04:50,082 INFO (ControllerParamCheckAndLogAOP.java:64) - 请求完成
2018-05-15 23:04:50,083 INFO (ControllerParamCheckAndLogAOP.java:62) - 返回值：cn.edu.ahu.repairbackend.util.ResultMsg@4688430d
2018-05-15 23:04:50,083 INFO (ControllerParamCheckAndLogAOP.java:63) - 耗时：7
2018-05-15 23:04:50,083 INFO (ControllerParamCheckAndLogAOP.java:64) - 请求完成
2018-05-15 23:05:40,905 INFO (ControllerParamCheckAndLogAOP.java:83) - 请求开始-------------------------------------------------------
2018-05-15 23:05:40,905 INFO (ControllerParamCheckAndLogAOP.java:84) - 请求地址：http://localhost:8081/infoPlatform/getAllRepairCur
2018-05-15 23:05:40,905 INFO (ControllerParamCheckAndLogAOP.java:85) - 请求类型：GET
2018-05-15 23:05:40,906 INFO (ControllerParamCheckAndLogAOP.java:86) - 访问类及方法：cn.edu.ahu.repairbackend.controller.InfoPlatformControllergetAllRepairCur
2018-05-15 23:05:40,906 INFO (ControllerParamCheckAndLogAOP.java:87) - 请求参数：[]
2018-05-15 23:05:40,945 INFO (ControllerParamCheckAndLogAOP.java:62) - 返回值：cn.edu.ahu.repairbackend.util.ResultMsg@48ada903
2018-05-15 23:05:40,945 INFO (ControllerParamCheckAndLogAOP.java:63) - 耗时：40
2018-05-15 23:05:40,945 INFO (ControllerParamCheckAndLogAOP.java:64) - 请求完成
2018-05-15 23:05:42,515 INFO (ControllerParamCheckAndLogAOP.java:83) - 请求开始-------------------------------------------------------
2018-05-15 23:05:42,515 INFO (ControllerParamCheckAndLogAOP.java:83) - 请求开始-------------------------------------------------------
2018-05-15 23:05:42,515 INFO (ControllerParamCheckAndLogAOP.java:84) - 请求地址：http://localhost:8081/categories/all
2018-05-15 23:05:42,515 INFO (ControllerParamCheckAndLogAOP.java:84) - 请求地址：http://localhost:8081/categories/child
2018-05-15 23:05:42,515 INFO (ControllerParamCheckAndLogAOP.java:85) - 请求类型：GET
2018-05-15 23:05:42,515 INFO (ControllerParamCheckAndLogAOP.java:86) - 访问类及方法：cn.edu.ahu.repairbackend.controller.RepairCategoriesControllergetRepairCategoriesInfoByParent
2018-05-15 23:05:42,515 INFO (ControllerParamCheckAndLogAOP.java:85) - 请求类型：GET
2018-05-15 23:05:42,516 INFO (ControllerParamCheckAndLogAOP.java:86) - 访问类及方法：cn.edu.ahu.repairbackend.controller.RepairCategoriesControllergetRepairCategoriesInfo
2018-05-15 23:05:42,516 INFO (ControllerParamCheckAndLogAOP.java:87) - 请求参数：[用水故障]
2018-05-15 23:05:42,516 INFO (ControllerParamCheckAndLogAOP.java:87) - 请求参数：[]
2018-05-15 23:05:42,522 INFO (ControllerParamCheckAndLogAOP.java:62) - 返回值：cn.edu.ahu.repairbackend.util.ResultMsg@6ea9a428
2018-05-15 23:05:42,522 INFO (ControllerParamCheckAndLogAOP.java:63) - 耗时：7
2018-05-15 23:05:42,522 INFO (ControllerParamCheckAndLogAOP.java:64) - 请求完成
2018-05-15 23:05:42,524 INFO (ControllerParamCheckAndLogAOP.java:62) - 返回值：cn.edu.ahu.repairbackend.util.ResultMsg@42f69d32
2018-05-15 23:05:42,524 INFO (ControllerParamCheckAndLogAOP.java:63) - 耗时：9
2018-05-15 23:05:42,524 INFO (ControllerParamCheckAndLogAOP.java:64) - 请求完成
