2018-03-19 16:15:48,415 INFO (ControllerParamCheckAndLogAOP.java:83) - 请求开始-------------------------------------------------------
2018-03-19 16:15:48,432 INFO (ControllerParamCheckAndLogAOP.java:84) - 请求地址：http://localhost:8081/timePicker/all
2018-03-19 16:15:48,432 INFO (ControllerParamCheckAndLogAOP.java:85) - 请求类型：GET
2018-03-19 16:15:48,433 INFO (ControllerParamCheckAndLogAOP.java:86) - 访问类及方法：cn.edu.ahu.repairbackend.controller.RepairTimePickerControllergetRepairTimePickerInfo
2018-03-19 16:15:48,433 INFO (ControllerParamCheckAndLogAOP.java:87) - 请求参数：[]
2018-03-19 16:15:48,752 INFO (ControllerParamCheckAndLogAOP.java:62) - 返回值：cn.edu.ahu.repairbackend.util.ResultMsg@12b5fc16
2018-03-19 16:15:48,753 INFO (ControllerParamCheckAndLogAOP.java:63) - 耗时：338
2018-03-19 16:15:48,753 INFO (ControllerParamCheckAndLogAOP.java:64) - 请求完成
2018-03-19 17:06:34,066 INFO (ControllerParamCheckAndLogAOP.java:83) - 请求开始-------------------------------------------------------
2018-03-19 17:06:34,067 INFO (ControllerParamCheckAndLogAOP.java:84) - 请求地址：http://localhost:8081/timePicker/all
2018-03-19 17:06:34,067 INFO (ControllerParamCheckAndLogAOP.java:85) - 请求类型：GET
2018-03-19 17:06:34,068 INFO (ControllerParamCheckAndLogAOP.java:86) - 访问类及方法：cn.edu.ahu.repairbackend.controller.RepairTimePickerControllergetRepairTimePickerInfo
2018-03-19 17:06:34,068 INFO (ControllerParamCheckAndLogAOP.java:87) - 请求参数：[]
2018-03-19 17:06:34,188 INFO (ControllerParamCheckAndLogAOP.java:62) - 返回值：cn.edu.ahu.repairbackend.util.ResultMsg@52027396
2018-03-19 17:06:34,188 INFO (ControllerParamCheckAndLogAOP.java:63) - 耗时：122
2018-03-19 17:06:34,189 INFO (ControllerParamCheckAndLogAOP.java:64) - 请求完成
2018-03-19 17:10:01,752 INFO (ControllerParamCheckAndLogAOP.java:83) - 请求开始-------------------------------------------------------
2018-03-19 17:10:01,752 INFO (ControllerParamCheckAndLogAOP.java:84) - 请求地址：http://localhost:8081/timePicker/all
2018-03-19 17:10:01,752 INFO (ControllerParamCheckAndLogAOP.java:85) - 请求类型：GET
2018-03-19 17:10:01,752 INFO (ControllerParamCheckAndLogAOP.java:86) - 访问类及方法：cn.edu.ahu.repairbackend.controller.RepairTimePickerControllergetRepairTimePickerInfo
2018-03-19 17:10:01,753 INFO (ControllerParamCheckAndLogAOP.java:87) - 请求参数：[]
2018-03-19 17:10:01,763 INFO (ControllerParamCheckAndLogAOP.java:62) - 返回值：cn.edu.ahu.repairbackend.util.ResultMsg@55aa48b1
2018-03-19 17:10:01,764 INFO (ControllerParamCheckAndLogAOP.java:63) - 耗时：12
2018-03-19 17:10:01,764 INFO (ControllerParamCheckAndLogAOP.java:64) - 请求完成
2018-03-19 19:13:44,182 INFO (ControllerParamCheckAndLogAOP.java:83) - 请求开始-------------------------------------------------------
2018-03-19 19:13:44,185 INFO (ControllerParamCheckAndLogAOP.java:84) - 请求地址：http://localhost:8081/timePicker/all
2018-03-19 19:13:44,186 INFO (ControllerParamCheckAndLogAOP.java:85) - 请求类型：GET
2018-03-19 19:13:44,186 INFO (ControllerParamCheckAndLogAOP.java:86) - 访问类及方法：cn.edu.ahu.repairbackend.controller.RepairTimePickerControllergetRepairTimePickerInfo
2018-03-19 19:13:44,186 INFO (ControllerParamCheckAndLogAOP.java:87) - 请求参数：[]
2018-03-19 19:13:44,207 INFO (ControllerParamCheckAndLogAOP.java:62) - 返回值：cn.edu.ahu.repairbackend.util.ResultMsg@6cfacb43
2018-03-19 19:13:44,208 INFO (ControllerParamCheckAndLogAOP.java:63) - 耗时：26
2018-03-19 19:13:44,208 INFO (ControllerParamCheckAndLogAOP.java:64) - 请求完成
2018-03-19 19:17:51,122 INFO (ControllerParamCheckAndLogAOP.java:83) - 请求开始-------------------------------------------------------
2018-03-19 19:17:51,122 INFO (ControllerParamCheckAndLogAOP.java:84) - 请求地址：http://localhost:8081/timePicker/all
2018-03-19 19:17:51,123 INFO (ControllerParamCheckAndLogAOP.java:85) - 请求类型：GET
2018-03-19 19:17:51,123 INFO (ControllerParamCheckAndLogAOP.java:86) - 访问类及方法：cn.edu.ahu.repairbackend.controller.RepairTimePickerControllergetRepairTimePickerInfo
2018-03-19 19:17:51,123 INFO (ControllerParamCheckAndLogAOP.java:87) - 请求参数：[]
2018-03-19 19:17:51,735 INFO (ControllerParamCheckAndLogAOP.java:62) - 返回值：cn.edu.ahu.repairbackend.util.ResultMsg@95504bc
2018-03-19 19:17:51,736 INFO (ControllerParamCheckAndLogAOP.java:63) - 耗时：614
2018-03-19 19:17:51,736 INFO (ControllerParamCheckAndLogAOP.java:64) - 请求完成
2018-03-19 19:17:53,433 INFO (ControllerParamCheckAndLogAOP.java:83) - 请求开始-------------------------------------------------------
2018-03-19 19:17:53,433 INFO (ControllerParamCheckAndLogAOP.java:84) - 请求地址：http://localhost:8081/timePicker/all
2018-03-19 19:17:53,433 INFO (ControllerParamCheckAndLogAOP.java:85) - 请求类型：GET
2018-03-19 19:17:53,433 INFO (ControllerParamCheckAndLogAOP.java:86) - 访问类及方法：cn.edu.ahu.repairbackend.controller.RepairTimePickerControllergetRepairTimePickerInfo
2018-03-19 19:17:53,434 INFO (ControllerParamCheckAndLogAOP.java:87) - 请求参数：[]
2018-03-19 19:17:53,446 INFO (ControllerParamCheckAndLogAOP.java:62) - 返回值：cn.edu.ahu.repairbackend.util.ResultMsg@74910445
2018-03-19 19:17:53,446 INFO (ControllerParamCheckAndLogAOP.java:63) - 耗时：13
2018-03-19 19:17:53,446 INFO (ControllerParamCheckAndLogAOP.java:64) - 请求完成
2018-03-19 19:18:16,010 INFO (ControllerParamCheckAndLogAOP.java:83) - 请求开始-------------------------------------------------------
2018-03-19 19:18:16,010 INFO (ControllerParamCheckAndLogAOP.java:84) - 请求地址：http://localhost:8081/user/login
2018-03-19 19:18:16,010 INFO (ControllerParamCheckAndLogAOP.java:85) - 请求类型：GET
2018-03-19 19:18:16,010 INFO (ControllerParamCheckAndLogAOP.java:86) - 访问类及方法：cn.edu.ahu.repairbackend.controller.UserInfoControllergetUserInfoByNumberAndIdCard
2018-03-19 19:18:16,011 INFO (ControllerParamCheckAndLogAOP.java:87) - 请求参数：[P16201106, 530061]
2018-03-19 19:18:16,079 INFO (ControllerParamCheckAndLogAOP.java:62) - 返回值：cn.edu.ahu.repairbackend.util.ResultMsg@49f19f19
2018-03-19 19:18:16,079 INFO (ControllerParamCheckAndLogAOP.java:63) - 耗时：69
2018-03-19 19:18:16,080 INFO (ControllerParamCheckAndLogAOP.java:64) - 请求完成
2018-03-19 19:18:16,112 INFO (ControllerParamCheckAndLogAOP.java:83) - 请求开始-------------------------------------------------------
2018-03-19 19:18:16,113 INFO (ControllerParamCheckAndLogAOP.java:84) - 请求地址：http://localhost:8081/timePicker/all
2018-03-19 19:18:16,113 INFO (ControllerParamCheckAndLogAOP.java:85) - 请求类型：GET
2018-03-19 19:18:16,113 INFO (ControllerParamCheckAndLogAOP.java:86) - 访问类及方法：cn.edu.ahu.repairbackend.controller.RepairTimePickerControllergetRepairTimePickerInfo
2018-03-19 19:18:16,113 INFO (ControllerParamCheckAndLogAOP.java:87) - 请求参数：[]
2018-03-19 19:18:16,723 INFO (ControllerParamCheckAndLogAOP.java:62) - 返回值：cn.edu.ahu.repairbackend.util.ResultMsg@7b1badb4
2018-03-19 19:18:16,723 INFO (ControllerParamCheckAndLogAOP.java:63) - 耗时：611
2018-03-19 19:18:16,724 INFO (ControllerParamCheckAndLogAOP.java:64) - 请求完成
2018-03-19 19:18:50,811 INFO (ControllerParamCheckAndLogAOP.java:83) - 请求开始-------------------------------------------------------
2018-03-19 19:18:50,812 INFO (ControllerParamCheckAndLogAOP.java:84) - 请求地址：http://localhost:8081/timePicker/all
2018-03-19 19:18:50,812 INFO (ControllerParamCheckAndLogAOP.java:85) - 请求类型：GET
2018-03-19 19:18:50,814 INFO (ControllerParamCheckAndLogAOP.java:86) - 访问类及方法：cn.edu.ahu.repairbackend.controller.RepairTimePickerControllergetRepairTimePickerInfo
2018-03-19 19:18:50,814 INFO (ControllerParamCheckAndLogAOP.java:87) - 请求参数：[]
2018-03-19 19:18:51,245 INFO (ControllerParamCheckAndLogAOP.java:62) - 返回值：cn.edu.ahu.repairbackend.util.ResultMsg@5e899342
2018-03-19 19:18:51,245 INFO (ControllerParamCheckAndLogAOP.java:63) - 耗时：434
2018-03-19 19:18:51,245 INFO (ControllerParamCheckAndLogAOP.java:64) - 请求完成
2018-03-19 19:19:07,180 INFO (ControllerParamCheckAndLogAOP.java:83) - 请求开始-------------------------------------------------------
2018-03-19 19:19:07,180 INFO (ControllerParamCheckAndLogAOP.java:84) - 请求地址：http://localhost:8081/timePicker/all
2018-03-19 19:19:07,181 INFO (ControllerParamCheckAndLogAOP.java:85) - 请求类型：GET
2018-03-19 19:19:07,181 INFO (ControllerParamCheckAndLogAOP.java:86) - 访问类及方法：cn.edu.ahu.repairbackend.controller.RepairTimePickerControllergetRepairTimePickerInfo
2018-03-19 19:19:07,181 INFO (ControllerParamCheckAndLogAOP.java:87) - 请求参数：[]
2018-03-19 19:19:07,193 INFO (ControllerParamCheckAndLogAOP.java:62) - 返回值：cn.edu.ahu.repairbackend.util.ResultMsg@1e172e43
2018-03-19 19:19:07,193 INFO (ControllerParamCheckAndLogAOP.java:63) - 耗时：13
2018-03-19 19:19:07,193 INFO (ControllerParamCheckAndLogAOP.java:64) - 请求完成
2018-03-19 19:19:09,208 INFO (ControllerParamCheckAndLogAOP.java:83) - 请求开始-------------------------------------------------------
2018-03-19 19:19:09,208 INFO (ControllerParamCheckAndLogAOP.java:84) - 请求地址：http://localhost:8081/timePicker/all
2018-03-19 19:19:09,208 INFO (ControllerParamCheckAndLogAOP.java:85) - 请求类型：GET
2018-03-19 19:19:09,208 INFO (ControllerParamCheckAndLogAOP.java:86) - 访问类及方法：cn.edu.ahu.repairbackend.controller.RepairTimePickerControllergetRepairTimePickerInfo
2018-03-19 19:19:09,209 INFO (ControllerParamCheckAndLogAOP.java:87) - 请求参数：[]
2018-03-19 19:19:09,521 INFO (ControllerParamCheckAndLogAOP.java:62) - 返回值：cn.edu.ahu.repairbackend.util.ResultMsg@46059439
2018-03-19 19:19:09,521 INFO (ControllerParamCheckAndLogAOP.java:63) - 耗时：313
2018-03-19 19:19:09,521 INFO (ControllerParamCheckAndLogAOP.java:64) - 请求完成
2018-03-19 19:19:40,927 INFO (ControllerParamCheckAndLogAOP.java:83) - 请求开始-------------------------------------------------------
2018-03-19 19:19:40,928 INFO (ControllerParamCheckAndLogAOP.java:84) - 请求地址：http://localhost:8081/timePicker/all
2018-03-19 19:19:40,928 INFO (ControllerParamCheckAndLogAOP.java:85) - 请求类型：GET
2018-03-19 19:19:40,928 INFO (ControllerParamCheckAndLogAOP.java:86) - 访问类及方法：cn.edu.ahu.repairbackend.controller.RepairTimePickerControllergetRepairTimePickerInfo
2018-03-19 19:19:40,928 INFO (ControllerParamCheckAndLogAOP.java:87) - 请求参数：[]
2018-03-19 19:19:41,240 INFO (ControllerParamCheckAndLogAOP.java:62) - 返回值：cn.edu.ahu.repairbackend.util.ResultMsg@33af68f
2018-03-19 19:19:41,241 INFO (ControllerParamCheckAndLogAOP.java:63) - 耗时：314
2018-03-19 19:19:41,241 INFO (ControllerParamCheckAndLogAOP.java:64) - 请求完成
2018-03-19 19:20:10,490 INFO (ControllerParamCheckAndLogAOP.java:83) - 请求开始-------------------------------------------------------
2018-03-19 19:20:10,490 INFO (ControllerParamCheckAndLogAOP.java:84) - 请求地址：http://localhost:8081/timePicker/all
2018-03-19 19:20:10,490 INFO (ControllerParamCheckAndLogAOP.java:85) - 请求类型：GET
2018-03-19 19:20:10,490 INFO (ControllerParamCheckAndLogAOP.java:86) - 访问类及方法：cn.edu.ahu.repairbackend.controller.RepairTimePickerControllergetRepairTimePickerInfo
2018-03-19 19:20:10,490 INFO (ControllerParamCheckAndLogAOP.java:87) - 请求参数：[]
2018-03-19 19:20:10,804 INFO (ControllerParamCheckAndLogAOP.java:62) - 返回值：cn.edu.ahu.repairbackend.util.ResultMsg@1fca40bd
2018-03-19 19:20:10,805 INFO (ControllerParamCheckAndLogAOP.java:63) - 耗时：315
2018-03-19 19:20:10,805 INFO (ControllerParamCheckAndLogAOP.java:64) - 请求完成
2018-03-19 19:22:37,449 INFO (ControllerParamCheckAndLogAOP.java:83) - 请求开始-------------------------------------------------------
2018-03-19 19:22:37,449 INFO (ControllerParamCheckAndLogAOP.java:84) - 请求地址：http://localhost:8081/categories/child
2018-03-19 19:22:37,449 INFO (ControllerParamCheckAndLogAOP.java:85) - 请求类型：GET
2018-03-19 19:22:37,452 INFO (ControllerParamCheckAndLogAOP.java:86) - 访问类及方法：cn.edu.ahu.repairbackend.controller.RepairCategoriesControllergetRepairCategoriesInfoByParent
2018-03-19 19:22:37,452 INFO (ControllerParamCheckAndLogAOP.java:87) - 请求参数：[用水故障]
2018-03-19 19:22:37,567 INFO (ControllerParamCheckAndLogAOP.java:62) - 返回值：cn.edu.ahu.repairbackend.util.ResultMsg@39e7a1a4
2018-03-19 19:22:37,567 INFO (ControllerParamCheckAndLogAOP.java:63) - 耗时：119
2018-03-19 19:22:37,567 INFO (ControllerParamCheckAndLogAOP.java:64) - 请求完成
2018-03-19 19:22:54,698 INFO (ControllerParamCheckAndLogAOP.java:83) - 请求开始-------------------------------------------------------
2018-03-19 19:22:54,698 INFO (ControllerParamCheckAndLogAOP.java:84) - 请求地址：http://localhost:8081/repairInfo/submit
2018-03-19 19:22:54,698 INFO (ControllerParamCheckAndLogAOP.java:85) - 请求类型：POST
2018-03-19 19:22:54,698 INFO (ControllerParamCheckAndLogAOP.java:86) - 访问类及方法：cn.edu.ahu.repairbackend.controller.RepairInfoControllersubmitRepairInfo
2018-03-19 19:22:54,699 INFO (ControllerParamCheckAndLogAOP.java:87) - 请求参数：[org.springframework.web.multipart.support.StandardMultipartHttpServletRequest$StandardMultipartFile@669d95df, cn.edu.ahu.repairbackend.json.RepairInfoJson@3378e6b4]
2018-03-19 19:22:56,028 INFO (ControllerParamCheckAndLogAOP.java:62) - 返回值：cn.edu.ahu.repairbackend.util.ResultMsg@4ff8c122
2018-03-19 19:22:56,029 INFO (ControllerParamCheckAndLogAOP.java:63) - 耗时：1331
2018-03-19 19:22:56,030 INFO (ControllerParamCheckAndLogAOP.java:64) - 请求完成
2018-03-19 19:23:07,590 INFO (ControllerParamCheckAndLogAOP.java:83) - 请求开始-------------------------------------------------------
2018-03-19 19:23:07,590 INFO (ControllerParamCheckAndLogAOP.java:84) - 请求地址：http://localhost:8081/timePicker/all
2018-03-19 19:23:07,590 INFO (ControllerParamCheckAndLogAOP.java:85) - 请求类型：GET
2018-03-19 19:23:07,591 INFO (ControllerParamCheckAndLogAOP.java:86) - 访问类及方法：cn.edu.ahu.repairbackend.controller.RepairTimePickerControllergetRepairTimePickerInfo
2018-03-19 19:23:07,591 INFO (ControllerParamCheckAndLogAOP.java:87) - 请求参数：[]
2018-03-19 19:23:07,914 INFO (ControllerParamCheckAndLogAOP.java:62) - 返回值：cn.edu.ahu.repairbackend.util.ResultMsg@49d49ae0
2018-03-19 19:23:07,914 INFO (ControllerParamCheckAndLogAOP.java:63) - 耗时：324
2018-03-19 19:23:07,914 INFO (ControllerParamCheckAndLogAOP.java:64) - 请求完成
2018-03-19 19:24:56,244 INFO (ControllerParamCheckAndLogAOP.java:83) - 请求开始-------------------------------------------------------
2018-03-19 19:24:56,244 INFO (ControllerParamCheckAndLogAOP.java:84) - 请求地址：http://localhost:8081/timePicker/all
2018-03-19 19:24:56,244 INFO (ControllerParamCheckAndLogAOP.java:85) - 请求类型：GET
2018-03-19 19:24:56,245 INFO (ControllerParamCheckAndLogAOP.java:86) - 访问类及方法：cn.edu.ahu.repairbackend.controller.RepairTimePickerControllergetRepairTimePickerInfo
2018-03-19 19:24:56,245 INFO (ControllerParamCheckAndLogAOP.java:87) - 请求参数：[]
2018-03-19 19:24:56,559 INFO (ControllerParamCheckAndLogAOP.java:62) - 返回值：cn.edu.ahu.repairbackend.util.ResultMsg@34c3913b
2018-03-19 19:24:56,560 INFO (ControllerParamCheckAndLogAOP.java:63) - 耗时：316
2018-03-19 19:24:56,560 INFO (ControllerParamCheckAndLogAOP.java:64) - 请求完成
2018-03-19 19:25:25,699 INFO (ControllerParamCheckAndLogAOP.java:83) - 请求开始-------------------------------------------------------
2018-03-19 19:25:25,700 INFO (ControllerParamCheckAndLogAOP.java:84) - 请求地址：http://localhost:8081/timePicker/all
2018-03-19 19:25:25,700 INFO (ControllerParamCheckAndLogAOP.java:85) - 请求类型：GET
2018-03-19 19:25:25,700 INFO (ControllerParamCheckAndLogAOP.java:86) - 访问类及方法：cn.edu.ahu.repairbackend.controller.RepairTimePickerControllergetRepairTimePickerInfo
2018-03-19 19:25:25,701 INFO (ControllerParamCheckAndLogAOP.java:87) - 请求参数：[]
2018-03-19 19:25:26,014 INFO (ControllerParamCheckAndLogAOP.java:62) - 返回值：cn.edu.ahu.repairbackend.util.ResultMsg@7f4e7906
2018-03-19 19:25:26,015 INFO (ControllerParamCheckAndLogAOP.java:63) - 耗时：316
2018-03-19 19:25:26,015 INFO (ControllerParamCheckAndLogAOP.java:64) - 请求完成
2018-03-19 19:32:07,765 INFO (ControllerParamCheckAndLogAOP.java:83) - 请求开始-------------------------------------------------------
2018-03-19 19:32:07,765 INFO (ControllerParamCheckAndLogAOP.java:84) - 请求地址：http://localhost:8081/timePicker/all
2018-03-19 19:32:07,765 INFO (ControllerParamCheckAndLogAOP.java:85) - 请求类型：GET
2018-03-19 19:32:07,767 INFO (ControllerParamCheckAndLogAOP.java:86) - 访问类及方法：cn.edu.ahu.repairbackend.controller.RepairTimePickerControllergetRepairTimePickerInfo
2018-03-19 19:32:07,767 INFO (ControllerParamCheckAndLogAOP.java:87) - 请求参数：[]
2018-03-19 19:32:07,769 INFO (ControllerParamCheckAndLogAOP.java:83) - 请求开始-------------------------------------------------------
2018-03-19 19:32:07,769 INFO (ControllerParamCheckAndLogAOP.java:84) - 请求地址：http://localhost:8081/repairInfo/userUnfinished
2018-03-19 19:32:07,769 INFO (ControllerParamCheckAndLogAOP.java:85) - 请求类型：GET
2018-03-19 19:32:07,769 INFO (ControllerParamCheckAndLogAOP.java:86) - 访问类及方法：cn.edu.ahu.repairbackend.controller.RepairInfoControllergetUserUnfinished
2018-03-19 19:32:07,770 INFO (ControllerParamCheckAndLogAOP.java:87) - 请求参数：[P16201106]
2018-03-19 19:32:08,086 INFO (ControllerParamCheckAndLogAOP.java:62) - 返回值：cn.edu.ahu.repairbackend.util.ResultMsg@feea742
2018-03-19 19:32:08,087 INFO (ControllerParamCheckAndLogAOP.java:63) - 耗时：318
2018-03-19 19:32:08,087 INFO (ControllerParamCheckAndLogAOP.java:64) - 请求完成
2018-03-19 19:32:08,882 INFO (ControllerParamCheckAndLogAOP.java:62) - 返回值：cn.edu.ahu.repairbackend.util.ResultMsg@4c5e1da8
2018-03-19 19:32:08,882 INFO (ControllerParamCheckAndLogAOP.java:63) - 耗时：1113
2018-03-19 19:32:08,883 INFO (ControllerParamCheckAndLogAOP.java:64) - 请求完成
2018-03-19 19:34:14,385 INFO (ControllerParamCheckAndLogAOP.java:83) - 请求开始-------------------------------------------------------
2018-03-19 19:34:14,385 INFO (ControllerParamCheckAndLogAOP.java:84) - 请求地址：http://localhost:8081/repairInfo/userUnfinished
2018-03-19 19:34:14,385 INFO (ControllerParamCheckAndLogAOP.java:85) - 请求类型：GET
2018-03-19 19:34:14,385 INFO (ControllerParamCheckAndLogAOP.java:86) - 访问类及方法：cn.edu.ahu.repairbackend.controller.RepairInfoControllergetUserUnfinished
2018-03-19 19:34:14,386 INFO (ControllerParamCheckAndLogAOP.java:87) - 请求参数：[P16201106]
2018-03-19 19:34:14,391 INFO (ControllerParamCheckAndLogAOP.java:83) - 请求开始-------------------------------------------------------
2018-03-19 19:34:14,391 INFO (ControllerParamCheckAndLogAOP.java:84) - 请求地址：http://localhost:8081/timePicker/all
2018-03-19 19:34:14,391 INFO (ControllerParamCheckAndLogAOP.java:85) - 请求类型：GET
2018-03-19 19:34:14,391 INFO (ControllerParamCheckAndLogAOP.java:86) - 访问类及方法：cn.edu.ahu.repairbackend.controller.RepairTimePickerControllergetRepairTimePickerInfo
2018-03-19 19:34:14,391 INFO (ControllerParamCheckAndLogAOP.java:87) - 请求参数：[]
2018-03-19 19:34:14,604 INFO (ControllerParamCheckAndLogAOP.java:62) - 返回值：cn.edu.ahu.repairbackend.util.ResultMsg@27db5b98
2018-03-19 19:34:14,604 INFO (ControllerParamCheckAndLogAOP.java:63) - 耗时：213
2018-03-19 19:34:14,605 INFO (ControllerParamCheckAndLogAOP.java:64) - 请求完成
2018-03-19 19:34:14,606 INFO (ControllerParamCheckAndLogAOP.java:62) - 返回值：cn.edu.ahu.repairbackend.util.ResultMsg@3bc3fc54
2018-03-19 19:34:14,606 INFO (ControllerParamCheckAndLogAOP.java:63) - 耗时：215
2018-03-19 19:34:14,607 INFO (ControllerParamCheckAndLogAOP.java:64) - 请求完成
2018-03-19 19:34:16,531 INFO (ControllerParamCheckAndLogAOP.java:83) - 请求开始-------------------------------------------------------
2018-03-19 19:34:16,531 INFO (ControllerParamCheckAndLogAOP.java:84) - 请求地址：http://localhost:8081/repairInfo/userUnfinished
2018-03-19 19:34:16,531 INFO (ControllerParamCheckAndLogAOP.java:85) - 请求类型：GET
2018-03-19 19:34:16,532 INFO (ControllerParamCheckAndLogAOP.java:86) - 访问类及方法：cn.edu.ahu.repairbackend.controller.RepairInfoControllergetUserUnfinished
2018-03-19 19:34:16,532 INFO (ControllerParamCheckAndLogAOP.java:87) - 请求参数：[P16201106]
2018-03-19 19:34:16,546 INFO (ControllerParamCheckAndLogAOP.java:62) - 返回值：cn.edu.ahu.repairbackend.util.ResultMsg@263c0b19
2018-03-19 19:34:16,546 INFO (ControllerParamCheckAndLogAOP.java:63) - 耗时：15
2018-03-19 19:34:16,546 INFO (ControllerParamCheckAndLogAOP.java:64) - 请求完成
2018-03-19 19:34:16,551 INFO (ControllerParamCheckAndLogAOP.java:83) - 请求开始-------------------------------------------------------
2018-03-19 19:34:16,552 INFO (ControllerParamCheckAndLogAOP.java:84) - 请求地址：http://localhost:8081/timePicker/all
2018-03-19 19:34:16,552 INFO (ControllerParamCheckAndLogAOP.java:85) - 请求类型：GET
2018-03-19 19:34:16,552 INFO (ControllerParamCheckAndLogAOP.java:86) - 访问类及方法：cn.edu.ahu.repairbackend.controller.RepairTimePickerControllergetRepairTimePickerInfo
2018-03-19 19:34:16,552 INFO (ControllerParamCheckAndLogAOP.java:87) - 请求参数：[]
2018-03-19 19:34:18,063 INFO (ControllerParamCheckAndLogAOP.java:62) - 返回值：cn.edu.ahu.repairbackend.util.ResultMsg@74f9415c
2018-03-19 19:34:18,064 INFO (ControllerParamCheckAndLogAOP.java:63) - 耗时：1513
2018-03-19 19:34:18,064 INFO (ControllerParamCheckAndLogAOP.java:64) - 请求完成
2018-03-19 19:35:10,075 INFO (ControllerParamCheckAndLogAOP.java:83) - 请求开始-------------------------------------------------------
2018-03-19 19:35:10,075 INFO (ControllerParamCheckAndLogAOP.java:84) - 请求地址：http://localhost:8081/repairInfo/userUnfinished
2018-03-19 19:35:10,075 INFO (ControllerParamCheckAndLogAOP.java:85) - 请求类型：GET
2018-03-19 19:35:10,075 INFO (ControllerParamCheckAndLogAOP.java:86) - 访问类及方法：cn.edu.ahu.repairbackend.controller.RepairInfoControllergetUserUnfinished
2018-03-19 19:35:10,075 INFO (ControllerParamCheckAndLogAOP.java:87) - 请求参数：[P16201106]
2018-03-19 19:35:10,082 INFO (ControllerParamCheckAndLogAOP.java:83) - 请求开始-------------------------------------------------------
2018-03-19 19:35:10,082 INFO (ControllerParamCheckAndLogAOP.java:84) - 请求地址：http://localhost:8081/timePicker/all
2018-03-19 19:35:10,082 INFO (ControllerParamCheckAndLogAOP.java:85) - 请求类型：GET
2018-03-19 19:35:10,083 INFO (ControllerParamCheckAndLogAOP.java:86) - 访问类及方法：cn.edu.ahu.repairbackend.controller.RepairTimePickerControllergetRepairTimePickerInfo
2018-03-19 19:35:10,083 INFO (ControllerParamCheckAndLogAOP.java:87) - 请求参数：[]
2018-03-19 19:35:10,293 INFO (ControllerParamCheckAndLogAOP.java:62) - 返回值：cn.edu.ahu.repairbackend.util.ResultMsg@30f340a9
2018-03-19 19:35:10,293 INFO (ControllerParamCheckAndLogAOP.java:63) - 耗时：211
2018-03-19 19:35:10,293 INFO (ControllerParamCheckAndLogAOP.java:64) - 请求完成
2018-03-19 19:35:10,741 INFO (ControllerParamCheckAndLogAOP.java:62) - 返回值：cn.edu.ahu.repairbackend.util.ResultMsg@25beb5e3
2018-03-19 19:35:10,742 INFO (ControllerParamCheckAndLogAOP.java:63) - 耗时：660
2018-03-19 19:35:10,742 INFO (ControllerParamCheckAndLogAOP.java:64) - 请求完成
2018-03-19 19:36:27,162 INFO (ControllerParamCheckAndLogAOP.java:83) - 请求开始-------------------------------------------------------
2018-03-19 19:36:27,162 INFO (ControllerParamCheckAndLogAOP.java:84) - 请求地址：http://localhost:8081/repairInfo/userUnfinished
2018-03-19 19:36:27,163 INFO (ControllerParamCheckAndLogAOP.java:85) - 请求类型：GET
2018-03-19 19:36:27,163 INFO (ControllerParamCheckAndLogAOP.java:86) - 访问类及方法：cn.edu.ahu.repairbackend.controller.RepairInfoControllergetUserUnfinished
2018-03-19 19:36:27,163 INFO (ControllerParamCheckAndLogAOP.java:87) - 请求参数：[P16201106]
2018-03-19 19:36:27,179 INFO (ControllerParamCheckAndLogAOP.java:83) - 请求开始-------------------------------------------------------
2018-03-19 19:36:27,179 INFO (ControllerParamCheckAndLogAOP.java:84) - 请求地址：http://localhost:8081/timePicker/all
2018-03-19 19:36:27,179 INFO (ControllerParamCheckAndLogAOP.java:85) - 请求类型：GET
2018-03-19 19:36:27,180 INFO (ControllerParamCheckAndLogAOP.java:86) - 访问类及方法：cn.edu.ahu.repairbackend.controller.RepairTimePickerControllergetRepairTimePickerInfo
2018-03-19 19:36:27,180 INFO (ControllerParamCheckAndLogAOP.java:87) - 请求参数：[]
2018-03-19 19:36:27,481 INFO (ControllerParamCheckAndLogAOP.java:62) - 返回值：cn.edu.ahu.repairbackend.util.ResultMsg@445ae8e8
2018-03-19 19:36:27,482 INFO (ControllerParamCheckAndLogAOP.java:63) - 耗时：303
2018-03-19 19:36:27,482 INFO (ControllerParamCheckAndLogAOP.java:64) - 请求完成
2018-03-19 19:36:28,005 INFO (ControllerParamCheckAndLogAOP.java:62) - 返回值：cn.edu.ahu.repairbackend.util.ResultMsg@1e5d0593
2018-03-19 19:36:28,005 INFO (ControllerParamCheckAndLogAOP.java:63) - 耗时：826
2018-03-19 19:36:28,005 INFO (ControllerParamCheckAndLogAOP.java:64) - 请求完成
2018-03-19 19:37:05,973 INFO (ControllerParamCheckAndLogAOP.java:83) - 请求开始-------------------------------------------------------
2018-03-19 19:37:05,973 INFO (ControllerParamCheckAndLogAOP.java:84) - 请求地址：http://localhost:8081/repairInfo/userUnfinished
2018-03-19 19:37:05,973 INFO (ControllerParamCheckAndLogAOP.java:85) - 请求类型：GET
2018-03-19 19:37:05,973 INFO (ControllerParamCheckAndLogAOP.java:86) - 访问类及方法：cn.edu.ahu.repairbackend.controller.RepairInfoControllergetUserUnfinished
2018-03-19 19:37:05,974 INFO (ControllerParamCheckAndLogAOP.java:87) - 请求参数：[P16201106]
2018-03-19 19:37:05,991 INFO (ControllerParamCheckAndLogAOP.java:83) - 请求开始-------------------------------------------------------
2018-03-19 19:37:05,992 INFO (ControllerParamCheckAndLogAOP.java:84) - 请求地址：http://localhost:8081/timePicker/all
2018-03-19 19:37:05,992 INFO (ControllerParamCheckAndLogAOP.java:85) - 请求类型：GET
2018-03-19 19:37:05,992 INFO (ControllerParamCheckAndLogAOP.java:86) - 访问类及方法：cn.edu.ahu.repairbackend.controller.RepairTimePickerControllergetRepairTimePickerInfo
2018-03-19 19:37:05,993 INFO (ControllerParamCheckAndLogAOP.java:87) - 请求参数：[]
2018-03-19 19:37:06,315 INFO (ControllerParamCheckAndLogAOP.java:62) - 返回值：cn.edu.ahu.repairbackend.util.ResultMsg@5aee5915
2018-03-19 19:37:06,315 INFO (ControllerParamCheckAndLogAOP.java:63) - 耗时：324
2018-03-19 19:37:06,315 INFO (ControllerParamCheckAndLogAOP.java:64) - 请求完成
2018-03-19 19:37:06,967 INFO (ControllerParamCheckAndLogAOP.java:62) - 返回值：cn.edu.ahu.repairbackend.util.ResultMsg@653139f8
2018-03-19 19:37:06,968 INFO (ControllerParamCheckAndLogAOP.java:63) - 耗时：977
2018-03-19 19:37:06,968 INFO (ControllerParamCheckAndLogAOP.java:64) - 请求完成
2018-03-19 19:37:30,910 INFO (ControllerParamCheckAndLogAOP.java:83) - 请求开始-------------------------------------------------------
2018-03-19 19:37:30,911 INFO (ControllerParamCheckAndLogAOP.java:84) - 请求地址：http://localhost:8081/timePicker/all
2018-03-19 19:37:30,911 INFO (ControllerParamCheckAndLogAOP.java:85) - 请求类型：GET
2018-03-19 19:37:30,912 INFO (ControllerParamCheckAndLogAOP.java:86) - 访问类及方法：cn.edu.ahu.repairbackend.controller.RepairTimePickerControllergetRepairTimePickerInfo
2018-03-19 19:37:30,912 INFO (ControllerParamCheckAndLogAOP.java:87) - 请求参数：[]
2018-03-19 19:37:30,928 INFO (ControllerParamCheckAndLogAOP.java:83) - 请求开始-------------------------------------------------------
2018-03-19 19:37:30,929 INFO (ControllerParamCheckAndLogAOP.java:84) - 请求地址：http://localhost:8081/repairInfo/userUnfinished
2018-03-19 19:37:30,929 INFO (ControllerParamCheckAndLogAOP.java:85) - 请求类型：GET
2018-03-19 19:37:30,929 INFO (ControllerParamCheckAndLogAOP.java:86) - 访问类及方法：cn.edu.ahu.repairbackend.controller.RepairInfoControllergetUserUnfinished
2018-03-19 19:37:30,929 INFO (ControllerParamCheckAndLogAOP.java:87) - 请求参数：[P16201106]
2018-03-19 19:37:31,169 INFO (ControllerParamCheckAndLogAOP.java:62) - 返回值：cn.edu.ahu.repairbackend.util.ResultMsg@1bb9153b
2018-03-19 19:37:31,169 INFO (ControllerParamCheckAndLogAOP.java:63) - 耗时：241
2018-03-19 19:37:31,170 INFO (ControllerParamCheckAndLogAOP.java:64) - 请求完成
2018-03-19 19:37:31,678 INFO (ControllerParamCheckAndLogAOP.java:62) - 返回值：cn.edu.ahu.repairbackend.util.ResultMsg@5944c524
2018-03-19 19:37:31,678 INFO (ControllerParamCheckAndLogAOP.java:63) - 耗时：750
2018-03-19 19:37:31,679 INFO (ControllerParamCheckAndLogAOP.java:64) - 请求完成
2018-03-19 19:38:27,410 INFO (ControllerParamCheckAndLogAOP.java:83) - 请求开始-------------------------------------------------------
2018-03-19 19:38:27,411 INFO (ControllerParamCheckAndLogAOP.java:84) - 请求地址：http://localhost:8081/timePicker/all
2018-03-19 19:38:27,411 INFO (ControllerParamCheckAndLogAOP.java:85) - 请求类型：GET
2018-03-19 19:38:27,412 INFO (ControllerParamCheckAndLogAOP.java:86) - 访问类及方法：cn.edu.ahu.repairbackend.controller.RepairTimePickerControllergetRepairTimePickerInfo
2018-03-19 19:38:27,413 INFO (ControllerParamCheckAndLogAOP.java:87) - 请求参数：[]
2018-03-19 19:38:27,415 INFO (ControllerParamCheckAndLogAOP.java:83) - 请求开始-------------------------------------------------------
2018-03-19 19:38:27,415 INFO (ControllerParamCheckAndLogAOP.java:84) - 请求地址：http://localhost:8081/repairInfo/userUnfinished
2018-03-19 19:38:27,415 INFO (ControllerParamCheckAndLogAOP.java:85) - 请求类型：GET
2018-03-19 19:38:27,415 INFO (ControllerParamCheckAndLogAOP.java:86) - 访问类及方法：cn.edu.ahu.repairbackend.controller.RepairInfoControllergetUserUnfinished
2018-03-19 19:38:27,416 INFO (ControllerParamCheckAndLogAOP.java:87) - 请求参数：[P16201106]
2018-03-19 19:38:27,831 INFO (ControllerParamCheckAndLogAOP.java:62) - 返回值：cn.edu.ahu.repairbackend.util.ResultMsg@1d6a2af5
2018-03-19 19:38:27,832 INFO (ControllerParamCheckAndLogAOP.java:63) - 耗时：416
2018-03-19 19:38:27,832 INFO (ControllerParamCheckAndLogAOP.java:64) - 请求完成
2018-03-19 19:38:27,895 INFO (ControllerParamCheckAndLogAOP.java:62) - 返回值：cn.edu.ahu.repairbackend.util.ResultMsg@748e70cd
2018-03-19 19:38:27,895 INFO (ControllerParamCheckAndLogAOP.java:63) - 耗时：480
2018-03-19 19:38:27,896 INFO (ControllerParamCheckAndLogAOP.java:64) - 请求完成
2018-03-19 19:45:32,126 INFO (ControllerParamCheckAndLogAOP.java:83) - 请求开始-------------------------------------------------------
2018-03-19 19:45:32,127 INFO (ControllerParamCheckAndLogAOP.java:84) - 请求地址：http://localhost:8081/repairInfo/userUnfinished
2018-03-19 19:45:32,127 INFO (ControllerParamCheckAndLogAOP.java:85) - 请求类型：GET
2018-03-19 19:45:32,127 INFO (ControllerParamCheckAndLogAOP.java:86) - 访问类及方法：cn.edu.ahu.repairbackend.controller.RepairInfoControllergetUserUnfinished
2018-03-19 19:45:32,127 INFO (ControllerParamCheckAndLogAOP.java:87) - 请求参数：[P16201106]
2018-03-19 19:45:32,131 INFO (ControllerParamCheckAndLogAOP.java:83) - 请求开始-------------------------------------------------------
2018-03-19 19:45:32,131 INFO (ControllerParamCheckAndLogAOP.java:84) - 请求地址：http://localhost:8081/timePicker/all
2018-03-19 19:45:32,131 INFO (ControllerParamCheckAndLogAOP.java:85) - 请求类型：GET
2018-03-19 19:45:32,131 INFO (ControllerParamCheckAndLogAOP.java:86) - 访问类及方法：cn.edu.ahu.repairbackend.controller.RepairTimePickerControllergetRepairTimePickerInfo
2018-03-19 19:45:32,131 INFO (ControllerParamCheckAndLogAOP.java:87) - 请求参数：[]
2018-03-19 19:45:33,086 INFO (ControllerParamCheckAndLogAOP.java:62) - 返回值：cn.edu.ahu.repairbackend.util.ResultMsg@f69e6a7
2018-03-19 19:45:33,087 INFO (ControllerParamCheckAndLogAOP.java:63) - 耗时：956
2018-03-19 19:45:33,088 INFO (ControllerParamCheckAndLogAOP.java:64) - 请求完成
2018-03-19 19:45:34,254 INFO (ControllerParamCheckAndLogAOP.java:83) - 请求开始-------------------------------------------------------
2018-03-19 19:45:34,254 INFO (ControllerParamCheckAndLogAOP.java:84) - 请求地址：http://localhost:8081/repairInfo/userUnfinished
2018-03-19 19:45:34,254 INFO (ControllerParamCheckAndLogAOP.java:85) - 请求类型：GET
2018-03-19 19:45:34,254 INFO (ControllerParamCheckAndLogAOP.java:86) - 访问类及方法：cn.edu.ahu.repairbackend.controller.RepairInfoControllergetUserUnfinished
2018-03-19 19:45:34,254 INFO (ControllerParamCheckAndLogAOP.java:87) - 请求参数：[P16201106]
2018-03-19 19:45:34,271 INFO (ControllerParamCheckAndLogAOP.java:83) - 请求开始-------------------------------------------------------
2018-03-19 19:45:34,272 INFO (ControllerParamCheckAndLogAOP.java:84) - 请求地址：http://localhost:8081/timePicker/all
2018-03-19 19:45:34,272 INFO (ControllerParamCheckAndLogAOP.java:85) - 请求类型：GET
2018-03-19 19:45:34,272 INFO (ControllerParamCheckAndLogAOP.java:86) - 访问类及方法：cn.edu.ahu.repairbackend.controller.RepairTimePickerControllergetRepairTimePickerInfo
2018-03-19 19:45:34,272 INFO (ControllerParamCheckAndLogAOP.java:87) - 请求参数：[]
2018-03-19 19:45:34,483 INFO (ControllerParamCheckAndLogAOP.java:62) - 返回值：cn.edu.ahu.repairbackend.util.ResultMsg@e82f2b4
2018-03-19 19:45:34,484 INFO (ControllerParamCheckAndLogAOP.java:63) - 耗时：213
2018-03-19 19:45:34,484 INFO (ControllerParamCheckAndLogAOP.java:64) - 请求完成
2018-03-19 19:45:35,185 INFO (ControllerParamCheckAndLogAOP.java:62) - 返回值：cn.edu.ahu.repairbackend.util.ResultMsg@36d1a1a0
2018-03-19 19:45:35,186 INFO (ControllerParamCheckAndLogAOP.java:63) - 耗时：915
2018-03-19 19:45:35,186 INFO (ControllerParamCheckAndLogAOP.java:64) - 请求完成
2018-03-19 19:46:00,348 INFO (ControllerParamCheckAndLogAOP.java:62) - 返回值：cn.edu.ahu.repairbackend.util.ResultMsg@5f19451c
2018-03-19 19:46:00,349 INFO (ControllerParamCheckAndLogAOP.java:63) - 耗时：26078
2018-03-19 19:46:00,349 INFO (ControllerParamCheckAndLogAOP.java:64) - 请求完成
2018-03-19 19:50:58,006 INFO (ControllerParamCheckAndLogAOP.java:83) - 请求开始-------------------------------------------------------
2018-03-19 19:50:58,006 INFO (ControllerParamCheckAndLogAOP.java:84) - 请求地址：http://localhost:8081/repairInfo/userUnfinished
2018-03-19 19:50:58,006 INFO (ControllerParamCheckAndLogAOP.java:85) - 请求类型：GET
2018-03-19 19:50:58,007 INFO (ControllerParamCheckAndLogAOP.java:86) - 访问类及方法：cn.edu.ahu.repairbackend.controller.RepairInfoControllergetUserUnfinished
2018-03-19 19:50:58,007 INFO (ControllerParamCheckAndLogAOP.java:87) - 请求参数：[P16201106]
2018-03-19 19:50:58,010 INFO (ControllerParamCheckAndLogAOP.java:83) - 请求开始-------------------------------------------------------
2018-03-19 19:50:58,011 INFO (ControllerParamCheckAndLogAOP.java:84) - 请求地址：http://localhost:8081/timePicker/all
2018-03-19 19:50:58,011 INFO (ControllerParamCheckAndLogAOP.java:85) - 请求类型：GET
2018-03-19 19:50:58,011 INFO (ControllerParamCheckAndLogAOP.java:86) - 访问类及方法：cn.edu.ahu.repairbackend.controller.RepairTimePickerControllergetRepairTimePickerInfo
2018-03-19 19:50:58,011 INFO (ControllerParamCheckAndLogAOP.java:87) - 请求参数：[]
2018-03-19 19:50:58,976 INFO (ControllerParamCheckAndLogAOP.java:62) - 返回值：cn.edu.ahu.repairbackend.util.ResultMsg@662aa4f9
2018-03-19 19:50:58,977 INFO (ControllerParamCheckAndLogAOP.java:63) - 耗时：966
2018-03-19 19:50:58,977 INFO (ControllerParamCheckAndLogAOP.java:64) - 请求完成
2018-03-19 19:51:00,424 INFO (ControllerParamCheckAndLogAOP.java:62) - 返回值：cn.edu.ahu.repairbackend.util.ResultMsg@56916dce
2018-03-19 19:51:00,424 INFO (ControllerParamCheckAndLogAOP.java:63) - 耗时：2414
2018-03-19 19:51:00,424 INFO (ControllerParamCheckAndLogAOP.java:64) - 请求完成
2018-03-19 19:54:48,124 INFO (ControllerParamCheckAndLogAOP.java:83) - 请求开始-------------------------------------------------------
2018-03-19 19:54:48,125 INFO (ControllerParamCheckAndLogAOP.java:84) - 请求地址：http://localhost:8081/repairInfo/userUnfinished
2018-03-19 19:54:48,125 INFO (ControllerParamCheckAndLogAOP.java:85) - 请求类型：GET
2018-03-19 19:54:48,125 INFO (ControllerParamCheckAndLogAOP.java:86) - 访问类及方法：cn.edu.ahu.repairbackend.controller.RepairInfoControllergetUserUnfinished
2018-03-19 19:54:48,125 INFO (ControllerParamCheckAndLogAOP.java:87) - 请求参数：[P16201106]
2018-03-19 19:54:48,128 INFO (ControllerParamCheckAndLogAOP.java:83) - 请求开始-------------------------------------------------------
2018-03-19 19:54:48,128 INFO (ControllerParamCheckAndLogAOP.java:84) - 请求地址：http://localhost:8081/timePicker/all
2018-03-19 19:54:48,129 INFO (ControllerParamCheckAndLogAOP.java:85) - 请求类型：GET
2018-03-19 19:54:48,129 INFO (ControllerParamCheckAndLogAOP.java:86) - 访问类及方法：cn.edu.ahu.repairbackend.controller.RepairTimePickerControllergetRepairTimePickerInfo
2018-03-19 19:54:48,129 INFO (ControllerParamCheckAndLogAOP.java:87) - 请求参数：[]
2018-03-19 19:54:49,140 INFO (ControllerParamCheckAndLogAOP.java:62) - 返回值：cn.edu.ahu.repairbackend.util.ResultMsg@55af9101
2018-03-19 19:54:49,141 INFO (ControllerParamCheckAndLogAOP.java:63) - 耗时：1013
2018-03-19 19:54:49,141 INFO (ControllerParamCheckAndLogAOP.java:64) - 请求完成
2018-03-19 19:54:49,337 INFO (ControllerParamCheckAndLogAOP.java:62) - 返回值：cn.edu.ahu.repairbackend.util.ResultMsg@6d7dc767
2018-03-19 19:54:49,338 INFO (ControllerParamCheckAndLogAOP.java:63) - 耗时：1210
2018-03-19 19:54:49,338 INFO (ControllerParamCheckAndLogAOP.java:64) - 请求完成
2018-03-19 20:00:12,208 INFO (ControllerParamCheckAndLogAOP.java:83) - 请求开始-------------------------------------------------------
2018-03-19 20:00:12,209 INFO (ControllerParamCheckAndLogAOP.java:84) - 请求地址：http://localhost:8081/repairInfo/userUnfinished
2018-03-19 20:00:12,209 INFO (ControllerParamCheckAndLogAOP.java:85) - 请求类型：GET
2018-03-19 20:00:12,209 INFO (ControllerParamCheckAndLogAOP.java:86) - 访问类及方法：cn.edu.ahu.repairbackend.controller.RepairInfoControllergetUserUnfinished
2018-03-19 20:00:12,210 INFO (ControllerParamCheckAndLogAOP.java:87) - 请求参数：[P16201106]
2018-03-19 20:00:12,215 INFO (ControllerParamCheckAndLogAOP.java:83) - 请求开始-------------------------------------------------------
2018-03-19 20:00:12,216 INFO (ControllerParamCheckAndLogAOP.java:84) - 请求地址：http://localhost:8081/timePicker/all
2018-03-19 20:00:12,216 INFO (ControllerParamCheckAndLogAOP.java:85) - 请求类型：GET
2018-03-19 20:00:12,216 INFO (ControllerParamCheckAndLogAOP.java:86) - 访问类及方法：cn.edu.ahu.repairbackend.controller.RepairTimePickerControllergetRepairTimePickerInfo
2018-03-19 20:00:12,217 INFO (ControllerParamCheckAndLogAOP.java:87) - 请求参数：[]
2018-03-19 20:00:12,231 INFO (ControllerParamCheckAndLogAOP.java:62) - 返回值：cn.edu.ahu.repairbackend.util.ResultMsg@8c77dfd
2018-03-19 20:00:12,231 INFO (ControllerParamCheckAndLogAOP.java:63) - 耗时：16
2018-03-19 20:00:12,231 INFO (ControllerParamCheckAndLogAOP.java:64) - 请求完成
2018-03-19 20:00:12,811 INFO (ControllerParamCheckAndLogAOP.java:62) - 返回值：cn.edu.ahu.repairbackend.util.ResultMsg@5cfe5ecb
2018-03-19 20:00:12,811 INFO (ControllerParamCheckAndLogAOP.java:63) - 耗时：596
2018-03-19 20:00:12,811 INFO (ControllerParamCheckAndLogAOP.java:64) - 请求完成
2018-03-19 21:50:00,237 INFO (ControllerParamCheckAndLogAOP.java:83) - 请求开始-------------------------------------------------------
2018-03-19 21:50:00,238 INFO (ControllerParamCheckAndLogAOP.java:84) - 请求地址：http://localhost:8081/repairInfo/userUnfinished
2018-03-19 21:50:00,238 INFO (ControllerParamCheckAndLogAOP.java:85) - 请求类型：GET
2018-03-19 21:50:00,238 INFO (ControllerParamCheckAndLogAOP.java:86) - 访问类及方法：cn.edu.ahu.repairbackend.controller.RepairInfoControllergetUserUnfinished
2018-03-19 21:50:00,238 INFO (ControllerParamCheckAndLogAOP.java:87) - 请求参数：[P16201106]
2018-03-19 21:50:00,246 INFO (ControllerParamCheckAndLogAOP.java:83) - 请求开始-------------------------------------------------------
2018-03-19 21:50:00,246 INFO (ControllerParamCheckAndLogAOP.java:84) - 请求地址：http://localhost:8081/timePicker/all
2018-03-19 21:50:00,246 INFO (ControllerParamCheckAndLogAOP.java:85) - 请求类型：GET
2018-03-19 21:50:00,246 INFO (ControllerParamCheckAndLogAOP.java:86) - 访问类及方法：cn.edu.ahu.repairbackend.controller.RepairTimePickerControllergetRepairTimePickerInfo
2018-03-19 21:50:00,246 INFO (ControllerParamCheckAndLogAOP.java:87) - 请求参数：[]
2018-03-19 21:50:00,568 INFO (ControllerParamCheckAndLogAOP.java:62) - 返回值：cn.edu.ahu.repairbackend.util.ResultMsg@355f9fb9
2018-03-19 21:50:00,568 INFO (ControllerParamCheckAndLogAOP.java:63) - 耗时：322
2018-03-19 21:50:00,568 INFO (ControllerParamCheckAndLogAOP.java:64) - 请求完成
2018-03-19 21:50:00,647 INFO (ControllerParamCheckAndLogAOP.java:62) - 返回值：cn.edu.ahu.repairbackend.util.ResultMsg@7f1a10e2
2018-03-19 21:50:00,647 INFO (ControllerParamCheckAndLogAOP.java:63) - 耗时：401
2018-03-19 21:50:00,648 INFO (ControllerParamCheckAndLogAOP.java:64) - 请求完成
2018-03-19 22:07:11,231 INFO (ControllerParamCheckAndLogAOP.java:83) - 请求开始-------------------------------------------------------
2018-03-19 22:07:11,231 INFO (ControllerParamCheckAndLogAOP.java:84) - 请求地址：http://localhost:8081/categories/child
2018-03-19 22:07:11,231 INFO (ControllerParamCheckAndLogAOP.java:85) - 请求类型：GET
2018-03-19 22:07:11,231 INFO (ControllerParamCheckAndLogAOP.java:86) - 访问类及方法：cn.edu.ahu.repairbackend.controller.RepairCategoriesControllergetRepairCategoriesInfoByParent
2018-03-19 22:07:11,231 INFO (ControllerParamCheckAndLogAOP.java:87) - 请求参数：[用电故障]
2018-03-19 22:07:11,259 INFO (ControllerParamCheckAndLogAOP.java:62) - 返回值：cn.edu.ahu.repairbackend.util.ResultMsg@31c90256
2018-03-19 22:07:11,259 INFO (ControllerParamCheckAndLogAOP.java:63) - 耗时：28
2018-03-19 22:07:11,259 INFO (ControllerParamCheckAndLogAOP.java:64) - 请求完成
2018-03-19 22:09:37,803 INFO (ControllerParamCheckAndLogAOP.java:83) - 请求开始-------------------------------------------------------
2018-03-19 22:09:37,803 INFO (ControllerParamCheckAndLogAOP.java:84) - 请求地址：http://localhost:8081/categories/child
2018-03-19 22:09:37,803 INFO (ControllerParamCheckAndLogAOP.java:85) - 请求类型：GET
2018-03-19 22:09:37,804 INFO (ControllerParamCheckAndLogAOP.java:86) - 访问类及方法：cn.edu.ahu.repairbackend.controller.RepairCategoriesControllergetRepairCategoriesInfoByParent
2018-03-19 22:09:37,804 INFO (ControllerParamCheckAndLogAOP.java:87) - 请求参数：[用电故障]
2018-03-19 22:09:37,812 INFO (ControllerParamCheckAndLogAOP.java:62) - 返回值：cn.edu.ahu.repairbackend.util.ResultMsg@4485ad7e
2018-03-19 22:09:37,812 INFO (ControllerParamCheckAndLogAOP.java:63) - 耗时：9
2018-03-19 22:09:37,812 INFO (ControllerParamCheckAndLogAOP.java:64) - 请求完成
