2018-03-21 10:06:50,284 INFO (ControllerParamCheckAndLogAOP.java:83) - 请求开始-------------------------------------------------------
2018-03-21 10:06:50,287 INFO (ControllerParamCheckAndLogAOP.java:84) - 请求地址：http://localhost:8081/user/login
2018-03-21 10:06:50,288 INFO (ControllerParamCheckAndLogAOP.java:85) - 请求类型：GET
2018-03-21 10:06:50,289 INFO (ControllerParamCheckAndLogAOP.java:86) - 访问类及方法：cn.edu.ahu.repairbackend.controller.UserInfoControllergetUserInfoByNumberAndIdCard
2018-03-21 10:06:50,290 INFO (ControllerParamCheckAndLogAOP.java:87) - 请求参数：[P16201106, 530061]
2018-03-21 10:06:50,756 INFO (ControllerParamCheckAndLogAOP.java:62) - 返回值：cn.edu.ahu.repairbackend.util.ResultMsg@756ea77f
2018-03-21 10:06:50,757 INFO (ControllerParamCheckAndLogAOP.java:63) - 耗时：473
2018-03-21 10:06:50,757 INFO (ControllerParamCheckAndLogAOP.java:64) - 请求完成
2018-03-21 10:06:50,856 INFO (ControllerParamCheckAndLogAOP.java:83) - 请求开始-------------------------------------------------------
2018-03-21 10:06:50,857 INFO (ControllerParamCheckAndLogAOP.java:84) - 请求地址：http://localhost:8081/repairInfo/all
2018-03-21 10:06:50,857 INFO (ControllerParamCheckAndLogAOP.java:85) - 请求类型：GET
2018-03-21 10:06:50,858 INFO (ControllerParamCheckAndLogAOP.java:86) - 访问类及方法：cn.edu.ahu.repairbackend.controller.RepairInfoControllergetAllRepairInfo
2018-03-21 10:06:50,858 INFO (ControllerParamCheckAndLogAOP.java:87) - 请求参数：[P16201106]
2018-03-21 10:06:50,869 INFO (ControllerParamCheckAndLogAOP.java:83) - 请求开始-------------------------------------------------------
2018-03-21 10:06:50,869 INFO (ControllerParamCheckAndLogAOP.java:84) - 请求地址：http://localhost:8081/timePicker/all
2018-03-21 10:06:50,870 INFO (ControllerParamCheckAndLogAOP.java:85) - 请求类型：GET
2018-03-21 10:06:50,870 INFO (ControllerParamCheckAndLogAOP.java:86) - 访问类及方法：cn.edu.ahu.repairbackend.controller.RepairTimePickerControllergetRepairTimePickerInfo
2018-03-21 10:06:50,870 INFO (ControllerParamCheckAndLogAOP.java:87) - 请求参数：[]
2018-03-21 10:06:50,891 INFO (ControllerParamCheckAndLogAOP.java:62) - 返回值：cn.edu.ahu.repairbackend.util.ResultMsg@2fe17009
2018-03-21 10:06:50,891 INFO (ControllerParamCheckAndLogAOP.java:63) - 耗时：22
2018-03-21 10:06:50,891 INFO (ControllerParamCheckAndLogAOP.java:64) - 请求完成
2018-03-21 10:06:50,948 INFO (ControllerParamCheckAndLogAOP.java:62) - 返回值：cn.edu.ahu.repairbackend.util.ResultMsg@62c35802
2018-03-21 10:06:50,948 INFO (ControllerParamCheckAndLogAOP.java:63) - 耗时：79
2018-03-21 10:06:50,948 INFO (ControllerParamCheckAndLogAOP.java:64) - 请求完成
2018-03-21 13:37:03,400 INFO (ControllerParamCheckAndLogAOP.java:83) - 请求开始-------------------------------------------------------
2018-03-21 13:37:03,404 INFO (ControllerParamCheckAndLogAOP.java:84) - 请求地址：http://localhost:8081/categories/child
2018-03-21 13:37:03,404 INFO (ControllerParamCheckAndLogAOP.java:85) - 请求类型：GET
2018-03-21 13:37:03,404 INFO (ControllerParamCheckAndLogAOP.java:86) - 访问类及方法：cn.edu.ahu.repairbackend.controller.RepairCategoriesControllergetRepairCategoriesInfoByParent
2018-03-21 13:37:03,404 INFO (ControllerParamCheckAndLogAOP.java:87) - 请求参数：[其他故障]
2018-03-21 13:37:03,443 INFO (ControllerParamCheckAndLogAOP.java:62) - 返回值：cn.edu.ahu.repairbackend.util.ResultMsg@31dc43db
2018-03-21 13:37:03,444 INFO (ControllerParamCheckAndLogAOP.java:63) - 耗时：45
2018-03-21 13:37:03,444 INFO (ControllerParamCheckAndLogAOP.java:64) - 请求完成
2018-03-21 13:37:06,156 INFO (ControllerParamCheckAndLogAOP.java:83) - 请求开始-------------------------------------------------------
2018-03-21 13:37:06,156 INFO (ControllerParamCheckAndLogAOP.java:84) - 请求地址：http://localhost:8081/categories/child
2018-03-21 13:37:06,156 INFO (ControllerParamCheckAndLogAOP.java:85) - 请求类型：GET
2018-03-21 13:37:06,157 INFO (ControllerParamCheckAndLogAOP.java:86) - 访问类及方法：cn.edu.ahu.repairbackend.controller.RepairCategoriesControllergetRepairCategoriesInfoByParent
2018-03-21 13:37:06,157 INFO (ControllerParamCheckAndLogAOP.java:87) - 请求参数：[其他故障]
2018-03-21 13:37:06,163 INFO (ControllerParamCheckAndLogAOP.java:62) - 返回值：cn.edu.ahu.repairbackend.util.ResultMsg@7653b3df
2018-03-21 13:37:06,163 INFO (ControllerParamCheckAndLogAOP.java:63) - 耗时：7
2018-03-21 13:37:06,163 INFO (ControllerParamCheckAndLogAOP.java:64) - 请求完成
2018-03-21 13:37:08,083 INFO (ControllerParamCheckAndLogAOP.java:83) - 请求开始-------------------------------------------------------
2018-03-21 13:37:08,084 INFO (ControllerParamCheckAndLogAOP.java:84) - 请求地址：http://localhost:8081/categories/child
2018-03-21 13:37:08,084 INFO (ControllerParamCheckAndLogAOP.java:85) - 请求类型：GET
2018-03-21 13:37:08,084 INFO (ControllerParamCheckAndLogAOP.java:86) - 访问类及方法：cn.edu.ahu.repairbackend.controller.RepairCategoriesControllergetRepairCategoriesInfoByParent
2018-03-21 13:37:08,084 INFO (ControllerParamCheckAndLogAOP.java:87) - 请求参数：[其他故障]
2018-03-21 13:37:08,090 INFO (ControllerParamCheckAndLogAOP.java:62) - 返回值：cn.edu.ahu.repairbackend.util.ResultMsg@5a9ffc3f
2018-03-21 13:37:08,090 INFO (ControllerParamCheckAndLogAOP.java:63) - 耗时：7
2018-03-21 13:37:08,090 INFO (ControllerParamCheckAndLogAOP.java:64) - 请求完成
2018-03-21 15:06:52,848 INFO (ControllerParamCheckAndLogAOP.java:83) - 请求开始-------------------------------------------------------
2018-03-21 15:06:52,848 INFO (ControllerParamCheckAndLogAOP.java:84) - 请求地址：http://localhost:8081/categories/child
2018-03-21 15:06:52,848 INFO (ControllerParamCheckAndLogAOP.java:85) - 请求类型：GET
2018-03-21 15:06:52,848 INFO (ControllerParamCheckAndLogAOP.java:86) - 访问类及方法：cn.edu.ahu.repairbackend.controller.RepairCategoriesControllergetRepairCategoriesInfoByParent
2018-03-21 15:06:52,849 INFO (ControllerParamCheckAndLogAOP.java:87) - 请求参数：[其他故障]
2018-03-21 15:07:11,798 INFO (ControllerParamCheckAndLogAOP.java:62) - 返回值：cn.edu.ahu.repairbackend.util.ResultMsg@41d4afb9
2018-03-21 15:07:11,799 INFO (ControllerParamCheckAndLogAOP.java:63) - 耗时：18951
2018-03-21 15:07:11,799 INFO (ControllerParamCheckAndLogAOP.java:64) - 请求完成
2018-03-21 15:07:21,486 INFO (ControllerParamCheckAndLogAOP.java:83) - 请求开始-------------------------------------------------------
2018-03-21 15:07:21,486 INFO (ControllerParamCheckAndLogAOP.java:84) - 请求地址：http://localhost:8081/categories/child
2018-03-21 15:07:21,486 INFO (ControllerParamCheckAndLogAOP.java:85) - 请求类型：GET
2018-03-21 15:07:21,486 INFO (ControllerParamCheckAndLogAOP.java:86) - 访问类及方法：cn.edu.ahu.repairbackend.controller.RepairCategoriesControllergetRepairCategoriesInfoByParent
2018-03-21 15:07:21,487 INFO (ControllerParamCheckAndLogAOP.java:87) - 请求参数：[其他故障]
2018-03-21 15:07:21,493 INFO (ControllerParamCheckAndLogAOP.java:62) - 返回值：cn.edu.ahu.repairbackend.util.ResultMsg@38da4be
2018-03-21 15:07:21,493 INFO (ControllerParamCheckAndLogAOP.java:63) - 耗时：7
2018-03-21 15:07:21,493 INFO (ControllerParamCheckAndLogAOP.java:64) - 请求完成
