2018-06-12 22:50:29,848 INFO (ControllerParamCheckAndLogAOP.java:83) - 请求开始-------------------------------------------------------
2018-06-12 22:50:29,852 INFO (ControllerParamCheckAndLogAOP.java:84) - 请求地址：http://localhost:8080/user/login
2018-06-12 22:50:29,853 INFO (ControllerParamCheckAndLogAOP.java:85) - 请求类型：GET
2018-06-12 22:50:29,856 INFO (ControllerParamCheckAndLogAOP.java:86) - 访问类及方法：cn.edu.ahu.repairbackend.controller.UserInfoControllergetUserInfoByNumberAndIdCard
2018-06-12 22:50:29,857 INFO (ControllerParamCheckAndLogAOP.java:87) - 请求参数：[P16301132, 202533]
2018-06-12 22:50:29,938 INFO (ControllerParamCheckAndLogAOP.java:62) - 返回值：cn.edu.ahu.repairbackend.util.ResultMsg@68ba7d20
2018-06-12 22:50:29,939 INFO (ControllerParamCheckAndLogAOP.java:63) - 耗时：91
2018-06-12 22:50:29,939 INFO (ControllerParamCheckAndLogAOP.java:64) - 请求完成
2018-06-12 22:50:30,023 INFO (ControllerParamCheckAndLogAOP.java:83) - 请求开始-------------------------------------------------------
2018-06-12 22:50:30,023 INFO (ControllerParamCheckAndLogAOP.java:84) - 请求地址：http://localhost:8080/repairInfo/all
2018-06-12 22:50:30,023 INFO (ControllerParamCheckAndLogAOP.java:85) - 请求类型：GET
2018-06-12 22:50:30,024 INFO (ControllerParamCheckAndLogAOP.java:86) - 访问类及方法：cn.edu.ahu.repairbackend.controller.RepairInfoControllergetAllRepairInfo
2018-06-12 22:50:30,024 INFO (ControllerParamCheckAndLogAOP.java:87) - 请求参数：[P16301132]
2018-06-12 22:50:30,038 INFO (ControllerParamCheckAndLogAOP.java:83) - 请求开始-------------------------------------------------------
2018-06-12 22:50:30,039 INFO (ControllerParamCheckAndLogAOP.java:84) - 请求地址：http://localhost:8080/timePicker/all
2018-06-12 22:50:30,039 INFO (ControllerParamCheckAndLogAOP.java:85) - 请求类型：GET
2018-06-12 22:50:30,039 INFO (ControllerParamCheckAndLogAOP.java:86) - 访问类及方法：cn.edu.ahu.repairbackend.controller.RepairTimePickerControllergetRepairTimePickerInfo
2018-06-12 22:50:30,039 INFO (ControllerParamCheckAndLogAOP.java:87) - 请求参数：[]
2018-06-12 22:50:30,059 INFO (ControllerParamCheckAndLogAOP.java:62) - 返回值：cn.edu.ahu.repairbackend.util.ResultMsg@6cbd0e24
2018-06-12 22:50:30,060 INFO (ControllerParamCheckAndLogAOP.java:63) - 耗时：22
2018-06-12 22:50:30,060 INFO (ControllerParamCheckAndLogAOP.java:64) - 请求完成
2018-06-12 22:50:30,081 INFO (ControllerParamCheckAndLogAOP.java:62) - 返回值：cn.edu.ahu.repairbackend.util.ResultMsg@75f749ef
2018-06-12 22:50:30,082 INFO (ControllerParamCheckAndLogAOP.java:63) - 耗时：44
2018-06-12 22:50:30,082 INFO (ControllerParamCheckAndLogAOP.java:64) - 请求完成
2018-06-12 22:51:13,539 INFO (ControllerParamCheckAndLogAOP.java:83) - 请求开始-------------------------------------------------------
2018-06-12 22:51:13,539 INFO (ControllerParamCheckAndLogAOP.java:84) - 请求地址：http://localhost:8080/user/login
2018-06-12 22:51:13,539 INFO (ControllerParamCheckAndLogAOP.java:85) - 请求类型：GET
2018-06-12 22:51:13,539 INFO (ControllerParamCheckAndLogAOP.java:86) - 访问类及方法：cn.edu.ahu.repairbackend.controller.UserInfoControllergetUserInfoByNumberAndIdCard
2018-06-12 22:51:13,540 INFO (ControllerParamCheckAndLogAOP.java:87) - 请求参数：[test123, 123456]
2018-06-12 22:51:13,550 INFO (ControllerParamCheckAndLogAOP.java:62) - 返回值：cn.edu.ahu.repairbackend.util.ResultMsg@551080c2
2018-06-12 22:51:13,551 INFO (ControllerParamCheckAndLogAOP.java:63) - 耗时：12
2018-06-12 22:51:13,551 INFO (ControllerParamCheckAndLogAOP.java:64) - 请求完成
2018-06-12 22:51:13,565 INFO (ControllerParamCheckAndLogAOP.java:83) - 请求开始-------------------------------------------------------
2018-06-12 22:51:13,565 INFO (ControllerParamCheckAndLogAOP.java:83) - 请求开始-------------------------------------------------------
2018-06-12 22:51:13,566 INFO (ControllerParamCheckAndLogAOP.java:84) - 请求地址：http://localhost:8080/timePicker/all
2018-06-12 22:51:13,566 INFO (ControllerParamCheckAndLogAOP.java:84) - 请求地址：http://localhost:8080/infoPlatform/getAllRepairCur
2018-06-12 22:51:13,566 INFO (ControllerParamCheckAndLogAOP.java:85) - 请求类型：GET
2018-06-12 22:51:13,566 INFO (ControllerParamCheckAndLogAOP.java:85) - 请求类型：GET
2018-06-12 22:51:13,566 INFO (ControllerParamCheckAndLogAOP.java:86) - 访问类及方法：cn.edu.ahu.repairbackend.controller.RepairTimePickerControllergetRepairTimePickerInfo
2018-06-12 22:51:13,566 INFO (ControllerParamCheckAndLogAOP.java:86) - 访问类及方法：cn.edu.ahu.repairbackend.controller.InfoPlatformControllergetAllRepairCur
2018-06-12 22:51:13,567 INFO (ControllerParamCheckAndLogAOP.java:87) - 请求参数：[]
2018-06-12 22:51:13,567 INFO (ControllerParamCheckAndLogAOP.java:87) - 请求参数：[]
2018-06-12 22:51:13,576 INFO (ControllerParamCheckAndLogAOP.java:62) - 返回值：cn.edu.ahu.repairbackend.util.ResultMsg@301f6c52
2018-06-12 22:51:13,577 INFO (ControllerParamCheckAndLogAOP.java:63) - 耗时：12
2018-06-12 22:51:13,578 INFO (ControllerParamCheckAndLogAOP.java:64) - 请求完成
2018-06-12 22:51:13,626 INFO (ControllerParamCheckAndLogAOP.java:62) - 返回值：cn.edu.ahu.repairbackend.util.ResultMsg@4042aa8c
2018-06-12 22:51:13,626 INFO (ControllerParamCheckAndLogAOP.java:63) - 耗时：61
2018-06-12 22:51:13,626 INFO (ControllerParamCheckAndLogAOP.java:64) - 请求完成
