2018-03-14 10:37:08,791 INFO (ControllerParamCheckAndLogAOP.java:83) - 请求开始-------------------------------------------------------
2018-03-14 10:37:08,794 INFO (ControllerParamCheckAndLogAOP.java:84) - 请求地址：http://localhost:8081/user/login
2018-03-14 10:37:08,794 INFO (ControllerParamCheckAndLogAOP.java:85) - 请求类型：GET
2018-03-14 10:37:08,796 INFO (ControllerParamCheckAndLogAOP.java:86) - 访问类及方法：cn.edu.ahu.repairbackend.controller.UserInfoControllergetUserInfoByNumberAndIdCard
2018-03-14 10:37:08,796 INFO (ControllerParamCheckAndLogAOP.java:87) - 请求参数：[P16201106, 530061]
2018-03-14 10:37:08,922 INFO (ControllerParamCheckAndLogAOP.java:62) - 返回值：cn.edu.ahu.repairbackend.util.ResultMsg@20c19622
2018-03-14 10:37:08,923 INFO (ControllerParamCheckAndLogAOP.java:63) - 耗时：132
2018-03-14 10:37:08,923 INFO (ControllerParamCheckAndLogAOP.java:64) - 请求完成
2018-03-14 10:37:08,990 INFO (ControllerParamCheckAndLogAOP.java:83) - 请求开始-------------------------------------------------------
2018-03-14 10:37:08,990 INFO (ControllerParamCheckAndLogAOP.java:84) - 请求地址：http://localhost:8081/timePicker/all
2018-03-14 10:37:08,990 INFO (ControllerParamCheckAndLogAOP.java:85) - 请求类型：GET
2018-03-14 10:37:08,990 INFO (ControllerParamCheckAndLogAOP.java:86) - 访问类及方法：cn.edu.ahu.repairbackend.controller.RepairTimePickerControllergetRepairTimePickerInfo
2018-03-14 10:37:08,990 INFO (ControllerParamCheckAndLogAOP.java:87) - 请求参数：[]
2018-03-14 10:37:09,026 INFO (ControllerParamCheckAndLogAOP.java:62) - 返回值：cn.edu.ahu.repairbackend.util.ResultMsg@338208f
2018-03-14 10:37:09,026 INFO (ControllerParamCheckAndLogAOP.java:63) - 耗时：36
2018-03-14 10:37:09,026 INFO (ControllerParamCheckAndLogAOP.java:64) - 请求完成
2018-03-14 10:37:17,043 INFO (ControllerParamCheckAndLogAOP.java:83) - 请求开始-------------------------------------------------------
2018-03-14 10:37:17,044 INFO (ControllerParamCheckAndLogAOP.java:84) - 请求地址：http://localhost:8081/timePicker/all
2018-03-14 10:37:17,044 INFO (ControllerParamCheckAndLogAOP.java:85) - 请求类型：GET
2018-03-14 10:37:17,044 INFO (ControllerParamCheckAndLogAOP.java:86) - 访问类及方法：cn.edu.ahu.repairbackend.controller.RepairTimePickerControllergetRepairTimePickerInfo
2018-03-14 10:37:17,044 INFO (ControllerParamCheckAndLogAOP.java:87) - 请求参数：[]
2018-03-14 10:37:17,055 INFO (ControllerParamCheckAndLogAOP.java:62) - 返回值：cn.edu.ahu.repairbackend.util.ResultMsg@16b26893
2018-03-14 10:37:17,055 INFO (ControllerParamCheckAndLogAOP.java:63) - 耗时：12
2018-03-14 10:37:17,055 INFO (ControllerParamCheckAndLogAOP.java:64) - 请求完成
2018-03-14 10:37:20,298 INFO (ControllerParamCheckAndLogAOP.java:83) - 请求开始-------------------------------------------------------
2018-03-14 10:37:20,299 INFO (ControllerParamCheckAndLogAOP.java:84) - 请求地址：http://localhost:8081/timePicker/all
2018-03-14 10:37:20,299 INFO (ControllerParamCheckAndLogAOP.java:85) - 请求类型：GET
2018-03-14 10:37:20,299 INFO (ControllerParamCheckAndLogAOP.java:86) - 访问类及方法：cn.edu.ahu.repairbackend.controller.RepairTimePickerControllergetRepairTimePickerInfo
2018-03-14 10:37:20,299 INFO (ControllerParamCheckAndLogAOP.java:87) - 请求参数：[]
2018-03-14 10:37:20,313 INFO (ControllerParamCheckAndLogAOP.java:62) - 返回值：cn.edu.ahu.repairbackend.util.ResultMsg@51d0b0a7
2018-03-14 10:37:20,314 INFO (ControllerParamCheckAndLogAOP.java:63) - 耗时：16
2018-03-14 10:37:20,314 INFO (ControllerParamCheckAndLogAOP.java:64) - 请求完成
2018-03-14 10:38:08,002 INFO (ControllerParamCheckAndLogAOP.java:83) - 请求开始-------------------------------------------------------
2018-03-14 10:38:08,002 INFO (ControllerParamCheckAndLogAOP.java:84) - 请求地址：http://localhost:8081/timePicker/all
2018-03-14 10:38:08,002 INFO (ControllerParamCheckAndLogAOP.java:85) - 请求类型：GET
2018-03-14 10:38:08,002 INFO (ControllerParamCheckAndLogAOP.java:86) - 访问类及方法：cn.edu.ahu.repairbackend.controller.RepairTimePickerControllergetRepairTimePickerInfo
2018-03-14 10:38:08,002 INFO (ControllerParamCheckAndLogAOP.java:87) - 请求参数：[]
2018-03-14 10:38:08,015 INFO (ControllerParamCheckAndLogAOP.java:62) - 返回值：cn.edu.ahu.repairbackend.util.ResultMsg@38fdbd1d
2018-03-14 10:38:08,015 INFO (ControllerParamCheckAndLogAOP.java:63) - 耗时：14
2018-03-14 10:38:08,015 INFO (ControllerParamCheckAndLogAOP.java:64) - 请求完成
2018-03-14 10:38:43,846 INFO (ControllerParamCheckAndLogAOP.java:83) - 请求开始-------------------------------------------------------
2018-03-14 10:38:43,846 INFO (ControllerParamCheckAndLogAOP.java:84) - 请求地址：http://localhost:8081/timePicker/all
2018-03-14 10:38:43,846 INFO (ControllerParamCheckAndLogAOP.java:85) - 请求类型：GET
2018-03-14 10:38:43,846 INFO (ControllerParamCheckAndLogAOP.java:86) - 访问类及方法：cn.edu.ahu.repairbackend.controller.RepairTimePickerControllergetRepairTimePickerInfo
2018-03-14 10:38:43,846 INFO (ControllerParamCheckAndLogAOP.java:87) - 请求参数：[]
2018-03-14 10:38:43,859 INFO (ControllerParamCheckAndLogAOP.java:62) - 返回值：cn.edu.ahu.repairbackend.util.ResultMsg@bf73385
2018-03-14 10:38:43,860 INFO (ControllerParamCheckAndLogAOP.java:63) - 耗时：14
2018-03-14 10:38:43,860 INFO (ControllerParamCheckAndLogAOP.java:64) - 请求完成
2018-03-14 10:38:50,492 INFO (ControllerParamCheckAndLogAOP.java:83) - 请求开始-------------------------------------------------------
2018-03-14 10:38:50,493 INFO (ControllerParamCheckAndLogAOP.java:84) - 请求地址：http://localhost:8081/timePicker/all
2018-03-14 10:38:50,493 INFO (ControllerParamCheckAndLogAOP.java:85) - 请求类型：GET
2018-03-14 10:38:50,493 INFO (ControllerParamCheckAndLogAOP.java:86) - 访问类及方法：cn.edu.ahu.repairbackend.controller.RepairTimePickerControllergetRepairTimePickerInfo
2018-03-14 10:38:50,493 INFO (ControllerParamCheckAndLogAOP.java:87) - 请求参数：[]
2018-03-14 10:38:50,504 INFO (ControllerParamCheckAndLogAOP.java:62) - 返回值：cn.edu.ahu.repairbackend.util.ResultMsg@284d0808
2018-03-14 10:38:50,504 INFO (ControllerParamCheckAndLogAOP.java:63) - 耗时：12
2018-03-14 10:38:50,504 INFO (ControllerParamCheckAndLogAOP.java:64) - 请求完成
2018-03-14 10:41:28,302 INFO (ControllerParamCheckAndLogAOP.java:83) - 请求开始-------------------------------------------------------
2018-03-14 10:41:28,303 INFO (ControllerParamCheckAndLogAOP.java:84) - 请求地址：http://localhost:8081/timePicker/all
2018-03-14 10:41:28,303 INFO (ControllerParamCheckAndLogAOP.java:85) - 请求类型：GET
2018-03-14 10:41:28,304 INFO (ControllerParamCheckAndLogAOP.java:86) - 访问类及方法：cn.edu.ahu.repairbackend.controller.RepairTimePickerControllergetRepairTimePickerInfo
2018-03-14 10:41:28,304 INFO (ControllerParamCheckAndLogAOP.java:87) - 请求参数：[]
2018-03-14 10:41:28,315 INFO (ControllerParamCheckAndLogAOP.java:62) - 返回值：cn.edu.ahu.repairbackend.util.ResultMsg@71fa8f3c
2018-03-14 10:41:28,316 INFO (ControllerParamCheckAndLogAOP.java:63) - 耗时：14
2018-03-14 10:41:28,316 INFO (ControllerParamCheckAndLogAOP.java:64) - 请求完成
2018-03-14 10:41:38,750 INFO (ControllerParamCheckAndLogAOP.java:83) - 请求开始-------------------------------------------------------
2018-03-14 10:41:38,751 INFO (ControllerParamCheckAndLogAOP.java:84) - 请求地址：http://localhost:8081/timePicker/all
2018-03-14 10:41:38,751 INFO (ControllerParamCheckAndLogAOP.java:85) - 请求类型：GET
2018-03-14 10:41:38,751 INFO (ControllerParamCheckAndLogAOP.java:86) - 访问类及方法：cn.edu.ahu.repairbackend.controller.RepairTimePickerControllergetRepairTimePickerInfo
2018-03-14 10:41:38,751 INFO (ControllerParamCheckAndLogAOP.java:87) - 请求参数：[]
2018-03-14 10:41:38,763 INFO (ControllerParamCheckAndLogAOP.java:62) - 返回值：cn.edu.ahu.repairbackend.util.ResultMsg@76034f41
2018-03-14 10:41:38,763 INFO (ControllerParamCheckAndLogAOP.java:63) - 耗时：13
2018-03-14 10:41:38,763 INFO (ControllerParamCheckAndLogAOP.java:64) - 请求完成
2018-03-14 10:41:46,063 INFO (ControllerParamCheckAndLogAOP.java:83) - 请求开始-------------------------------------------------------
2018-03-14 10:41:46,063 INFO (ControllerParamCheckAndLogAOP.java:84) - 请求地址：http://localhost:8081/timePicker/all
2018-03-14 10:41:46,063 INFO (ControllerParamCheckAndLogAOP.java:85) - 请求类型：GET
2018-03-14 10:41:46,063 INFO (ControllerParamCheckAndLogAOP.java:86) - 访问类及方法：cn.edu.ahu.repairbackend.controller.RepairTimePickerControllergetRepairTimePickerInfo
2018-03-14 10:41:46,064 INFO (ControllerParamCheckAndLogAOP.java:87) - 请求参数：[]
2018-03-14 10:41:46,074 INFO (ControllerParamCheckAndLogAOP.java:62) - 返回值：cn.edu.ahu.repairbackend.util.ResultMsg@a7563c6
2018-03-14 10:41:46,074 INFO (ControllerParamCheckAndLogAOP.java:63) - 耗时：11
2018-03-14 10:41:46,074 INFO (ControllerParamCheckAndLogAOP.java:64) - 请求完成
2018-03-14 10:43:35,754 INFO (ControllerParamCheckAndLogAOP.java:83) - 请求开始-------------------------------------------------------
2018-03-14 10:43:35,754 INFO (ControllerParamCheckAndLogAOP.java:84) - 请求地址：http://localhost:8081/timePicker/all
2018-03-14 10:43:35,755 INFO (ControllerParamCheckAndLogAOP.java:85) - 请求类型：GET
2018-03-14 10:43:35,755 INFO (ControllerParamCheckAndLogAOP.java:86) - 访问类及方法：cn.edu.ahu.repairbackend.controller.RepairTimePickerControllergetRepairTimePickerInfo
2018-03-14 10:43:35,755 INFO (ControllerParamCheckAndLogAOP.java:87) - 请求参数：[]
2018-03-14 10:43:35,765 INFO (ControllerParamCheckAndLogAOP.java:62) - 返回值：cn.edu.ahu.repairbackend.util.ResultMsg@148a1875
2018-03-14 10:43:35,765 INFO (ControllerParamCheckAndLogAOP.java:63) - 耗时：11
2018-03-14 10:43:35,765 INFO (ControllerParamCheckAndLogAOP.java:64) - 请求完成
2018-03-14 10:45:09,488 INFO (ControllerParamCheckAndLogAOP.java:83) - 请求开始-------------------------------------------------------
2018-03-14 10:45:09,488 INFO (ControllerParamCheckAndLogAOP.java:84) - 请求地址：http://localhost:8081/timePicker/all
2018-03-14 10:45:09,488 INFO (ControllerParamCheckAndLogAOP.java:85) - 请求类型：GET
2018-03-14 10:45:09,488 INFO (ControllerParamCheckAndLogAOP.java:86) - 访问类及方法：cn.edu.ahu.repairbackend.controller.RepairTimePickerControllergetRepairTimePickerInfo
2018-03-14 10:45:09,489 INFO (ControllerParamCheckAndLogAOP.java:87) - 请求参数：[]
2018-03-14 10:45:09,497 INFO (ControllerParamCheckAndLogAOP.java:62) - 返回值：cn.edu.ahu.repairbackend.util.ResultMsg@20a754ab
2018-03-14 10:45:09,497 INFO (ControllerParamCheckAndLogAOP.java:63) - 耗时：9
2018-03-14 10:45:09,498 INFO (ControllerParamCheckAndLogAOP.java:64) - 请求完成
2018-03-14 10:45:23,390 INFO (ControllerParamCheckAndLogAOP.java:83) - 请求开始-------------------------------------------------------
2018-03-14 10:45:23,391 INFO (ControllerParamCheckAndLogAOP.java:84) - 请求地址：http://localhost:8081/timePicker/all
2018-03-14 10:45:23,391 INFO (ControllerParamCheckAndLogAOP.java:85) - 请求类型：GET
2018-03-14 10:45:23,391 INFO (ControllerParamCheckAndLogAOP.java:86) - 访问类及方法：cn.edu.ahu.repairbackend.controller.RepairTimePickerControllergetRepairTimePickerInfo
2018-03-14 10:45:23,391 INFO (ControllerParamCheckAndLogAOP.java:87) - 请求参数：[]
2018-03-14 10:45:23,401 INFO (ControllerParamCheckAndLogAOP.java:62) - 返回值：cn.edu.ahu.repairbackend.util.ResultMsg@72e26072
2018-03-14 10:45:23,401 INFO (ControllerParamCheckAndLogAOP.java:63) - 耗时：11
2018-03-14 10:45:23,401 INFO (ControllerParamCheckAndLogAOP.java:64) - 请求完成
2018-03-14 10:45:24,884 INFO (ControllerParamCheckAndLogAOP.java:83) - 请求开始-------------------------------------------------------
2018-03-14 10:45:24,884 INFO (ControllerParamCheckAndLogAOP.java:84) - 请求地址：http://localhost:8081/timePicker/all
2018-03-14 10:45:24,884 INFO (ControllerParamCheckAndLogAOP.java:85) - 请求类型：GET
2018-03-14 10:45:24,885 INFO (ControllerParamCheckAndLogAOP.java:86) - 访问类及方法：cn.edu.ahu.repairbackend.controller.RepairTimePickerControllergetRepairTimePickerInfo
2018-03-14 10:45:24,885 INFO (ControllerParamCheckAndLogAOP.java:87) - 请求参数：[]
2018-03-14 10:45:24,894 INFO (ControllerParamCheckAndLogAOP.java:62) - 返回值：cn.edu.ahu.repairbackend.util.ResultMsg@6b38118c
2018-03-14 10:45:24,894 INFO (ControllerParamCheckAndLogAOP.java:63) - 耗时：10
2018-03-14 10:45:24,895 INFO (ControllerParamCheckAndLogAOP.java:64) - 请求完成
2018-03-14 10:46:42,089 INFO (ControllerParamCheckAndLogAOP.java:83) - 请求开始-------------------------------------------------------
2018-03-14 10:46:42,089 INFO (ControllerParamCheckAndLogAOP.java:84) - 请求地址：http://localhost:8081/user/login
2018-03-14 10:46:42,090 INFO (ControllerParamCheckAndLogAOP.java:85) - 请求类型：GET
2018-03-14 10:46:42,090 INFO (ControllerParamCheckAndLogAOP.java:86) - 访问类及方法：cn.edu.ahu.repairbackend.controller.UserInfoControllergetUserInfoByNumberAndIdCard
2018-03-14 10:46:42,090 INFO (ControllerParamCheckAndLogAOP.java:87) - 请求参数：[P16301132, 202533]
2018-03-14 10:46:42,179 INFO (ControllerParamCheckAndLogAOP.java:62) - 返回值：cn.edu.ahu.repairbackend.util.ResultMsg@278362f6
2018-03-14 10:46:42,179 INFO (ControllerParamCheckAndLogAOP.java:63) - 耗时：90
2018-03-14 10:46:42,179 INFO (ControllerParamCheckAndLogAOP.java:64) - 请求完成
2018-03-14 10:46:54,657 INFO (ControllerParamCheckAndLogAOP.java:83) - 请求开始-------------------------------------------------------
2018-03-14 10:46:54,657 INFO (ControllerParamCheckAndLogAOP.java:84) - 请求地址：http://localhost:8081/timePicker/all
2018-03-14 10:46:54,657 INFO (ControllerParamCheckAndLogAOP.java:85) - 请求类型：GET
2018-03-14 10:46:54,658 INFO (ControllerParamCheckAndLogAOP.java:86) - 访问类及方法：cn.edu.ahu.repairbackend.controller.RepairTimePickerControllergetRepairTimePickerInfo
2018-03-14 10:46:54,658 INFO (ControllerParamCheckAndLogAOP.java:87) - 请求参数：[]
2018-03-14 10:46:54,667 INFO (ControllerParamCheckAndLogAOP.java:62) - 返回值：cn.edu.ahu.repairbackend.util.ResultMsg@72f609f2
2018-03-14 10:46:54,667 INFO (ControllerParamCheckAndLogAOP.java:63) - 耗时：10
2018-03-14 10:46:54,668 INFO (ControllerParamCheckAndLogAOP.java:64) - 请求完成
2018-03-14 10:48:31,245 INFO (ControllerParamCheckAndLogAOP.java:83) - 请求开始-------------------------------------------------------
2018-03-14 10:48:31,245 INFO (ControllerParamCheckAndLogAOP.java:84) - 请求地址：http://localhost:8081/user/login
2018-03-14 10:48:31,246 INFO (ControllerParamCheckAndLogAOP.java:85) - 请求类型：GET
2018-03-14 10:48:31,246 INFO (ControllerParamCheckAndLogAOP.java:86) - 访问类及方法：cn.edu.ahu.repairbackend.controller.UserInfoControllergetUserInfoByNumberAndIdCard
2018-03-14 10:48:31,246 INFO (ControllerParamCheckAndLogAOP.java:87) - 请求参数：[P16201106, 530061]
2018-03-14 10:48:31,255 INFO (ControllerParamCheckAndLogAOP.java:62) - 返回值：cn.edu.ahu.repairbackend.util.ResultMsg@3dc8f085
2018-03-14 10:48:31,255 INFO (ControllerParamCheckAndLogAOP.java:63) - 耗时：10
2018-03-14 10:48:31,255 INFO (ControllerParamCheckAndLogAOP.java:64) - 请求完成
2018-03-14 10:48:31,274 INFO (ControllerParamCheckAndLogAOP.java:83) - 请求开始-------------------------------------------------------
2018-03-14 10:48:31,274 INFO (ControllerParamCheckAndLogAOP.java:84) - 请求地址：http://localhost:8081/timePicker/all
2018-03-14 10:48:31,275 INFO (ControllerParamCheckAndLogAOP.java:85) - 请求类型：GET
2018-03-14 10:48:31,275 INFO (ControllerParamCheckAndLogAOP.java:86) - 访问类及方法：cn.edu.ahu.repairbackend.controller.RepairTimePickerControllergetRepairTimePickerInfo
2018-03-14 10:48:31,275 INFO (ControllerParamCheckAndLogAOP.java:87) - 请求参数：[]
2018-03-14 10:48:31,281 INFO (ControllerParamCheckAndLogAOP.java:62) - 返回值：cn.edu.ahu.repairbackend.util.ResultMsg@70c9c8e5
2018-03-14 10:48:31,281 INFO (ControllerParamCheckAndLogAOP.java:63) - 耗时：7
2018-03-14 10:48:31,282 INFO (ControllerParamCheckAndLogAOP.java:64) - 请求完成
2018-03-14 10:48:45,671 INFO (ControllerParamCheckAndLogAOP.java:83) - 请求开始-------------------------------------------------------
2018-03-14 10:48:45,672 INFO (ControllerParamCheckAndLogAOP.java:84) - 请求地址：http://localhost:8081/user/login
2018-03-14 10:48:45,672 INFO (ControllerParamCheckAndLogAOP.java:85) - 请求类型：GET
2018-03-14 10:48:45,672 INFO (ControllerParamCheckAndLogAOP.java:86) - 访问类及方法：cn.edu.ahu.repairbackend.controller.UserInfoControllergetUserInfoByNumberAndIdCard
2018-03-14 10:48:45,672 INFO (ControllerParamCheckAndLogAOP.java:87) - 请求参数：[P16301132, 202533]
2018-03-14 10:48:45,758 INFO (ControllerParamCheckAndLogAOP.java:62) - 返回值：cn.edu.ahu.repairbackend.util.ResultMsg@7f2676bd
2018-03-14 10:48:45,759 INFO (ControllerParamCheckAndLogAOP.java:63) - 耗时：88
2018-03-14 10:48:45,759 INFO (ControllerParamCheckAndLogAOP.java:64) - 请求完成
2018-03-14 12:49:51,904 INFO (ControllerParamCheckAndLogAOP.java:83) - 请求开始-------------------------------------------------------
2018-03-14 12:49:51,905 INFO (ControllerParamCheckAndLogAOP.java:84) - 请求地址：http://localhost:8081/user/login
2018-03-14 12:49:51,905 INFO (ControllerParamCheckAndLogAOP.java:85) - 请求类型：GET
2018-03-14 12:49:51,905 INFO (ControllerParamCheckAndLogAOP.java:86) - 访问类及方法：cn.edu.ahu.repairbackend.controller.UserInfoControllergetUserInfoByNumberAndIdCard
2018-03-14 12:49:51,905 INFO (ControllerParamCheckAndLogAOP.java:87) - 请求参数：[P16201106, 530061]
2018-03-14 12:49:51,917 INFO (ControllerParamCheckAndLogAOP.java:62) - 返回值：cn.edu.ahu.repairbackend.util.ResultMsg@32ff9546
2018-03-14 12:49:51,917 INFO (ControllerParamCheckAndLogAOP.java:63) - 耗时：13
2018-03-14 12:49:51,918 INFO (ControllerParamCheckAndLogAOP.java:64) - 请求完成
2018-03-14 12:49:51,939 INFO (ControllerParamCheckAndLogAOP.java:83) - 请求开始-------------------------------------------------------
2018-03-14 12:49:51,939 INFO (ControllerParamCheckAndLogAOP.java:84) - 请求地址：http://localhost:8081/timePicker/all
2018-03-14 12:49:51,940 INFO (ControllerParamCheckAndLogAOP.java:85) - 请求类型：GET
2018-03-14 12:49:51,940 INFO (ControllerParamCheckAndLogAOP.java:86) - 访问类及方法：cn.edu.ahu.repairbackend.controller.RepairTimePickerControllergetRepairTimePickerInfo
2018-03-14 12:49:51,940 INFO (ControllerParamCheckAndLogAOP.java:87) - 请求参数：[]
2018-03-14 12:49:51,950 INFO (ControllerParamCheckAndLogAOP.java:62) - 返回值：cn.edu.ahu.repairbackend.util.ResultMsg@abb39db
2018-03-14 12:49:51,951 INFO (ControllerParamCheckAndLogAOP.java:63) - 耗时：12
2018-03-14 12:49:51,951 INFO (ControllerParamCheckAndLogAOP.java:64) - 请求完成
2018-03-14 12:52:35,756 INFO (ControllerParamCheckAndLogAOP.java:83) - 请求开始-------------------------------------------------------
2018-03-14 12:52:35,757 INFO (ControllerParamCheckAndLogAOP.java:84) - 请求地址：http://localhost:8081/timePicker/all
2018-03-14 12:52:35,757 INFO (ControllerParamCheckAndLogAOP.java:85) - 请求类型：GET
2018-03-14 12:52:35,757 INFO (ControllerParamCheckAndLogAOP.java:86) - 访问类及方法：cn.edu.ahu.repairbackend.controller.RepairTimePickerControllergetRepairTimePickerInfo
2018-03-14 12:52:35,757 INFO (ControllerParamCheckAndLogAOP.java:87) - 请求参数：[]
2018-03-14 12:52:35,767 INFO (ControllerParamCheckAndLogAOP.java:62) - 返回值：cn.edu.ahu.repairbackend.util.ResultMsg@4515ea09
2018-03-14 12:52:35,768 INFO (ControllerParamCheckAndLogAOP.java:63) - 耗时：12
2018-03-14 12:52:35,768 INFO (ControllerParamCheckAndLogAOP.java:64) - 请求完成
2018-03-14 12:53:32,413 INFO (ControllerParamCheckAndLogAOP.java:83) - 请求开始-------------------------------------------------------
2018-03-14 12:53:32,414 INFO (ControllerParamCheckAndLogAOP.java:84) - 请求地址：http://localhost:8081/timePicker/all
2018-03-14 12:53:32,414 INFO (ControllerParamCheckAndLogAOP.java:85) - 请求类型：GET
2018-03-14 12:53:32,414 INFO (ControllerParamCheckAndLogAOP.java:86) - 访问类及方法：cn.edu.ahu.repairbackend.controller.RepairTimePickerControllergetRepairTimePickerInfo
2018-03-14 12:53:32,414 INFO (ControllerParamCheckAndLogAOP.java:87) - 请求参数：[]
2018-03-14 12:53:32,422 INFO (ControllerParamCheckAndLogAOP.java:62) - 返回值：cn.edu.ahu.repairbackend.util.ResultMsg@64a7171c
2018-03-14 12:53:32,422 INFO (ControllerParamCheckAndLogAOP.java:63) - 耗时：9
2018-03-14 12:53:32,423 INFO (ControllerParamCheckAndLogAOP.java:64) - 请求完成
2018-03-14 12:53:34,727 INFO (ControllerParamCheckAndLogAOP.java:83) - 请求开始-------------------------------------------------------
2018-03-14 12:53:34,727 INFO (ControllerParamCheckAndLogAOP.java:84) - 请求地址：http://localhost:8081/timePicker/all
2018-03-14 12:53:34,728 INFO (ControllerParamCheckAndLogAOP.java:85) - 请求类型：GET
2018-03-14 12:53:34,728 INFO (ControllerParamCheckAndLogAOP.java:86) - 访问类及方法：cn.edu.ahu.repairbackend.controller.RepairTimePickerControllergetRepairTimePickerInfo
2018-03-14 12:53:34,728 INFO (ControllerParamCheckAndLogAOP.java:87) - 请求参数：[]
2018-03-14 12:53:34,734 INFO (ControllerParamCheckAndLogAOP.java:62) - 返回值：cn.edu.ahu.repairbackend.util.ResultMsg@69e93a45
2018-03-14 12:53:34,735 INFO (ControllerParamCheckAndLogAOP.java:63) - 耗时：8
2018-03-14 12:53:34,735 INFO (ControllerParamCheckAndLogAOP.java:64) - 请求完成
2018-03-14 12:53:43,491 INFO (ControllerParamCheckAndLogAOP.java:83) - 请求开始-------------------------------------------------------
2018-03-14 12:53:43,491 INFO (ControllerParamCheckAndLogAOP.java:84) - 请求地址：http://localhost:8081/timePicker/all
2018-03-14 12:53:43,491 INFO (ControllerParamCheckAndLogAOP.java:85) - 请求类型：GET
2018-03-14 12:53:43,491 INFO (ControllerParamCheckAndLogAOP.java:86) - 访问类及方法：cn.edu.ahu.repairbackend.controller.RepairTimePickerControllergetRepairTimePickerInfo
2018-03-14 12:53:43,492 INFO (ControllerParamCheckAndLogAOP.java:87) - 请求参数：[]
2018-03-14 12:53:43,500 INFO (ControllerParamCheckAndLogAOP.java:62) - 返回值：cn.edu.ahu.repairbackend.util.ResultMsg@37c214e0
2018-03-14 12:53:43,501 INFO (ControllerParamCheckAndLogAOP.java:63) - 耗时：10
2018-03-14 12:53:43,501 INFO (ControllerParamCheckAndLogAOP.java:64) - 请求完成
2018-03-14 12:53:50,623 INFO (ControllerParamCheckAndLogAOP.java:83) - 请求开始-------------------------------------------------------
2018-03-14 12:53:50,624 INFO (ControllerParamCheckAndLogAOP.java:84) - 请求地址：http://localhost:8081/timePicker/all
2018-03-14 12:53:50,624 INFO (ControllerParamCheckAndLogAOP.java:85) - 请求类型：GET
2018-03-14 12:53:50,625 INFO (ControllerParamCheckAndLogAOP.java:86) - 访问类及方法：cn.edu.ahu.repairbackend.controller.RepairTimePickerControllergetRepairTimePickerInfo
2018-03-14 12:53:50,625 INFO (ControllerParamCheckAndLogAOP.java:87) - 请求参数：[]
2018-03-14 12:53:50,638 INFO (ControllerParamCheckAndLogAOP.java:62) - 返回值：cn.edu.ahu.repairbackend.util.ResultMsg@5fbe0ebf
2018-03-14 12:53:50,639 INFO (ControllerParamCheckAndLogAOP.java:63) - 耗时：16
2018-03-14 12:53:50,639 INFO (ControllerParamCheckAndLogAOP.java:64) - 请求完成
2018-03-14 12:54:56,105 INFO (ControllerParamCheckAndLogAOP.java:83) - 请求开始-------------------------------------------------------
2018-03-14 12:54:56,106 INFO (ControllerParamCheckAndLogAOP.java:84) - 请求地址：http://localhost:8081/categories/child
2018-03-14 12:54:56,106 INFO (ControllerParamCheckAndLogAOP.java:85) - 请求类型：GET
2018-03-14 12:54:56,106 INFO (ControllerParamCheckAndLogAOP.java:86) - 访问类及方法：cn.edu.ahu.repairbackend.controller.RepairCategoriesControllergetRepairCategoriesInfoByParent
2018-03-14 12:54:56,106 INFO (ControllerParamCheckAndLogAOP.java:87) - 请求参数：[其他故障]
2018-03-14 12:54:56,127 INFO (ControllerParamCheckAndLogAOP.java:62) - 返回值：cn.edu.ahu.repairbackend.util.ResultMsg@4cfaee8b
2018-03-14 12:54:56,128 INFO (ControllerParamCheckAndLogAOP.java:63) - 耗时：23
2018-03-14 12:54:56,128 INFO (ControllerParamCheckAndLogAOP.java:64) - 请求完成
2018-03-14 12:55:07,006 INFO (ControllerParamCheckAndLogAOP.java:83) - 请求开始-------------------------------------------------------
2018-03-14 12:55:07,006 INFO (ControllerParamCheckAndLogAOP.java:84) - 请求地址：http://localhost:8081/categories/child
2018-03-14 12:55:07,006 INFO (ControllerParamCheckAndLogAOP.java:85) - 请求类型：GET
2018-03-14 12:55:07,007 INFO (ControllerParamCheckAndLogAOP.java:86) - 访问类及方法：cn.edu.ahu.repairbackend.controller.RepairCategoriesControllergetRepairCategoriesInfoByParent
2018-03-14 12:55:07,007 INFO (ControllerParamCheckAndLogAOP.java:87) - 请求参数：[漏水故障]
2018-03-14 12:55:07,012 INFO (ControllerParamCheckAndLogAOP.java:62) - 返回值：cn.edu.ahu.repairbackend.util.ResultMsg@513c10e7
2018-03-14 12:55:07,012 INFO (ControllerParamCheckAndLogAOP.java:63) - 耗时：6
2018-03-14 12:55:07,012 INFO (ControllerParamCheckAndLogAOP.java:64) - 请求完成
2018-03-14 12:55:09,428 INFO (ControllerParamCheckAndLogAOP.java:83) - 请求开始-------------------------------------------------------
2018-03-14 12:55:09,429 INFO (ControllerParamCheckAndLogAOP.java:84) - 请求地址：http://localhost:8081/categories/child
2018-03-14 12:55:09,429 INFO (ControllerParamCheckAndLogAOP.java:85) - 请求类型：GET
2018-03-14 12:55:09,429 INFO (ControllerParamCheckAndLogAOP.java:86) - 访问类及方法：cn.edu.ahu.repairbackend.controller.RepairCategoriesControllergetRepairCategoriesInfoByParent
2018-03-14 12:55:09,429 INFO (ControllerParamCheckAndLogAOP.java:87) - 请求参数：[用电故障]
2018-03-14 12:55:09,433 INFO (ControllerParamCheckAndLogAOP.java:62) - 返回值：cn.edu.ahu.repairbackend.util.ResultMsg@36f5bfe9
2018-03-14 12:55:09,433 INFO (ControllerParamCheckAndLogAOP.java:63) - 耗时：5
2018-03-14 12:55:09,433 INFO (ControllerParamCheckAndLogAOP.java:64) - 请求完成
2018-03-14 12:55:17,843 INFO (ControllerParamCheckAndLogAOP.java:83) - 请求开始-------------------------------------------------------
2018-03-14 12:55:17,844 INFO (ControllerParamCheckAndLogAOP.java:84) - 请求地址：http://localhost:8081/categories/child
2018-03-14 12:55:17,844 INFO (ControllerParamCheckAndLogAOP.java:85) - 请求类型：GET
2018-03-14 12:55:17,844 INFO (ControllerParamCheckAndLogAOP.java:86) - 访问类及方法：cn.edu.ahu.repairbackend.controller.RepairCategoriesControllergetRepairCategoriesInfoByParent
2018-03-14 12:55:17,844 INFO (ControllerParamCheckAndLogAOP.java:87) - 请求参数：[用电故障]
2018-03-14 12:55:17,849 INFO (ControllerParamCheckAndLogAOP.java:62) - 返回值：cn.edu.ahu.repairbackend.util.ResultMsg@6c6601c9
2018-03-14 12:55:17,849 INFO (ControllerParamCheckAndLogAOP.java:63) - 耗时：6
2018-03-14 12:55:17,849 INFO (ControllerParamCheckAndLogAOP.java:64) - 请求完成
2018-03-14 12:56:37,701 INFO (ControllerParamCheckAndLogAOP.java:83) - 请求开始-------------------------------------------------------
2018-03-14 12:56:37,701 INFO (ControllerParamCheckAndLogAOP.java:84) - 请求地址：http://localhost:8081/timePicker/all
2018-03-14 12:56:37,701 INFO (ControllerParamCheckAndLogAOP.java:85) - 请求类型：GET
2018-03-14 12:56:37,701 INFO (ControllerParamCheckAndLogAOP.java:86) - 访问类及方法：cn.edu.ahu.repairbackend.controller.RepairTimePickerControllergetRepairTimePickerInfo
2018-03-14 12:56:37,702 INFO (ControllerParamCheckAndLogAOP.java:87) - 请求参数：[]
2018-03-14 12:56:37,712 INFO (ControllerParamCheckAndLogAOP.java:62) - 返回值：cn.edu.ahu.repairbackend.util.ResultMsg@1611747
2018-03-14 12:56:37,713 INFO (ControllerParamCheckAndLogAOP.java:63) - 耗时：12
2018-03-14 12:56:37,713 INFO (ControllerParamCheckAndLogAOP.java:64) - 请求完成
2018-03-14 13:09:01,764 INFO (ControllerParamCheckAndLogAOP.java:83) - 请求开始-------------------------------------------------------
2018-03-14 13:09:01,764 INFO (ControllerParamCheckAndLogAOP.java:84) - 请求地址：http://localhost:8081/timePicker/all
2018-03-14 13:09:01,764 INFO (ControllerParamCheckAndLogAOP.java:85) - 请求类型：GET
2018-03-14 13:09:01,764 INFO (ControllerParamCheckAndLogAOP.java:86) - 访问类及方法：cn.edu.ahu.repairbackend.controller.RepairTimePickerControllergetRepairTimePickerInfo
2018-03-14 13:09:01,765 INFO (ControllerParamCheckAndLogAOP.java:87) - 请求参数：[]
2018-03-14 13:09:01,775 INFO (ControllerParamCheckAndLogAOP.java:62) - 返回值：cn.edu.ahu.repairbackend.util.ResultMsg@3adb2ae8
2018-03-14 13:09:01,775 INFO (ControllerParamCheckAndLogAOP.java:63) - 耗时：11
2018-03-14 13:09:01,775 INFO (ControllerParamCheckAndLogAOP.java:64) - 请求完成
2018-03-14 13:20:24,632 INFO (ControllerParamCheckAndLogAOP.java:83) - 请求开始-------------------------------------------------------
2018-03-14 13:20:24,633 INFO (ControllerParamCheckAndLogAOP.java:84) - 请求地址：http://localhost:8081/timePicker/all
2018-03-14 13:20:24,633 INFO (ControllerParamCheckAndLogAOP.java:85) - 请求类型：GET
2018-03-14 13:20:24,633 INFO (ControllerParamCheckAndLogAOP.java:86) - 访问类及方法：cn.edu.ahu.repairbackend.controller.RepairTimePickerControllergetRepairTimePickerInfo
2018-03-14 13:20:24,633 INFO (ControllerParamCheckAndLogAOP.java:87) - 请求参数：[]
2018-03-14 13:20:24,643 INFO (ControllerParamCheckAndLogAOP.java:62) - 返回值：cn.edu.ahu.repairbackend.util.ResultMsg@75432393
2018-03-14 13:20:24,644 INFO (ControllerParamCheckAndLogAOP.java:63) - 耗时：12
2018-03-14 13:20:24,644 INFO (ControllerParamCheckAndLogAOP.java:64) - 请求完成
2018-03-14 13:21:15,980 INFO (ControllerParamCheckAndLogAOP.java:83) - 请求开始-------------------------------------------------------
2018-03-14 13:21:15,981 INFO (ControllerParamCheckAndLogAOP.java:84) - 请求地址：http://localhost:8081/timePicker/all
2018-03-14 13:21:15,981 INFO (ControllerParamCheckAndLogAOP.java:85) - 请求类型：GET
2018-03-14 13:21:15,981 INFO (ControllerParamCheckAndLogAOP.java:86) - 访问类及方法：cn.edu.ahu.repairbackend.controller.RepairTimePickerControllergetRepairTimePickerInfo
2018-03-14 13:21:15,981 INFO (ControllerParamCheckAndLogAOP.java:87) - 请求参数：[]
2018-03-14 13:21:15,989 INFO (ControllerParamCheckAndLogAOP.java:62) - 返回值：cn.edu.ahu.repairbackend.util.ResultMsg@3136b54b
2018-03-14 13:21:15,990 INFO (ControllerParamCheckAndLogAOP.java:63) - 耗时：10
2018-03-14 13:21:15,990 INFO (ControllerParamCheckAndLogAOP.java:64) - 请求完成
2018-03-14 13:21:37,098 INFO (ControllerParamCheckAndLogAOP.java:83) - 请求开始-------------------------------------------------------
2018-03-14 13:21:37,099 INFO (ControllerParamCheckAndLogAOP.java:84) - 请求地址：http://localhost:8081/timePicker/all
2018-03-14 13:21:37,099 INFO (ControllerParamCheckAndLogAOP.java:85) - 请求类型：GET
2018-03-14 13:21:37,099 INFO (ControllerParamCheckAndLogAOP.java:86) - 访问类及方法：cn.edu.ahu.repairbackend.controller.RepairTimePickerControllergetRepairTimePickerInfo
2018-03-14 13:21:37,099 INFO (ControllerParamCheckAndLogAOP.java:87) - 请求参数：[]
2018-03-14 13:21:37,109 INFO (ControllerParamCheckAndLogAOP.java:62) - 返回值：cn.edu.ahu.repairbackend.util.ResultMsg@5aed04dd
2018-03-14 13:21:37,109 INFO (ControllerParamCheckAndLogAOP.java:63) - 耗时：11
2018-03-14 13:21:37,110 INFO (ControllerParamCheckAndLogAOP.java:64) - 请求完成
2018-03-14 13:21:39,730 INFO (ControllerParamCheckAndLogAOP.java:83) - 请求开始-------------------------------------------------------
2018-03-14 13:21:39,730 INFO (ControllerParamCheckAndLogAOP.java:84) - 请求地址：http://localhost:8081/timePicker/all
2018-03-14 13:21:39,730 INFO (ControllerParamCheckAndLogAOP.java:85) - 请求类型：GET
2018-03-14 13:21:39,730 INFO (ControllerParamCheckAndLogAOP.java:86) - 访问类及方法：cn.edu.ahu.repairbackend.controller.RepairTimePickerControllergetRepairTimePickerInfo
2018-03-14 13:21:39,730 INFO (ControllerParamCheckAndLogAOP.java:87) - 请求参数：[]
2018-03-14 13:21:39,736 INFO (ControllerParamCheckAndLogAOP.java:62) - 返回值：cn.edu.ahu.repairbackend.util.ResultMsg@5788cb73
2018-03-14 13:21:39,737 INFO (ControllerParamCheckAndLogAOP.java:63) - 耗时：7
2018-03-14 13:21:39,737 INFO (ControllerParamCheckAndLogAOP.java:64) - 请求完成
2018-03-14 13:22:13,794 INFO (ControllerParamCheckAndLogAOP.java:83) - 请求开始-------------------------------------------------------
2018-03-14 13:22:13,794 INFO (ControllerParamCheckAndLogAOP.java:84) - 请求地址：http://localhost:8081/timePicker/all
2018-03-14 13:22:13,794 INFO (ControllerParamCheckAndLogAOP.java:85) - 请求类型：GET
2018-03-14 13:22:13,794 INFO (ControllerParamCheckAndLogAOP.java:86) - 访问类及方法：cn.edu.ahu.repairbackend.controller.RepairTimePickerControllergetRepairTimePickerInfo
2018-03-14 13:22:13,794 INFO (ControllerParamCheckAndLogAOP.java:87) - 请求参数：[]
2018-03-14 13:22:13,803 INFO (ControllerParamCheckAndLogAOP.java:62) - 返回值：cn.edu.ahu.repairbackend.util.ResultMsg@60006dc0
2018-03-14 13:22:13,804 INFO (ControllerParamCheckAndLogAOP.java:63) - 耗时：10
2018-03-14 13:22:13,804 INFO (ControllerParamCheckAndLogAOP.java:64) - 请求完成
2018-03-14 13:22:15,663 INFO (ControllerParamCheckAndLogAOP.java:83) - 请求开始-------------------------------------------------------
2018-03-14 13:22:15,664 INFO (ControllerParamCheckAndLogAOP.java:84) - 请求地址：http://localhost:8081/timePicker/all
2018-03-14 13:22:15,664 INFO (ControllerParamCheckAndLogAOP.java:85) - 请求类型：GET
2018-03-14 13:22:15,664 INFO (ControllerParamCheckAndLogAOP.java:86) - 访问类及方法：cn.edu.ahu.repairbackend.controller.RepairTimePickerControllergetRepairTimePickerInfo
2018-03-14 13:22:15,664 INFO (ControllerParamCheckAndLogAOP.java:87) - 请求参数：[]
2018-03-14 13:22:15,671 INFO (ControllerParamCheckAndLogAOP.java:62) - 返回值：cn.edu.ahu.repairbackend.util.ResultMsg@3b2b4b89
2018-03-14 13:22:15,671 INFO (ControllerParamCheckAndLogAOP.java:63) - 耗时：8
2018-03-14 13:22:15,671 INFO (ControllerParamCheckAndLogAOP.java:64) - 请求完成
2018-03-14 13:24:46,432 INFO (ControllerParamCheckAndLogAOP.java:83) - 请求开始-------------------------------------------------------
2018-03-14 13:24:46,432 INFO (ControllerParamCheckAndLogAOP.java:84) - 请求地址：http://localhost:8081/timePicker/all
2018-03-14 13:24:46,433 INFO (ControllerParamCheckAndLogAOP.java:85) - 请求类型：GET
2018-03-14 13:24:46,433 INFO (ControllerParamCheckAndLogAOP.java:86) - 访问类及方法：cn.edu.ahu.repairbackend.controller.RepairTimePickerControllergetRepairTimePickerInfo
2018-03-14 13:24:46,433 INFO (ControllerParamCheckAndLogAOP.java:87) - 请求参数：[]
2018-03-14 13:24:46,441 INFO (ControllerParamCheckAndLogAOP.java:62) - 返回值：cn.edu.ahu.repairbackend.util.ResultMsg@205b18b0
2018-03-14 13:24:46,441 INFO (ControllerParamCheckAndLogAOP.java:63) - 耗时：9
2018-03-14 13:24:46,441 INFO (ControllerParamCheckAndLogAOP.java:64) - 请求完成
2018-03-14 13:24:50,282 INFO (ControllerParamCheckAndLogAOP.java:83) - 请求开始-------------------------------------------------------
2018-03-14 13:24:50,283 INFO (ControllerParamCheckAndLogAOP.java:84) - 请求地址：http://localhost:8081/timePicker/all
2018-03-14 13:24:50,283 INFO (ControllerParamCheckAndLogAOP.java:85) - 请求类型：GET
2018-03-14 13:24:50,283 INFO (ControllerParamCheckAndLogAOP.java:86) - 访问类及方法：cn.edu.ahu.repairbackend.controller.RepairTimePickerControllergetRepairTimePickerInfo
2018-03-14 13:24:50,283 INFO (ControllerParamCheckAndLogAOP.java:87) - 请求参数：[]
2018-03-14 13:24:50,291 INFO (ControllerParamCheckAndLogAOP.java:62) - 返回值：cn.edu.ahu.repairbackend.util.ResultMsg@246cbbb2
2018-03-14 13:24:50,291 INFO (ControllerParamCheckAndLogAOP.java:63) - 耗时：9
2018-03-14 13:24:50,291 INFO (ControllerParamCheckAndLogAOP.java:64) - 请求完成
2018-03-14 13:25:57,161 INFO (ControllerParamCheckAndLogAOP.java:83) - 请求开始-------------------------------------------------------
2018-03-14 13:25:57,162 INFO (ControllerParamCheckAndLogAOP.java:84) - 请求地址：http://localhost:8081/timePicker/all
2018-03-14 13:25:57,162 INFO (ControllerParamCheckAndLogAOP.java:85) - 请求类型：GET
2018-03-14 13:25:57,162 INFO (ControllerParamCheckAndLogAOP.java:86) - 访问类及方法：cn.edu.ahu.repairbackend.controller.RepairTimePickerControllergetRepairTimePickerInfo
2018-03-14 13:25:57,163 INFO (ControllerParamCheckAndLogAOP.java:87) - 请求参数：[]
2018-03-14 13:25:57,175 INFO (ControllerParamCheckAndLogAOP.java:62) - 返回值：cn.edu.ahu.repairbackend.util.ResultMsg@fbaa18d
2018-03-14 13:25:57,175 INFO (ControllerParamCheckAndLogAOP.java:63) - 耗时：14
2018-03-14 13:25:57,175 INFO (ControllerParamCheckAndLogAOP.java:64) - 请求完成
2018-03-14 13:26:00,605 INFO (ControllerParamCheckAndLogAOP.java:83) - 请求开始-------------------------------------------------------
2018-03-14 13:26:00,605 INFO (ControllerParamCheckAndLogAOP.java:84) - 请求地址：http://localhost:8081/timePicker/all
2018-03-14 13:26:00,605 INFO (ControllerParamCheckAndLogAOP.java:85) - 请求类型：GET
2018-03-14 13:26:00,606 INFO (ControllerParamCheckAndLogAOP.java:86) - 访问类及方法：cn.edu.ahu.repairbackend.controller.RepairTimePickerControllergetRepairTimePickerInfo
2018-03-14 13:26:00,606 INFO (ControllerParamCheckAndLogAOP.java:87) - 请求参数：[]
2018-03-14 13:26:00,616 INFO (ControllerParamCheckAndLogAOP.java:62) - 返回值：cn.edu.ahu.repairbackend.util.ResultMsg@330194ca
2018-03-14 13:26:00,616 INFO (ControllerParamCheckAndLogAOP.java:63) - 耗时：11
2018-03-14 13:26:00,616 INFO (ControllerParamCheckAndLogAOP.java:64) - 请求完成
2018-03-14 13:26:36,953 INFO (ControllerParamCheckAndLogAOP.java:83) - 请求开始-------------------------------------------------------
2018-03-14 13:26:36,953 INFO (ControllerParamCheckAndLogAOP.java:84) - 请求地址：http://localhost:8081/timePicker/all
2018-03-14 13:26:36,954 INFO (ControllerParamCheckAndLogAOP.java:85) - 请求类型：GET
2018-03-14 13:26:36,954 INFO (ControllerParamCheckAndLogAOP.java:86) - 访问类及方法：cn.edu.ahu.repairbackend.controller.RepairTimePickerControllergetRepairTimePickerInfo
2018-03-14 13:26:36,954 INFO (ControllerParamCheckAndLogAOP.java:87) - 请求参数：[]
2018-03-14 13:26:36,964 INFO (ControllerParamCheckAndLogAOP.java:62) - 返回值：cn.edu.ahu.repairbackend.util.ResultMsg@53fd80fd
2018-03-14 13:26:36,964 INFO (ControllerParamCheckAndLogAOP.java:63) - 耗时：11
2018-03-14 13:26:36,965 INFO (ControllerParamCheckAndLogAOP.java:64) - 请求完成
2018-03-14 13:26:45,507 INFO (ControllerParamCheckAndLogAOP.java:83) - 请求开始-------------------------------------------------------
2018-03-14 13:26:45,507 INFO (ControllerParamCheckAndLogAOP.java:84) - 请求地址：http://localhost:8081/timePicker/all
2018-03-14 13:26:45,508 INFO (ControllerParamCheckAndLogAOP.java:85) - 请求类型：GET
2018-03-14 13:26:45,508 INFO (ControllerParamCheckAndLogAOP.java:86) - 访问类及方法：cn.edu.ahu.repairbackend.controller.RepairTimePickerControllergetRepairTimePickerInfo
2018-03-14 13:26:45,508 INFO (ControllerParamCheckAndLogAOP.java:87) - 请求参数：[]
2018-03-14 13:26:45,521 INFO (ControllerParamCheckAndLogAOP.java:62) - 返回值：cn.edu.ahu.repairbackend.util.ResultMsg@259daffd
2018-03-14 13:26:45,522 INFO (ControllerParamCheckAndLogAOP.java:63) - 耗时：15
2018-03-14 13:26:45,522 INFO (ControllerParamCheckAndLogAOP.java:64) - 请求完成
2018-03-14 13:26:48,902 INFO (ControllerParamCheckAndLogAOP.java:83) - 请求开始-------------------------------------------------------
2018-03-14 13:26:48,902 INFO (ControllerParamCheckAndLogAOP.java:84) - 请求地址：http://localhost:8081/timePicker/all
2018-03-14 13:26:48,903 INFO (ControllerParamCheckAndLogAOP.java:85) - 请求类型：GET
2018-03-14 13:26:48,903 INFO (ControllerParamCheckAndLogAOP.java:86) - 访问类及方法：cn.edu.ahu.repairbackend.controller.RepairTimePickerControllergetRepairTimePickerInfo
2018-03-14 13:26:48,903 INFO (ControllerParamCheckAndLogAOP.java:87) - 请求参数：[]
2018-03-14 13:26:48,914 INFO (ControllerParamCheckAndLogAOP.java:62) - 返回值：cn.edu.ahu.repairbackend.util.ResultMsg@3203999a
2018-03-14 13:26:48,914 INFO (ControllerParamCheckAndLogAOP.java:63) - 耗时：12
2018-03-14 13:26:48,915 INFO (ControllerParamCheckAndLogAOP.java:64) - 请求完成
2018-03-14 13:29:01,404 INFO (ControllerParamCheckAndLogAOP.java:83) - 请求开始-------------------------------------------------------
2018-03-14 13:29:01,404 INFO (ControllerParamCheckAndLogAOP.java:84) - 请求地址：http://localhost:8081/timePicker/all
2018-03-14 13:29:01,405 INFO (ControllerParamCheckAndLogAOP.java:85) - 请求类型：GET
2018-03-14 13:29:01,405 INFO (ControllerParamCheckAndLogAOP.java:86) - 访问类及方法：cn.edu.ahu.repairbackend.controller.RepairTimePickerControllergetRepairTimePickerInfo
2018-03-14 13:29:01,405 INFO (ControllerParamCheckAndLogAOP.java:87) - 请求参数：[]
2018-03-14 13:29:01,414 INFO (ControllerParamCheckAndLogAOP.java:62) - 返回值：cn.edu.ahu.repairbackend.util.ResultMsg@28d92e1a
2018-03-14 13:29:01,414 INFO (ControllerParamCheckAndLogAOP.java:63) - 耗时：10
2018-03-14 13:29:01,415 INFO (ControllerParamCheckAndLogAOP.java:64) - 请求完成
2018-03-14 13:29:02,431 INFO (ControllerParamCheckAndLogAOP.java:83) - 请求开始-------------------------------------------------------
2018-03-14 13:29:02,431 INFO (ControllerParamCheckAndLogAOP.java:84) - 请求地址：http://localhost:8081/timePicker/all
2018-03-14 13:29:02,431 INFO (ControllerParamCheckAndLogAOP.java:85) - 请求类型：GET
2018-03-14 13:29:02,431 INFO (ControllerParamCheckAndLogAOP.java:86) - 访问类及方法：cn.edu.ahu.repairbackend.controller.RepairTimePickerControllergetRepairTimePickerInfo
2018-03-14 13:29:02,431 INFO (ControllerParamCheckAndLogAOP.java:87) - 请求参数：[]
2018-03-14 13:29:02,439 INFO (ControllerParamCheckAndLogAOP.java:62) - 返回值：cn.edu.ahu.repairbackend.util.ResultMsg@35e83d4f
2018-03-14 13:29:02,439 INFO (ControllerParamCheckAndLogAOP.java:63) - 耗时：8
2018-03-14 13:29:02,439 INFO (ControllerParamCheckAndLogAOP.java:64) - 请求完成
2018-03-14 13:32:16,001 INFO (ControllerParamCheckAndLogAOP.java:83) - 请求开始-------------------------------------------------------
2018-03-14 13:32:16,001 INFO (ControllerParamCheckAndLogAOP.java:84) - 请求地址：http://localhost:8081/timePicker/all
2018-03-14 13:32:16,002 INFO (ControllerParamCheckAndLogAOP.java:85) - 请求类型：GET
2018-03-14 13:32:16,002 INFO (ControllerParamCheckAndLogAOP.java:86) - 访问类及方法：cn.edu.ahu.repairbackend.controller.RepairTimePickerControllergetRepairTimePickerInfo
2018-03-14 13:32:16,002 INFO (ControllerParamCheckAndLogAOP.java:87) - 请求参数：[]
2018-03-14 13:32:16,010 INFO (ControllerParamCheckAndLogAOP.java:62) - 返回值：cn.edu.ahu.repairbackend.util.ResultMsg@3bb640b9
2018-03-14 13:32:16,010 INFO (ControllerParamCheckAndLogAOP.java:63) - 耗时：9
2018-03-14 13:32:16,010 INFO (ControllerParamCheckAndLogAOP.java:64) - 请求完成
2018-03-14 13:32:17,481 INFO (ControllerParamCheckAndLogAOP.java:83) - 请求开始-------------------------------------------------------
2018-03-14 13:32:17,482 INFO (ControllerParamCheckAndLogAOP.java:84) - 请求地址：http://localhost:8081/timePicker/all
2018-03-14 13:32:17,482 INFO (ControllerParamCheckAndLogAOP.java:85) - 请求类型：GET
2018-03-14 13:32:17,482 INFO (ControllerParamCheckAndLogAOP.java:86) - 访问类及方法：cn.edu.ahu.repairbackend.controller.RepairTimePickerControllergetRepairTimePickerInfo
2018-03-14 13:32:17,482 INFO (ControllerParamCheckAndLogAOP.java:87) - 请求参数：[]
2018-03-14 13:32:17,490 INFO (ControllerParamCheckAndLogAOP.java:62) - 返回值：cn.edu.ahu.repairbackend.util.ResultMsg@294a5477
2018-03-14 13:32:17,490 INFO (ControllerParamCheckAndLogAOP.java:63) - 耗时：9
2018-03-14 13:32:17,490 INFO (ControllerParamCheckAndLogAOP.java:64) - 请求完成
2018-03-14 14:42:16,577 INFO (ControllerParamCheckAndLogAOP.java:83) - 请求开始-------------------------------------------------------
2018-03-14 14:42:16,578 INFO (ControllerParamCheckAndLogAOP.java:84) - 请求地址：http://localhost:8081/timePicker/all
2018-03-14 14:42:16,578 INFO (ControllerParamCheckAndLogAOP.java:85) - 请求类型：GET
2018-03-14 14:42:16,578 INFO (ControllerParamCheckAndLogAOP.java:86) - 访问类及方法：cn.edu.ahu.repairbackend.controller.RepairTimePickerControllergetRepairTimePickerInfo
2018-03-14 14:42:16,578 INFO (ControllerParamCheckAndLogAOP.java:87) - 请求参数：[]
2018-03-14 14:42:16,586 INFO (ControllerParamCheckAndLogAOP.java:62) - 返回值：cn.edu.ahu.repairbackend.util.ResultMsg@3ba6651c
2018-03-14 14:42:16,586 INFO (ControllerParamCheckAndLogAOP.java:63) - 耗时：9
2018-03-14 14:42:16,586 INFO (ControllerParamCheckAndLogAOP.java:64) - 请求完成
2018-03-14 14:43:21,039 INFO (ControllerParamCheckAndLogAOP.java:83) - 请求开始-------------------------------------------------------
2018-03-14 14:43:21,039 INFO (ControllerParamCheckAndLogAOP.java:84) - 请求地址：http://localhost:8081/timePicker/all
2018-03-14 14:43:21,039 INFO (ControllerParamCheckAndLogAOP.java:85) - 请求类型：GET
2018-03-14 14:43:21,040 INFO (ControllerParamCheckAndLogAOP.java:86) - 访问类及方法：cn.edu.ahu.repairbackend.controller.RepairTimePickerControllergetRepairTimePickerInfo
2018-03-14 14:43:21,040 INFO (ControllerParamCheckAndLogAOP.java:87) - 请求参数：[]
2018-03-14 14:43:21,048 INFO (ControllerParamCheckAndLogAOP.java:62) - 返回值：cn.edu.ahu.repairbackend.util.ResultMsg@37a2ccf8
2018-03-14 14:43:21,048 INFO (ControllerParamCheckAndLogAOP.java:63) - 耗时：9
2018-03-14 14:43:21,048 INFO (ControllerParamCheckAndLogAOP.java:64) - 请求完成
2018-03-14 14:44:02,933 INFO (ControllerParamCheckAndLogAOP.java:83) - 请求开始-------------------------------------------------------
2018-03-14 14:44:02,934 INFO (ControllerParamCheckAndLogAOP.java:84) - 请求地址：http://localhost:8081/timePicker/all
2018-03-14 14:44:02,934 INFO (ControllerParamCheckAndLogAOP.java:85) - 请求类型：GET
2018-03-14 14:44:02,934 INFO (ControllerParamCheckAndLogAOP.java:86) - 访问类及方法：cn.edu.ahu.repairbackend.controller.RepairTimePickerControllergetRepairTimePickerInfo
2018-03-14 14:44:02,934 INFO (ControllerParamCheckAndLogAOP.java:87) - 请求参数：[]
2018-03-14 14:44:02,948 INFO (ControllerParamCheckAndLogAOP.java:62) - 返回值：cn.edu.ahu.repairbackend.util.ResultMsg@6cbabbca
2018-03-14 14:44:02,948 INFO (ControllerParamCheckAndLogAOP.java:63) - 耗时：15
2018-03-14 14:44:02,948 INFO (ControllerParamCheckAndLogAOP.java:64) - 请求完成
2018-03-14 14:44:04,990 INFO (ControllerParamCheckAndLogAOP.java:83) - 请求开始-------------------------------------------------------
2018-03-14 14:44:04,991 INFO (ControllerParamCheckAndLogAOP.java:84) - 请求地址：http://localhost:8081/timePicker/all
2018-03-14 14:44:04,991 INFO (ControllerParamCheckAndLogAOP.java:85) - 请求类型：GET
2018-03-14 14:44:04,991 INFO (ControllerParamCheckAndLogAOP.java:86) - 访问类及方法：cn.edu.ahu.repairbackend.controller.RepairTimePickerControllergetRepairTimePickerInfo
2018-03-14 14:44:04,991 INFO (ControllerParamCheckAndLogAOP.java:87) - 请求参数：[]
2018-03-14 14:44:04,997 INFO (ControllerParamCheckAndLogAOP.java:62) - 返回值：cn.edu.ahu.repairbackend.util.ResultMsg@2f6fb77f
2018-03-14 14:44:04,997 INFO (ControllerParamCheckAndLogAOP.java:63) - 耗时：7
2018-03-14 14:44:04,997 INFO (ControllerParamCheckAndLogAOP.java:64) - 请求完成
2018-03-14 14:44:53,276 INFO (ControllerParamCheckAndLogAOP.java:83) - 请求开始-------------------------------------------------------
2018-03-14 14:44:53,276 INFO (ControllerParamCheckAndLogAOP.java:84) - 请求地址：http://localhost:8081/timePicker/all
2018-03-14 14:44:53,276 INFO (ControllerParamCheckAndLogAOP.java:85) - 请求类型：GET
2018-03-14 14:44:53,276 INFO (ControllerParamCheckAndLogAOP.java:86) - 访问类及方法：cn.edu.ahu.repairbackend.controller.RepairTimePickerControllergetRepairTimePickerInfo
2018-03-14 14:44:53,276 INFO (ControllerParamCheckAndLogAOP.java:87) - 请求参数：[]
2018-03-14 14:44:53,284 INFO (ControllerParamCheckAndLogAOP.java:62) - 返回值：cn.edu.ahu.repairbackend.util.ResultMsg@14a9aa89
2018-03-14 14:44:53,285 INFO (ControllerParamCheckAndLogAOP.java:63) - 耗时：9
2018-03-14 14:44:53,285 INFO (ControllerParamCheckAndLogAOP.java:64) - 请求完成
2018-03-14 14:45:00,594 INFO (ControllerParamCheckAndLogAOP.java:83) - 请求开始-------------------------------------------------------
2018-03-14 14:45:00,594 INFO (ControllerParamCheckAndLogAOP.java:84) - 请求地址：http://localhost:8081/user/login
2018-03-14 14:45:00,594 INFO (ControllerParamCheckAndLogAOP.java:85) - 请求类型：GET
2018-03-14 14:45:00,594 INFO (ControllerParamCheckAndLogAOP.java:86) - 访问类及方法：cn.edu.ahu.repairbackend.controller.UserInfoControllergetUserInfoByNumberAndIdCard
2018-03-14 14:45:00,594 INFO (ControllerParamCheckAndLogAOP.java:87) - 请求参数：[P16201106, 530061]
2018-03-14 14:45:00,605 INFO (ControllerParamCheckAndLogAOP.java:62) - 返回值：cn.edu.ahu.repairbackend.util.ResultMsg@6c3421b3
2018-03-14 14:45:00,606 INFO (ControllerParamCheckAndLogAOP.java:63) - 耗时：12
2018-03-14 14:45:00,606 INFO (ControllerParamCheckAndLogAOP.java:64) - 请求完成
2018-03-14 14:45:31,552 INFO (ControllerParamCheckAndLogAOP.java:83) - 请求开始-------------------------------------------------------
2018-03-14 14:45:31,552 INFO (ControllerParamCheckAndLogAOP.java:84) - 请求地址：http://localhost:8081/user/login
2018-03-14 14:45:31,552 INFO (ControllerParamCheckAndLogAOP.java:85) - 请求类型：GET
2018-03-14 14:45:31,552 INFO (ControllerParamCheckAndLogAOP.java:86) - 访问类及方法：cn.edu.ahu.repairbackend.controller.UserInfoControllergetUserInfoByNumberAndIdCard
2018-03-14 14:45:31,552 INFO (ControllerParamCheckAndLogAOP.java:87) - 请求参数：[P16201106, 530061]
2018-03-14 14:45:31,561 INFO (ControllerParamCheckAndLogAOP.java:62) - 返回值：cn.edu.ahu.repairbackend.util.ResultMsg@72e2813b
2018-03-14 14:45:31,561 INFO (ControllerParamCheckAndLogAOP.java:63) - 耗时：9
2018-03-14 14:45:31,561 INFO (ControllerParamCheckAndLogAOP.java:64) - 请求完成
2018-03-14 20:25:01,491 INFO (ControllerParamCheckAndLogAOP.java:83) - 请求开始-------------------------------------------------------
2018-03-14 20:25:01,494 INFO (ControllerParamCheckAndLogAOP.java:84) - 请求地址：http://localhost:8081/user/login
2018-03-14 20:25:01,494 INFO (ControllerParamCheckAndLogAOP.java:85) - 请求类型：GET
2018-03-14 20:25:01,494 INFO (ControllerParamCheckAndLogAOP.java:86) - 访问类及方法：cn.edu.ahu.repairbackend.controller.UserInfoControllergetUserInfoByNumberAndIdCard
2018-03-14 20:25:01,495 INFO (ControllerParamCheckAndLogAOP.java:87) - 请求参数：[P16201106, 530061]
2018-03-14 20:25:01,518 INFO (ControllerParamCheckAndLogAOP.java:62) - 返回值：cn.edu.ahu.repairbackend.util.ResultMsg@36a4eea4
2018-03-14 20:25:01,518 INFO (ControllerParamCheckAndLogAOP.java:63) - 耗时：27
2018-03-14 20:25:01,519 INFO (ControllerParamCheckAndLogAOP.java:64) - 请求完成
2018-03-14 20:25:01,548 INFO (ControllerParamCheckAndLogAOP.java:83) - 请求开始-------------------------------------------------------
2018-03-14 20:25:01,548 INFO (ControllerParamCheckAndLogAOP.java:84) - 请求地址：http://localhost:8081/timePicker/all
2018-03-14 20:25:01,548 INFO (ControllerParamCheckAndLogAOP.java:85) - 请求类型：GET
2018-03-14 20:25:01,548 INFO (ControllerParamCheckAndLogAOP.java:86) - 访问类及方法：cn.edu.ahu.repairbackend.controller.RepairTimePickerControllergetRepairTimePickerInfo
2018-03-14 20:25:01,549 INFO (ControllerParamCheckAndLogAOP.java:87) - 请求参数：[]
2018-03-14 20:25:01,561 INFO (ControllerParamCheckAndLogAOP.java:62) - 返回值：cn.edu.ahu.repairbackend.util.ResultMsg@3a6ddd11
2018-03-14 20:25:01,561 INFO (ControllerParamCheckAndLogAOP.java:63) - 耗时：13
2018-03-14 20:25:01,562 INFO (ControllerParamCheckAndLogAOP.java:64) - 请求完成
2018-03-14 20:25:25,805 INFO (ControllerParamCheckAndLogAOP.java:83) - 请求开始-------------------------------------------------------
2018-03-14 20:25:25,805 INFO (ControllerParamCheckAndLogAOP.java:84) - 请求地址：http://localhost:8081/user/login
2018-03-14 20:25:25,806 INFO (ControllerParamCheckAndLogAOP.java:85) - 请求类型：GET
2018-03-14 20:25:25,806 INFO (ControllerParamCheckAndLogAOP.java:86) - 访问类及方法：cn.edu.ahu.repairbackend.controller.UserInfoControllergetUserInfoByNumberAndIdCard
2018-03-14 20:25:25,806 INFO (ControllerParamCheckAndLogAOP.java:87) - 请求参数：[P16301132, 202533]
2018-03-14 20:25:25,898 INFO (ControllerParamCheckAndLogAOP.java:62) - 返回值：cn.edu.ahu.repairbackend.util.ResultMsg@56066777
2018-03-14 20:25:25,899 INFO (ControllerParamCheckAndLogAOP.java:63) - 耗时：94
2018-03-14 20:25:25,899 INFO (ControllerParamCheckAndLogAOP.java:64) - 请求完成
2018-03-14 20:25:25,936 INFO (ControllerParamCheckAndLogAOP.java:83) - 请求开始-------------------------------------------------------
2018-03-14 20:25:25,936 INFO (ControllerParamCheckAndLogAOP.java:84) - 请求地址：http://localhost:8081/timePicker/all
2018-03-14 20:25:25,936 INFO (ControllerParamCheckAndLogAOP.java:85) - 请求类型：GET
2018-03-14 20:25:25,936 INFO (ControllerParamCheckAndLogAOP.java:86) - 访问类及方法：cn.edu.ahu.repairbackend.controller.RepairTimePickerControllergetRepairTimePickerInfo
2018-03-14 20:25:25,936 INFO (ControllerParamCheckAndLogAOP.java:87) - 请求参数：[]
2018-03-14 20:25:25,947 INFO (ControllerParamCheckAndLogAOP.java:62) - 返回值：cn.edu.ahu.repairbackend.util.ResultMsg@3d8172a1
2018-03-14 20:25:25,947 INFO (ControllerParamCheckAndLogAOP.java:63) - 耗时：11
2018-03-14 20:25:25,947 INFO (ControllerParamCheckAndLogAOP.java:64) - 请求完成
2018-03-14 20:26:10,604 INFO (ControllerParamCheckAndLogAOP.java:83) - 请求开始-------------------------------------------------------
2018-03-14 20:26:10,604 INFO (ControllerParamCheckAndLogAOP.java:84) - 请求地址：http://localhost:8081/user/login
2018-03-14 20:26:10,604 INFO (ControllerParamCheckAndLogAOP.java:85) - 请求类型：GET
2018-03-14 20:26:10,604 INFO (ControllerParamCheckAndLogAOP.java:86) - 访问类及方法：cn.edu.ahu.repairbackend.controller.UserInfoControllergetUserInfoByNumberAndIdCard
2018-03-14 20:26:10,605 INFO (ControllerParamCheckAndLogAOP.java:87) - 请求参数：[P16301132, 2025333]
2018-03-14 20:26:10,643 ERROR (CommonExceptionHandle.java:95) - *** 自定义异常 - 1002 ***
2018-03-14 20:26:13,637 INFO (ControllerParamCheckAndLogAOP.java:83) - 请求开始-------------------------------------------------------
2018-03-14 20:26:13,637 INFO (ControllerParamCheckAndLogAOP.java:84) - 请求地址：http://localhost:8081/user/login
2018-03-14 20:26:13,637 INFO (ControllerParamCheckAndLogAOP.java:85) - 请求类型：GET
2018-03-14 20:26:13,637 INFO (ControllerParamCheckAndLogAOP.java:86) - 访问类及方法：cn.edu.ahu.repairbackend.controller.UserInfoControllergetUserInfoByNumberAndIdCard
2018-03-14 20:26:13,637 INFO (ControllerParamCheckAndLogAOP.java:87) - 请求参数：[P16301132, 202533]
2018-03-14 20:26:13,734 INFO (ControllerParamCheckAndLogAOP.java:62) - 返回值：cn.edu.ahu.repairbackend.util.ResultMsg@29a2c8dd
2018-03-14 20:26:13,734 INFO (ControllerParamCheckAndLogAOP.java:63) - 耗时：97
2018-03-14 20:26:13,734 INFO (ControllerParamCheckAndLogAOP.java:64) - 请求完成
2018-03-14 20:26:13,773 INFO (ControllerParamCheckAndLogAOP.java:83) - 请求开始-------------------------------------------------------
2018-03-14 20:26:13,774 INFO (ControllerParamCheckAndLogAOP.java:84) - 请求地址：http://localhost:8081/timePicker/all
2018-03-14 20:26:13,774 INFO (ControllerParamCheckAndLogAOP.java:85) - 请求类型：GET
2018-03-14 20:26:13,774 INFO (ControllerParamCheckAndLogAOP.java:86) - 访问类及方法：cn.edu.ahu.repairbackend.controller.RepairTimePickerControllergetRepairTimePickerInfo
2018-03-14 20:26:13,774 INFO (ControllerParamCheckAndLogAOP.java:87) - 请求参数：[]
2018-03-14 20:26:13,781 INFO (ControllerParamCheckAndLogAOP.java:62) - 返回值：cn.edu.ahu.repairbackend.util.ResultMsg@6df1acea
2018-03-14 20:26:13,781 INFO (ControllerParamCheckAndLogAOP.java:63) - 耗时：8
2018-03-14 20:26:13,782 INFO (ControllerParamCheckAndLogAOP.java:64) - 请求完成
2018-03-14 20:27:14,659 INFO (ControllerParamCheckAndLogAOP.java:83) - 请求开始-------------------------------------------------------
2018-03-14 20:27:14,660 INFO (ControllerParamCheckAndLogAOP.java:84) - 请求地址：http://localhost:8081/timePicker/all
2018-03-14 20:27:14,660 INFO (ControllerParamCheckAndLogAOP.java:85) - 请求类型：GET
2018-03-14 20:27:14,660 INFO (ControllerParamCheckAndLogAOP.java:86) - 访问类及方法：cn.edu.ahu.repairbackend.controller.RepairTimePickerControllergetRepairTimePickerInfo
2018-03-14 20:27:14,660 INFO (ControllerParamCheckAndLogAOP.java:87) - 请求参数：[]
2018-03-14 20:27:14,670 INFO (ControllerParamCheckAndLogAOP.java:62) - 返回值：cn.edu.ahu.repairbackend.util.ResultMsg@c78c574
2018-03-14 20:27:14,670 INFO (ControllerParamCheckAndLogAOP.java:63) - 耗时：11
2018-03-14 20:27:14,670 INFO (ControllerParamCheckAndLogAOP.java:64) - 请求完成
2018-03-14 20:28:13,544 INFO (ControllerParamCheckAndLogAOP.java:83) - 请求开始-------------------------------------------------------
2018-03-14 20:28:13,544 INFO (ControllerParamCheckAndLogAOP.java:84) - 请求地址：http://localhost:8081/user/login
2018-03-14 20:28:13,544 INFO (ControllerParamCheckAndLogAOP.java:85) - 请求类型：GET
2018-03-14 20:28:13,544 INFO (ControllerParamCheckAndLogAOP.java:86) - 访问类及方法：cn.edu.ahu.repairbackend.controller.UserInfoControllergetUserInfoByNumberAndIdCard
2018-03-14 20:28:13,544 INFO (ControllerParamCheckAndLogAOP.java:87) - 请求参数：[P16301132, 202533]
2018-03-14 20:28:13,632 INFO (ControllerParamCheckAndLogAOP.java:62) - 返回值：cn.edu.ahu.repairbackend.util.ResultMsg@5771160a
2018-03-14 20:28:13,632 INFO (ControllerParamCheckAndLogAOP.java:63) - 耗时：88
2018-03-14 20:28:13,632 INFO (ControllerParamCheckAndLogAOP.java:64) - 请求完成
2018-03-14 20:28:13,674 INFO (ControllerParamCheckAndLogAOP.java:83) - 请求开始-------------------------------------------------------
2018-03-14 20:28:13,675 INFO (ControllerParamCheckAndLogAOP.java:84) - 请求地址：http://localhost:8081/timePicker/all
2018-03-14 20:28:13,675 INFO (ControllerParamCheckAndLogAOP.java:85) - 请求类型：GET
2018-03-14 20:28:13,675 INFO (ControllerParamCheckAndLogAOP.java:86) - 访问类及方法：cn.edu.ahu.repairbackend.controller.RepairTimePickerControllergetRepairTimePickerInfo
2018-03-14 20:28:13,675 INFO (ControllerParamCheckAndLogAOP.java:87) - 请求参数：[]
2018-03-14 20:28:13,683 INFO (ControllerParamCheckAndLogAOP.java:62) - 返回值：cn.edu.ahu.repairbackend.util.ResultMsg@2e8fce7f
2018-03-14 20:28:13,683 INFO (ControllerParamCheckAndLogAOP.java:63) - 耗时：9
2018-03-14 20:28:13,683 INFO (ControllerParamCheckAndLogAOP.java:64) - 请求完成
2018-03-14 20:28:34,173 INFO (ControllerParamCheckAndLogAOP.java:83) - 请求开始-------------------------------------------------------
2018-03-14 20:28:34,173 INFO (ControllerParamCheckAndLogAOP.java:84) - 请求地址：http://localhost:8081/timePicker/all
2018-03-14 20:28:34,173 INFO (ControllerParamCheckAndLogAOP.java:85) - 请求类型：GET
2018-03-14 20:28:34,173 INFO (ControllerParamCheckAndLogAOP.java:86) - 访问类及方法：cn.edu.ahu.repairbackend.controller.RepairTimePickerControllergetRepairTimePickerInfo
2018-03-14 20:28:34,173 INFO (ControllerParamCheckAndLogAOP.java:87) - 请求参数：[]
2018-03-14 20:28:34,185 INFO (ControllerParamCheckAndLogAOP.java:62) - 返回值：cn.edu.ahu.repairbackend.util.ResultMsg@6c232cc2
2018-03-14 20:28:34,186 INFO (ControllerParamCheckAndLogAOP.java:63) - 耗时：13
2018-03-14 20:28:34,186 INFO (ControllerParamCheckAndLogAOP.java:64) - 请求完成
2018-03-14 20:31:15,882 INFO (ControllerParamCheckAndLogAOP.java:83) - 请求开始-------------------------------------------------------
2018-03-14 20:31:15,882 INFO (ControllerParamCheckAndLogAOP.java:84) - 请求地址：http://localhost:8081/timePicker/all
2018-03-14 20:31:15,882 INFO (ControllerParamCheckAndLogAOP.java:85) - 请求类型：GET
2018-03-14 20:31:15,883 INFO (ControllerParamCheckAndLogAOP.java:86) - 访问类及方法：cn.edu.ahu.repairbackend.controller.RepairTimePickerControllergetRepairTimePickerInfo
2018-03-14 20:31:15,883 INFO (ControllerParamCheckAndLogAOP.java:87) - 请求参数：[]
2018-03-14 20:31:15,892 INFO (ControllerParamCheckAndLogAOP.java:62) - 返回值：cn.edu.ahu.repairbackend.util.ResultMsg@7f2ea913
2018-03-14 20:31:15,892 INFO (ControllerParamCheckAndLogAOP.java:63) - 耗时：10
2018-03-14 20:31:15,892 INFO (ControllerParamCheckAndLogAOP.java:64) - 请求完成
2018-03-14 20:33:39,740 INFO (ControllerParamCheckAndLogAOP.java:83) - 请求开始-------------------------------------------------------
2018-03-14 20:33:39,740 INFO (ControllerParamCheckAndLogAOP.java:84) - 请求地址：http://localhost:8081/timePicker/all
2018-03-14 20:33:39,740 INFO (ControllerParamCheckAndLogAOP.java:85) - 请求类型：GET
2018-03-14 20:33:39,741 INFO (ControllerParamCheckAndLogAOP.java:86) - 访问类及方法：cn.edu.ahu.repairbackend.controller.RepairTimePickerControllergetRepairTimePickerInfo
2018-03-14 20:33:39,741 INFO (ControllerParamCheckAndLogAOP.java:87) - 请求参数：[]
2018-03-14 20:33:39,752 INFO (ControllerParamCheckAndLogAOP.java:62) - 返回值：cn.edu.ahu.repairbackend.util.ResultMsg@36570d37
2018-03-14 20:33:39,753 INFO (ControllerParamCheckAndLogAOP.java:63) - 耗时：13
2018-03-14 20:33:39,753 INFO (ControllerParamCheckAndLogAOP.java:64) - 请求完成
2018-03-14 20:35:31,864 INFO (ControllerParamCheckAndLogAOP.java:83) - 请求开始-------------------------------------------------------
2018-03-14 20:35:31,864 INFO (ControllerParamCheckAndLogAOP.java:84) - 请求地址：http://localhost:8081/timePicker/all
2018-03-14 20:35:31,864 INFO (ControllerParamCheckAndLogAOP.java:85) - 请求类型：GET
2018-03-14 20:35:31,865 INFO (ControllerParamCheckAndLogAOP.java:86) - 访问类及方法：cn.edu.ahu.repairbackend.controller.RepairTimePickerControllergetRepairTimePickerInfo
2018-03-14 20:35:31,865 INFO (ControllerParamCheckAndLogAOP.java:87) - 请求参数：[]
2018-03-14 20:35:31,875 INFO (ControllerParamCheckAndLogAOP.java:62) - 返回值：cn.edu.ahu.repairbackend.util.ResultMsg@1bd1e28f
2018-03-14 20:35:31,876 INFO (ControllerParamCheckAndLogAOP.java:63) - 耗时：12
2018-03-14 20:35:31,876 INFO (ControllerParamCheckAndLogAOP.java:64) - 请求完成
2018-03-14 21:24:06,902 INFO (ControllerParamCheckAndLogAOP.java:83) - 请求开始-------------------------------------------------------
2018-03-14 21:24:06,905 INFO (ControllerParamCheckAndLogAOP.java:84) - 请求地址：http://localhost:8081/timePicker/all
2018-03-14 21:24:06,905 INFO (ControllerParamCheckAndLogAOP.java:85) - 请求类型：GET
2018-03-14 21:24:06,906 INFO (ControllerParamCheckAndLogAOP.java:86) - 访问类及方法：cn.edu.ahu.repairbackend.controller.RepairTimePickerControllergetRepairTimePickerInfo
2018-03-14 21:24:06,906 INFO (ControllerParamCheckAndLogAOP.java:87) - 请求参数：[]
2018-03-14 21:24:06,920 INFO (ControllerParamCheckAndLogAOP.java:62) - 返回值：cn.edu.ahu.repairbackend.util.ResultMsg@73f10734
2018-03-14 21:24:06,920 INFO (ControllerParamCheckAndLogAOP.java:63) - 耗时：18
2018-03-14 21:24:06,920 INFO (ControllerParamCheckAndLogAOP.java:64) - 请求完成
2018-03-14 21:32:24,194 INFO (ControllerParamCheckAndLogAOP.java:83) - 请求开始-------------------------------------------------------
2018-03-14 21:32:24,195 INFO (ControllerParamCheckAndLogAOP.java:84) - 请求地址：http://localhost:8081/timePicker/all
2018-03-14 21:32:24,195 INFO (ControllerParamCheckAndLogAOP.java:85) - 请求类型：GET
2018-03-14 21:32:24,196 INFO (ControllerParamCheckAndLogAOP.java:86) - 访问类及方法：cn.edu.ahu.repairbackend.controller.RepairTimePickerControllergetRepairTimePickerInfo
2018-03-14 21:32:24,196 INFO (ControllerParamCheckAndLogAOP.java:87) - 请求参数：[]
2018-03-14 21:32:24,207 INFO (ControllerParamCheckAndLogAOP.java:62) - 返回值：cn.edu.ahu.repairbackend.util.ResultMsg@65859305
2018-03-14 21:32:24,207 INFO (ControllerParamCheckAndLogAOP.java:63) - 耗时：13
2018-03-14 21:32:24,208 INFO (ControllerParamCheckAndLogAOP.java:64) - 请求完成
2018-03-14 21:32:35,446 INFO (ControllerParamCheckAndLogAOP.java:83) - 请求开始-------------------------------------------------------
2018-03-14 21:32:35,447 INFO (ControllerParamCheckAndLogAOP.java:84) - 请求地址：http://localhost:8081/timePicker/all
2018-03-14 21:32:35,447 INFO (ControllerParamCheckAndLogAOP.java:85) - 请求类型：GET
2018-03-14 21:32:35,447 INFO (ControllerParamCheckAndLogAOP.java:86) - 访问类及方法：cn.edu.ahu.repairbackend.controller.RepairTimePickerControllergetRepairTimePickerInfo
2018-03-14 21:32:35,447 INFO (ControllerParamCheckAndLogAOP.java:87) - 请求参数：[]
2018-03-14 21:32:35,455 INFO (ControllerParamCheckAndLogAOP.java:62) - 返回值：cn.edu.ahu.repairbackend.util.ResultMsg@6fc381e2
2018-03-14 21:32:35,456 INFO (ControllerParamCheckAndLogAOP.java:63) - 耗时：10
2018-03-14 21:32:35,456 INFO (ControllerParamCheckAndLogAOP.java:64) - 请求完成
2018-03-14 21:37:02,161 INFO (ControllerParamCheckAndLogAOP.java:83) - 请求开始-------------------------------------------------------
2018-03-14 21:37:02,162 INFO (ControllerParamCheckAndLogAOP.java:84) - 请求地址：http://localhost:8081/user/login
2018-03-14 21:37:02,162 INFO (ControllerParamCheckAndLogAOP.java:85) - 请求类型：GET
2018-03-14 21:37:02,162 INFO (ControllerParamCheckAndLogAOP.java:86) - 访问类及方法：cn.edu.ahu.repairbackend.controller.UserInfoControllergetUserInfoByNumberAndIdCard
2018-03-14 21:37:02,163 INFO (ControllerParamCheckAndLogAOP.java:87) - 请求参数：[P16301132, 202533]
2018-03-14 21:37:02,262 INFO (ControllerParamCheckAndLogAOP.java:62) - 返回值：cn.edu.ahu.repairbackend.util.ResultMsg@7fe1e729
2018-03-14 21:37:02,262 INFO (ControllerParamCheckAndLogAOP.java:63) - 耗时：101
2018-03-14 21:37:02,262 INFO (ControllerParamCheckAndLogAOP.java:64) - 请求完成
2018-03-14 21:37:02,300 INFO (ControllerParamCheckAndLogAOP.java:83) - 请求开始-------------------------------------------------------
2018-03-14 21:37:02,301 INFO (ControllerParamCheckAndLogAOP.java:84) - 请求地址：http://localhost:8081/timePicker/all
2018-03-14 21:37:02,301 INFO (ControllerParamCheckAndLogAOP.java:85) - 请求类型：GET
2018-03-14 21:37:02,301 INFO (ControllerParamCheckAndLogAOP.java:86) - 访问类及方法：cn.edu.ahu.repairbackend.controller.RepairTimePickerControllergetRepairTimePickerInfo
2018-03-14 21:37:02,302 INFO (ControllerParamCheckAndLogAOP.java:87) - 请求参数：[]
2018-03-14 21:37:02,309 INFO (ControllerParamCheckAndLogAOP.java:62) - 返回值：cn.edu.ahu.repairbackend.util.ResultMsg@5d411ecc
2018-03-14 21:37:02,310 INFO (ControllerParamCheckAndLogAOP.java:63) - 耗时：10
2018-03-14 21:37:02,310 INFO (ControllerParamCheckAndLogAOP.java:64) - 请求完成
2018-03-14 21:37:55,369 INFO (ControllerParamCheckAndLogAOP.java:83) - 请求开始-------------------------------------------------------
2018-03-14 21:37:55,369 INFO (ControllerParamCheckAndLogAOP.java:84) - 请求地址：http://localhost:8081/user/login
2018-03-14 21:37:55,369 INFO (ControllerParamCheckAndLogAOP.java:85) - 请求类型：GET
2018-03-14 21:37:55,370 INFO (ControllerParamCheckAndLogAOP.java:86) - 访问类及方法：cn.edu.ahu.repairbackend.controller.UserInfoControllergetUserInfoByNumberAndIdCard
2018-03-14 21:37:55,370 INFO (ControllerParamCheckAndLogAOP.java:87) - 请求参数：[P16301132, 202533]
2018-03-14 21:37:55,454 INFO (ControllerParamCheckAndLogAOP.java:62) - 返回值：cn.edu.ahu.repairbackend.util.ResultMsg@37047b4f
2018-03-14 21:37:55,455 INFO (ControllerParamCheckAndLogAOP.java:63) - 耗时：86
2018-03-14 21:37:55,455 INFO (ControllerParamCheckAndLogAOP.java:64) - 请求完成
2018-03-14 21:37:55,500 INFO (ControllerParamCheckAndLogAOP.java:83) - 请求开始-------------------------------------------------------
2018-03-14 21:37:55,500 INFO (ControllerParamCheckAndLogAOP.java:84) - 请求地址：http://localhost:8081/timePicker/all
2018-03-14 21:37:55,500 INFO (ControllerParamCheckAndLogAOP.java:85) - 请求类型：GET
2018-03-14 21:37:55,500 INFO (ControllerParamCheckAndLogAOP.java:86) - 访问类及方法：cn.edu.ahu.repairbackend.controller.RepairTimePickerControllergetRepairTimePickerInfo
2018-03-14 21:37:55,500 INFO (ControllerParamCheckAndLogAOP.java:87) - 请求参数：[]
2018-03-14 21:37:55,507 INFO (ControllerParamCheckAndLogAOP.java:62) - 返回值：cn.edu.ahu.repairbackend.util.ResultMsg@15d93a8a
2018-03-14 21:37:55,507 INFO (ControllerParamCheckAndLogAOP.java:63) - 耗时：7
2018-03-14 21:37:55,508 INFO (ControllerParamCheckAndLogAOP.java:64) - 请求完成
2018-03-14 21:43:45,512 INFO (ControllerParamCheckAndLogAOP.java:83) - 请求开始-------------------------------------------------------
2018-03-14 21:43:45,513 INFO (ControllerParamCheckAndLogAOP.java:84) - 请求地址：http://localhost:8081/timePicker/all
2018-03-14 21:43:45,513 INFO (ControllerParamCheckAndLogAOP.java:85) - 请求类型：GET
2018-03-14 21:43:45,513 INFO (ControllerParamCheckAndLogAOP.java:86) - 访问类及方法：cn.edu.ahu.repairbackend.controller.RepairTimePickerControllergetRepairTimePickerInfo
2018-03-14 21:43:45,513 INFO (ControllerParamCheckAndLogAOP.java:87) - 请求参数：[]
2018-03-14 21:43:45,522 INFO (ControllerParamCheckAndLogAOP.java:62) - 返回值：cn.edu.ahu.repairbackend.util.ResultMsg@621741ac
2018-03-14 21:43:45,523 INFO (ControllerParamCheckAndLogAOP.java:63) - 耗时：11
2018-03-14 21:43:45,523 INFO (ControllerParamCheckAndLogAOP.java:64) - 请求完成
2018-03-14 21:43:49,488 INFO (ControllerParamCheckAndLogAOP.java:83) - 请求开始-------------------------------------------------------
2018-03-14 21:43:49,488 INFO (ControllerParamCheckAndLogAOP.java:84) - 请求地址：http://localhost:8081/timePicker/all
2018-03-14 21:43:49,488 INFO (ControllerParamCheckAndLogAOP.java:85) - 请求类型：GET
2018-03-14 21:43:49,489 INFO (ControllerParamCheckAndLogAOP.java:86) - 访问类及方法：cn.edu.ahu.repairbackend.controller.RepairTimePickerControllergetRepairTimePickerInfo
2018-03-14 21:43:49,489 INFO (ControllerParamCheckAndLogAOP.java:87) - 请求参数：[]
2018-03-14 21:43:49,498 INFO (ControllerParamCheckAndLogAOP.java:62) - 返回值：cn.edu.ahu.repairbackend.util.ResultMsg@35809783
2018-03-14 21:43:49,499 INFO (ControllerParamCheckAndLogAOP.java:63) - 耗时：11
2018-03-14 21:43:49,499 INFO (ControllerParamCheckAndLogAOP.java:64) - 请求完成
2018-03-14 21:47:54,958 INFO (ControllerParamCheckAndLogAOP.java:83) - 请求开始-------------------------------------------------------
2018-03-14 21:47:54,958 INFO (ControllerParamCheckAndLogAOP.java:84) - 请求地址：http://localhost:8081/timePicker/all
2018-03-14 21:47:54,958 INFO (ControllerParamCheckAndLogAOP.java:85) - 请求类型：GET
2018-03-14 21:47:54,958 INFO (ControllerParamCheckAndLogAOP.java:86) - 访问类及方法：cn.edu.ahu.repairbackend.controller.RepairTimePickerControllergetRepairTimePickerInfo
2018-03-14 21:47:54,958 INFO (ControllerParamCheckAndLogAOP.java:87) - 请求参数：[]
2018-03-14 21:47:55,569 INFO (ControllerParamCheckAndLogAOP.java:62) - 返回值：cn.edu.ahu.repairbackend.util.ResultMsg@7fb343e8
2018-03-14 21:47:55,569 INFO (ControllerParamCheckAndLogAOP.java:63) - 耗时：611
2018-03-14 21:47:55,570 INFO (ControllerParamCheckAndLogAOP.java:64) - 请求完成
2018-03-14 21:48:05,272 INFO (ControllerParamCheckAndLogAOP.java:83) - 请求开始-------------------------------------------------------
2018-03-14 21:48:05,273 INFO (ControllerParamCheckAndLogAOP.java:84) - 请求地址：http://localhost:8081/timePicker/all
2018-03-14 21:48:05,273 INFO (ControllerParamCheckAndLogAOP.java:85) - 请求类型：GET
2018-03-14 21:48:05,273 INFO (ControllerParamCheckAndLogAOP.java:86) - 访问类及方法：cn.edu.ahu.repairbackend.controller.RepairTimePickerControllergetRepairTimePickerInfo
2018-03-14 21:48:05,273 INFO (ControllerParamCheckAndLogAOP.java:87) - 请求参数：[]
2018-03-14 21:48:05,282 INFO (ControllerParamCheckAndLogAOP.java:62) - 返回值：cn.edu.ahu.repairbackend.util.ResultMsg@b1b9c40
2018-03-14 21:48:05,283 INFO (ControllerParamCheckAndLogAOP.java:63) - 耗时：11
2018-03-14 21:48:05,283 INFO (ControllerParamCheckAndLogAOP.java:64) - 请求完成
2018-03-14 21:48:37,151 INFO (ControllerParamCheckAndLogAOP.java:83) - 请求开始-------------------------------------------------------
2018-03-14 21:48:37,151 INFO (ControllerParamCheckAndLogAOP.java:84) - 请求地址：http://localhost:8081/user/login
2018-03-14 21:48:37,151 INFO (ControllerParamCheckAndLogAOP.java:85) - 请求类型：GET
2018-03-14 21:48:37,151 INFO (ControllerParamCheckAndLogAOP.java:86) - 访问类及方法：cn.edu.ahu.repairbackend.controller.UserInfoControllergetUserInfoByNumberAndIdCard
2018-03-14 21:48:37,151 INFO (ControllerParamCheckAndLogAOP.java:87) - 请求参数：[P16301132, 202533]
2018-03-14 21:48:38,809 INFO (ControllerParamCheckAndLogAOP.java:62) - 返回值：cn.edu.ahu.repairbackend.util.ResultMsg@3aba2330
2018-03-14 21:48:38,809 INFO (ControllerParamCheckAndLogAOP.java:63) - 耗时：1658
2018-03-14 21:48:38,809 INFO (ControllerParamCheckAndLogAOP.java:64) - 请求完成
2018-03-14 21:48:38,862 INFO (ControllerParamCheckAndLogAOP.java:83) - 请求开始-------------------------------------------------------
2018-03-14 21:48:38,862 INFO (ControllerParamCheckAndLogAOP.java:84) - 请求地址：http://localhost:8081/timePicker/all
2018-03-14 21:48:38,862 INFO (ControllerParamCheckAndLogAOP.java:85) - 请求类型：GET
2018-03-14 21:48:38,862 INFO (ControllerParamCheckAndLogAOP.java:86) - 访问类及方法：cn.edu.ahu.repairbackend.controller.RepairTimePickerControllergetRepairTimePickerInfo
2018-03-14 21:48:38,862 INFO (ControllerParamCheckAndLogAOP.java:87) - 请求参数：[]
2018-03-14 21:48:40,372 INFO (ControllerParamCheckAndLogAOP.java:62) - 返回值：cn.edu.ahu.repairbackend.util.ResultMsg@101d3197
2018-03-14 21:48:40,372 INFO (ControllerParamCheckAndLogAOP.java:63) - 耗时：1510
2018-03-14 21:48:40,372 INFO (ControllerParamCheckAndLogAOP.java:64) - 请求完成
2018-03-14 21:48:48,796 INFO (ControllerParamCheckAndLogAOP.java:83) - 请求开始-------------------------------------------------------
2018-03-14 21:48:48,796 INFO (ControllerParamCheckAndLogAOP.java:84) - 请求地址：http://localhost:8081/timePicker/all
2018-03-14 21:48:48,796 INFO (ControllerParamCheckAndLogAOP.java:85) - 请求类型：GET
2018-03-14 21:48:48,796 INFO (ControllerParamCheckAndLogAOP.java:86) - 访问类及方法：cn.edu.ahu.repairbackend.controller.RepairTimePickerControllergetRepairTimePickerInfo
2018-03-14 21:48:48,796 INFO (ControllerParamCheckAndLogAOP.java:87) - 请求参数：[]
2018-03-14 21:48:48,807 INFO (ControllerParamCheckAndLogAOP.java:62) - 返回值：cn.edu.ahu.repairbackend.util.ResultMsg@16dd6893
2018-03-14 21:48:48,807 INFO (ControllerParamCheckAndLogAOP.java:63) - 耗时：11
2018-03-14 21:48:48,808 INFO (ControllerParamCheckAndLogAOP.java:64) - 请求完成
2018-03-14 21:50:15,475 INFO (ControllerParamCheckAndLogAOP.java:83) - 请求开始-------------------------------------------------------
2018-03-14 21:50:15,475 INFO (ControllerParamCheckAndLogAOP.java:84) - 请求地址：http://localhost:8081/timePicker/all
2018-03-14 21:50:15,475 INFO (ControllerParamCheckAndLogAOP.java:85) - 请求类型：GET
2018-03-14 21:50:15,476 INFO (ControllerParamCheckAndLogAOP.java:86) - 访问类及方法：cn.edu.ahu.repairbackend.controller.RepairTimePickerControllergetRepairTimePickerInfo
2018-03-14 21:50:15,476 INFO (ControllerParamCheckAndLogAOP.java:87) - 请求参数：[]
2018-03-14 21:50:15,487 INFO (ControllerParamCheckAndLogAOP.java:62) - 返回值：cn.edu.ahu.repairbackend.util.ResultMsg@5364153c
2018-03-14 21:50:15,488 INFO (ControllerParamCheckAndLogAOP.java:63) - 耗时：13
2018-03-14 21:50:15,488 INFO (ControllerParamCheckAndLogAOP.java:64) - 请求完成
2018-03-14 21:51:00,999 INFO (ControllerParamCheckAndLogAOP.java:83) - 请求开始-------------------------------------------------------
2018-03-14 21:51:01,000 INFO (ControllerParamCheckAndLogAOP.java:84) - 请求地址：http://localhost:8081/timePicker/all
2018-03-14 21:51:01,000 INFO (ControllerParamCheckAndLogAOP.java:85) - 请求类型：GET
2018-03-14 21:51:01,000 INFO (ControllerParamCheckAndLogAOP.java:86) - 访问类及方法：cn.edu.ahu.repairbackend.controller.RepairTimePickerControllergetRepairTimePickerInfo
2018-03-14 21:51:01,001 INFO (ControllerParamCheckAndLogAOP.java:87) - 请求参数：[]
2018-03-14 21:51:01,009 INFO (ControllerParamCheckAndLogAOP.java:62) - 返回值：cn.edu.ahu.repairbackend.util.ResultMsg@6cc231f0
2018-03-14 21:51:01,009 INFO (ControllerParamCheckAndLogAOP.java:63) - 耗时：10
2018-03-14 21:51:01,010 INFO (ControllerParamCheckAndLogAOP.java:64) - 请求完成
2018-03-14 21:51:48,669 INFO (ControllerParamCheckAndLogAOP.java:83) - 请求开始-------------------------------------------------------
2018-03-14 21:51:48,669 INFO (ControllerParamCheckAndLogAOP.java:84) - 请求地址：http://localhost:8081/timePicker/all
2018-03-14 21:51:48,669 INFO (ControllerParamCheckAndLogAOP.java:85) - 请求类型：GET
2018-03-14 21:51:48,669 INFO (ControllerParamCheckAndLogAOP.java:86) - 访问类及方法：cn.edu.ahu.repairbackend.controller.RepairTimePickerControllergetRepairTimePickerInfo
2018-03-14 21:51:48,670 INFO (ControllerParamCheckAndLogAOP.java:87) - 请求参数：[]
2018-03-14 21:51:48,979 INFO (ControllerParamCheckAndLogAOP.java:62) - 返回值：cn.edu.ahu.repairbackend.util.ResultMsg@1d23244e
2018-03-14 21:51:48,979 INFO (ControllerParamCheckAndLogAOP.java:63) - 耗时：310
2018-03-14 21:51:48,979 INFO (ControllerParamCheckAndLogAOP.java:64) - 请求完成
2018-03-14 21:52:17,052 INFO (ControllerParamCheckAndLogAOP.java:83) - 请求开始-------------------------------------------------------
2018-03-14 21:52:17,052 INFO (ControllerParamCheckAndLogAOP.java:84) - 请求地址：http://localhost:8081/timePicker/all
2018-03-14 21:52:17,052 INFO (ControllerParamCheckAndLogAOP.java:85) - 请求类型：GET
2018-03-14 21:52:17,052 INFO (ControllerParamCheckAndLogAOP.java:86) - 访问类及方法：cn.edu.ahu.repairbackend.controller.RepairTimePickerControllergetRepairTimePickerInfo
2018-03-14 21:52:17,053 INFO (ControllerParamCheckAndLogAOP.java:87) - 请求参数：[]
2018-03-14 21:52:17,663 INFO (ControllerParamCheckAndLogAOP.java:62) - 返回值：cn.edu.ahu.repairbackend.util.ResultMsg@360ce2e1
2018-03-14 21:52:17,663 INFO (ControllerParamCheckAndLogAOP.java:63) - 耗时：611
2018-03-14 21:52:17,663 INFO (ControllerParamCheckAndLogAOP.java:64) - 请求完成
2018-03-14 21:53:42,334 INFO (ControllerParamCheckAndLogAOP.java:83) - 请求开始-------------------------------------------------------
2018-03-14 21:53:42,335 INFO (ControllerParamCheckAndLogAOP.java:84) - 请求地址：http://localhost:8081/timePicker/all
2018-03-14 21:53:42,335 INFO (ControllerParamCheckAndLogAOP.java:85) - 请求类型：GET
2018-03-14 21:53:42,335 INFO (ControllerParamCheckAndLogAOP.java:86) - 访问类及方法：cn.edu.ahu.repairbackend.controller.RepairTimePickerControllergetRepairTimePickerInfo
2018-03-14 21:53:42,335 INFO (ControllerParamCheckAndLogAOP.java:87) - 请求参数：[]
2018-03-14 21:53:42,645 INFO (ControllerParamCheckAndLogAOP.java:62) - 返回值：cn.edu.ahu.repairbackend.util.ResultMsg@3d2b9116
2018-03-14 21:53:42,645 INFO (ControllerParamCheckAndLogAOP.java:63) - 耗时：311
2018-03-14 21:53:42,645 INFO (ControllerParamCheckAndLogAOP.java:64) - 请求完成
2018-03-14 21:54:57,544 INFO (ControllerParamCheckAndLogAOP.java:83) - 请求开始-------------------------------------------------------
2018-03-14 21:54:57,544 INFO (ControllerParamCheckAndLogAOP.java:84) - 请求地址：http://localhost:8081/timePicker/all
2018-03-14 21:54:57,544 INFO (ControllerParamCheckAndLogAOP.java:85) - 请求类型：GET
2018-03-14 21:54:57,544 INFO (ControllerParamCheckAndLogAOP.java:86) - 访问类及方法：cn.edu.ahu.repairbackend.controller.RepairTimePickerControllergetRepairTimePickerInfo
2018-03-14 21:54:57,544 INFO (ControllerParamCheckAndLogAOP.java:87) - 请求参数：[]
2018-03-14 21:54:57,553 INFO (ControllerParamCheckAndLogAOP.java:62) - 返回值：cn.edu.ahu.repairbackend.util.ResultMsg@112e37ef
2018-03-14 21:54:57,553 INFO (ControllerParamCheckAndLogAOP.java:63) - 耗时：9
2018-03-14 21:54:57,553 INFO (ControllerParamCheckAndLogAOP.java:64) - 请求完成
2018-03-14 22:05:27,996 INFO (ControllerParamCheckAndLogAOP.java:83) - 请求开始-------------------------------------------------------
2018-03-14 22:05:27,996 INFO (ControllerParamCheckAndLogAOP.java:84) - 请求地址：http://localhost:8081/user/login
2018-03-14 22:05:27,996 INFO (ControllerParamCheckAndLogAOP.java:85) - 请求类型：GET
2018-03-14 22:05:27,996 INFO (ControllerParamCheckAndLogAOP.java:86) - 访问类及方法：cn.edu.ahu.repairbackend.controller.UserInfoControllergetUserInfoByNumberAndIdCard
2018-03-14 22:05:27,996 INFO (ControllerParamCheckAndLogAOP.java:87) - 请求参数：[P16301132, 202533]
2018-03-14 22:05:28,137 INFO (ControllerParamCheckAndLogAOP.java:62) - 返回值：cn.edu.ahu.repairbackend.util.ResultMsg@209d6031
2018-03-14 22:05:28,138 INFO (ControllerParamCheckAndLogAOP.java:63) - 耗时：142
2018-03-14 22:05:28,138 INFO (ControllerParamCheckAndLogAOP.java:64) - 请求完成
2018-03-14 22:08:10,948 INFO (ControllerParamCheckAndLogAOP.java:83) - 请求开始-------------------------------------------------------
2018-03-14 22:08:10,949 INFO (ControllerParamCheckAndLogAOP.java:84) - 请求地址：http://localhost:8081/timePicker/all
2018-03-14 22:08:10,949 INFO (ControllerParamCheckAndLogAOP.java:85) - 请求类型：GET
2018-03-14 22:08:10,949 INFO (ControllerParamCheckAndLogAOP.java:86) - 访问类及方法：cn.edu.ahu.repairbackend.controller.RepairTimePickerControllergetRepairTimePickerInfo
2018-03-14 22:08:10,949 INFO (ControllerParamCheckAndLogAOP.java:87) - 请求参数：[]
2018-03-14 22:08:10,962 INFO (ControllerParamCheckAndLogAOP.java:62) - 返回值：cn.edu.ahu.repairbackend.util.ResultMsg@727328b
2018-03-14 22:08:10,963 INFO (ControllerParamCheckAndLogAOP.java:63) - 耗时：15
2018-03-14 22:08:10,963 INFO (ControllerParamCheckAndLogAOP.java:64) - 请求完成
2018-03-14 22:08:13,341 INFO (ControllerParamCheckAndLogAOP.java:83) - 请求开始-------------------------------------------------------
2018-03-14 22:08:13,342 INFO (ControllerParamCheckAndLogAOP.java:84) - 请求地址：http://localhost:8081/timePicker/all
2018-03-14 22:08:13,342 INFO (ControllerParamCheckAndLogAOP.java:85) - 请求类型：GET
2018-03-14 22:08:13,342 INFO (ControllerParamCheckAndLogAOP.java:86) - 访问类及方法：cn.edu.ahu.repairbackend.controller.RepairTimePickerControllergetRepairTimePickerInfo
2018-03-14 22:08:13,343 INFO (ControllerParamCheckAndLogAOP.java:87) - 请求参数：[]
2018-03-14 22:08:13,351 INFO (ControllerParamCheckAndLogAOP.java:62) - 返回值：cn.edu.ahu.repairbackend.util.ResultMsg@51920eda
2018-03-14 22:08:13,351 INFO (ControllerParamCheckAndLogAOP.java:63) - 耗时：10
2018-03-14 22:08:13,351 INFO (ControllerParamCheckAndLogAOP.java:64) - 请求完成
2018-03-14 22:08:18,982 INFO (ControllerParamCheckAndLogAOP.java:83) - 请求开始-------------------------------------------------------
2018-03-14 22:08:18,982 INFO (ControllerParamCheckAndLogAOP.java:84) - 请求地址：http://localhost:8081/timePicker/all
2018-03-14 22:08:18,982 INFO (ControllerParamCheckAndLogAOP.java:85) - 请求类型：GET
2018-03-14 22:08:18,982 INFO (ControllerParamCheckAndLogAOP.java:86) - 访问类及方法：cn.edu.ahu.repairbackend.controller.RepairTimePickerControllergetRepairTimePickerInfo
2018-03-14 22:08:18,983 INFO (ControllerParamCheckAndLogAOP.java:87) - 请求参数：[]
2018-03-14 22:08:18,994 INFO (ControllerParamCheckAndLogAOP.java:62) - 返回值：cn.edu.ahu.repairbackend.util.ResultMsg@23a51128
2018-03-14 22:08:18,995 INFO (ControllerParamCheckAndLogAOP.java:63) - 耗时：13
2018-03-14 22:08:18,995 INFO (ControllerParamCheckAndLogAOP.java:64) - 请求完成
2018-03-14 22:08:34,643 INFO (ControllerParamCheckAndLogAOP.java:83) - 请求开始-------------------------------------------------------
2018-03-14 22:08:34,644 INFO (ControllerParamCheckAndLogAOP.java:84) - 请求地址：http://localhost:8081/timePicker/all
2018-03-14 22:08:34,644 INFO (ControllerParamCheckAndLogAOP.java:85) - 请求类型：GET
2018-03-14 22:08:34,644 INFO (ControllerParamCheckAndLogAOP.java:86) - 访问类及方法：cn.edu.ahu.repairbackend.controller.RepairTimePickerControllergetRepairTimePickerInfo
2018-03-14 22:08:34,644 INFO (ControllerParamCheckAndLogAOP.java:87) - 请求参数：[]
2018-03-14 22:08:34,656 INFO (ControllerParamCheckAndLogAOP.java:62) - 返回值：cn.edu.ahu.repairbackend.util.ResultMsg@37266a75
2018-03-14 22:08:34,656 INFO (ControllerParamCheckAndLogAOP.java:63) - 耗时：13
2018-03-14 22:08:34,656 INFO (ControllerParamCheckAndLogAOP.java:64) - 请求完成
2018-03-14 22:10:00,586 INFO (ControllerParamCheckAndLogAOP.java:83) - 请求开始-------------------------------------------------------
2018-03-14 22:10:00,587 INFO (ControllerParamCheckAndLogAOP.java:84) - 请求地址：http://localhost:8081/timePicker/all
2018-03-14 22:10:00,587 INFO (ControllerParamCheckAndLogAOP.java:85) - 请求类型：GET
2018-03-14 22:10:00,587 INFO (ControllerParamCheckAndLogAOP.java:86) - 访问类及方法：cn.edu.ahu.repairbackend.controller.RepairTimePickerControllergetRepairTimePickerInfo
2018-03-14 22:10:00,587 INFO (ControllerParamCheckAndLogAOP.java:87) - 请求参数：[]
2018-03-14 22:10:00,903 INFO (ControllerParamCheckAndLogAOP.java:62) - 返回值：cn.edu.ahu.repairbackend.util.ResultMsg@16f78052
2018-03-14 22:10:00,903 INFO (ControllerParamCheckAndLogAOP.java:63) - 耗时：317
2018-03-14 22:10:00,903 INFO (ControllerParamCheckAndLogAOP.java:64) - 请求完成
2018-03-14 22:11:10,924 INFO (ControllerParamCheckAndLogAOP.java:83) - 请求开始-------------------------------------------------------
2018-03-14 22:11:10,924 INFO (ControllerParamCheckAndLogAOP.java:84) - 请求地址：http://localhost:8081/timePicker/all
2018-03-14 22:11:10,924 INFO (ControllerParamCheckAndLogAOP.java:85) - 请求类型：GET
2018-03-14 22:11:10,924 INFO (ControllerParamCheckAndLogAOP.java:86) - 访问类及方法：cn.edu.ahu.repairbackend.controller.RepairTimePickerControllergetRepairTimePickerInfo
2018-03-14 22:11:10,925 INFO (ControllerParamCheckAndLogAOP.java:87) - 请求参数：[]
2018-03-14 22:11:10,933 INFO (ControllerParamCheckAndLogAOP.java:62) - 返回值：cn.edu.ahu.repairbackend.util.ResultMsg@5bdae42f
2018-03-14 22:11:10,934 INFO (ControllerParamCheckAndLogAOP.java:63) - 耗时：10
2018-03-14 22:11:10,934 INFO (ControllerParamCheckAndLogAOP.java:64) - 请求完成
2018-03-14 22:11:46,788 INFO (ControllerParamCheckAndLogAOP.java:83) - 请求开始-------------------------------------------------------
2018-03-14 22:11:46,788 INFO (ControllerParamCheckAndLogAOP.java:84) - 请求地址：http://localhost:8081/timePicker/all
2018-03-14 22:11:46,788 INFO (ControllerParamCheckAndLogAOP.java:85) - 请求类型：GET
2018-03-14 22:11:46,789 INFO (ControllerParamCheckAndLogAOP.java:86) - 访问类及方法：cn.edu.ahu.repairbackend.controller.RepairTimePickerControllergetRepairTimePickerInfo
2018-03-14 22:11:46,789 INFO (ControllerParamCheckAndLogAOP.java:87) - 请求参数：[]
2018-03-14 22:11:47,100 INFO (ControllerParamCheckAndLogAOP.java:62) - 返回值：cn.edu.ahu.repairbackend.util.ResultMsg@2d774e12
2018-03-14 22:11:47,100 INFO (ControllerParamCheckAndLogAOP.java:63) - 耗时：312
2018-03-14 22:11:47,100 INFO (ControllerParamCheckAndLogAOP.java:64) - 请求完成
2018-03-14 22:16:08,160 INFO (ControllerParamCheckAndLogAOP.java:83) - 请求开始-------------------------------------------------------
2018-03-14 22:16:08,160 INFO (ControllerParamCheckAndLogAOP.java:84) - 请求地址：http://localhost:8081/timePicker/all
2018-03-14 22:16:08,161 INFO (ControllerParamCheckAndLogAOP.java:85) - 请求类型：GET
2018-03-14 22:16:08,161 INFO (ControllerParamCheckAndLogAOP.java:86) - 访问类及方法：cn.edu.ahu.repairbackend.controller.RepairTimePickerControllergetRepairTimePickerInfo
2018-03-14 22:16:08,161 INFO (ControllerParamCheckAndLogAOP.java:87) - 请求参数：[]
2018-03-14 22:16:08,475 INFO (ControllerParamCheckAndLogAOP.java:62) - 返回值：cn.edu.ahu.repairbackend.util.ResultMsg@1de6d8a8
2018-03-14 22:16:08,475 INFO (ControllerParamCheckAndLogAOP.java:63) - 耗时：315
2018-03-14 22:16:08,476 INFO (ControllerParamCheckAndLogAOP.java:64) - 请求完成
2018-03-14 22:19:26,407 INFO (ControllerParamCheckAndLogAOP.java:83) - 请求开始-------------------------------------------------------
2018-03-14 22:19:26,408 INFO (ControllerParamCheckAndLogAOP.java:84) - 请求地址：http://localhost:8081/timePicker/all
2018-03-14 22:19:26,408 INFO (ControllerParamCheckAndLogAOP.java:85) - 请求类型：GET
2018-03-14 22:19:26,408 INFO (ControllerParamCheckAndLogAOP.java:86) - 访问类及方法：cn.edu.ahu.repairbackend.controller.RepairTimePickerControllergetRepairTimePickerInfo
2018-03-14 22:19:26,408 INFO (ControllerParamCheckAndLogAOP.java:87) - 请求参数：[]
2018-03-14 22:19:26,418 INFO (ControllerParamCheckAndLogAOP.java:62) - 返回值：cn.edu.ahu.repairbackend.util.ResultMsg@76e071c6
2018-03-14 22:19:26,418 INFO (ControllerParamCheckAndLogAOP.java:63) - 耗时：11
2018-03-14 22:19:26,419 INFO (ControllerParamCheckAndLogAOP.java:64) - 请求完成
2018-03-14 22:20:19,948 INFO (ControllerParamCheckAndLogAOP.java:83) - 请求开始-------------------------------------------------------
2018-03-14 22:20:19,948 INFO (ControllerParamCheckAndLogAOP.java:84) - 请求地址：http://localhost:8081/timePicker/all
2018-03-14 22:20:19,949 INFO (ControllerParamCheckAndLogAOP.java:85) - 请求类型：GET
2018-03-14 22:20:19,949 INFO (ControllerParamCheckAndLogAOP.java:86) - 访问类及方法：cn.edu.ahu.repairbackend.controller.RepairTimePickerControllergetRepairTimePickerInfo
2018-03-14 22:20:19,949 INFO (ControllerParamCheckAndLogAOP.java:87) - 请求参数：[]
2018-03-14 22:20:19,961 INFO (ControllerParamCheckAndLogAOP.java:62) - 返回值：cn.edu.ahu.repairbackend.util.ResultMsg@646e82ac
2018-03-14 22:20:19,961 INFO (ControllerParamCheckAndLogAOP.java:63) - 耗时：13
2018-03-14 22:20:19,961 INFO (ControllerParamCheckAndLogAOP.java:64) - 请求完成
2018-03-14 22:20:23,629 INFO (ControllerParamCheckAndLogAOP.java:83) - 请求开始-------------------------------------------------------
2018-03-14 22:20:23,629 INFO (ControllerParamCheckAndLogAOP.java:84) - 请求地址：http://localhost:8081/categories/child
2018-03-14 22:20:23,629 INFO (ControllerParamCheckAndLogAOP.java:85) - 请求类型：GET
2018-03-14 22:20:23,629 INFO (ControllerParamCheckAndLogAOP.java:86) - 访问类及方法：cn.edu.ahu.repairbackend.controller.RepairCategoriesControllergetRepairCategoriesInfoByParent
2018-03-14 22:20:23,629 INFO (ControllerParamCheckAndLogAOP.java:87) - 请求参数：[用水故障]
2018-03-14 22:20:23,639 INFO (ControllerParamCheckAndLogAOP.java:62) - 返回值：cn.edu.ahu.repairbackend.util.ResultMsg@afa7c53
2018-03-14 22:20:23,639 INFO (ControllerParamCheckAndLogAOP.java:63) - 耗时：10
2018-03-14 22:20:23,639 INFO (ControllerParamCheckAndLogAOP.java:64) - 请求完成
2018-03-14 22:20:36,946 INFO (ControllerParamCheckAndLogAOP.java:83) - 请求开始-------------------------------------------------------
2018-03-14 22:20:36,947 INFO (ControllerParamCheckAndLogAOP.java:84) - 请求地址：http://localhost:8081/repairInfo/submit
2018-03-14 22:20:36,947 INFO (ControllerParamCheckAndLogAOP.java:85) - 请求类型：POST
2018-03-14 22:20:36,947 INFO (ControllerParamCheckAndLogAOP.java:86) - 访问类及方法：cn.edu.ahu.repairbackend.controller.RepairInfoControllersubmitRepairInfo
2018-03-14 22:20:36,947 INFO (ControllerParamCheckAndLogAOP.java:87) - 请求参数：[org.springframework.web.multipart.support.StandardMultipartHttpServletRequest$StandardMultipartFile@5e25be8c, cn.edu.ahu.repairbackend.json.RepairInfoJson@3b40b45c]
2018-03-14 22:20:37,628 ERROR (CommonExceptionHandle.java:95) - *** 自定义异常 - 2001 ***
2018-03-14 22:20:48,464 INFO (ControllerParamCheckAndLogAOP.java:83) - 请求开始-------------------------------------------------------
2018-03-14 22:20:48,465 INFO (ControllerParamCheckAndLogAOP.java:84) - 请求地址：http://localhost:8081/repairInfo/submit
2018-03-14 22:20:48,465 INFO (ControllerParamCheckAndLogAOP.java:85) - 请求类型：POST
2018-03-14 22:20:48,465 INFO (ControllerParamCheckAndLogAOP.java:86) - 访问类及方法：cn.edu.ahu.repairbackend.controller.RepairInfoControllersubmitRepairInfo
2018-03-14 22:20:48,465 INFO (ControllerParamCheckAndLogAOP.java:87) - 请求参数：[org.springframework.web.multipart.support.StandardMultipartHttpServletRequest$StandardMultipartFile@3c414a2f, cn.edu.ahu.repairbackend.json.RepairInfoJson@364b1543]
2018-03-14 22:20:49,011 ERROR (CommonExceptionHandle.java:95) - *** 自定义异常 - 2001 ***
2018-03-14 22:22:05,644 INFO (ControllerParamCheckAndLogAOP.java:83) - 请求开始-------------------------------------------------------
2018-03-14 22:22:05,645 INFO (ControllerParamCheckAndLogAOP.java:84) - 请求地址：http://localhost:8081/repairInfo/submit
2018-03-14 22:22:05,645 INFO (ControllerParamCheckAndLogAOP.java:85) - 请求类型：POST
2018-03-14 22:22:05,647 INFO (ControllerParamCheckAndLogAOP.java:86) - 访问类及方法：cn.edu.ahu.repairbackend.controller.RepairInfoControllersubmitRepairInfo
2018-03-14 22:22:05,647 INFO (ControllerParamCheckAndLogAOP.java:87) - 请求参数：[org.springframework.web.multipart.support.StandardMultipartHttpServletRequest$StandardMultipartFile@12ad2466, cn.edu.ahu.repairbackend.json.RepairInfoJson@10216063]
2018-03-14 22:22:06,443 INFO (ControllerParamCheckAndLogAOP.java:62) - 返回值：cn.edu.ahu.repairbackend.util.ResultMsg@7906bbcc
2018-03-14 22:22:06,443 INFO (ControllerParamCheckAndLogAOP.java:63) - 耗时：799
2018-03-14 22:22:06,443 INFO (ControllerParamCheckAndLogAOP.java:64) - 请求完成
2018-03-14 22:22:15,476 INFO (ControllerParamCheckAndLogAOP.java:83) - 请求开始-------------------------------------------------------
2018-03-14 22:22:15,477 INFO (ControllerParamCheckAndLogAOP.java:84) - 请求地址：http://localhost:8081/timePicker/all
2018-03-14 22:22:15,477 INFO (ControllerParamCheckAndLogAOP.java:85) - 请求类型：GET
2018-03-14 22:22:15,477 INFO (ControllerParamCheckAndLogAOP.java:86) - 访问类及方法：cn.edu.ahu.repairbackend.controller.RepairTimePickerControllergetRepairTimePickerInfo
2018-03-14 22:22:15,477 INFO (ControllerParamCheckAndLogAOP.java:87) - 请求参数：[]
2018-03-14 22:22:15,586 INFO (ControllerParamCheckAndLogAOP.java:62) - 返回值：cn.edu.ahu.repairbackend.util.ResultMsg@73687019
2018-03-14 22:22:15,587 INFO (ControllerParamCheckAndLogAOP.java:63) - 耗时：111
2018-03-14 22:22:15,587 INFO (ControllerParamCheckAndLogAOP.java:64) - 请求完成
2018-03-14 22:24:50,072 INFO (ControllerParamCheckAndLogAOP.java:83) - 请求开始-------------------------------------------------------
2018-03-14 22:24:50,072 INFO (ControllerParamCheckAndLogAOP.java:84) - 请求地址：http://localhost:8081/user/login
2018-03-14 22:24:50,072 INFO (ControllerParamCheckAndLogAOP.java:85) - 请求类型：GET
2018-03-14 22:24:50,073 INFO (ControllerParamCheckAndLogAOP.java:86) - 访问类及方法：cn.edu.ahu.repairbackend.controller.UserInfoControllergetUserInfoByNumberAndIdCard
2018-03-14 22:24:50,073 INFO (ControllerParamCheckAndLogAOP.java:87) - 请求参数：[P16301132, 202533]
2018-03-14 22:24:50,204 INFO (ControllerParamCheckAndLogAOP.java:62) - 返回值：cn.edu.ahu.repairbackend.util.ResultMsg@72075de3
2018-03-14 22:24:50,204 INFO (ControllerParamCheckAndLogAOP.java:63) - 耗时：132
2018-03-14 22:24:50,204 INFO (ControllerParamCheckAndLogAOP.java:64) - 请求完成
2018-03-14 22:24:50,319 INFO (ControllerParamCheckAndLogAOP.java:83) - 请求开始-------------------------------------------------------
2018-03-14 22:24:50,320 INFO (ControllerParamCheckAndLogAOP.java:84) - 请求地址：http://localhost:8081/timePicker/all
2018-03-14 22:24:50,320 INFO (ControllerParamCheckAndLogAOP.java:85) - 请求类型：GET
2018-03-14 22:24:50,320 INFO (ControllerParamCheckAndLogAOP.java:86) - 访问类及方法：cn.edu.ahu.repairbackend.controller.RepairTimePickerControllergetRepairTimePickerInfo
2018-03-14 22:24:50,320 INFO (ControllerParamCheckAndLogAOP.java:87) - 请求参数：[]
2018-03-14 22:24:50,332 INFO (ControllerParamCheckAndLogAOP.java:62) - 返回值：cn.edu.ahu.repairbackend.util.ResultMsg@2da7a878
2018-03-14 22:24:50,333 INFO (ControllerParamCheckAndLogAOP.java:63) - 耗时：14
2018-03-14 22:24:50,333 INFO (ControllerParamCheckAndLogAOP.java:64) - 请求完成
