2018-04-17 15:56:36,885 INFO (ControllerParamCheckAndLogAOP.java:83) - 请求开始-------------------------------------------------------
2018-04-17 15:56:36,888 INFO (ControllerParamCheckAndLogAOP.java:84) - 请求地址：http://localhost:8081/user/login
2018-04-17 15:56:36,889 INFO (ControllerParamCheckAndLogAOP.java:85) - 请求类型：GET
2018-04-17 15:56:36,891 INFO (ControllerParamCheckAndLogAOP.java:86) - 访问类及方法：cn.edu.ahu.repairbackend.controller.UserInfoControllergetUserInfoByNumberAndIdCard
2018-04-17 15:56:36,892 INFO (ControllerParamCheckAndLogAOP.java:87) - 请求参数：[P16201106, 530061]
2018-04-17 15:56:37,040 INFO (ControllerParamCheckAndLogAOP.java:62) - 返回值：cn.edu.ahu.repairbackend.util.ResultMsg@16f5f937
2018-04-17 15:56:37,041 INFO (ControllerParamCheckAndLogAOP.java:63) - 耗时：156
2018-04-17 15:56:37,041 INFO (ControllerParamCheckAndLogAOP.java:64) - 请求完成
2018-04-17 15:56:37,151 INFO (ControllerParamCheckAndLogAOP.java:83) - 请求开始-------------------------------------------------------
2018-04-17 15:56:37,151 INFO (ControllerParamCheckAndLogAOP.java:84) - 请求地址：http://localhost:8081/repairInfo/all
2018-04-17 15:56:37,151 INFO (ControllerParamCheckAndLogAOP.java:85) - 请求类型：GET
2018-04-17 15:56:37,152 INFO (ControllerParamCheckAndLogAOP.java:86) - 访问类及方法：cn.edu.ahu.repairbackend.controller.RepairInfoControllergetAllRepairInfo
2018-04-17 15:56:37,152 INFO (ControllerParamCheckAndLogAOP.java:87) - 请求参数：[P16201106]
2018-04-17 15:56:37,169 INFO (ControllerParamCheckAndLogAOP.java:83) - 请求开始-------------------------------------------------------
2018-04-17 15:56:37,170 INFO (ControllerParamCheckAndLogAOP.java:84) - 请求地址：http://localhost:8081/timePicker/all
2018-04-17 15:56:37,170 INFO (ControllerParamCheckAndLogAOP.java:85) - 请求类型：GET
2018-04-17 15:56:37,170 INFO (ControllerParamCheckAndLogAOP.java:86) - 访问类及方法：cn.edu.ahu.repairbackend.controller.RepairTimePickerControllergetRepairTimePickerInfo
2018-04-17 15:56:37,170 INFO (ControllerParamCheckAndLogAOP.java:87) - 请求参数：[]
2018-04-17 15:56:37,195 INFO (ControllerParamCheckAndLogAOP.java:62) - 返回值：cn.edu.ahu.repairbackend.util.ResultMsg@1f96b3ce
2018-04-17 15:56:37,195 INFO (ControllerParamCheckAndLogAOP.java:63) - 耗时：26
2018-04-17 15:56:37,195 INFO (ControllerParamCheckAndLogAOP.java:64) - 请求完成
2018-04-17 15:56:37,493 INFO (ControllerParamCheckAndLogAOP.java:62) - 返回值：cn.edu.ahu.repairbackend.util.ResultMsg@976526e
2018-04-17 15:56:37,494 INFO (ControllerParamCheckAndLogAOP.java:63) - 耗时：325
2018-04-17 15:56:37,494 INFO (ControllerParamCheckAndLogAOP.java:64) - 请求完成
2018-04-17 15:57:10,570 INFO (ControllerParamCheckAndLogAOP.java:83) - 请求开始-------------------------------------------------------
2018-04-17 15:57:10,570 INFO (ControllerParamCheckAndLogAOP.java:84) - 请求地址：http://localhost:8081/categories/child
2018-04-17 15:57:10,570 INFO (ControllerParamCheckAndLogAOP.java:85) - 请求类型：GET
2018-04-17 15:57:10,570 INFO (ControllerParamCheckAndLogAOP.java:86) - 访问类及方法：cn.edu.ahu.repairbackend.controller.RepairCategoriesControllergetRepairCategoriesInfoByParent
2018-04-17 15:57:10,570 INFO (ControllerParamCheckAndLogAOP.java:87) - 请求参数：[用水故障]
2018-04-17 15:57:10,582 INFO (ControllerParamCheckAndLogAOP.java:62) - 返回值：cn.edu.ahu.repairbackend.util.ResultMsg@7ebfcbee
2018-04-17 15:57:10,582 INFO (ControllerParamCheckAndLogAOP.java:63) - 耗时：12
2018-04-17 15:57:10,583 INFO (ControllerParamCheckAndLogAOP.java:64) - 请求完成
2018-04-17 15:57:21,921 INFO (ControllerParamCheckAndLogAOP.java:83) - 请求开始-------------------------------------------------------
2018-04-17 15:57:21,922 INFO (ControllerParamCheckAndLogAOP.java:84) - 请求地址：http://localhost:8081/categories/child
2018-04-17 15:57:21,922 INFO (ControllerParamCheckAndLogAOP.java:85) - 请求类型：GET
2018-04-17 15:57:21,922 INFO (ControllerParamCheckAndLogAOP.java:86) - 访问类及方法：cn.edu.ahu.repairbackend.controller.RepairCategoriesControllergetRepairCategoriesInfoByParent
2018-04-17 15:57:21,923 INFO (ControllerParamCheckAndLogAOP.java:87) - 请求参数：[用电故障]
2018-04-17 15:57:21,928 INFO (ControllerParamCheckAndLogAOP.java:62) - 返回值：cn.edu.ahu.repairbackend.util.ResultMsg@a170621
2018-04-17 15:57:21,929 INFO (ControllerParamCheckAndLogAOP.java:63) - 耗时：8
2018-04-17 15:57:21,929 INFO (ControllerParamCheckAndLogAOP.java:64) - 请求完成
2018-04-17 15:57:23,063 INFO (ControllerParamCheckAndLogAOP.java:83) - 请求开始-------------------------------------------------------
2018-04-17 15:57:23,063 INFO (ControllerParamCheckAndLogAOP.java:84) - 请求地址：http://localhost:8081/categories/child
2018-04-17 15:57:23,063 INFO (ControllerParamCheckAndLogAOP.java:85) - 请求类型：GET
2018-04-17 15:57:23,064 INFO (ControllerParamCheckAndLogAOP.java:86) - 访问类及方法：cn.edu.ahu.repairbackend.controller.RepairCategoriesControllergetRepairCategoriesInfoByParent
2018-04-17 15:57:23,064 INFO (ControllerParamCheckAndLogAOP.java:87) - 请求参数：[漏水故障]
2018-04-17 15:57:23,068 INFO (ControllerParamCheckAndLogAOP.java:62) - 返回值：cn.edu.ahu.repairbackend.util.ResultMsg@7d459c6c
2018-04-17 15:57:23,068 INFO (ControllerParamCheckAndLogAOP.java:63) - 耗时：5
2018-04-17 15:57:23,069 INFO (ControllerParamCheckAndLogAOP.java:64) - 请求完成
2018-04-17 15:57:38,080 INFO (ControllerParamCheckAndLogAOP.java:83) - 请求开始-------------------------------------------------------
2018-04-17 15:57:38,081 INFO (ControllerParamCheckAndLogAOP.java:84) - 请求地址：http://localhost:8081/repairInfo/all
2018-04-17 15:57:38,081 INFO (ControllerParamCheckAndLogAOP.java:85) - 请求类型：GET
2018-04-17 15:57:38,081 INFO (ControllerParamCheckAndLogAOP.java:86) - 访问类及方法：cn.edu.ahu.repairbackend.controller.RepairInfoControllergetAllRepairInfo
2018-04-17 15:57:38,081 INFO (ControllerParamCheckAndLogAOP.java:87) - 请求参数：[P16201106]
2018-04-17 15:57:38,101 INFO (ControllerParamCheckAndLogAOP.java:83) - 请求开始-------------------------------------------------------
2018-04-17 15:57:38,101 INFO (ControllerParamCheckAndLogAOP.java:84) - 请求地址：http://localhost:8081/timePicker/all
2018-04-17 15:57:38,102 INFO (ControllerParamCheckAndLogAOP.java:85) - 请求类型：GET
2018-04-17 15:57:38,102 INFO (ControllerParamCheckAndLogAOP.java:86) - 访问类及方法：cn.edu.ahu.repairbackend.controller.RepairTimePickerControllergetRepairTimePickerInfo
2018-04-17 15:57:38,102 INFO (ControllerParamCheckAndLogAOP.java:87) - 请求参数：[]
2018-04-17 15:57:38,118 INFO (ControllerParamCheckAndLogAOP.java:62) - 返回值：cn.edu.ahu.repairbackend.util.ResultMsg@2f458290
2018-04-17 15:57:38,119 INFO (ControllerParamCheckAndLogAOP.java:63) - 耗时：17
2018-04-17 15:57:38,119 INFO (ControllerParamCheckAndLogAOP.java:64) - 请求完成
2018-04-17 15:57:38,121 INFO (ControllerParamCheckAndLogAOP.java:62) - 返回值：cn.edu.ahu.repairbackend.util.ResultMsg@6a678207
2018-04-17 15:57:38,121 INFO (ControllerParamCheckAndLogAOP.java:63) - 耗时：20
2018-04-17 15:57:38,121 INFO (ControllerParamCheckAndLogAOP.java:64) - 请求完成
