2018-05-09 13:00:37,597 INFO (ControllerParamCheckAndLogAOP.java:83) - 请求开始-------------------------------------------------------
2018-05-09 13:00:37,600 INFO (ControllerParamCheckAndLogAOP.java:84) - 请求地址：http://localhost:8081/user/login
2018-05-09 13:00:37,601 INFO (ControllerParamCheckAndLogAOP.java:85) - 请求类型：GET
2018-05-09 13:00:37,602 INFO (ControllerParamCheckAndLogAOP.java:86) - 访问类及方法：cn.edu.ahu.repairbackend.controller.UserInfoControllergetUserInfoByNumberAndIdCard
2018-05-09 13:00:37,603 INFO (ControllerParamCheckAndLogAOP.java:87) - 请求参数：[P16201106, 530061]
2018-05-09 13:00:37,819 INFO (ControllerParamCheckAndLogAOP.java:62) - 返回值：cn.edu.ahu.repairbackend.util.ResultMsg@15569b75
2018-05-09 13:00:37,820 INFO (ControllerParamCheckAndLogAOP.java:63) - 耗时：222
2018-05-09 13:00:37,820 INFO (ControllerParamCheckAndLogAOP.java:64) - 请求完成
2018-05-09 13:00:37,908 INFO (ControllerParamCheckAndLogAOP.java:83) - 请求开始-------------------------------------------------------
2018-05-09 13:00:37,908 INFO (ControllerParamCheckAndLogAOP.java:84) - 请求地址：http://localhost:8081/repairInfo/all
2018-05-09 13:00:37,909 INFO (ControllerParamCheckAndLogAOP.java:85) - 请求类型：GET
2018-05-09 13:00:37,909 INFO (ControllerParamCheckAndLogAOP.java:86) - 访问类及方法：cn.edu.ahu.repairbackend.controller.RepairInfoControllergetAllRepairInfo
2018-05-09 13:00:37,909 INFO (ControllerParamCheckAndLogAOP.java:87) - 请求参数：[P16201106]
2018-05-09 13:00:37,922 INFO (ControllerParamCheckAndLogAOP.java:83) - 请求开始-------------------------------------------------------
2018-05-09 13:00:37,923 INFO (ControllerParamCheckAndLogAOP.java:84) - 请求地址：http://localhost:8081/timePicker/all
2018-05-09 13:00:37,923 INFO (ControllerParamCheckAndLogAOP.java:85) - 请求类型：GET
2018-05-09 13:00:37,923 INFO (ControllerParamCheckAndLogAOP.java:86) - 访问类及方法：cn.edu.ahu.repairbackend.controller.RepairTimePickerControllergetRepairTimePickerInfo
2018-05-09 13:00:37,923 INFO (ControllerParamCheckAndLogAOP.java:87) - 请求参数：[]
2018-05-09 13:00:37,961 INFO (ControllerParamCheckAndLogAOP.java:62) - 返回值：cn.edu.ahu.repairbackend.util.ResultMsg@56f1ca27
2018-05-09 13:00:37,961 INFO (ControllerParamCheckAndLogAOP.java:63) - 耗时：39
2018-05-09 13:00:37,961 INFO (ControllerParamCheckAndLogAOP.java:64) - 请求完成
2018-05-09 13:00:38,015 INFO (ControllerParamCheckAndLogAOP.java:62) - 返回值：cn.edu.ahu.repairbackend.util.ResultMsg@3199f392
2018-05-09 13:00:38,015 INFO (ControllerParamCheckAndLogAOP.java:63) - 耗时：93
2018-05-09 13:00:38,016 INFO (ControllerParamCheckAndLogAOP.java:64) - 请求完成
2018-05-09 13:01:16,494 INFO (ControllerParamCheckAndLogAOP.java:83) - 请求开始-------------------------------------------------------
2018-05-09 13:01:16,495 INFO (ControllerParamCheckAndLogAOP.java:84) - 请求地址：http://localhost:8081/repairInfo/all
2018-05-09 13:01:16,495 INFO (ControllerParamCheckAndLogAOP.java:85) - 请求类型：GET
2018-05-09 13:01:16,495 INFO (ControllerParamCheckAndLogAOP.java:86) - 访问类及方法：cn.edu.ahu.repairbackend.controller.RepairInfoControllergetAllRepairInfo
2018-05-09 13:01:16,495 INFO (ControllerParamCheckAndLogAOP.java:87) - 请求参数：[P16201106]
2018-05-09 13:01:16,515 INFO (ControllerParamCheckAndLogAOP.java:83) - 请求开始-------------------------------------------------------
2018-05-09 13:01:16,516 INFO (ControllerParamCheckAndLogAOP.java:84) - 请求地址：http://localhost:8081/timePicker/all
2018-05-09 13:01:16,516 INFO (ControllerParamCheckAndLogAOP.java:85) - 请求类型：GET
2018-05-09 13:01:16,516 INFO (ControllerParamCheckAndLogAOP.java:86) - 访问类及方法：cn.edu.ahu.repairbackend.controller.RepairTimePickerControllergetRepairTimePickerInfo
2018-05-09 13:01:16,517 INFO (ControllerParamCheckAndLogAOP.java:87) - 请求参数：[]
2018-05-09 13:01:16,530 INFO (ControllerParamCheckAndLogAOP.java:62) - 返回值：cn.edu.ahu.repairbackend.util.ResultMsg@2a6002a0
2018-05-09 13:01:16,531 INFO (ControllerParamCheckAndLogAOP.java:63) - 耗时：16
2018-05-09 13:01:16,531 INFO (ControllerParamCheckAndLogAOP.java:64) - 请求完成
2018-05-09 13:01:16,836 INFO (ControllerParamCheckAndLogAOP.java:62) - 返回值：cn.edu.ahu.repairbackend.util.ResultMsg@e9d2db0
2018-05-09 13:01:16,836 INFO (ControllerParamCheckAndLogAOP.java:63) - 耗时：321
2018-05-09 13:01:16,837 INFO (ControllerParamCheckAndLogAOP.java:64) - 请求完成
2018-05-09 13:01:20,051 INFO (ControllerParamCheckAndLogAOP.java:83) - 请求开始-------------------------------------------------------
2018-05-09 13:01:20,051 INFO (ControllerParamCheckAndLogAOP.java:84) - 请求地址：http://localhost:8081/repairInfo/all
2018-05-09 13:01:20,051 INFO (ControllerParamCheckAndLogAOP.java:85) - 请求类型：GET
2018-05-09 13:01:20,052 INFO (ControllerParamCheckAndLogAOP.java:86) - 访问类及方法：cn.edu.ahu.repairbackend.controller.RepairInfoControllergetAllRepairInfo
2018-05-09 13:01:20,052 INFO (ControllerParamCheckAndLogAOP.java:87) - 请求参数：[P16201106]
2018-05-09 13:01:20,068 INFO (ControllerParamCheckAndLogAOP.java:83) - 请求开始-------------------------------------------------------
2018-05-09 13:01:20,068 INFO (ControllerParamCheckAndLogAOP.java:84) - 请求地址：http://localhost:8081/timePicker/all
2018-05-09 13:01:20,068 INFO (ControllerParamCheckAndLogAOP.java:85) - 请求类型：GET
2018-05-09 13:01:20,069 INFO (ControllerParamCheckAndLogAOP.java:86) - 访问类及方法：cn.edu.ahu.repairbackend.controller.RepairTimePickerControllergetRepairTimePickerInfo
2018-05-09 13:01:20,069 INFO (ControllerParamCheckAndLogAOP.java:87) - 请求参数：[]
2018-05-09 13:01:20,086 INFO (ControllerParamCheckAndLogAOP.java:62) - 返回值：cn.edu.ahu.repairbackend.util.ResultMsg@1abd1245
2018-05-09 13:01:20,086 INFO (ControllerParamCheckAndLogAOP.java:63) - 耗时：18
2018-05-09 13:01:20,086 INFO (ControllerParamCheckAndLogAOP.java:64) - 请求完成
2018-05-09 13:01:20,087 INFO (ControllerParamCheckAndLogAOP.java:62) - 返回值：cn.edu.ahu.repairbackend.util.ResultMsg@516b68d8
2018-05-09 13:01:20,087 INFO (ControllerParamCheckAndLogAOP.java:63) - 耗时：19
2018-05-09 13:01:20,087 INFO (ControllerParamCheckAndLogAOP.java:64) - 请求完成
2018-05-09 13:09:23,312 INFO (ControllerParamCheckAndLogAOP.java:83) - 请求开始-------------------------------------------------------
2018-05-09 13:09:23,313 INFO (ControllerParamCheckAndLogAOP.java:84) - 请求地址：http://localhost:8081/repairInfo/all
2018-05-09 13:09:23,313 INFO (ControllerParamCheckAndLogAOP.java:85) - 请求类型：GET
2018-05-09 13:09:23,313 INFO (ControllerParamCheckAndLogAOP.java:86) - 访问类及方法：cn.edu.ahu.repairbackend.controller.RepairInfoControllergetAllRepairInfo
2018-05-09 13:09:23,313 INFO (ControllerParamCheckAndLogAOP.java:87) - 请求参数：[P16201106]
2018-05-09 13:09:23,319 INFO (ControllerParamCheckAndLogAOP.java:83) - 请求开始-------------------------------------------------------
2018-05-09 13:09:23,320 INFO (ControllerParamCheckAndLogAOP.java:84) - 请求地址：http://localhost:8081/timePicker/all
2018-05-09 13:09:23,320 INFO (ControllerParamCheckAndLogAOP.java:85) - 请求类型：GET
2018-05-09 13:09:23,320 INFO (ControllerParamCheckAndLogAOP.java:86) - 访问类及方法：cn.edu.ahu.repairbackend.controller.RepairTimePickerControllergetRepairTimePickerInfo
2018-05-09 13:09:23,320 INFO (ControllerParamCheckAndLogAOP.java:87) - 请求参数：[]
2018-05-09 13:09:23,346 INFO (ControllerParamCheckAndLogAOP.java:62) - 返回值：cn.edu.ahu.repairbackend.util.ResultMsg@595af81a
2018-05-09 13:09:23,346 INFO (ControllerParamCheckAndLogAOP.java:63) - 耗时：27
2018-05-09 13:09:23,347 INFO (ControllerParamCheckAndLogAOP.java:64) - 请求完成
2018-05-09 13:09:23,351 INFO (ControllerParamCheckAndLogAOP.java:62) - 返回值：cn.edu.ahu.repairbackend.util.ResultMsg@3fb9da01
2018-05-09 13:09:23,351 INFO (ControllerParamCheckAndLogAOP.java:63) - 耗时：32
2018-05-09 13:09:23,352 INFO (ControllerParamCheckAndLogAOP.java:64) - 请求完成
2018-05-09 13:10:04,223 INFO (ControllerParamCheckAndLogAOP.java:83) - 请求开始-------------------------------------------------------
2018-05-09 13:10:04,223 INFO (ControllerParamCheckAndLogAOP.java:84) - 请求地址：http://localhost:8081/repairInfo/all
2018-05-09 13:10:04,223 INFO (ControllerParamCheckAndLogAOP.java:85) - 请求类型：GET
2018-05-09 13:10:04,224 INFO (ControllerParamCheckAndLogAOP.java:86) - 访问类及方法：cn.edu.ahu.repairbackend.controller.RepairInfoControllergetAllRepairInfo
2018-05-09 13:10:04,224 INFO (ControllerParamCheckAndLogAOP.java:87) - 请求参数：[P16201106]
2018-05-09 13:10:04,232 INFO (ControllerParamCheckAndLogAOP.java:83) - 请求开始-------------------------------------------------------
2018-05-09 13:10:04,232 INFO (ControllerParamCheckAndLogAOP.java:84) - 请求地址：http://localhost:8081/timePicker/all
2018-05-09 13:10:04,232 INFO (ControllerParamCheckAndLogAOP.java:85) - 请求类型：GET
2018-05-09 13:10:04,233 INFO (ControllerParamCheckAndLogAOP.java:86) - 访问类及方法：cn.edu.ahu.repairbackend.controller.RepairTimePickerControllergetRepairTimePickerInfo
2018-05-09 13:10:04,233 INFO (ControllerParamCheckAndLogAOP.java:87) - 请求参数：[]
2018-05-09 13:10:04,258 INFO (ControllerParamCheckAndLogAOP.java:62) - 返回值：cn.edu.ahu.repairbackend.util.ResultMsg@738fe649
2018-05-09 13:10:04,258 INFO (ControllerParamCheckAndLogAOP.java:62) - 返回值：cn.edu.ahu.repairbackend.util.ResultMsg@47eb792d
2018-05-09 13:10:04,258 INFO (ControllerParamCheckAndLogAOP.java:63) - 耗时：26
2018-05-09 13:10:04,259 INFO (ControllerParamCheckAndLogAOP.java:63) - 耗时：27
2018-05-09 13:10:04,259 INFO (ControllerParamCheckAndLogAOP.java:64) - 请求完成
2018-05-09 13:10:04,259 INFO (ControllerParamCheckAndLogAOP.java:64) - 请求完成
2018-05-09 13:15:21,552 INFO (ControllerParamCheckAndLogAOP.java:83) - 请求开始-------------------------------------------------------
2018-05-09 13:15:21,552 INFO (ControllerParamCheckAndLogAOP.java:84) - 请求地址：http://localhost:8081/repairInfo/all
2018-05-09 13:15:21,553 INFO (ControllerParamCheckAndLogAOP.java:85) - 请求类型：GET
2018-05-09 13:15:21,553 INFO (ControllerParamCheckAndLogAOP.java:86) - 访问类及方法：cn.edu.ahu.repairbackend.controller.RepairInfoControllergetAllRepairInfo
2018-05-09 13:15:21,553 INFO (ControllerParamCheckAndLogAOP.java:87) - 请求参数：[P16201106]
2018-05-09 13:15:21,556 INFO (ControllerParamCheckAndLogAOP.java:83) - 请求开始-------------------------------------------------------
2018-05-09 13:15:21,557 INFO (ControllerParamCheckAndLogAOP.java:84) - 请求地址：http://localhost:8081/timePicker/all
2018-05-09 13:15:21,557 INFO (ControllerParamCheckAndLogAOP.java:85) - 请求类型：GET
2018-05-09 13:15:21,557 INFO (ControllerParamCheckAndLogAOP.java:86) - 访问类及方法：cn.edu.ahu.repairbackend.controller.RepairTimePickerControllergetRepairTimePickerInfo
2018-05-09 13:15:21,557 INFO (ControllerParamCheckAndLogAOP.java:87) - 请求参数：[]
2018-05-09 13:15:21,586 INFO (ControllerParamCheckAndLogAOP.java:62) - 返回值：cn.edu.ahu.repairbackend.util.ResultMsg@63b478b2
2018-05-09 13:15:21,586 INFO (ControllerParamCheckAndLogAOP.java:63) - 耗时：30
2018-05-09 13:15:21,586 INFO (ControllerParamCheckAndLogAOP.java:64) - 请求完成
2018-05-09 13:15:21,589 INFO (ControllerParamCheckAndLogAOP.java:62) - 返回值：cn.edu.ahu.repairbackend.util.ResultMsg@764e983
2018-05-09 13:15:21,590 INFO (ControllerParamCheckAndLogAOP.java:63) - 耗时：34
2018-05-09 13:15:21,590 INFO (ControllerParamCheckAndLogAOP.java:64) - 请求完成
2018-05-09 13:15:42,842 INFO (ControllerParamCheckAndLogAOP.java:83) - 请求开始-------------------------------------------------------
2018-05-09 13:15:42,842 INFO (ControllerParamCheckAndLogAOP.java:84) - 请求地址：http://localhost:8081/repairInfo/all
2018-05-09 13:15:42,842 INFO (ControllerParamCheckAndLogAOP.java:85) - 请求类型：GET
2018-05-09 13:15:42,843 INFO (ControllerParamCheckAndLogAOP.java:86) - 访问类及方法：cn.edu.ahu.repairbackend.controller.RepairInfoControllergetAllRepairInfo
2018-05-09 13:15:42,843 INFO (ControllerParamCheckAndLogAOP.java:87) - 请求参数：[P16201106]
2018-05-09 13:15:42,848 INFO (ControllerParamCheckAndLogAOP.java:83) - 请求开始-------------------------------------------------------
2018-05-09 13:15:42,848 INFO (ControllerParamCheckAndLogAOP.java:84) - 请求地址：http://localhost:8081/timePicker/all
2018-05-09 13:15:42,848 INFO (ControllerParamCheckAndLogAOP.java:85) - 请求类型：GET
2018-05-09 13:15:42,848 INFO (ControllerParamCheckAndLogAOP.java:86) - 访问类及方法：cn.edu.ahu.repairbackend.controller.RepairTimePickerControllergetRepairTimePickerInfo
2018-05-09 13:15:42,849 INFO (ControllerParamCheckAndLogAOP.java:87) - 请求参数：[]
2018-05-09 13:15:42,876 INFO (ControllerParamCheckAndLogAOP.java:62) - 返回值：cn.edu.ahu.repairbackend.util.ResultMsg@1dfe765c
2018-05-09 13:15:42,876 INFO (ControllerParamCheckAndLogAOP.java:63) - 耗时：28
2018-05-09 13:15:42,876 INFO (ControllerParamCheckAndLogAOP.java:64) - 请求完成
2018-05-09 13:15:42,878 INFO (ControllerParamCheckAndLogAOP.java:62) - 返回值：cn.edu.ahu.repairbackend.util.ResultMsg@4dc6afc9
2018-05-09 13:15:42,878 INFO (ControllerParamCheckAndLogAOP.java:63) - 耗时：30
2018-05-09 13:15:42,878 INFO (ControllerParamCheckAndLogAOP.java:64) - 请求完成
