2018-05-21 12:57:49,589 INFO (ControllerParamCheckAndLogAOP.java:83) - 请求开始-------------------------------------------------------
2018-05-21 12:57:49,593 INFO (ControllerParamCheckAndLogAOP.java:84) - 请求地址：http://localhost:8080/infoPlatform/getAllRepairLog
2018-05-21 12:57:49,593 INFO (ControllerParamCheckAndLogAOP.java:85) - 请求类型：GET
2018-05-21 12:57:49,593 INFO (ControllerParamCheckAndLogAOP.java:86) - 访问类及方法：cn.edu.ahu.repairbackend.controller.InfoPlatformControllergetAllRepairLog
2018-05-21 12:57:49,593 INFO (ControllerParamCheckAndLogAOP.java:87) - 请求参数：[]
2018-05-21 12:57:49,604 INFO (ControllerParamCheckAndLogAOP.java:62) - 返回值：cn.edu.ahu.repairbackend.util.ResultMsg@36ab98ad
2018-05-21 12:57:49,606 INFO (ControllerParamCheckAndLogAOP.java:63) - 耗时：17
2018-05-21 12:57:49,606 INFO (ControllerParamCheckAndLogAOP.java:64) - 请求完成
2018-05-21 12:57:51,207 INFO (ControllerParamCheckAndLogAOP.java:83) - 请求开始-------------------------------------------------------
2018-05-21 12:57:51,208 INFO (ControllerParamCheckAndLogAOP.java:84) - 请求地址：http://localhost:8080/infoPlatform/getAllRepairCurConfirm
2018-05-21 12:57:51,208 INFO (ControllerParamCheckAndLogAOP.java:85) - 请求类型：GET
2018-05-21 12:57:51,208 INFO (ControllerParamCheckAndLogAOP.java:86) - 访问类及方法：cn.edu.ahu.repairbackend.controller.InfoPlatformControllergetAllRepairCurConfirm
2018-05-21 12:57:51,208 INFO (ControllerParamCheckAndLogAOP.java:87) - 请求参数：[]
2018-05-21 12:57:51,216 INFO (ControllerParamCheckAndLogAOP.java:62) - 返回值：cn.edu.ahu.repairbackend.util.ResultMsg@24fa70b3
2018-05-21 12:57:51,216 INFO (ControllerParamCheckAndLogAOP.java:63) - 耗时：9
2018-05-21 12:57:51,216 INFO (ControllerParamCheckAndLogAOP.java:64) - 请求完成
2018-05-21 12:57:52,228 INFO (ControllerParamCheckAndLogAOP.java:83) - 请求开始-------------------------------------------------------
2018-05-21 12:57:52,228 INFO (ControllerParamCheckAndLogAOP.java:84) - 请求地址：http://localhost:8080/infoPlatform/getAllRepairCur
2018-05-21 12:57:52,228 INFO (ControllerParamCheckAndLogAOP.java:85) - 请求类型：GET
2018-05-21 12:57:52,228 INFO (ControllerParamCheckAndLogAOP.java:86) - 访问类及方法：cn.edu.ahu.repairbackend.controller.InfoPlatformControllergetAllRepairCur
2018-05-21 12:57:52,228 INFO (ControllerParamCheckAndLogAOP.java:87) - 请求参数：[]
2018-05-21 12:57:52,234 INFO (ControllerParamCheckAndLogAOP.java:62) - 返回值：cn.edu.ahu.repairbackend.util.ResultMsg@38ad935e
2018-05-21 12:57:52,234 INFO (ControllerParamCheckAndLogAOP.java:63) - 耗时：6
2018-05-21 12:57:52,235 INFO (ControllerParamCheckAndLogAOP.java:64) - 请求完成
2018-05-21 12:57:55,785 INFO (ControllerParamCheckAndLogAOP.java:83) - 请求开始-------------------------------------------------------
2018-05-21 12:57:55,785 INFO (ControllerParamCheckAndLogAOP.java:84) - 请求地址：http://localhost:8080/infoPlatform/cancelRepairCur
2018-05-21 12:57:55,785 INFO (ControllerParamCheckAndLogAOP.java:85) - 请求类型：GET
2018-05-21 12:57:55,785 INFO (ControllerParamCheckAndLogAOP.java:86) - 访问类及方法：cn.edu.ahu.repairbackend.controller.InfoPlatformControllercancelRepairCur
2018-05-21 12:57:55,785 INFO (ControllerParamCheckAndLogAOP.java:87) - 请求参数：[待处理, 174, 20180520173557000106427, 测试信息, Test123]
2018-05-21 12:57:55,808 INFO (ControllerParamCheckAndLogAOP.java:62) - 返回值：cn.edu.ahu.repairbackend.util.ResultMsg@4023b2c7
2018-05-21 12:57:55,808 INFO (ControllerParamCheckAndLogAOP.java:63) - 耗时：23
2018-05-21 12:57:55,808 INFO (ControllerParamCheckAndLogAOP.java:64) - 请求完成
2018-05-21 12:57:56,920 INFO (ControllerParamCheckAndLogAOP.java:83) - 请求开始-------------------------------------------------------
2018-05-21 12:57:56,920 INFO (ControllerParamCheckAndLogAOP.java:84) - 请求地址：http://localhost:8080/infoPlatform/getAllRepairLog
2018-05-21 12:57:56,921 INFO (ControllerParamCheckAndLogAOP.java:85) - 请求类型：GET
2018-05-21 12:57:56,921 INFO (ControllerParamCheckAndLogAOP.java:86) - 访问类及方法：cn.edu.ahu.repairbackend.controller.InfoPlatformControllergetAllRepairLog
2018-05-21 12:57:56,921 INFO (ControllerParamCheckAndLogAOP.java:87) - 请求参数：[]
2018-05-21 12:57:56,930 INFO (ControllerParamCheckAndLogAOP.java:62) - 返回值：cn.edu.ahu.repairbackend.util.ResultMsg@6f020c0f
2018-05-21 12:57:56,930 INFO (ControllerParamCheckAndLogAOP.java:63) - 耗时：10
2018-05-21 12:57:56,930 INFO (ControllerParamCheckAndLogAOP.java:64) - 请求完成
2018-05-21 12:58:18,339 INFO (ControllerParamCheckAndLogAOP.java:83) - 请求开始-------------------------------------------------------
2018-05-21 12:58:18,339 INFO (ControllerParamCheckAndLogAOP.java:84) - 请求地址：http://localhost:8080/infoPlatform/getAllRepairCurConfirm
2018-05-21 12:58:18,339 INFO (ControllerParamCheckAndLogAOP.java:85) - 请求类型：GET
2018-05-21 12:58:18,339 INFO (ControllerParamCheckAndLogAOP.java:86) - 访问类及方法：cn.edu.ahu.repairbackend.controller.InfoPlatformControllergetAllRepairCurConfirm
2018-05-21 12:58:18,340 INFO (ControllerParamCheckAndLogAOP.java:87) - 请求参数：[]
2018-05-21 12:58:18,346 INFO (ControllerParamCheckAndLogAOP.java:62) - 返回值：cn.edu.ahu.repairbackend.util.ResultMsg@31cd049d
2018-05-21 12:58:18,346 INFO (ControllerParamCheckAndLogAOP.java:63) - 耗时：7
2018-05-21 12:58:18,346 INFO (ControllerParamCheckAndLogAOP.java:64) - 请求完成
2018-05-21 12:58:19,025 INFO (ControllerParamCheckAndLogAOP.java:83) - 请求开始-------------------------------------------------------
2018-05-21 12:58:19,025 INFO (ControllerParamCheckAndLogAOP.java:84) - 请求地址：http://localhost:8080/infoPlatform/getAllRepairCur
2018-05-21 12:58:19,026 INFO (ControllerParamCheckAndLogAOP.java:85) - 请求类型：GET
2018-05-21 12:58:19,026 INFO (ControllerParamCheckAndLogAOP.java:86) - 访问类及方法：cn.edu.ahu.repairbackend.controller.InfoPlatformControllergetAllRepairCur
2018-05-21 12:58:19,026 INFO (ControllerParamCheckAndLogAOP.java:87) - 请求参数：[]
2018-05-21 12:58:19,029 INFO (ControllerParamCheckAndLogAOP.java:62) - 返回值：cn.edu.ahu.repairbackend.util.ResultMsg@6b0af64b
2018-05-21 12:58:19,030 INFO (ControllerParamCheckAndLogAOP.java:63) - 耗时：5
2018-05-21 12:58:19,030 INFO (ControllerParamCheckAndLogAOP.java:64) - 请求完成
2018-05-21 12:58:20,497 INFO (ControllerParamCheckAndLogAOP.java:83) - 请求开始-------------------------------------------------------
2018-05-21 12:58:20,497 INFO (ControllerParamCheckAndLogAOP.java:84) - 请求地址：http://localhost:8080/infoPlatform/getAllRepairCurConfirm
2018-05-21 12:58:20,497 INFO (ControllerParamCheckAndLogAOP.java:85) - 请求类型：GET
2018-05-21 12:58:20,497 INFO (ControllerParamCheckAndLogAOP.java:86) - 访问类及方法：cn.edu.ahu.repairbackend.controller.InfoPlatformControllergetAllRepairCurConfirm
2018-05-21 12:58:20,497 INFO (ControllerParamCheckAndLogAOP.java:87) - 请求参数：[]
2018-05-21 12:58:20,503 INFO (ControllerParamCheckAndLogAOP.java:62) - 返回值：cn.edu.ahu.repairbackend.util.ResultMsg@32ec4044
2018-05-21 12:58:20,503 INFO (ControllerParamCheckAndLogAOP.java:63) - 耗时：6
2018-05-21 12:58:20,503 INFO (ControllerParamCheckAndLogAOP.java:64) - 请求完成
2018-05-21 12:58:21,162 INFO (ControllerParamCheckAndLogAOP.java:83) - 请求开始-------------------------------------------------------
2018-05-21 12:58:21,162 INFO (ControllerParamCheckAndLogAOP.java:84) - 请求地址：http://localhost:8080/infoPlatform/getAllRepairLog
2018-05-21 12:58:21,162 INFO (ControllerParamCheckAndLogAOP.java:85) - 请求类型：GET
2018-05-21 12:58:21,162 INFO (ControllerParamCheckAndLogAOP.java:86) - 访问类及方法：cn.edu.ahu.repairbackend.controller.InfoPlatformControllergetAllRepairLog
2018-05-21 12:58:21,162 INFO (ControllerParamCheckAndLogAOP.java:87) - 请求参数：[]
2018-05-21 12:58:21,171 INFO (ControllerParamCheckAndLogAOP.java:62) - 返回值：cn.edu.ahu.repairbackend.util.ResultMsg@3b38f86e
2018-05-21 12:58:21,171 INFO (ControllerParamCheckAndLogAOP.java:63) - 耗时：9
2018-05-21 12:58:21,171 INFO (ControllerParamCheckAndLogAOP.java:64) - 请求完成
2018-05-21 13:01:13,434 INFO (ControllerParamCheckAndLogAOP.java:83) - 请求开始-------------------------------------------------------
2018-05-21 13:01:13,435 INFO (ControllerParamCheckAndLogAOP.java:83) - 请求开始-------------------------------------------------------
2018-05-21 13:01:13,435 INFO (ControllerParamCheckAndLogAOP.java:84) - 请求地址：http://localhost:8080/infoPlatform/getAllRepairCur
2018-05-21 13:01:13,435 INFO (ControllerParamCheckAndLogAOP.java:84) - 请求地址：http://localhost:8080/timePicker/all
2018-05-21 13:01:13,435 INFO (ControllerParamCheckAndLogAOP.java:85) - 请求类型：GET
2018-05-21 13:01:13,435 INFO (ControllerParamCheckAndLogAOP.java:85) - 请求类型：GET
2018-05-21 13:01:13,436 INFO (ControllerParamCheckAndLogAOP.java:86) - 访问类及方法：cn.edu.ahu.repairbackend.controller.InfoPlatformControllergetAllRepairCur
2018-05-21 13:01:13,436 INFO (ControllerParamCheckAndLogAOP.java:86) - 访问类及方法：cn.edu.ahu.repairbackend.controller.RepairTimePickerControllergetRepairTimePickerInfo
2018-05-21 13:01:13,436 INFO (ControllerParamCheckAndLogAOP.java:87) - 请求参数：[]
2018-05-21 13:01:13,436 INFO (ControllerParamCheckAndLogAOP.java:87) - 请求参数：[]
2018-05-21 13:01:13,442 INFO (ControllerParamCheckAndLogAOP.java:62) - 返回值：cn.edu.ahu.repairbackend.util.ResultMsg@6b357a1c
2018-05-21 13:01:13,442 INFO (ControllerParamCheckAndLogAOP.java:63) - 耗时：7
2018-05-21 13:01:13,442 INFO (ControllerParamCheckAndLogAOP.java:64) - 请求完成
2018-05-21 13:01:13,446 INFO (ControllerParamCheckAndLogAOP.java:62) - 返回值：cn.edu.ahu.repairbackend.util.ResultMsg@2525da8a
2018-05-21 13:01:13,446 INFO (ControllerParamCheckAndLogAOP.java:63) - 耗时：11
2018-05-21 13:01:13,446 INFO (ControllerParamCheckAndLogAOP.java:64) - 请求完成
2018-05-21 13:08:57,418 INFO (ControllerParamCheckAndLogAOP.java:83) - 请求开始-------------------------------------------------------
2018-05-21 13:08:57,418 INFO (ControllerParamCheckAndLogAOP.java:84) - 请求地址：http://localhost:8080/infoPlatform/getAllRepairLog
2018-05-21 13:08:57,418 INFO (ControllerParamCheckAndLogAOP.java:85) - 请求类型：GET
2018-05-21 13:08:57,418 INFO (ControllerParamCheckAndLogAOP.java:86) - 访问类及方法：cn.edu.ahu.repairbackend.controller.InfoPlatformControllergetAllRepairLog
2018-05-21 13:08:57,418 INFO (ControllerParamCheckAndLogAOP.java:87) - 请求参数：[]
2018-05-21 13:08:57,427 INFO (ControllerParamCheckAndLogAOP.java:62) - 返回值：cn.edu.ahu.repairbackend.util.ResultMsg@3f1d4c39
2018-05-21 13:08:57,428 INFO (ControllerParamCheckAndLogAOP.java:63) - 耗时：10
2018-05-21 13:08:57,428 INFO (ControllerParamCheckAndLogAOP.java:64) - 请求完成
2018-05-21 13:09:02,411 INFO (ControllerParamCheckAndLogAOP.java:83) - 请求开始-------------------------------------------------------
2018-05-21 13:09:02,411 INFO (ControllerParamCheckAndLogAOP.java:84) - 请求地址：http://localhost:8080/infoPlatform/getAllRepairCurConfirm
2018-05-21 13:09:02,411 INFO (ControllerParamCheckAndLogAOP.java:85) - 请求类型：GET
2018-05-21 13:09:02,411 INFO (ControllerParamCheckAndLogAOP.java:86) - 访问类及方法：cn.edu.ahu.repairbackend.controller.InfoPlatformControllergetAllRepairCurConfirm
2018-05-21 13:09:02,411 INFO (ControllerParamCheckAndLogAOP.java:87) - 请求参数：[]
2018-05-21 13:09:02,418 INFO (ControllerParamCheckAndLogAOP.java:62) - 返回值：cn.edu.ahu.repairbackend.util.ResultMsg@26684a16
2018-05-21 13:09:02,418 INFO (ControllerParamCheckAndLogAOP.java:63) - 耗时：7
2018-05-21 13:09:02,418 INFO (ControllerParamCheckAndLogAOP.java:64) - 请求完成
2018-05-21 13:10:41,403 INFO (ControllerParamCheckAndLogAOP.java:83) - 请求开始-------------------------------------------------------
2018-05-21 13:10:41,403 INFO (ControllerParamCheckAndLogAOP.java:83) - 请求开始-------------------------------------------------------
2018-05-21 13:10:41,403 INFO (ControllerParamCheckAndLogAOP.java:84) - 请求地址：http://localhost:8080/infoPlatform/getAllRepairCur
2018-05-21 13:10:41,404 INFO (ControllerParamCheckAndLogAOP.java:85) - 请求类型：GET
2018-05-21 13:10:41,404 INFO (ControllerParamCheckAndLogAOP.java:84) - 请求地址：http://localhost:8080/timePicker/all
2018-05-21 13:10:41,404 INFO (ControllerParamCheckAndLogAOP.java:86) - 访问类及方法：cn.edu.ahu.repairbackend.controller.InfoPlatformControllergetAllRepairCur
2018-05-21 13:10:41,405 INFO (ControllerParamCheckAndLogAOP.java:87) - 请求参数：[]
2018-05-21 13:10:41,404 INFO (ControllerParamCheckAndLogAOP.java:85) - 请求类型：GET
2018-05-21 13:10:41,405 INFO (ControllerParamCheckAndLogAOP.java:86) - 访问类及方法：cn.edu.ahu.repairbackend.controller.RepairTimePickerControllergetRepairTimePickerInfo
2018-05-21 13:10:41,405 INFO (ControllerParamCheckAndLogAOP.java:87) - 请求参数：[]
2018-05-21 13:10:41,413 INFO (ControllerParamCheckAndLogAOP.java:62) - 返回值：cn.edu.ahu.repairbackend.util.ResultMsg@408b3990
2018-05-21 13:10:41,413 INFO (ControllerParamCheckAndLogAOP.java:63) - 耗时：10
2018-05-21 13:10:41,413 INFO (ControllerParamCheckAndLogAOP.java:64) - 请求完成
2018-05-21 13:10:41,418 INFO (ControllerParamCheckAndLogAOP.java:62) - 返回值：cn.edu.ahu.repairbackend.util.ResultMsg@2963db3b
2018-05-21 13:10:41,418 INFO (ControllerParamCheckAndLogAOP.java:63) - 耗时：15
2018-05-21 13:10:41,418 INFO (ControllerParamCheckAndLogAOP.java:64) - 请求完成
2018-05-21 13:10:44,135 INFO (ControllerParamCheckAndLogAOP.java:83) - 请求开始-------------------------------------------------------
2018-05-21 13:10:44,135 INFO (ControllerParamCheckAndLogAOP.java:84) - 请求地址：http://localhost:8080/infoPlatform/getAllRepairCurConfirm
2018-05-21 13:10:44,135 INFO (ControllerParamCheckAndLogAOP.java:85) - 请求类型：GET
2018-05-21 13:10:44,135 INFO (ControllerParamCheckAndLogAOP.java:86) - 访问类及方法：cn.edu.ahu.repairbackend.controller.InfoPlatformControllergetAllRepairCurConfirm
2018-05-21 13:10:44,136 INFO (ControllerParamCheckAndLogAOP.java:87) - 请求参数：[]
2018-05-21 13:10:44,141 INFO (ControllerParamCheckAndLogAOP.java:62) - 返回值：cn.edu.ahu.repairbackend.util.ResultMsg@6a3ff1be
2018-05-21 13:10:44,141 INFO (ControllerParamCheckAndLogAOP.java:63) - 耗时：6
2018-05-21 13:10:44,141 INFO (ControllerParamCheckAndLogAOP.java:64) - 请求完成
2018-05-21 13:10:45,266 INFO (ControllerParamCheckAndLogAOP.java:83) - 请求开始-------------------------------------------------------
2018-05-21 13:10:45,266 INFO (ControllerParamCheckAndLogAOP.java:84) - 请求地址：http://localhost:8080/infoPlatform/getAllRepairLog
2018-05-21 13:10:45,266 INFO (ControllerParamCheckAndLogAOP.java:85) - 请求类型：GET
2018-05-21 13:10:45,267 INFO (ControllerParamCheckAndLogAOP.java:86) - 访问类及方法：cn.edu.ahu.repairbackend.controller.InfoPlatformControllergetAllRepairLog
2018-05-21 13:10:45,267 INFO (ControllerParamCheckAndLogAOP.java:87) - 请求参数：[]
2018-05-21 13:10:45,284 INFO (ControllerParamCheckAndLogAOP.java:62) - 返回值：cn.edu.ahu.repairbackend.util.ResultMsg@42d00fff
2018-05-21 13:10:45,285 INFO (ControllerParamCheckAndLogAOP.java:63) - 耗时：19
2018-05-21 13:10:45,285 INFO (ControllerParamCheckAndLogAOP.java:64) - 请求完成
2018-05-21 13:10:48,861 INFO (ControllerParamCheckAndLogAOP.java:83) - 请求开始-------------------------------------------------------
2018-05-21 13:10:48,861 INFO (ControllerParamCheckAndLogAOP.java:84) - 请求地址：http://localhost:8080/infoPlatform/getAllRepairCurConfirm
2018-05-21 13:10:48,861 INFO (ControllerParamCheckAndLogAOP.java:85) - 请求类型：GET
2018-05-21 13:10:48,861 INFO (ControllerParamCheckAndLogAOP.java:86) - 访问类及方法：cn.edu.ahu.repairbackend.controller.InfoPlatformControllergetAllRepairCurConfirm
2018-05-21 13:10:48,861 INFO (ControllerParamCheckAndLogAOP.java:87) - 请求参数：[]
2018-05-21 13:10:48,868 INFO (ControllerParamCheckAndLogAOP.java:62) - 返回值：cn.edu.ahu.repairbackend.util.ResultMsg@548a06c6
2018-05-21 13:10:48,868 INFO (ControllerParamCheckAndLogAOP.java:63) - 耗时：7
2018-05-21 13:10:48,868 INFO (ControllerParamCheckAndLogAOP.java:64) - 请求完成
2018-05-21 13:10:50,072 INFO (ControllerParamCheckAndLogAOP.java:83) - 请求开始-------------------------------------------------------
2018-05-21 13:10:50,073 INFO (ControllerParamCheckAndLogAOP.java:84) - 请求地址：http://localhost:8080/infoPlatform/getAllRepairCur
2018-05-21 13:10:50,073 INFO (ControllerParamCheckAndLogAOP.java:85) - 请求类型：GET
2018-05-21 13:10:50,073 INFO (ControllerParamCheckAndLogAOP.java:86) - 访问类及方法：cn.edu.ahu.repairbackend.controller.InfoPlatformControllergetAllRepairCur
2018-05-21 13:10:50,073 INFO (ControllerParamCheckAndLogAOP.java:87) - 请求参数：[]
2018-05-21 13:10:50,077 INFO (ControllerParamCheckAndLogAOP.java:62) - 返回值：cn.edu.ahu.repairbackend.util.ResultMsg@7ebc147a
2018-05-21 13:10:50,078 INFO (ControllerParamCheckAndLogAOP.java:63) - 耗时：6
2018-05-21 13:10:50,078 INFO (ControllerParamCheckAndLogAOP.java:64) - 请求完成
2018-05-21 13:10:50,728 INFO (ControllerParamCheckAndLogAOP.java:83) - 请求开始-------------------------------------------------------
2018-05-21 13:10:50,728 INFO (ControllerParamCheckAndLogAOP.java:84) - 请求地址：http://localhost:8080/infoPlatform/getAllRepairCurConfirm
2018-05-21 13:10:50,728 INFO (ControllerParamCheckAndLogAOP.java:85) - 请求类型：GET
2018-05-21 13:10:50,728 INFO (ControllerParamCheckAndLogAOP.java:86) - 访问类及方法：cn.edu.ahu.repairbackend.controller.InfoPlatformControllergetAllRepairCurConfirm
2018-05-21 13:10:50,728 INFO (ControllerParamCheckAndLogAOP.java:87) - 请求参数：[]
2018-05-21 13:10:50,734 INFO (ControllerParamCheckAndLogAOP.java:62) - 返回值：cn.edu.ahu.repairbackend.util.ResultMsg@4c7f8146
2018-05-21 13:10:50,734 INFO (ControllerParamCheckAndLogAOP.java:63) - 耗时：6
2018-05-21 13:10:50,734 INFO (ControllerParamCheckAndLogAOP.java:64) - 请求完成
2018-05-21 13:10:51,132 INFO (ControllerParamCheckAndLogAOP.java:83) - 请求开始-------------------------------------------------------
2018-05-21 13:10:51,132 INFO (ControllerParamCheckAndLogAOP.java:84) - 请求地址：http://localhost:8080/infoPlatform/getAllRepairLog
2018-05-21 13:10:51,132 INFO (ControllerParamCheckAndLogAOP.java:85) - 请求类型：GET
2018-05-21 13:10:51,133 INFO (ControllerParamCheckAndLogAOP.java:86) - 访问类及方法：cn.edu.ahu.repairbackend.controller.InfoPlatformControllergetAllRepairLog
2018-05-21 13:10:51,133 INFO (ControllerParamCheckAndLogAOP.java:87) - 请求参数：[]
2018-05-21 13:10:51,143 INFO (ControllerParamCheckAndLogAOP.java:62) - 返回值：cn.edu.ahu.repairbackend.util.ResultMsg@40b3fab3
2018-05-21 13:10:51,143 INFO (ControllerParamCheckAndLogAOP.java:63) - 耗时：11
2018-05-21 13:10:51,143 INFO (ControllerParamCheckAndLogAOP.java:64) - 请求完成
2018-05-21 13:10:51,694 INFO (ControllerParamCheckAndLogAOP.java:83) - 请求开始-------------------------------------------------------
2018-05-21 13:10:51,695 INFO (ControllerParamCheckAndLogAOP.java:84) - 请求地址：http://localhost:8080/infoPlatform/getAllRepairCurConfirm
2018-05-21 13:10:51,695 INFO (ControllerParamCheckAndLogAOP.java:85) - 请求类型：GET
2018-05-21 13:10:51,695 INFO (ControllerParamCheckAndLogAOP.java:86) - 访问类及方法：cn.edu.ahu.repairbackend.controller.InfoPlatformControllergetAllRepairCurConfirm
2018-05-21 13:10:51,695 INFO (ControllerParamCheckAndLogAOP.java:87) - 请求参数：[]
2018-05-21 13:10:51,700 INFO (ControllerParamCheckAndLogAOP.java:62) - 返回值：cn.edu.ahu.repairbackend.util.ResultMsg@52d77498
2018-05-21 13:10:51,701 INFO (ControllerParamCheckAndLogAOP.java:63) - 耗时：7
2018-05-21 13:10:51,701 INFO (ControllerParamCheckAndLogAOP.java:64) - 请求完成
2018-05-21 13:10:52,223 INFO (ControllerParamCheckAndLogAOP.java:83) - 请求开始-------------------------------------------------------
2018-05-21 13:10:52,223 INFO (ControllerParamCheckAndLogAOP.java:84) - 请求地址：http://localhost:8080/infoPlatform/getAllRepairCur
2018-05-21 13:10:52,223 INFO (ControllerParamCheckAndLogAOP.java:85) - 请求类型：GET
2018-05-21 13:10:52,223 INFO (ControllerParamCheckAndLogAOP.java:86) - 访问类及方法：cn.edu.ahu.repairbackend.controller.InfoPlatformControllergetAllRepairCur
2018-05-21 13:10:52,223 INFO (ControllerParamCheckAndLogAOP.java:87) - 请求参数：[]
2018-05-21 13:10:52,229 INFO (ControllerParamCheckAndLogAOP.java:62) - 返回值：cn.edu.ahu.repairbackend.util.ResultMsg@7901757
2018-05-21 13:10:52,229 INFO (ControllerParamCheckAndLogAOP.java:63) - 耗时：6
2018-05-21 13:10:52,229 INFO (ControllerParamCheckAndLogAOP.java:64) - 请求完成
2018-05-21 13:10:53,335 INFO (ControllerParamCheckAndLogAOP.java:83) - 请求开始-------------------------------------------------------
2018-05-21 13:10:53,335 INFO (ControllerParamCheckAndLogAOP.java:84) - 请求地址：http://localhost:8080/infoPlatform/getAllRepairCurConfirm
2018-05-21 13:10:53,335 INFO (ControllerParamCheckAndLogAOP.java:85) - 请求类型：GET
2018-05-21 13:10:53,336 INFO (ControllerParamCheckAndLogAOP.java:86) - 访问类及方法：cn.edu.ahu.repairbackend.controller.InfoPlatformControllergetAllRepairCurConfirm
2018-05-21 13:10:53,336 INFO (ControllerParamCheckAndLogAOP.java:87) - 请求参数：[]
2018-05-21 13:10:53,342 INFO (ControllerParamCheckAndLogAOP.java:62) - 返回值：cn.edu.ahu.repairbackend.util.ResultMsg@412b4a9e
2018-05-21 13:10:53,342 INFO (ControllerParamCheckAndLogAOP.java:63) - 耗时：7
2018-05-21 13:10:53,342 INFO (ControllerParamCheckAndLogAOP.java:64) - 请求完成
2018-05-21 13:10:53,901 INFO (ControllerParamCheckAndLogAOP.java:83) - 请求开始-------------------------------------------------------
2018-05-21 13:10:53,901 INFO (ControllerParamCheckAndLogAOP.java:84) - 请求地址：http://localhost:8080/infoPlatform/getAllRepairLog
2018-05-21 13:10:53,901 INFO (ControllerParamCheckAndLogAOP.java:85) - 请求类型：GET
2018-05-21 13:10:53,901 INFO (ControllerParamCheckAndLogAOP.java:86) - 访问类及方法：cn.edu.ahu.repairbackend.controller.InfoPlatformControllergetAllRepairLog
2018-05-21 13:10:53,901 INFO (ControllerParamCheckAndLogAOP.java:87) - 请求参数：[]
2018-05-21 13:10:53,910 INFO (ControllerParamCheckAndLogAOP.java:62) - 返回值：cn.edu.ahu.repairbackend.util.ResultMsg@24278525
2018-05-21 13:10:53,910 INFO (ControllerParamCheckAndLogAOP.java:63) - 耗时：9
2018-05-21 13:10:53,910 INFO (ControllerParamCheckAndLogAOP.java:64) - 请求完成
2018-05-21 13:10:54,622 INFO (ControllerParamCheckAndLogAOP.java:83) - 请求开始-------------------------------------------------------
2018-05-21 13:10:54,622 INFO (ControllerParamCheckAndLogAOP.java:84) - 请求地址：http://localhost:8080/infoPlatform/getAllRepairCurConfirm
2018-05-21 13:10:54,622 INFO (ControllerParamCheckAndLogAOP.java:85) - 请求类型：GET
2018-05-21 13:10:54,622 INFO (ControllerParamCheckAndLogAOP.java:86) - 访问类及方法：cn.edu.ahu.repairbackend.controller.InfoPlatformControllergetAllRepairCurConfirm
2018-05-21 13:10:54,622 INFO (ControllerParamCheckAndLogAOP.java:87) - 请求参数：[]
2018-05-21 13:10:54,628 INFO (ControllerParamCheckAndLogAOP.java:62) - 返回值：cn.edu.ahu.repairbackend.util.ResultMsg@5bd241b4
2018-05-21 13:10:54,628 INFO (ControllerParamCheckAndLogAOP.java:63) - 耗时：6
2018-05-21 13:10:54,628 INFO (ControllerParamCheckAndLogAOP.java:64) - 请求完成
2018-05-21 13:12:50,987 INFO (ControllerParamCheckAndLogAOP.java:83) - 请求开始-------------------------------------------------------
2018-05-21 13:12:50,987 INFO (ControllerParamCheckAndLogAOP.java:83) - 请求开始-------------------------------------------------------
2018-05-21 13:12:50,987 INFO (ControllerParamCheckAndLogAOP.java:84) - 请求地址：http://localhost:8080/timePicker/all
2018-05-21 13:12:50,988 INFO (ControllerParamCheckAndLogAOP.java:84) - 请求地址：http://localhost:8080/infoPlatform/getAllRepairCur
2018-05-21 13:12:50,988 INFO (ControllerParamCheckAndLogAOP.java:85) - 请求类型：GET
2018-05-21 13:12:50,988 INFO (ControllerParamCheckAndLogAOP.java:86) - 访问类及方法：cn.edu.ahu.repairbackend.controller.RepairTimePickerControllergetRepairTimePickerInfo
2018-05-21 13:12:50,988 INFO (ControllerParamCheckAndLogAOP.java:85) - 请求类型：GET
2018-05-21 13:12:50,988 INFO (ControllerParamCheckAndLogAOP.java:87) - 请求参数：[]
2018-05-21 13:12:50,989 INFO (ControllerParamCheckAndLogAOP.java:86) - 访问类及方法：cn.edu.ahu.repairbackend.controller.InfoPlatformControllergetAllRepairCur
2018-05-21 13:12:50,989 INFO (ControllerParamCheckAndLogAOP.java:87) - 请求参数：[]
2018-05-21 13:12:51,000 INFO (ControllerParamCheckAndLogAOP.java:62) - 返回值：cn.edu.ahu.repairbackend.util.ResultMsg@675cf0e2
2018-05-21 13:12:51,000 INFO (ControllerParamCheckAndLogAOP.java:63) - 耗时：13
2018-05-21 13:12:51,000 INFO (ControllerParamCheckAndLogAOP.java:64) - 请求完成
2018-05-21 13:12:51,004 INFO (ControllerParamCheckAndLogAOP.java:62) - 返回值：cn.edu.ahu.repairbackend.util.ResultMsg@1e480ac9
2018-05-21 13:12:51,004 INFO (ControllerParamCheckAndLogAOP.java:63) - 耗时：17
2018-05-21 13:12:51,004 INFO (ControllerParamCheckAndLogAOP.java:64) - 请求完成
2018-05-21 13:12:51,961 INFO (ControllerParamCheckAndLogAOP.java:83) - 请求开始-------------------------------------------------------
2018-05-21 13:12:51,962 INFO (ControllerParamCheckAndLogAOP.java:84) - 请求地址：http://localhost:8080/infoPlatform/getAllRepairCurConfirm
2018-05-21 13:12:51,962 INFO (ControllerParamCheckAndLogAOP.java:85) - 请求类型：GET
2018-05-21 13:12:51,962 INFO (ControllerParamCheckAndLogAOP.java:86) - 访问类及方法：cn.edu.ahu.repairbackend.controller.InfoPlatformControllergetAllRepairCurConfirm
2018-05-21 13:12:51,962 INFO (ControllerParamCheckAndLogAOP.java:87) - 请求参数：[]
2018-05-21 13:12:51,967 INFO (ControllerParamCheckAndLogAOP.java:62) - 返回值：cn.edu.ahu.repairbackend.util.ResultMsg@61f67295
2018-05-21 13:12:51,968 INFO (ControllerParamCheckAndLogAOP.java:63) - 耗时：7
2018-05-21 13:12:51,968 INFO (ControllerParamCheckAndLogAOP.java:64) - 请求完成
2018-05-21 13:12:52,629 INFO (ControllerParamCheckAndLogAOP.java:83) - 请求开始-------------------------------------------------------
2018-05-21 13:12:52,629 INFO (ControllerParamCheckAndLogAOP.java:84) - 请求地址：http://localhost:8080/infoPlatform/getAllRepairCur
2018-05-21 13:12:52,629 INFO (ControllerParamCheckAndLogAOP.java:85) - 请求类型：GET
2018-05-21 13:12:52,629 INFO (ControllerParamCheckAndLogAOP.java:86) - 访问类及方法：cn.edu.ahu.repairbackend.controller.InfoPlatformControllergetAllRepairCur
2018-05-21 13:12:52,629 INFO (ControllerParamCheckAndLogAOP.java:87) - 请求参数：[]
2018-05-21 13:12:52,634 INFO (ControllerParamCheckAndLogAOP.java:62) - 返回值：cn.edu.ahu.repairbackend.util.ResultMsg@392cfd46
2018-05-21 13:12:52,634 INFO (ControllerParamCheckAndLogAOP.java:63) - 耗时：5
2018-05-21 13:12:52,634 INFO (ControllerParamCheckAndLogAOP.java:64) - 请求完成
2018-05-21 13:12:53,859 INFO (ControllerParamCheckAndLogAOP.java:83) - 请求开始-------------------------------------------------------
2018-05-21 13:12:53,859 INFO (ControllerParamCheckAndLogAOP.java:84) - 请求地址：http://localhost:8080/infoPlatform/getAllRepairCurConfirm
2018-05-21 13:12:53,859 INFO (ControllerParamCheckAndLogAOP.java:85) - 请求类型：GET
2018-05-21 13:12:53,859 INFO (ControllerParamCheckAndLogAOP.java:86) - 访问类及方法：cn.edu.ahu.repairbackend.controller.InfoPlatformControllergetAllRepairCurConfirm
2018-05-21 13:12:53,859 INFO (ControllerParamCheckAndLogAOP.java:87) - 请求参数：[]
2018-05-21 13:12:53,864 INFO (ControllerParamCheckAndLogAOP.java:62) - 返回值：cn.edu.ahu.repairbackend.util.ResultMsg@1258314f
2018-05-21 13:12:53,865 INFO (ControllerParamCheckAndLogAOP.java:63) - 耗时：6
2018-05-21 13:12:53,865 INFO (ControllerParamCheckAndLogAOP.java:64) - 请求完成
2018-05-21 13:12:54,278 INFO (ControllerParamCheckAndLogAOP.java:83) - 请求开始-------------------------------------------------------
2018-05-21 13:12:54,278 INFO (ControllerParamCheckAndLogAOP.java:84) - 请求地址：http://localhost:8080/infoPlatform/getAllRepairLog
2018-05-21 13:12:54,278 INFO (ControllerParamCheckAndLogAOP.java:85) - 请求类型：GET
2018-05-21 13:12:54,278 INFO (ControllerParamCheckAndLogAOP.java:86) - 访问类及方法：cn.edu.ahu.repairbackend.controller.InfoPlatformControllergetAllRepairLog
2018-05-21 13:12:54,278 INFO (ControllerParamCheckAndLogAOP.java:87) - 请求参数：[]
2018-05-21 13:12:54,288 INFO (ControllerParamCheckAndLogAOP.java:62) - 返回值：cn.edu.ahu.repairbackend.util.ResultMsg@6621a257
2018-05-21 13:12:54,290 INFO (ControllerParamCheckAndLogAOP.java:63) - 耗时：12
2018-05-21 13:12:54,290 INFO (ControllerParamCheckAndLogAOP.java:64) - 请求完成
2018-05-21 13:12:55,270 INFO (ControllerParamCheckAndLogAOP.java:83) - 请求开始-------------------------------------------------------
2018-05-21 13:12:55,271 INFO (ControllerParamCheckAndLogAOP.java:84) - 请求地址：http://localhost:8080/infoPlatform/getAllRepairCurConfirm
2018-05-21 13:12:55,271 INFO (ControllerParamCheckAndLogAOP.java:85) - 请求类型：GET
2018-05-21 13:12:55,271 INFO (ControllerParamCheckAndLogAOP.java:86) - 访问类及方法：cn.edu.ahu.repairbackend.controller.InfoPlatformControllergetAllRepairCurConfirm
2018-05-21 13:12:55,271 INFO (ControllerParamCheckAndLogAOP.java:87) - 请求参数：[]
2018-05-21 13:12:55,277 INFO (ControllerParamCheckAndLogAOP.java:62) - 返回值：cn.edu.ahu.repairbackend.util.ResultMsg@720c6251
2018-05-21 13:12:55,277 INFO (ControllerParamCheckAndLogAOP.java:63) - 耗时：7
2018-05-21 13:12:55,277 INFO (ControllerParamCheckAndLogAOP.java:64) - 请求完成
2018-05-21 13:12:55,704 INFO (ControllerParamCheckAndLogAOP.java:83) - 请求开始-------------------------------------------------------
2018-05-21 13:12:55,704 INFO (ControllerParamCheckAndLogAOP.java:84) - 请求地址：http://localhost:8080/infoPlatform/getAllRepairCur
2018-05-21 13:12:55,705 INFO (ControllerParamCheckAndLogAOP.java:85) - 请求类型：GET
2018-05-21 13:12:55,705 INFO (ControllerParamCheckAndLogAOP.java:86) - 访问类及方法：cn.edu.ahu.repairbackend.controller.InfoPlatformControllergetAllRepairCur
2018-05-21 13:12:55,705 INFO (ControllerParamCheckAndLogAOP.java:87) - 请求参数：[]
2018-05-21 13:12:55,712 INFO (ControllerParamCheckAndLogAOP.java:62) - 返回值：cn.edu.ahu.repairbackend.util.ResultMsg@42d1cfe9
2018-05-21 13:12:55,712 INFO (ControllerParamCheckAndLogAOP.java:63) - 耗时：8
2018-05-21 13:12:55,713 INFO (ControllerParamCheckAndLogAOP.java:64) - 请求完成
2018-05-21 13:12:56,503 INFO (ControllerParamCheckAndLogAOP.java:83) - 请求开始-------------------------------------------------------
2018-05-21 13:12:56,504 INFO (ControllerParamCheckAndLogAOP.java:84) - 请求地址：http://localhost:8080/infoPlatform/getAllRepairCurConfirm
2018-05-21 13:12:56,504 INFO (ControllerParamCheckAndLogAOP.java:85) - 请求类型：GET
2018-05-21 13:12:56,504 INFO (ControllerParamCheckAndLogAOP.java:86) - 访问类及方法：cn.edu.ahu.repairbackend.controller.InfoPlatformControllergetAllRepairCurConfirm
2018-05-21 13:12:56,504 INFO (ControllerParamCheckAndLogAOP.java:87) - 请求参数：[]
2018-05-21 13:12:56,509 INFO (ControllerParamCheckAndLogAOP.java:62) - 返回值：cn.edu.ahu.repairbackend.util.ResultMsg@30e33022
2018-05-21 13:12:56,510 INFO (ControllerParamCheckAndLogAOP.java:63) - 耗时：7
2018-05-21 13:12:56,510 INFO (ControllerParamCheckAndLogAOP.java:64) - 请求完成
2018-05-21 13:43:05,056 INFO (ControllerParamCheckAndLogAOP.java:83) - 请求开始-------------------------------------------------------
2018-05-21 13:43:05,057 INFO (ControllerParamCheckAndLogAOP.java:84) - 请求地址：http://localhost:8080/infoPlatform/getAllRepairCur
2018-05-21 13:43:05,057 INFO (ControllerParamCheckAndLogAOP.java:85) - 请求类型：GET
2018-05-21 13:43:05,057 INFO (ControllerParamCheckAndLogAOP.java:86) - 访问类及方法：cn.edu.ahu.repairbackend.controller.InfoPlatformControllergetAllRepairCur
2018-05-21 13:43:05,057 INFO (ControllerParamCheckAndLogAOP.java:87) - 请求参数：[]
2018-05-21 13:43:05,064 INFO (ControllerParamCheckAndLogAOP.java:62) - 返回值：cn.edu.ahu.repairbackend.util.ResultMsg@8b166
2018-05-21 13:43:05,064 INFO (ControllerParamCheckAndLogAOP.java:63) - 耗时：8
2018-05-21 13:43:05,064 INFO (ControllerParamCheckAndLogAOP.java:64) - 请求完成
2018-05-21 13:43:06,897 INFO (ControllerParamCheckAndLogAOP.java:83) - 请求开始-------------------------------------------------------
2018-05-21 13:43:06,898 INFO (ControllerParamCheckAndLogAOP.java:84) - 请求地址：http://localhost:8080/infoPlatform/getAllRepairCurConfirm
2018-05-21 13:43:06,898 INFO (ControllerParamCheckAndLogAOP.java:85) - 请求类型：GET
2018-05-21 13:43:06,898 INFO (ControllerParamCheckAndLogAOP.java:86) - 访问类及方法：cn.edu.ahu.repairbackend.controller.InfoPlatformControllergetAllRepairCurConfirm
2018-05-21 13:43:06,898 INFO (ControllerParamCheckAndLogAOP.java:87) - 请求参数：[]
2018-05-21 13:43:06,903 INFO (ControllerParamCheckAndLogAOP.java:62) - 返回值：cn.edu.ahu.repairbackend.util.ResultMsg@4165f846
2018-05-21 13:43:06,903 INFO (ControllerParamCheckAndLogAOP.java:63) - 耗时：6
2018-05-21 13:43:06,903 INFO (ControllerParamCheckAndLogAOP.java:64) - 请求完成
2018-05-21 15:08:23,133 INFO (ControllerParamCheckAndLogAOP.java:83) - 请求开始-------------------------------------------------------
2018-05-21 15:08:23,133 INFO (ControllerParamCheckAndLogAOP.java:83) - 请求开始-------------------------------------------------------
2018-05-21 15:08:23,133 INFO (ControllerParamCheckAndLogAOP.java:84) - 请求地址：http://localhost:8080/infoPlatform/getAllRepairCur
2018-05-21 15:08:23,134 INFO (ControllerParamCheckAndLogAOP.java:85) - 请求类型：GET
2018-05-21 15:08:23,134 INFO (ControllerParamCheckAndLogAOP.java:84) - 请求地址：http://localhost:8080/timePicker/all
2018-05-21 15:08:23,134 INFO (ControllerParamCheckAndLogAOP.java:85) - 请求类型：GET
2018-05-21 15:08:23,134 INFO (ControllerParamCheckAndLogAOP.java:86) - 访问类及方法：cn.edu.ahu.repairbackend.controller.RepairTimePickerControllergetRepairTimePickerInfo
2018-05-21 15:08:23,134 INFO (ControllerParamCheckAndLogAOP.java:86) - 访问类及方法：cn.edu.ahu.repairbackend.controller.InfoPlatformControllergetAllRepairCur
2018-05-21 15:08:23,134 INFO (ControllerParamCheckAndLogAOP.java:87) - 请求参数：[]
2018-05-21 15:08:23,134 INFO (ControllerParamCheckAndLogAOP.java:87) - 请求参数：[]
2018-05-21 15:08:23,142 INFO (ControllerParamCheckAndLogAOP.java:62) - 返回值：cn.edu.ahu.repairbackend.util.ResultMsg@79e994be
2018-05-21 15:08:23,142 INFO (ControllerParamCheckAndLogAOP.java:63) - 耗时：9
2018-05-21 15:08:23,143 INFO (ControllerParamCheckAndLogAOP.java:64) - 请求完成
2018-05-21 15:08:23,150 INFO (ControllerParamCheckAndLogAOP.java:62) - 返回值：cn.edu.ahu.repairbackend.util.ResultMsg@127567d6
2018-05-21 15:08:23,150 INFO (ControllerParamCheckAndLogAOP.java:63) - 耗时：17
2018-05-21 15:08:23,151 INFO (ControllerParamCheckAndLogAOP.java:64) - 请求完成
2018-05-21 15:08:33,985 INFO (ControllerParamCheckAndLogAOP.java:83) - 请求开始-------------------------------------------------------
2018-05-21 15:08:33,985 INFO (ControllerParamCheckAndLogAOP.java:84) - 请求地址：http://localhost:8080/repairInfo/all
2018-05-21 15:08:33,986 INFO (ControllerParamCheckAndLogAOP.java:85) - 请求类型：GET
2018-05-21 15:08:33,986 INFO (ControllerParamCheckAndLogAOP.java:86) - 访问类及方法：cn.edu.ahu.repairbackend.controller.RepairInfoControllergetAllRepairInfo
2018-05-21 15:08:33,986 INFO (ControllerParamCheckAndLogAOP.java:87) - 请求参数：[P16201106]
2018-05-21 15:08:34,003 INFO (ControllerParamCheckAndLogAOP.java:83) - 请求开始-------------------------------------------------------
2018-05-21 15:08:34,003 INFO (ControllerParamCheckAndLogAOP.java:62) - 返回值：cn.edu.ahu.repairbackend.util.ResultMsg@67c667e7
2018-05-21 15:08:34,003 INFO (ControllerParamCheckAndLogAOP.java:63) - 耗时：0
2018-05-21 15:08:34,004 INFO (ControllerParamCheckAndLogAOP.java:64) - 请求完成
2018-05-21 15:08:34,003 INFO (ControllerParamCheckAndLogAOP.java:84) - 请求地址：http://localhost:8080/timePicker/all
2018-05-21 15:08:34,004 INFO (ControllerParamCheckAndLogAOP.java:85) - 请求类型：GET
2018-05-21 15:08:34,004 INFO (ControllerParamCheckAndLogAOP.java:86) - 访问类及方法：cn.edu.ahu.repairbackend.controller.RepairTimePickerControllergetRepairTimePickerInfo
2018-05-21 15:08:34,004 INFO (ControllerParamCheckAndLogAOP.java:87) - 请求参数：[]
2018-05-21 15:08:34,013 INFO (ControllerParamCheckAndLogAOP.java:62) - 返回值：cn.edu.ahu.repairbackend.util.ResultMsg@2f9b3230
2018-05-21 15:08:34,013 INFO (ControllerParamCheckAndLogAOP.java:63) - 耗时：10
2018-05-21 15:08:34,013 INFO (ControllerParamCheckAndLogAOP.java:64) - 请求完成
2018-05-21 15:17:22,676 INFO (ControllerParamCheckAndLogAOP.java:83) - 请求开始-------------------------------------------------------
2018-05-21 15:17:22,676 INFO (ControllerParamCheckAndLogAOP.java:84) - 请求地址：http://localhost:8080/repairInfo/all
2018-05-21 15:17:22,677 INFO (ControllerParamCheckAndLogAOP.java:85) - 请求类型：GET
2018-05-21 15:17:22,677 INFO (ControllerParamCheckAndLogAOP.java:86) - 访问类及方法：cn.edu.ahu.repairbackend.controller.RepairInfoControllergetAllRepairInfo
2018-05-21 15:17:22,677 INFO (ControllerParamCheckAndLogAOP.java:87) - 请求参数：[P16201106]
2018-05-21 15:17:22,683 INFO (ControllerParamCheckAndLogAOP.java:83) - 请求开始-------------------------------------------------------
2018-05-21 15:17:22,683 INFO (ControllerParamCheckAndLogAOP.java:84) - 请求地址：http://localhost:8080/timePicker/all
2018-05-21 15:17:22,683 INFO (ControllerParamCheckAndLogAOP.java:85) - 请求类型：GET
2018-05-21 15:17:22,683 INFO (ControllerParamCheckAndLogAOP.java:86) - 访问类及方法：cn.edu.ahu.repairbackend.controller.RepairTimePickerControllergetRepairTimePickerInfo
2018-05-21 15:17:22,683 INFO (ControllerParamCheckAndLogAOP.java:87) - 请求参数：[]
2018-05-21 15:17:22,689 INFO (ControllerParamCheckAndLogAOP.java:62) - 返回值：cn.edu.ahu.repairbackend.util.ResultMsg@3cfe1637
2018-05-21 15:17:22,689 INFO (ControllerParamCheckAndLogAOP.java:63) - 耗时：6
2018-05-21 15:17:22,690 INFO (ControllerParamCheckAndLogAOP.java:64) - 请求完成
2018-05-21 15:17:22,694 INFO (ControllerParamCheckAndLogAOP.java:62) - 返回值：cn.edu.ahu.repairbackend.util.ResultMsg@54ba83f
2018-05-21 15:17:22,694 INFO (ControllerParamCheckAndLogAOP.java:63) - 耗时：11
2018-05-21 15:17:22,694 INFO (ControllerParamCheckAndLogAOP.java:64) - 请求完成
2018-05-21 15:19:37,750 INFO (ControllerParamCheckAndLogAOP.java:83) - 请求开始-------------------------------------------------------
2018-05-21 15:19:37,751 INFO (ControllerParamCheckAndLogAOP.java:84) - 请求地址：http://localhost:8080/repairInfo/all
2018-05-21 15:19:37,751 INFO (ControllerParamCheckAndLogAOP.java:85) - 请求类型：GET
2018-05-21 15:19:37,751 INFO (ControllerParamCheckAndLogAOP.java:86) - 访问类及方法：cn.edu.ahu.repairbackend.controller.RepairInfoControllergetAllRepairInfo
2018-05-21 15:19:37,751 INFO (ControllerParamCheckAndLogAOP.java:87) - 请求参数：[P16201106]
2018-05-21 15:19:37,765 INFO (ControllerParamCheckAndLogAOP.java:62) - 返回值：cn.edu.ahu.repairbackend.util.ResultMsg@52881b70
2018-05-21 15:19:37,765 INFO (ControllerParamCheckAndLogAOP.java:63) - 耗时：15
2018-05-21 15:19:37,766 INFO (ControllerParamCheckAndLogAOP.java:64) - 请求完成
2018-05-21 15:19:37,766 INFO (ControllerParamCheckAndLogAOP.java:83) - 请求开始-------------------------------------------------------
2018-05-21 15:19:37,766 INFO (ControllerParamCheckAndLogAOP.java:84) - 请求地址：http://localhost:8080/timePicker/all
2018-05-21 15:19:37,767 INFO (ControllerParamCheckAndLogAOP.java:85) - 请求类型：GET
2018-05-21 15:19:37,767 INFO (ControllerParamCheckAndLogAOP.java:86) - 访问类及方法：cn.edu.ahu.repairbackend.controller.RepairTimePickerControllergetRepairTimePickerInfo
2018-05-21 15:19:37,767 INFO (ControllerParamCheckAndLogAOP.java:87) - 请求参数：[]
2018-05-21 15:19:37,775 INFO (ControllerParamCheckAndLogAOP.java:62) - 返回值：cn.edu.ahu.repairbackend.util.ResultMsg@2428a552
2018-05-21 15:19:37,775 INFO (ControllerParamCheckAndLogAOP.java:63) - 耗时：9
2018-05-21 15:19:37,776 INFO (ControllerParamCheckAndLogAOP.java:64) - 请求完成
2018-05-21 15:19:38,179 INFO (ControllerParamCheckAndLogAOP.java:83) - 请求开始-------------------------------------------------------
2018-05-21 15:19:38,179 INFO (ControllerParamCheckAndLogAOP.java:83) - 请求开始-------------------------------------------------------
2018-05-21 15:19:38,179 INFO (ControllerParamCheckAndLogAOP.java:84) - 请求地址：http://localhost:8080/timePicker/all
2018-05-21 15:19:38,179 INFO (ControllerParamCheckAndLogAOP.java:84) - 请求地址：http://localhost:8080/infoPlatform/getAllRepairCur
2018-05-21 15:19:38,180 INFO (ControllerParamCheckAndLogAOP.java:85) - 请求类型：GET
2018-05-21 15:19:38,179 INFO (ControllerParamCheckAndLogAOP.java:85) - 请求类型：GET
2018-05-21 15:19:38,180 INFO (ControllerParamCheckAndLogAOP.java:86) - 访问类及方法：cn.edu.ahu.repairbackend.controller.InfoPlatformControllergetAllRepairCur
2018-05-21 15:19:38,180 INFO (ControllerParamCheckAndLogAOP.java:86) - 访问类及方法：cn.edu.ahu.repairbackend.controller.RepairTimePickerControllergetRepairTimePickerInfo
2018-05-21 15:19:38,180 INFO (ControllerParamCheckAndLogAOP.java:87) - 请求参数：[]
2018-05-21 15:19:38,180 INFO (ControllerParamCheckAndLogAOP.java:87) - 请求参数：[]
2018-05-21 15:19:38,184 INFO (ControllerParamCheckAndLogAOP.java:62) - 返回值：cn.edu.ahu.repairbackend.util.ResultMsg@22d3d886
2018-05-21 15:19:38,184 INFO (ControllerParamCheckAndLogAOP.java:63) - 耗时：5
2018-05-21 15:19:38,184 INFO (ControllerParamCheckAndLogAOP.java:64) - 请求完成
2018-05-21 15:19:38,188 INFO (ControllerParamCheckAndLogAOP.java:62) - 返回值：cn.edu.ahu.repairbackend.util.ResultMsg@3c1fa940
2018-05-21 15:19:38,188 INFO (ControllerParamCheckAndLogAOP.java:63) - 耗时：9
2018-05-21 15:19:38,188 INFO (ControllerParamCheckAndLogAOP.java:64) - 请求完成
2018-05-21 15:34:00,074 INFO (ControllerParamCheckAndLogAOP.java:83) - 请求开始-------------------------------------------------------
2018-05-21 15:34:00,075 INFO (ControllerParamCheckAndLogAOP.java:84) - 请求地址：http://localhost:8080/infoPlatform/getAllRepairCurConfirm
2018-05-21 15:34:00,075 INFO (ControllerParamCheckAndLogAOP.java:85) - 请求类型：GET
2018-05-21 15:34:00,075 INFO (ControllerParamCheckAndLogAOP.java:86) - 访问类及方法：cn.edu.ahu.repairbackend.controller.InfoPlatformControllergetAllRepairCurConfirm
2018-05-21 15:34:00,075 INFO (ControllerParamCheckAndLogAOP.java:87) - 请求参数：[]
2018-05-21 15:34:00,085 INFO (ControllerParamCheckAndLogAOP.java:62) - 返回值：cn.edu.ahu.repairbackend.util.ResultMsg@2a834b21
2018-05-21 15:34:00,085 INFO (ControllerParamCheckAndLogAOP.java:63) - 耗时：11
2018-05-21 15:34:00,085 INFO (ControllerParamCheckAndLogAOP.java:64) - 请求完成
2018-05-21 15:34:01,203 INFO (ControllerParamCheckAndLogAOP.java:83) - 请求开始-------------------------------------------------------
2018-05-21 15:34:01,204 INFO (ControllerParamCheckAndLogAOP.java:84) - 请求地址：http://localhost:8080/infoPlatform/getAllRepairLog
2018-05-21 15:34:01,204 INFO (ControllerParamCheckAndLogAOP.java:85) - 请求类型：GET
2018-05-21 15:34:01,204 INFO (ControllerParamCheckAndLogAOP.java:86) - 访问类及方法：cn.edu.ahu.repairbackend.controller.InfoPlatformControllergetAllRepairLog
2018-05-21 15:34:01,204 INFO (ControllerParamCheckAndLogAOP.java:87) - 请求参数：[]
2018-05-21 15:34:01,214 INFO (ControllerParamCheckAndLogAOP.java:62) - 返回值：cn.edu.ahu.repairbackend.util.ResultMsg@78b2e9d3
2018-05-21 15:34:01,215 INFO (ControllerParamCheckAndLogAOP.java:63) - 耗时：12
2018-05-21 15:34:01,215 INFO (ControllerParamCheckAndLogAOP.java:64) - 请求完成
2018-05-21 15:34:03,153 INFO (ControllerParamCheckAndLogAOP.java:83) - 请求开始-------------------------------------------------------
2018-05-21 15:34:03,153 INFO (ControllerParamCheckAndLogAOP.java:84) - 请求地址：http://localhost:8080/infoPlatform/getAllRepairCurConfirm
2018-05-21 15:34:03,153 INFO (ControllerParamCheckAndLogAOP.java:85) - 请求类型：GET
2018-05-21 15:34:03,154 INFO (ControllerParamCheckAndLogAOP.java:86) - 访问类及方法：cn.edu.ahu.repairbackend.controller.InfoPlatformControllergetAllRepairCurConfirm
2018-05-21 15:34:03,154 INFO (ControllerParamCheckAndLogAOP.java:87) - 请求参数：[]
2018-05-21 15:34:03,161 INFO (ControllerParamCheckAndLogAOP.java:62) - 返回值：cn.edu.ahu.repairbackend.util.ResultMsg@779ca31d
2018-05-21 15:34:03,161 INFO (ControllerParamCheckAndLogAOP.java:63) - 耗时：8
2018-05-21 15:34:03,161 INFO (ControllerParamCheckAndLogAOP.java:64) - 请求完成
2018-05-21 15:34:03,589 INFO (ControllerParamCheckAndLogAOP.java:83) - 请求开始-------------------------------------------------------
2018-05-21 15:34:03,589 INFO (ControllerParamCheckAndLogAOP.java:84) - 请求地址：http://localhost:8080/infoPlatform/getAllRepairCur
2018-05-21 15:34:03,589 INFO (ControllerParamCheckAndLogAOP.java:85) - 请求类型：GET
2018-05-21 15:34:03,589 INFO (ControllerParamCheckAndLogAOP.java:86) - 访问类及方法：cn.edu.ahu.repairbackend.controller.InfoPlatformControllergetAllRepairCur
2018-05-21 15:34:03,589 INFO (ControllerParamCheckAndLogAOP.java:87) - 请求参数：[]
2018-05-21 15:34:03,593 INFO (ControllerParamCheckAndLogAOP.java:62) - 返回值：cn.edu.ahu.repairbackend.util.ResultMsg@6cd9ded1
2018-05-21 15:34:03,593 INFO (ControllerParamCheckAndLogAOP.java:63) - 耗时：4
2018-05-21 15:34:03,593 INFO (ControllerParamCheckAndLogAOP.java:64) - 请求完成
2018-05-21 15:34:03,961 INFO (ControllerParamCheckAndLogAOP.java:83) - 请求开始-------------------------------------------------------
2018-05-21 15:34:03,961 INFO (ControllerParamCheckAndLogAOP.java:84) - 请求地址：http://localhost:8080/infoPlatform/getAllRepairCurConfirm
2018-05-21 15:34:03,961 INFO (ControllerParamCheckAndLogAOP.java:85) - 请求类型：GET
2018-05-21 15:34:03,961 INFO (ControllerParamCheckAndLogAOP.java:86) - 访问类及方法：cn.edu.ahu.repairbackend.controller.InfoPlatformControllergetAllRepairCurConfirm
2018-05-21 15:34:03,961 INFO (ControllerParamCheckAndLogAOP.java:87) - 请求参数：[]
2018-05-21 15:34:03,967 INFO (ControllerParamCheckAndLogAOP.java:62) - 返回值：cn.edu.ahu.repairbackend.util.ResultMsg@4dba68af
2018-05-21 15:34:03,967 INFO (ControllerParamCheckAndLogAOP.java:63) - 耗时：6
2018-05-21 15:34:03,967 INFO (ControllerParamCheckAndLogAOP.java:64) - 请求完成
2018-05-21 15:34:04,462 INFO (ControllerParamCheckAndLogAOP.java:83) - 请求开始-------------------------------------------------------
2018-05-21 15:34:04,462 INFO (ControllerParamCheckAndLogAOP.java:84) - 请求地址：http://localhost:8080/infoPlatform/getAllRepairCur
2018-05-21 15:34:04,462 INFO (ControllerParamCheckAndLogAOP.java:85) - 请求类型：GET
2018-05-21 15:34:04,462 INFO (ControllerParamCheckAndLogAOP.java:86) - 访问类及方法：cn.edu.ahu.repairbackend.controller.InfoPlatformControllergetAllRepairCur
2018-05-21 15:34:04,462 INFO (ControllerParamCheckAndLogAOP.java:87) - 请求参数：[]
2018-05-21 15:34:04,469 INFO (ControllerParamCheckAndLogAOP.java:62) - 返回值：cn.edu.ahu.repairbackend.util.ResultMsg@666bb948
2018-05-21 15:34:04,469 INFO (ControllerParamCheckAndLogAOP.java:63) - 耗时：7
2018-05-21 15:34:04,470 INFO (ControllerParamCheckAndLogAOP.java:64) - 请求完成
2018-05-21 15:35:18,332 INFO (ControllerParamCheckAndLogAOP.java:83) - 请求开始-------------------------------------------------------
2018-05-21 15:35:18,332 INFO (ControllerParamCheckAndLogAOP.java:84) - 请求地址：http://localhost:8080/infoPlatform/getAllRepairCurConfirm
2018-05-21 15:35:18,333 INFO (ControllerParamCheckAndLogAOP.java:85) - 请求类型：GET
2018-05-21 15:35:18,333 INFO (ControllerParamCheckAndLogAOP.java:86) - 访问类及方法：cn.edu.ahu.repairbackend.controller.InfoPlatformControllergetAllRepairCurConfirm
2018-05-21 15:35:18,333 INFO (ControllerParamCheckAndLogAOP.java:87) - 请求参数：[]
2018-05-21 15:35:18,340 INFO (ControllerParamCheckAndLogAOP.java:62) - 返回值：cn.edu.ahu.repairbackend.util.ResultMsg@2b5e1ffc
2018-05-21 15:35:18,340 INFO (ControllerParamCheckAndLogAOP.java:63) - 耗时：8
2018-05-21 15:35:18,340 INFO (ControllerParamCheckAndLogAOP.java:64) - 请求完成
2018-05-21 15:35:18,703 INFO (ControllerParamCheckAndLogAOP.java:83) - 请求开始-------------------------------------------------------
2018-05-21 15:35:18,703 INFO (ControllerParamCheckAndLogAOP.java:84) - 请求地址：http://localhost:8080/infoPlatform/getAllRepairLog
2018-05-21 15:35:18,703 INFO (ControllerParamCheckAndLogAOP.java:85) - 请求类型：GET
2018-05-21 15:35:18,703 INFO (ControllerParamCheckAndLogAOP.java:86) - 访问类及方法：cn.edu.ahu.repairbackend.controller.InfoPlatformControllergetAllRepairLog
2018-05-21 15:35:18,703 INFO (ControllerParamCheckAndLogAOP.java:87) - 请求参数：[]
2018-05-21 15:35:18,712 INFO (ControllerParamCheckAndLogAOP.java:62) - 返回值：cn.edu.ahu.repairbackend.util.ResultMsg@5d8edafc
2018-05-21 15:35:18,712 INFO (ControllerParamCheckAndLogAOP.java:63) - 耗时：9
2018-05-21 15:35:18,712 INFO (ControllerParamCheckAndLogAOP.java:64) - 请求完成
