2018-06-11 10:29:09,023 INFO (ControllerParamCheckAndLogAOP.java:83) - 请求开始-------------------------------------------------------
2018-06-11 10:29:09,026 INFO (ControllerParamCheckAndLogAOP.java:84) - 请求地址：http://localhost:8080/user/login
2018-06-11 10:29:09,026 INFO (ControllerParamCheckAndLogAOP.java:85) - 请求类型：GET
2018-06-11 10:29:09,029 INFO (ControllerParamCheckAndLogAOP.java:86) - 访问类及方法：cn.edu.ahu.repairbackend.controller.UserInfoControllergetUserInfoByNumberAndIdCard
2018-06-11 10:29:09,029 INFO (ControllerParamCheckAndLogAOP.java:87) - 请求参数：[P16201106, 530061]
2018-06-11 10:29:09,101 INFO (ControllerParamCheckAndLogAOP.java:62) - 返回值：cn.edu.ahu.repairbackend.util.ResultMsg@a5c086a
2018-06-11 10:29:09,102 INFO (ControllerParamCheckAndLogAOP.java:63) - 耗时：79
2018-06-11 10:29:09,102 INFO (ControllerParamCheckAndLogAOP.java:64) - 请求完成
2018-06-11 10:29:09,187 INFO (ControllerParamCheckAndLogAOP.java:83) - 请求开始-------------------------------------------------------
2018-06-11 10:29:09,187 INFO (ControllerParamCheckAndLogAOP.java:84) - 请求地址：http://localhost:8080/repairInfo/all
2018-06-11 10:29:09,187 INFO (ControllerParamCheckAndLogAOP.java:85) - 请求类型：GET
2018-06-11 10:29:09,188 INFO (ControllerParamCheckAndLogAOP.java:86) - 访问类及方法：cn.edu.ahu.repairbackend.controller.RepairInfoControllergetAllRepairInfo
2018-06-11 10:29:09,188 INFO (ControllerParamCheckAndLogAOP.java:87) - 请求参数：[P16201106]
2018-06-11 10:29:09,210 INFO (ControllerParamCheckAndLogAOP.java:62) - 返回值：cn.edu.ahu.repairbackend.util.ResultMsg@31cafa4f
2018-06-11 10:29:09,210 INFO (ControllerParamCheckAndLogAOP.java:63) - 耗时：23
2018-06-11 10:29:09,210 INFO (ControllerParamCheckAndLogAOP.java:64) - 请求完成
2018-06-11 10:29:09,212 INFO (ControllerParamCheckAndLogAOP.java:83) - 请求开始-------------------------------------------------------
2018-06-11 10:29:09,212 INFO (ControllerParamCheckAndLogAOP.java:84) - 请求地址：http://localhost:8080/timePicker/all
2018-06-11 10:29:09,212 INFO (ControllerParamCheckAndLogAOP.java:85) - 请求类型：GET
2018-06-11 10:29:09,212 INFO (ControllerParamCheckAndLogAOP.java:86) - 访问类及方法：cn.edu.ahu.repairbackend.controller.RepairTimePickerControllergetRepairTimePickerInfo
2018-06-11 10:29:09,212 INFO (ControllerParamCheckAndLogAOP.java:87) - 请求参数：[]
2018-06-11 10:29:09,249 INFO (ControllerParamCheckAndLogAOP.java:62) - 返回值：cn.edu.ahu.repairbackend.util.ResultMsg@67cfbf1d
2018-06-11 10:29:09,250 INFO (ControllerParamCheckAndLogAOP.java:63) - 耗时：38
2018-06-11 10:29:09,250 INFO (ControllerParamCheckAndLogAOP.java:64) - 请求完成
2018-06-11 10:37:35,727 INFO (ControllerParamCheckAndLogAOP.java:83) - 请求开始-------------------------------------------------------
2018-06-11 10:37:35,727 INFO (ControllerParamCheckAndLogAOP.java:84) - 请求地址：http://localhost:8080/categories/child
2018-06-11 10:37:35,727 INFO (ControllerParamCheckAndLogAOP.java:85) - 请求类型：GET
2018-06-11 10:37:35,728 INFO (ControllerParamCheckAndLogAOP.java:86) - 访问类及方法：cn.edu.ahu.repairbackend.controller.RepairCategoriesControllergetRepairCategoriesInfoByParent
2018-06-11 10:37:35,728 INFO (ControllerParamCheckAndLogAOP.java:87) - 请求参数：[用电故障]
2018-06-11 10:37:35,737 INFO (ControllerParamCheckAndLogAOP.java:62) - 返回值：cn.edu.ahu.repairbackend.util.ResultMsg@7bc97490
2018-06-11 10:37:35,738 INFO (ControllerParamCheckAndLogAOP.java:63) - 耗时：11
2018-06-11 10:37:35,738 INFO (ControllerParamCheckAndLogAOP.java:64) - 请求完成
2018-06-11 10:37:37,192 INFO (ControllerParamCheckAndLogAOP.java:83) - 请求开始-------------------------------------------------------
2018-06-11 10:37:37,193 INFO (ControllerParamCheckAndLogAOP.java:84) - 请求地址：http://localhost:8080/categories/child
2018-06-11 10:37:37,193 INFO (ControllerParamCheckAndLogAOP.java:85) - 请求类型：GET
2018-06-11 10:37:37,193 INFO (ControllerParamCheckAndLogAOP.java:86) - 访问类及方法：cn.edu.ahu.repairbackend.controller.RepairCategoriesControllergetRepairCategoriesInfoByParent
2018-06-11 10:37:37,193 INFO (ControllerParamCheckAndLogAOP.java:87) - 请求参数：[用电故障]
2018-06-11 10:37:37,198 INFO (ControllerParamCheckAndLogAOP.java:62) - 返回值：cn.edu.ahu.repairbackend.util.ResultMsg@176c520
2018-06-11 10:37:37,198 INFO (ControllerParamCheckAndLogAOP.java:63) - 耗时：6
2018-06-11 10:37:37,199 INFO (ControllerParamCheckAndLogAOP.java:64) - 请求完成
2018-06-11 10:37:39,149 INFO (ControllerParamCheckAndLogAOP.java:83) - 请求开始-------------------------------------------------------
2018-06-11 10:37:39,149 INFO (ControllerParamCheckAndLogAOP.java:84) - 请求地址：http://localhost:8080/categories/child
2018-06-11 10:37:39,150 INFO (ControllerParamCheckAndLogAOP.java:85) - 请求类型：GET
2018-06-11 10:37:39,150 INFO (ControllerParamCheckAndLogAOP.java:86) - 访问类及方法：cn.edu.ahu.repairbackend.controller.RepairCategoriesControllergetRepairCategoriesInfoByParent
2018-06-11 10:37:39,150 INFO (ControllerParamCheckAndLogAOP.java:87) - 请求参数：[家具故障]
2018-06-11 10:37:39,158 INFO (ControllerParamCheckAndLogAOP.java:62) - 返回值：cn.edu.ahu.repairbackend.util.ResultMsg@461c5451
2018-06-11 10:37:39,158 INFO (ControllerParamCheckAndLogAOP.java:63) - 耗时：9
2018-06-11 10:37:39,158 INFO (ControllerParamCheckAndLogAOP.java:64) - 请求完成
