2018-05-11 16:00:34,899 INFO (ControllerParamCheckAndLogAOP.java:83) - 请求开始-------------------------------------------------------
2018-05-11 16:00:34,904 INFO (ControllerParamCheckAndLogAOP.java:84) - 请求地址：http://localhost:8081/user/login
2018-05-11 16:00:34,904 INFO (ControllerParamCheckAndLogAOP.java:85) - 请求类型：GET
2018-05-11 16:00:34,912 INFO (ControllerParamCheckAndLogAOP.java:86) - 访问类及方法：cn.edu.ahu.repairbackend.controller.UserInfoControllergetUserInfoByNumberAndIdCard
2018-05-11 16:00:34,913 INFO (ControllerParamCheckAndLogAOP.java:87) - 请求参数：[P16201106, 530061]
2018-05-11 16:00:35,067 INFO (ControllerParamCheckAndLogAOP.java:62) - 返回值：cn.edu.ahu.repairbackend.util.ResultMsg@78cb62be
2018-05-11 16:00:35,067 INFO (ControllerParamCheckAndLogAOP.java:63) - 耗时：168
2018-05-11 16:00:35,068 INFO (ControllerParamCheckAndLogAOP.java:64) - 请求完成
2018-05-11 16:00:35,190 INFO (ControllerParamCheckAndLogAOP.java:83) - 请求开始-------------------------------------------------------
2018-05-11 16:00:35,191 INFO (ControllerParamCheckAndLogAOP.java:84) - 请求地址：http://localhost:8081/repairInfo/all
2018-05-11 16:00:35,191 INFO (ControllerParamCheckAndLogAOP.java:85) - 请求类型：GET
2018-05-11 16:00:35,191 INFO (ControllerParamCheckAndLogAOP.java:86) - 访问类及方法：cn.edu.ahu.repairbackend.controller.RepairInfoControllergetAllRepairInfo
2018-05-11 16:00:35,192 INFO (ControllerParamCheckAndLogAOP.java:87) - 请求参数：[P16201106]
2018-05-11 16:00:35,206 INFO (ControllerParamCheckAndLogAOP.java:83) - 请求开始-------------------------------------------------------
2018-05-11 16:00:35,207 INFO (ControllerParamCheckAndLogAOP.java:84) - 请求地址：http://localhost:8081/timePicker/all
2018-05-11 16:00:35,207 INFO (ControllerParamCheckAndLogAOP.java:85) - 请求类型：GET
2018-05-11 16:00:35,207 INFO (ControllerParamCheckAndLogAOP.java:86) - 访问类及方法：cn.edu.ahu.repairbackend.controller.RepairTimePickerControllergetRepairTimePickerInfo
2018-05-11 16:00:35,208 INFO (ControllerParamCheckAndLogAOP.java:87) - 请求参数：[]
2018-05-11 16:00:35,234 INFO (ControllerParamCheckAndLogAOP.java:62) - 返回值：cn.edu.ahu.repairbackend.util.ResultMsg@352a201e
2018-05-11 16:00:35,235 INFO (ControllerParamCheckAndLogAOP.java:63) - 耗时：29
2018-05-11 16:00:35,235 INFO (ControllerParamCheckAndLogAOP.java:64) - 请求完成
2018-05-11 16:00:35,558 INFO (ControllerParamCheckAndLogAOP.java:62) - 返回值：cn.edu.ahu.repairbackend.util.ResultMsg@661a405f
2018-05-11 16:00:35,559 INFO (ControllerParamCheckAndLogAOP.java:63) - 耗时：353
2018-05-11 16:00:35,559 INFO (ControllerParamCheckAndLogAOP.java:64) - 请求完成
2018-05-11 16:02:09,246 INFO (ControllerParamCheckAndLogAOP.java:83) - 请求开始-------------------------------------------------------
2018-05-11 16:02:09,246 INFO (ControllerParamCheckAndLogAOP.java:84) - 请求地址：http://localhost:8081/categories/child
2018-05-11 16:02:09,246 INFO (ControllerParamCheckAndLogAOP.java:85) - 请求类型：GET
2018-05-11 16:02:09,247 INFO (ControllerParamCheckAndLogAOP.java:86) - 访问类及方法：cn.edu.ahu.repairbackend.controller.RepairCategoriesControllergetRepairCategoriesInfoByParent
2018-05-11 16:02:09,248 INFO (ControllerParamCheckAndLogAOP.java:87) - 请求参数：[用水故障]
2018-05-11 16:02:09,346 INFO (ControllerParamCheckAndLogAOP.java:62) - 返回值：cn.edu.ahu.repairbackend.util.ResultMsg@aa500ae
2018-05-11 16:02:09,347 INFO (ControllerParamCheckAndLogAOP.java:63) - 耗时：102
2018-05-11 16:02:09,347 INFO (ControllerParamCheckAndLogAOP.java:64) - 请求完成
2018-05-11 16:02:44,877 INFO (ControllerParamCheckAndLogAOP.java:83) - 请求开始-------------------------------------------------------
2018-05-11 16:02:44,877 INFO (ControllerParamCheckAndLogAOP.java:84) - 请求地址：http://localhost:8081/repairInfo/submit
2018-05-11 16:02:44,877 INFO (ControllerParamCheckAndLogAOP.java:85) - 请求类型：POST
2018-05-11 16:02:44,878 INFO (ControllerParamCheckAndLogAOP.java:86) - 访问类及方法：cn.edu.ahu.repairbackend.controller.RepairInfoControllersubmitRepairInfo
2018-05-11 16:02:44,878 INFO (ControllerParamCheckAndLogAOP.java:87) - 请求参数：[org.springframework.web.multipart.support.StandardMultipartHttpServletRequest$StandardMultipartFile@3fb24c71, cn.edu.ahu.repairbackend.json.RepairInfoJson@6cc80233]
2018-05-11 16:02:45,180 INFO (ControllerParamCheckAndLogAOP.java:62) - 返回值：cn.edu.ahu.repairbackend.util.ResultMsg@318a7b4e
2018-05-11 16:02:45,180 INFO (ControllerParamCheckAndLogAOP.java:63) - 耗时：303
2018-05-11 16:02:45,181 INFO (ControllerParamCheckAndLogAOP.java:64) - 请求完成
2018-05-11 16:02:46,354 INFO (ControllerParamCheckAndLogAOP.java:83) - 请求开始-------------------------------------------------------
2018-05-11 16:02:46,354 INFO (ControllerParamCheckAndLogAOP.java:84) - 请求地址：http://localhost:8081/repairInfo/all
2018-05-11 16:02:46,354 INFO (ControllerParamCheckAndLogAOP.java:85) - 请求类型：GET
2018-05-11 16:02:46,355 INFO (ControllerParamCheckAndLogAOP.java:86) - 访问类及方法：cn.edu.ahu.repairbackend.controller.RepairInfoControllergetAllRepairInfo
2018-05-11 16:02:46,355 INFO (ControllerParamCheckAndLogAOP.java:87) - 请求参数：[P16201106]
2018-05-11 16:02:46,398 INFO (ControllerParamCheckAndLogAOP.java:62) - 返回值：cn.edu.ahu.repairbackend.util.ResultMsg@4a761759
2018-05-11 16:02:46,399 INFO (ControllerParamCheckAndLogAOP.java:63) - 耗时：45
2018-05-11 16:02:46,399 INFO (ControllerParamCheckAndLogAOP.java:64) - 请求完成
2018-05-11 16:02:46,636 INFO (ControllerParamCheckAndLogAOP.java:83) - 请求开始-------------------------------------------------------
2018-05-11 16:02:46,637 INFO (ControllerParamCheckAndLogAOP.java:84) - 请求地址：http://localhost:8081/timePicker/all
2018-05-11 16:02:46,637 INFO (ControllerParamCheckAndLogAOP.java:85) - 请求类型：GET
2018-05-11 16:02:46,637 INFO (ControllerParamCheckAndLogAOP.java:86) - 访问类及方法：cn.edu.ahu.repairbackend.controller.RepairTimePickerControllergetRepairTimePickerInfo
2018-05-11 16:02:46,638 INFO (ControllerParamCheckAndLogAOP.java:87) - 请求参数：[]
2018-05-11 16:02:46,658 INFO (ControllerParamCheckAndLogAOP.java:62) - 返回值：cn.edu.ahu.repairbackend.util.ResultMsg@fdd4dfb
2018-05-11 16:02:46,659 INFO (ControllerParamCheckAndLogAOP.java:63) - 耗时：23
2018-05-11 16:02:46,659 INFO (ControllerParamCheckAndLogAOP.java:64) - 请求完成
2018-05-11 16:12:49,673 INFO (ControllerParamCheckAndLogAOP.java:83) - 请求开始-------------------------------------------------------
2018-05-11 16:12:49,673 INFO (ControllerParamCheckAndLogAOP.java:84) - 请求地址：http://localhost:8081/timePicker/all
2018-05-11 16:12:49,674 INFO (ControllerParamCheckAndLogAOP.java:85) - 请求类型：GET
2018-05-11 16:12:49,674 INFO (ControllerParamCheckAndLogAOP.java:86) - 访问类及方法：cn.edu.ahu.repairbackend.controller.RepairTimePickerControllergetRepairTimePickerInfo
2018-05-11 16:12:49,674 INFO (ControllerParamCheckAndLogAOP.java:87) - 请求参数：[]
2018-05-11 16:12:49,685 INFO (ControllerParamCheckAndLogAOP.java:62) - 返回值：cn.edu.ahu.repairbackend.util.ResultMsg@4163bc51
2018-05-11 16:12:49,685 INFO (ControllerParamCheckAndLogAOP.java:63) - 耗时：12
2018-05-11 16:12:49,686 INFO (ControllerParamCheckAndLogAOP.java:64) - 请求完成
2018-05-11 16:14:19,642 INFO (ControllerParamCheckAndLogAOP.java:83) - 请求开始-------------------------------------------------------
2018-05-11 16:14:19,642 INFO (ControllerParamCheckAndLogAOP.java:84) - 请求地址：http://localhost:8081/repairInfo/all
2018-05-11 16:14:19,643 INFO (ControllerParamCheckAndLogAOP.java:85) - 请求类型：GET
2018-05-11 16:14:19,643 INFO (ControllerParamCheckAndLogAOP.java:86) - 访问类及方法：cn.edu.ahu.repairbackend.controller.RepairInfoControllergetAllRepairInfo
2018-05-11 16:14:19,643 INFO (ControllerParamCheckAndLogAOP.java:87) - 请求参数：[P16201106]
2018-05-11 16:14:19,650 INFO (ControllerParamCheckAndLogAOP.java:83) - 请求开始-------------------------------------------------------
2018-05-11 16:14:19,651 INFO (ControllerParamCheckAndLogAOP.java:84) - 请求地址：http://localhost:8081/timePicker/all
2018-05-11 16:14:19,651 INFO (ControllerParamCheckAndLogAOP.java:85) - 请求类型：GET
2018-05-11 16:14:19,651 INFO (ControllerParamCheckAndLogAOP.java:86) - 访问类及方法：cn.edu.ahu.repairbackend.controller.RepairTimePickerControllergetRepairTimePickerInfo
2018-05-11 16:14:19,652 INFO (ControllerParamCheckAndLogAOP.java:87) - 请求参数：[]
2018-05-11 16:14:19,681 INFO (ControllerParamCheckAndLogAOP.java:62) - 返回值：cn.edu.ahu.repairbackend.util.ResultMsg@71f259d1
2018-05-11 16:14:19,681 INFO (ControllerParamCheckAndLogAOP.java:62) - 返回值：cn.edu.ahu.repairbackend.util.ResultMsg@4e1840ff
2018-05-11 16:14:19,682 INFO (ControllerParamCheckAndLogAOP.java:63) - 耗时：32
2018-05-11 16:14:19,682 INFO (ControllerParamCheckAndLogAOP.java:63) - 耗时：32
2018-05-11 16:14:19,682 INFO (ControllerParamCheckAndLogAOP.java:64) - 请求完成
2018-05-11 16:14:19,682 INFO (ControllerParamCheckAndLogAOP.java:64) - 请求完成
2018-05-11 16:14:40,904 INFO (ControllerParamCheckAndLogAOP.java:83) - 请求开始-------------------------------------------------------
2018-05-11 16:14:40,904 INFO (ControllerParamCheckAndLogAOP.java:84) - 请求地址：http://localhost:8081/repairInfo/all
2018-05-11 16:14:40,904 INFO (ControllerParamCheckAndLogAOP.java:85) - 请求类型：GET
2018-05-11 16:14:40,904 INFO (ControllerParamCheckAndLogAOP.java:86) - 访问类及方法：cn.edu.ahu.repairbackend.controller.RepairInfoControllergetAllRepairInfo
2018-05-11 16:14:40,904 INFO (ControllerParamCheckAndLogAOP.java:87) - 请求参数：[P16201106]
2018-05-11 16:14:40,921 INFO (ControllerParamCheckAndLogAOP.java:83) - 请求开始-------------------------------------------------------
2018-05-11 16:14:40,922 INFO (ControllerParamCheckAndLogAOP.java:84) - 请求地址：http://localhost:8081/timePicker/all
2018-05-11 16:14:40,922 INFO (ControllerParamCheckAndLogAOP.java:85) - 请求类型：GET
2018-05-11 16:14:40,922 INFO (ControllerParamCheckAndLogAOP.java:86) - 访问类及方法：cn.edu.ahu.repairbackend.controller.RepairTimePickerControllergetRepairTimePickerInfo
2018-05-11 16:14:40,923 INFO (ControllerParamCheckAndLogAOP.java:87) - 请求参数：[]
2018-05-11 16:14:40,942 INFO (ControllerParamCheckAndLogAOP.java:62) - 返回值：cn.edu.ahu.repairbackend.util.ResultMsg@634e2c2d
2018-05-11 16:14:40,943 INFO (ControllerParamCheckAndLogAOP.java:63) - 耗时：22
2018-05-11 16:14:40,943 INFO (ControllerParamCheckAndLogAOP.java:62) - 返回值：cn.edu.ahu.repairbackend.util.ResultMsg@53fe5f5a
2018-05-11 16:14:40,943 INFO (ControllerParamCheckAndLogAOP.java:64) - 请求完成
2018-05-11 16:14:40,943 INFO (ControllerParamCheckAndLogAOP.java:63) - 耗时：22
2018-05-11 16:14:40,944 INFO (ControllerParamCheckAndLogAOP.java:64) - 请求完成
2018-05-11 18:14:06,834 INFO (ControllerParamCheckAndLogAOP.java:83) - 请求开始-------------------------------------------------------
2018-05-11 18:14:06,835 INFO (ControllerParamCheckAndLogAOP.java:84) - 请求地址：http://localhost:8081/user/addUser
2018-05-11 18:14:06,835 INFO (ControllerParamCheckAndLogAOP.java:85) - 请求类型：GET
2018-05-11 18:14:06,836 INFO (ControllerParamCheckAndLogAOP.java:86) - 访问类及方法：cn.edu.ahu.repairbackend.controller.UserInfoControlleraddUser
2018-05-11 18:14:06,837 INFO (ControllerParamCheckAndLogAOP.java:87) - 请求参数：[]
2018-05-11 18:14:06,918 ERROR (CommonExceptionHandle.java:109) - *** 未知异常 - could not execute statement; SQL [n/a]; constraint [null]; nested exception is org.hibernate.exception.ConstraintViolationException: could not execute statement ***
2018-05-11 18:19:03,286 INFO (ControllerParamCheckAndLogAOP.java:83) - 请求开始-------------------------------------------------------
2018-05-11 18:19:03,286 INFO (ControllerParamCheckAndLogAOP.java:84) - 请求地址：http://localhost:8081/user/addUser
2018-05-11 18:19:03,286 INFO (ControllerParamCheckAndLogAOP.java:85) - 请求类型：GET
2018-05-11 18:19:03,287 INFO (ControllerParamCheckAndLogAOP.java:86) - 访问类及方法：cn.edu.ahu.repairbackend.controller.UserInfoControlleraddUser
2018-05-11 18:19:03,287 INFO (ControllerParamCheckAndLogAOP.java:87) - 请求参数：[]
2018-05-11 18:19:03,305 INFO (ControllerParamCheckAndLogAOP.java:62) - 返回值：null
2018-05-11 18:19:03,305 INFO (ControllerParamCheckAndLogAOP.java:63) - 耗时：19
2018-05-11 18:19:03,305 INFO (ControllerParamCheckAndLogAOP.java:64) - 请求完成
2018-05-11 18:19:20,096 INFO (ControllerParamCheckAndLogAOP.java:83) - 请求开始-------------------------------------------------------
2018-05-11 18:19:20,096 INFO (ControllerParamCheckAndLogAOP.java:84) - 请求地址：http://localhost:8081/user/addUser
2018-05-11 18:19:20,096 INFO (ControllerParamCheckAndLogAOP.java:85) - 请求类型：GET
2018-05-11 18:19:20,096 INFO (ControllerParamCheckAndLogAOP.java:86) - 访问类及方法：cn.edu.ahu.repairbackend.controller.UserInfoControlleraddUser
2018-05-11 18:19:20,097 INFO (ControllerParamCheckAndLogAOP.java:87) - 请求参数：[]
2018-05-11 18:19:20,107 INFO (ControllerParamCheckAndLogAOP.java:62) - 返回值：null
2018-05-11 18:19:20,107 INFO (ControllerParamCheckAndLogAOP.java:63) - 耗时：11
2018-05-11 18:19:20,107 INFO (ControllerParamCheckAndLogAOP.java:64) - 请求完成
