2018-05-24 13:45:42,533 INFO (ControllerParamCheckAndLogAOP.java:83) - 请求开始-------------------------------------------------------
2018-05-24 13:45:42,539 INFO (ControllerParamCheckAndLogAOP.java:84) - 请求地址：http://localhost:8080/user/login
2018-05-24 13:45:42,539 INFO (ControllerParamCheckAndLogAOP.java:85) - 请求类型：GET
2018-05-24 13:45:42,543 INFO (ControllerParamCheckAndLogAOP.java:86) - 访问类及方法：cn.edu.ahu.repairbackend.controller.UserInfoControllergetUserInfoByNumberAndIdCard
2018-05-24 13:45:42,544 INFO (ControllerParamCheckAndLogAOP.java:87) - 请求参数：[P16201106, 530061]
2018-05-24 13:45:42,652 INFO (ControllerParamCheckAndLogAOP.java:62) - 返回值：cn.edu.ahu.repairbackend.util.ResultMsg@79f9a8ca
2018-05-24 13:45:42,653 INFO (ControllerParamCheckAndLogAOP.java:63) - 耗时：120
2018-05-24 13:45:42,654 INFO (ControllerParamCheckAndLogAOP.java:64) - 请求完成
2018-05-24 13:45:42,777 INFO (ControllerParamCheckAndLogAOP.java:83) - 请求开始-------------------------------------------------------
2018-05-24 13:45:42,778 INFO (ControllerParamCheckAndLogAOP.java:84) - 请求地址：http://localhost:8080/repairInfo/all
2018-05-24 13:45:42,778 INFO (ControllerParamCheckAndLogAOP.java:85) - 请求类型：GET
2018-05-24 13:45:42,778 INFO (ControllerParamCheckAndLogAOP.java:86) - 访问类及方法：cn.edu.ahu.repairbackend.controller.RepairInfoControllergetAllRepairInfo
2018-05-24 13:45:42,779 INFO (ControllerParamCheckAndLogAOP.java:87) - 请求参数：[P16201106]
2018-05-24 13:45:42,799 INFO (ControllerParamCheckAndLogAOP.java:83) - 请求开始-------------------------------------------------------
2018-05-24 13:45:42,799 INFO (ControllerParamCheckAndLogAOP.java:84) - 请求地址：http://localhost:8080/timePicker/all
2018-05-24 13:45:42,799 INFO (ControllerParamCheckAndLogAOP.java:85) - 请求类型：GET
2018-05-24 13:45:42,799 INFO (ControllerParamCheckAndLogAOP.java:86) - 访问类及方法：cn.edu.ahu.repairbackend.controller.RepairTimePickerControllergetRepairTimePickerInfo
2018-05-24 13:45:42,799 INFO (ControllerParamCheckAndLogAOP.java:87) - 请求参数：[]
2018-05-24 13:45:42,804 INFO (ControllerParamCheckAndLogAOP.java:62) - 返回值：cn.edu.ahu.repairbackend.util.ResultMsg@32070258
2018-05-24 13:45:42,805 INFO (ControllerParamCheckAndLogAOP.java:63) - 耗时：6
2018-05-24 13:45:42,805 INFO (ControllerParamCheckAndLogAOP.java:64) - 请求完成
2018-05-24 13:45:42,826 INFO (ControllerParamCheckAndLogAOP.java:62) - 返回值：cn.edu.ahu.repairbackend.util.ResultMsg@356134a0
2018-05-24 13:45:42,826 INFO (ControllerParamCheckAndLogAOP.java:63) - 耗时：27
2018-05-24 13:45:42,826 INFO (ControllerParamCheckAndLogAOP.java:64) - 请求完成
2018-05-24 13:45:57,347 INFO (ControllerParamCheckAndLogAOP.java:83) - 请求开始-------------------------------------------------------
2018-05-24 13:45:57,347 INFO (ControllerParamCheckAndLogAOP.java:84) - 请求地址：http://localhost:8080/user/login
2018-05-24 13:45:57,348 INFO (ControllerParamCheckAndLogAOP.java:85) - 请求类型：GET
2018-05-24 13:45:57,348 INFO (ControllerParamCheckAndLogAOP.java:86) - 访问类及方法：cn.edu.ahu.repairbackend.controller.UserInfoControllergetUserInfoByNumberAndIdCard
2018-05-24 13:45:57,348 INFO (ControllerParamCheckAndLogAOP.java:87) - 请求参数：[Test123, 123456]
2018-05-24 13:45:57,361 INFO (ControllerParamCheckAndLogAOP.java:62) - 返回值：cn.edu.ahu.repairbackend.util.ResultMsg@3867f386
2018-05-24 13:45:57,361 INFO (ControllerParamCheckAndLogAOP.java:63) - 耗时：14
2018-05-24 13:45:57,362 INFO (ControllerParamCheckAndLogAOP.java:64) - 请求完成
2018-05-24 13:45:57,378 INFO (ControllerParamCheckAndLogAOP.java:83) - 请求开始-------------------------------------------------------
2018-05-24 13:45:57,378 INFO (ControllerParamCheckAndLogAOP.java:83) - 请求开始-------------------------------------------------------
2018-05-24 13:45:57,379 INFO (ControllerParamCheckAndLogAOP.java:84) - 请求地址：http://localhost:8080/timePicker/all
2018-05-24 13:45:57,379 INFO (ControllerParamCheckAndLogAOP.java:84) - 请求地址：http://localhost:8080/infoPlatform/getAllRepairCur
2018-05-24 13:45:57,379 INFO (ControllerParamCheckAndLogAOP.java:85) - 请求类型：GET
2018-05-24 13:45:57,380 INFO (ControllerParamCheckAndLogAOP.java:85) - 请求类型：GET
2018-05-24 13:45:57,380 INFO (ControllerParamCheckAndLogAOP.java:86) - 访问类及方法：cn.edu.ahu.repairbackend.controller.RepairTimePickerControllergetRepairTimePickerInfo
2018-05-24 13:45:57,380 INFO (ControllerParamCheckAndLogAOP.java:86) - 访问类及方法：cn.edu.ahu.repairbackend.controller.InfoPlatformControllergetAllRepairCur
2018-05-24 13:45:57,380 INFO (ControllerParamCheckAndLogAOP.java:87) - 请求参数：[]
2018-05-24 13:45:57,380 INFO (ControllerParamCheckAndLogAOP.java:87) - 请求参数：[]
2018-05-24 13:45:57,392 INFO (ControllerParamCheckAndLogAOP.java:62) - 返回值：cn.edu.ahu.repairbackend.util.ResultMsg@7a55dceb
2018-05-24 13:45:57,392 INFO (ControllerParamCheckAndLogAOP.java:63) - 耗时：14
2018-05-24 13:45:57,393 INFO (ControllerParamCheckAndLogAOP.java:64) - 请求完成
2018-05-24 13:45:57,394 INFO (ControllerParamCheckAndLogAOP.java:62) - 返回值：cn.edu.ahu.repairbackend.util.ResultMsg@6cfc3c2d
2018-05-24 13:45:57,394 INFO (ControllerParamCheckAndLogAOP.java:63) - 耗时：16
2018-05-24 13:45:57,395 INFO (ControllerParamCheckAndLogAOP.java:64) - 请求完成
2018-05-24 13:46:23,185 INFO (ControllerParamCheckAndLogAOP.java:83) - 请求开始-------------------------------------------------------
2018-05-24 13:46:23,185 INFO (ControllerParamCheckAndLogAOP.java:84) - 请求地址：http://localhost:8080/user/login
2018-05-24 13:46:23,185 INFO (ControllerParamCheckAndLogAOP.java:85) - 请求类型：GET
2018-05-24 13:46:23,186 INFO (ControllerParamCheckAndLogAOP.java:86) - 访问类及方法：cn.edu.ahu.repairbackend.controller.UserInfoControllergetUserInfoByNumberAndIdCard
2018-05-24 13:46:23,186 INFO (ControllerParamCheckAndLogAOP.java:87) - 请求参数：[87209090, 290516]
2018-05-24 13:46:23,196 INFO (ControllerParamCheckAndLogAOP.java:62) - 返回值：cn.edu.ahu.repairbackend.util.ResultMsg@600b5371
2018-05-24 13:46:23,197 INFO (ControllerParamCheckAndLogAOP.java:63) - 耗时：12
2018-05-24 13:46:23,197 INFO (ControllerParamCheckAndLogAOP.java:64) - 请求完成
2018-05-24 13:46:23,210 INFO (ControllerParamCheckAndLogAOP.java:83) - 请求开始-------------------------------------------------------
2018-05-24 13:46:23,210 INFO (ControllerParamCheckAndLogAOP.java:84) - 请求地址：http://localhost:8080/distribute/getAllRepairCurConfirm
2018-05-24 13:46:23,211 INFO (ControllerParamCheckAndLogAOP.java:85) - 请求类型：GET
2018-05-24 13:46:23,211 INFO (ControllerParamCheckAndLogAOP.java:86) - 访问类及方法：cn.edu.ahu.repairbackend.controller.DistributeControllergetAllRepairCurConfirm
2018-05-24 13:46:23,210 INFO (ControllerParamCheckAndLogAOP.java:83) - 请求开始-------------------------------------------------------
2018-05-24 13:46:23,211 INFO (ControllerParamCheckAndLogAOP.java:87) - 请求参数：[]
2018-05-24 13:46:23,211 INFO (ControllerParamCheckAndLogAOP.java:84) - 请求地址：http://localhost:8080/user/allWorkers
2018-05-24 13:46:23,212 INFO (ControllerParamCheckAndLogAOP.java:85) - 请求类型：GET
2018-05-24 13:46:23,212 INFO (ControllerParamCheckAndLogAOP.java:86) - 访问类及方法：cn.edu.ahu.repairbackend.controller.UserInfoControllergetAllWorkersInfo
2018-05-24 13:46:23,212 INFO (ControllerParamCheckAndLogAOP.java:87) - 请求参数：[]
2018-05-24 13:46:23,225 INFO (ControllerParamCheckAndLogAOP.java:62) - 返回值：cn.edu.ahu.repairbackend.util.ResultMsg@20d6a6a6
2018-05-24 13:46:23,226 INFO (ControllerParamCheckAndLogAOP.java:63) - 耗时：16
2018-05-24 13:46:23,226 INFO (ControllerParamCheckAndLogAOP.java:62) - 返回值：cn.edu.ahu.repairbackend.util.ResultMsg@58e86821
2018-05-24 13:46:23,226 INFO (ControllerParamCheckAndLogAOP.java:64) - 请求完成
2018-05-24 13:46:23,226 INFO (ControllerParamCheckAndLogAOP.java:63) - 耗时：16
2018-05-24 13:46:23,227 INFO (ControllerParamCheckAndLogAOP.java:64) - 请求完成
2018-05-24 18:57:10,854 INFO (ControllerParamCheckAndLogAOP.java:83) - 请求开始-------------------------------------------------------
2018-05-24 18:57:10,856 INFO (ControllerParamCheckAndLogAOP.java:84) - 请求地址：http://localhost:8080/infoPlatform/getAllRepairCurConfirm
2018-05-24 18:57:10,856 INFO (ControllerParamCheckAndLogAOP.java:85) - 请求类型：GET
2018-05-24 18:57:10,856 INFO (ControllerParamCheckAndLogAOP.java:86) - 访问类及方法：cn.edu.ahu.repairbackend.controller.InfoPlatformControllergetAllRepairCurConfirm
2018-05-24 18:57:10,857 INFO (ControllerParamCheckAndLogAOP.java:87) - 请求参数：[]
2018-05-24 18:57:10,880 INFO (ControllerParamCheckAndLogAOP.java:62) - 返回值：cn.edu.ahu.repairbackend.util.ResultMsg@37f1be82
2018-05-24 18:57:10,880 INFO (ControllerParamCheckAndLogAOP.java:63) - 耗时：26
2018-05-24 18:57:10,880 INFO (ControllerParamCheckAndLogAOP.java:64) - 请求完成
2018-05-24 22:05:20,115 INFO (ControllerParamCheckAndLogAOP.java:83) - 请求开始-------------------------------------------------------
2018-05-24 22:05:20,116 INFO (ControllerParamCheckAndLogAOP.java:84) - 请求地址：http://localhost:8080/user/login
2018-05-24 22:05:20,116 INFO (ControllerParamCheckAndLogAOP.java:85) - 请求类型：GET
2018-05-24 22:05:20,117 INFO (ControllerParamCheckAndLogAOP.java:86) - 访问类及方法：cn.edu.ahu.repairbackend.controller.UserInfoControllergetUserInfoByNumberAndIdCard
2018-05-24 22:05:20,118 INFO (ControllerParamCheckAndLogAOP.java:87) - 请求参数：[P16201106, 530061]
2018-05-24 22:05:20,190 INFO (ControllerParamCheckAndLogAOP.java:62) - 返回值：cn.edu.ahu.repairbackend.util.ResultMsg@4a855b5f
2018-05-24 22:05:20,191 INFO (ControllerParamCheckAndLogAOP.java:63) - 耗时：76
2018-05-24 22:05:20,191 INFO (ControllerParamCheckAndLogAOP.java:64) - 请求完成
2018-05-24 22:05:20,265 INFO (ControllerParamCheckAndLogAOP.java:83) - 请求开始-------------------------------------------------------
2018-05-24 22:05:20,266 INFO (ControllerParamCheckAndLogAOP.java:84) - 请求地址：http://localhost:8080/repairInfo/all
2018-05-24 22:05:20,266 INFO (ControllerParamCheckAndLogAOP.java:85) - 请求类型：GET
2018-05-24 22:05:20,266 INFO (ControllerParamCheckAndLogAOP.java:86) - 访问类及方法：cn.edu.ahu.repairbackend.controller.RepairInfoControllergetAllRepairInfo
2018-05-24 22:05:20,266 INFO (ControllerParamCheckAndLogAOP.java:87) - 请求参数：[P16201106]
2018-05-24 22:05:20,278 INFO (ControllerParamCheckAndLogAOP.java:83) - 请求开始-------------------------------------------------------
2018-05-24 22:05:20,279 INFO (ControllerParamCheckAndLogAOP.java:84) - 请求地址：http://localhost:8080/timePicker/all
2018-05-24 22:05:20,279 INFO (ControllerParamCheckAndLogAOP.java:85) - 请求类型：GET
2018-05-24 22:05:20,279 INFO (ControllerParamCheckAndLogAOP.java:86) - 访问类及方法：cn.edu.ahu.repairbackend.controller.RepairTimePickerControllergetRepairTimePickerInfo
2018-05-24 22:05:20,279 INFO (ControllerParamCheckAndLogAOP.java:87) - 请求参数：[]
2018-05-24 22:05:20,287 INFO (ControllerParamCheckAndLogAOP.java:62) - 返回值：cn.edu.ahu.repairbackend.util.ResultMsg@174ec7f3
2018-05-24 22:05:20,287 INFO (ControllerParamCheckAndLogAOP.java:63) - 耗时：9
2018-05-24 22:05:20,287 INFO (ControllerParamCheckAndLogAOP.java:64) - 请求完成
2018-05-24 22:05:20,302 INFO (ControllerParamCheckAndLogAOP.java:62) - 返回值：cn.edu.ahu.repairbackend.util.ResultMsg@15471a8c
2018-05-24 22:05:20,303 INFO (ControllerParamCheckAndLogAOP.java:63) - 耗时：25
2018-05-24 22:05:20,304 INFO (ControllerParamCheckAndLogAOP.java:64) - 请求完成
2018-05-24 22:05:36,607 INFO (ControllerParamCheckAndLogAOP.java:83) - 请求开始-------------------------------------------------------
2018-05-24 22:05:36,607 INFO (ControllerParamCheckAndLogAOP.java:84) - 请求地址：http://localhost:8080/user/login
2018-05-24 22:05:36,608 INFO (ControllerParamCheckAndLogAOP.java:85) - 请求类型：GET
2018-05-24 22:05:36,608 INFO (ControllerParamCheckAndLogAOP.java:86) - 访问类及方法：cn.edu.ahu.repairbackend.controller.UserInfoControllergetUserInfoByNumberAndIdCard
2018-05-24 22:05:36,608 INFO (ControllerParamCheckAndLogAOP.java:87) - 请求参数：[Test123, 123456]
2018-05-24 22:05:36,619 INFO (ControllerParamCheckAndLogAOP.java:62) - 返回值：cn.edu.ahu.repairbackend.util.ResultMsg@4b04a275
2018-05-24 22:05:36,619 INFO (ControllerParamCheckAndLogAOP.java:63) - 耗时：12
2018-05-24 22:05:36,620 INFO (ControllerParamCheckAndLogAOP.java:64) - 请求完成
2018-05-24 22:05:36,636 INFO (ControllerParamCheckAndLogAOP.java:83) - 请求开始-------------------------------------------------------
2018-05-24 22:05:36,636 INFO (ControllerParamCheckAndLogAOP.java:84) - 请求地址：http://localhost:8080/timePicker/all
2018-05-24 22:05:36,636 INFO (ControllerParamCheckAndLogAOP.java:83) - 请求开始-------------------------------------------------------
2018-05-24 22:05:36,636 INFO (ControllerParamCheckAndLogAOP.java:85) - 请求类型：GET
2018-05-24 22:05:36,637 INFO (ControllerParamCheckAndLogAOP.java:84) - 请求地址：http://localhost:8080/infoPlatform/getAllRepairCur
2018-05-24 22:05:36,637 INFO (ControllerParamCheckAndLogAOP.java:86) - 访问类及方法：cn.edu.ahu.repairbackend.controller.RepairTimePickerControllergetRepairTimePickerInfo
2018-05-24 22:05:36,637 INFO (ControllerParamCheckAndLogAOP.java:85) - 请求类型：GET
2018-05-24 22:05:36,637 INFO (ControllerParamCheckAndLogAOP.java:87) - 请求参数：[]
2018-05-24 22:05:36,637 INFO (ControllerParamCheckAndLogAOP.java:86) - 访问类及方法：cn.edu.ahu.repairbackend.controller.InfoPlatformControllergetAllRepairCur
2018-05-24 22:05:36,638 INFO (ControllerParamCheckAndLogAOP.java:87) - 请求参数：[]
2018-05-24 22:05:36,646 INFO (ControllerParamCheckAndLogAOP.java:62) - 返回值：cn.edu.ahu.repairbackend.util.ResultMsg@49086d32
2018-05-24 22:05:36,647 INFO (ControllerParamCheckAndLogAOP.java:63) - 耗时：11
2018-05-24 22:05:36,647 INFO (ControllerParamCheckAndLogAOP.java:64) - 请求完成
2018-05-24 22:05:36,650 INFO (ControllerParamCheckAndLogAOP.java:62) - 返回值：cn.edu.ahu.repairbackend.util.ResultMsg@4946f2c9
2018-05-24 22:05:36,650 INFO (ControllerParamCheckAndLogAOP.java:63) - 耗时：14
2018-05-24 22:05:36,650 INFO (ControllerParamCheckAndLogAOP.java:64) - 请求完成
2018-05-24 22:06:33,454 INFO (ControllerParamCheckAndLogAOP.java:83) - 请求开始-------------------------------------------------------
2018-05-24 22:06:33,454 INFO (ControllerParamCheckAndLogAOP.java:84) - 请求地址：http://localhost:8080/user/login
2018-05-24 22:06:33,454 INFO (ControllerParamCheckAndLogAOP.java:85) - 请求类型：GET
2018-05-24 22:06:33,454 INFO (ControllerParamCheckAndLogAOP.java:86) - 访问类及方法：cn.edu.ahu.repairbackend.controller.UserInfoControllergetUserInfoByNumberAndIdCard
2018-05-24 22:06:33,455 INFO (ControllerParamCheckAndLogAOP.java:87) - 请求参数：[87209090, 290516]
2018-05-24 22:06:33,463 INFO (ControllerParamCheckAndLogAOP.java:62) - 返回值：cn.edu.ahu.repairbackend.util.ResultMsg@59901553
2018-05-24 22:06:33,464 INFO (ControllerParamCheckAndLogAOP.java:63) - 耗时：10
2018-05-24 22:06:33,464 INFO (ControllerParamCheckAndLogAOP.java:64) - 请求完成
2018-05-24 22:06:33,477 INFO (ControllerParamCheckAndLogAOP.java:83) - 请求开始-------------------------------------------------------
2018-05-24 22:06:33,477 INFO (ControllerParamCheckAndLogAOP.java:83) - 请求开始-------------------------------------------------------
2018-05-24 22:06:33,478 INFO (ControllerParamCheckAndLogAOP.java:84) - 请求地址：http://localhost:8080/user/allWorkers
2018-05-24 22:06:33,478 INFO (ControllerParamCheckAndLogAOP.java:84) - 请求地址：http://localhost:8080/distribute/getAllRepairCurConfirm
2018-05-24 22:06:33,478 INFO (ControllerParamCheckAndLogAOP.java:85) - 请求类型：GET
2018-05-24 22:06:33,478 INFO (ControllerParamCheckAndLogAOP.java:85) - 请求类型：GET
2018-05-24 22:06:33,478 INFO (ControllerParamCheckAndLogAOP.java:86) - 访问类及方法：cn.edu.ahu.repairbackend.controller.UserInfoControllergetAllWorkersInfo
2018-05-24 22:06:33,479 INFO (ControllerParamCheckAndLogAOP.java:87) - 请求参数：[]
2018-05-24 22:06:33,479 INFO (ControllerParamCheckAndLogAOP.java:86) - 访问类及方法：cn.edu.ahu.repairbackend.controller.DistributeControllergetAllRepairCurConfirm
2018-05-24 22:06:33,479 INFO (ControllerParamCheckAndLogAOP.java:87) - 请求参数：[]
2018-05-24 22:06:33,493 INFO (ControllerParamCheckAndLogAOP.java:62) - 返回值：cn.edu.ahu.repairbackend.util.ResultMsg@3095746
2018-05-24 22:06:33,493 INFO (ControllerParamCheckAndLogAOP.java:63) - 耗时：16
2018-05-24 22:06:33,493 INFO (ControllerParamCheckAndLogAOP.java:62) - 返回值：cn.edu.ahu.repairbackend.util.ResultMsg@76f9d406
2018-05-24 22:06:33,493 INFO (ControllerParamCheckAndLogAOP.java:64) - 请求完成
2018-05-24 22:06:33,493 INFO (ControllerParamCheckAndLogAOP.java:63) - 耗时：16
2018-05-24 22:06:33,494 INFO (ControllerParamCheckAndLogAOP.java:64) - 请求完成
